2025-01-25 03:56:45 - Debugger session started.
2025-01-25 03:56:45 - NaN Check: False 1
2025-01-25 03:56:45 - NaN Check: False 2
2025-01-25 03:56:45 - LinkNode: 0
2025-01-25 03:56:45 - NaN Check: False 1
2025-01-25 03:56:45 - NaN Check: False 2
2025-01-25 03:56:45 - LinkNode: 0
2025-01-25 03:56:45 - NaN Check: False 1
2025-01-25 03:56:45 - NaN Check: False 2
2025-01-25 03:56:45 - LinkNode: 0
2025-01-25 03:56:45 - NaN Check: False 1
2025-01-25 03:56:45 - NaN Check: False 2
2025-01-25 03:56:45 - LinkNode: 0
2025-01-25 03:56:45 - NaN Check: False 1
2025-01-25 03:56:45 - NaN Check: False 2
2025-01-25 03:56:45 - LinkNode: 0
2025-01-25 03:56:45 - NaN Check: False 1
2025-01-25 03:56:45 - NaN Check: False 2
2025-01-25 03:56:45 - LinkNode: 0
2025-01-25 03:56:45 - NaN Check: False 1
2025-01-25 03:56:45 - NaN Check: False 2
2025-01-25 03:56:45 - LinkNode: 0
2025-01-25 03:56:45 - NaN Check: False 1
2025-01-25 03:56:45 - NaN Check: False 2
2025-01-25 03:56:45 - LinkNode: 0
2025-01-25 03:56:45 - NaN Check: False 1
2025-01-25 03:56:45 - NaN Check: False 2
2025-01-25 03:56:45 - LinkNode: 0
2025-01-25 03:56:45 - NaN Check: False 1
2025-01-25 03:56:45 - NaN Check: False 2
2025-01-25 03:56:45 - LinkNode: 0
2025-01-25 03:56:46 - NaN Check: False 1
2025-01-25 03:56:46 - NaN Check: False 2
2025-01-25 03:56:46 - LinkNode: 0
2025-01-25 03:56:46 - NaN Check: False 1
2025-01-25 03:56:46 - NaN Check: False 2
2025-01-25 03:56:46 - LinkNode: 0
2025-01-25 03:56:46 - NaN Check: False 1
2025-01-25 03:56:46 - NaN Check: False 2
2025-01-25 03:56:46 - LinkNode: 0
2025-01-25 03:56:46 - NaN Check: False 1
2025-01-25 03:56:46 - NaN Check: False 2
2025-01-25 03:56:46 - LinkNode: 0
2025-01-25 03:56:46 - NaN Check: False 1
2025-01-25 03:56:46 - NaN Check: False 2
2025-01-25 03:56:46 - LinkNode: 0
2025-01-25 03:56:46 - NaN Check: False 1
2025-01-25 03:56:46 - NaN Check: False 2
2025-01-25 03:56:46 - LinkNode: 0
2025-01-25 03:56:46 - NaN Check: False 1
2025-01-25 03:56:46 - NaN Check: False 2
2025-01-25 03:56:46 - LinkNode: 0
2025-01-25 03:56:46 - NaN Check: False 1
2025-01-25 03:56:46 - NaN Check: False 2
2025-01-25 03:56:46 - LinkNode: 0
2025-01-25 03:56:46 - NaN Check: False 1
2025-01-25 03:56:46 - NaN Check: False 2
2025-01-25 03:56:46 - LinkNode: 0
2025-01-25 03:56:46 - NaN Check: False 1
2025-01-25 03:56:46 - NaN Check: False 2
2025-01-25 03:56:46 - LinkNode: 0
2025-01-25 03:56:46 - NaN Check: False 1
2025-01-25 03:56:46 - NaN Check: False 2
2025-01-25 03:56:46 - LinkNode: 0
2025-01-25 03:56:46 - NaN Check: False 1
2025-01-25 03:56:46 - NaN Check: False 2
2025-01-25 03:56:46 - LinkNode: 0
2025-01-25 03:56:46 - NaN Check: False 1
2025-01-25 03:56:46 - NaN Check: False 2
2025-01-25 03:56:46 - LinkNode: 0
2025-01-25 03:56:46 - NaN Check: False 1
2025-01-25 03:56:46 - NaN Check: False 2
2025-01-25 03:56:46 - LinkNode: 0
2025-01-25 03:56:46 - NaN Check: False 1
2025-01-25 03:56:46 - NaN Check: False 2
2025-01-25 03:56:46 - LinkNode: 0
2025-01-25 03:56:46 - NaN Check: False 1
2025-01-25 03:56:46 - NaN Check: False 2
2025-01-25 03:56:46 - LinkNode: 0
2025-01-25 03:56:46 - NaN Check: False 1
2025-01-25 03:56:46 - NaN Check: False 2
2025-01-25 03:56:46 - LinkNode: 0
2025-01-25 03:56:46 - NaN Check: False 1
2025-01-25 03:56:46 - NaN Check: False 2
2025-01-25 03:56:46 - LinkNode: 0
2025-01-25 03:56:46 - NaN Check: False 1
2025-01-25 03:56:46 - NaN Check: False 2
2025-01-25 03:56:46 - LinkNode: 0
2025-01-25 03:56:46 - NaN Check: False 1
2025-01-25 03:56:46 - NaN Check: False 2
2025-01-25 03:56:46 - LinkNode: 0
2025-01-25 03:56:46 - NaN Check: False 1
2025-01-25 03:56:46 - NaN Check: False 2
2025-01-25 03:56:46 - LinkNode: 0
2025-01-25 03:56:46 - NaN Check: False 1
2025-01-25 03:56:46 - NaN Check: False 2
2025-01-25 03:56:46 - LinkNode: 0
2025-01-25 03:56:46 - NaN Check: False 1
2025-01-25 03:56:46 - NaN Check: False 2
2025-01-25 03:56:46 - LinkNode: 0
2025-01-25 03:56:46 - NaN Check: False 1
2025-01-25 03:56:46 - NaN Check: False 2
2025-01-25 03:56:46 - LinkNode: 0
2025-01-25 03:56:46 - NaN Check: False 1
2025-01-25 03:56:46 - NaN Check: False 2
2025-01-25 03:56:46 - LinkNode: 0
2025-01-25 03:56:46 - NaN Check: False 1
2025-01-25 03:56:46 - NaN Check: False 2
2025-01-25 03:56:46 - LinkNode: 0
2025-01-25 03:56:46 - NaN Check: False 1
2025-01-25 03:56:46 - NaN Check: False 2
2025-01-25 03:56:46 - LinkNode: 0
2025-01-25 03:56:46 - NaN Check: False 1
2025-01-25 03:56:46 - NaN Check: False 2
2025-01-25 03:56:46 - LinkNode: 0
2025-01-25 03:56:46 - NaN Check: False 1
2025-01-25 03:56:46 - NaN Check: False 2
2025-01-25 03:56:46 - LinkNode: 0
2025-01-25 03:56:46 - NaN Check: False 1
2025-01-25 03:56:46 - NaN Check: False 2
2025-01-25 03:56:46 - LinkNode: 0
2025-01-25 03:56:46 - NaN Check: False 1
2025-01-25 03:56:46 - NaN Check: False 2
2025-01-25 03:56:46 - LinkNode: 0
2025-01-25 03:56:46 - add success True - 15931206
2025-01-25 03:56:46 - Midi Index: 69 | Intensity: 0 | Note Name: A4
2025-01-25 03:56:46 - NaN Check: False 1
2025-01-25 03:56:46 - NaN Check: False 2
2025-01-25 03:56:46 - LinkNode: 0
2025-01-25 03:56:46 - NaN Check: False 1
2025-01-25 03:56:46 - NaN Check: False 2
2025-01-25 03:56:46 - LinkNode: 0
2025-01-25 03:56:46 - NaN Check: False 1
2025-01-25 03:56:46 - NaN Check: False 2
2025-01-25 03:56:46 - LinkNode: 0
2025-01-25 03:56:46 - NaN Check: False 1
2025-01-25 03:56:46 - NaN Check: False 2
2025-01-25 03:56:46 - LinkNode: 0
2025-01-25 03:56:46 - NaN Check: False 1
2025-01-25 03:56:46 - NaN Check: False 2
2025-01-25 03:56:46 - LinkNode: 0
2025-01-25 03:56:46 - NaN Check: False 1
2025-01-25 03:56:46 - NaN Check: False 2
2025-01-25 03:56:46 - LinkNode: 0
2025-01-25 03:56:46 - NaN Check: False 1
2025-01-25 03:56:46 - NaN Check: False 2
2025-01-25 03:56:46 - LinkNode: 0
2025-01-25 03:56:46 - NaN Check: False 1
2025-01-25 03:56:46 - NaN Check: False 2
2025-01-25 03:56:46 - LinkNode: 0
2025-01-25 03:56:46 - NaN Check: False 1
2025-01-25 03:56:46 - NaN Check: False 2
2025-01-25 03:56:46 - LinkNode: 0
2025-01-25 03:56:46 - Midi Index: 48 | Intensity: 32 | Note Name: C3
2025-01-25 03:56:46 - Midi Index: 69 | Intensity: 0 | Note Name: A4
2025-01-25 03:56:46 - 
Resonance: 0 | Inflow: 0 | Outflow: 0 | Overflow: 0
- C3 | Intensity: 32
- A4 | Intensity: 0

- M13 | Intensity: 0 | Inflow: 0 | Outflow: 0 | Oveflow: 0
False | False | False | False
2025-01-25 03:56:46 - NaN Check: False 1
2025-01-25 03:56:46 - NaN Check: False 2
2025-01-25 03:56:46 - LinkNode: 0
2025-01-25 03:56:46 - NaN Check: False 1
2025-01-25 03:56:46 - NaN Check: False 2
2025-01-25 03:56:46 - LinkNode: 0
2025-01-25 03:56:46 - NaN Check: False 1
2025-01-25 03:56:46 - NaN Check: False 2
2025-01-25 03:56:46 - LinkNode: 0
2025-01-25 03:56:46 - NaN Check: False 1
2025-01-25 03:56:46 - NaN Check: False 2
2025-01-25 03:56:46 - LinkNode: 0
2025-01-25 03:56:46 - NaN Check: False 1
2025-01-25 03:56:46 - NaN Check: False 2
2025-01-25 03:56:46 - LinkNode: 0
2025-01-25 03:56:46 - NaN Check: False 1
2025-01-25 03:56:46 - NaN Check: False 2
2025-01-25 03:56:46 - LinkNode: 0
2025-01-25 03:56:46 - NaN Check: False 1
2025-01-25 03:56:46 - NaN Check: False 2
2025-01-25 03:56:46 - LinkNode: 0
2025-01-25 03:56:46 - NaN Check: False 1
2025-01-25 03:56:46 - NaN Check: False 2
2025-01-25 03:56:46 - LinkNode: 0
2025-01-25 03:56:46 - NaN Check: False 1
2025-01-25 03:56:46 - NaN Check: False 2
2025-01-25 03:56:46 - LinkNode: 0
2025-01-25 03:56:46 - NaN Check: False 1
2025-01-25 03:56:46 - NaN Check: False 2
2025-01-25 03:56:46 - LinkNode: 0
2025-01-25 03:56:46 - NaN Check: False 1
2025-01-25 03:56:46 - NaN Check: False 2
2025-01-25 03:56:46 - LinkNode: 0
2025-01-25 03:56:46 - NaN Check: False 1
2025-01-25 03:56:46 - NaN Check: False 2
2025-01-25 03:56:46 - LinkNode: 0
2025-01-25 03:56:46 - NaN Check: False 1
2025-01-25 03:56:46 - NaN Check: False 2
2025-01-25 03:56:46 - LinkNode: 0
2025-01-25 03:56:46 - NaN Check: False 1
2025-01-25 03:56:46 - NaN Check: False 2
2025-01-25 03:56:46 - LinkNode: 0
2025-01-25 03:56:46 - NaN Check: False 1
2025-01-25 03:56:46 - NaN Check: False 2
2025-01-25 03:56:46 - LinkNode: 0
2025-01-25 03:56:46 - NaN Check: False 1
2025-01-25 03:56:46 - NaN Check: False 2
2025-01-25 03:56:46 - LinkNode: 0
2025-01-25 03:56:46 - NaN Check: False 1
2025-01-25 03:56:46 - NaN Check: False 2
2025-01-25 03:56:46 - LinkNode: 0
2025-01-25 03:56:46 - NaN Check: False 1
2025-01-25 03:56:46 - NaN Check: False 2
2025-01-25 03:56:46 - LinkNode: 0
2025-01-25 03:56:46 - NaN Check: False 1
2025-01-25 03:56:46 - NaN Check: False 2
2025-01-25 03:56:46 - LinkNode: 0
2025-01-25 03:56:46 - NaN Check: False 1
2025-01-25 03:56:46 - NaN Check: False 2
2025-01-25 03:56:46 - LinkNode: 0
2025-01-25 03:56:47 - NaN Check: False 1
2025-01-25 03:56:47 - NaN Check: False 2
2025-01-25 03:56:47 - LinkNode: 0
2025-01-25 03:56:47 - NaN Check: False 1
2025-01-25 03:56:47 - NaN Check: False 2
2025-01-25 03:56:47 - LinkNode: 0
2025-01-25 03:56:47 - NaN Check: False 1
2025-01-25 03:56:47 - NaN Check: False 2
2025-01-25 03:56:47 - LinkNode: 0
2025-01-25 03:56:47 - NaN Check: False 1
2025-01-25 03:56:47 - NaN Check: False 2
2025-01-25 03:56:47 - LinkNode: 0
2025-01-25 03:56:47 - NaN Check: False 1
2025-01-25 03:56:47 - NaN Check: False 2
2025-01-25 03:56:47 - LinkNode: 0
2025-01-25 03:56:47 - NaN Check: False 1
2025-01-25 03:56:47 - NaN Check: False 2
2025-01-25 03:56:47 - LinkNode: 0
2025-01-25 03:56:47 - NaN Check: False 1
2025-01-25 03:56:47 - NaN Check: False 2
2025-01-25 03:56:47 - LinkNode: 0
2025-01-25 03:56:47 - NaN Check: False 1
2025-01-25 03:56:47 - NaN Check: False 2
2025-01-25 03:56:47 - LinkNode: 0
2025-01-25 03:56:47 - NaN Check: False 1
2025-01-25 03:56:47 - NaN Check: False 2
2025-01-25 03:56:47 - LinkNode: 0
2025-01-25 03:56:47 - NaN Check: False 1
2025-01-25 03:56:47 - NaN Check: False 2
2025-01-25 03:56:47 - LinkNode: 0
2025-01-25 03:56:47 - NaN Check: False 1
2025-01-25 03:56:47 - NaN Check: False 2
2025-01-25 03:56:47 - LinkNode: 0
2025-01-25 03:56:47 - NaN Check: False 1
2025-01-25 03:56:47 - NaN Check: False 2
2025-01-25 03:56:47 - LinkNode: 0
2025-01-25 03:56:47 - NaN Check: False 1
2025-01-25 03:56:47 - NaN Check: False 2
2025-01-25 03:56:47 - LinkNode: 0
2025-01-25 03:56:47 - NaN Check: False 1
2025-01-25 03:56:47 - NaN Check: False 2
2025-01-25 03:56:47 - LinkNode: 0
2025-01-25 03:56:47 - NaN Check: False 1
2025-01-25 03:56:47 - NaN Check: False 2
2025-01-25 03:56:47 - LinkNode: 0
2025-01-25 03:56:47 - NaN Check: False 1
2025-01-25 03:56:47 - NaN Check: False 2
2025-01-25 03:56:47 - LinkNode: 0
2025-01-25 03:56:47 - NaN Check: False 1
2025-01-25 03:56:47 - NaN Check: False 2
2025-01-25 03:56:47 - LinkNode: 0
2025-01-25 03:56:47 - NaN Check: False 1
2025-01-25 03:56:47 - NaN Check: False 2
2025-01-25 03:56:47 - LinkNode: 0
2025-01-25 03:56:47 - NaN Check: False 1
2025-01-25 03:56:47 - NaN Check: False 2
2025-01-25 03:56:47 - LinkNode: 0
2025-01-25 03:56:47 - NaN Check: False 1
2025-01-25 03:56:47 - NaN Check: False 2
2025-01-25 03:56:47 - LinkNode: 0
2025-01-25 03:56:47 - NaN Check: False 1
2025-01-25 03:56:47 - NaN Check: False 2
2025-01-25 03:56:47 - LinkNode: 0
2025-01-25 03:56:47 - NaN Check: False 1
2025-01-25 03:56:47 - NaN Check: False 2
2025-01-25 03:56:47 - LinkNode: 0
2025-01-25 03:56:47 - NaN Check: False 1
2025-01-25 03:56:47 - NaN Check: False 2
2025-01-25 03:56:47 - LinkNode: 0
2025-01-25 03:56:47 - NaN Check: False 1
2025-01-25 03:56:47 - NaN Check: False 2
2025-01-25 03:56:47 - LinkNode: 0
2025-01-25 03:56:47 - NaN Check: False 1
2025-01-25 03:56:47 - NaN Check: False 2
2025-01-25 03:56:47 - LinkNode: 0
2025-01-25 03:56:47 - NaN Check: False 1
2025-01-25 03:56:47 - NaN Check: False 2
2025-01-25 03:56:47 - LinkNode: 0
2025-01-25 03:56:47 - NaN Check: False 1
2025-01-25 03:56:47 - NaN Check: False 2
2025-01-25 03:56:47 - LinkNode: 0
2025-01-25 03:56:47 - NaN Check: False 1
2025-01-25 03:56:47 - NaN Check: False 2
2025-01-25 03:56:47 - LinkNode: 0
2025-01-25 03:56:47 - NaN Check: False 1
2025-01-25 03:56:47 - NaN Check: False 2
2025-01-25 03:56:47 - LinkNode: 0
2025-01-25 03:56:47 - NaN Check: False 1
2025-01-25 03:56:47 - NaN Check: False 2
2025-01-25 03:56:47 - LinkNode: 0
2025-01-25 03:56:47 - NaN Check: False 1
2025-01-25 03:56:47 - NaN Check: False 2
2025-01-25 03:56:47 - LinkNode: 0
2025-01-25 03:56:47 - NaN Check: False 1
2025-01-25 03:56:47 - NaN Check: False 2
2025-01-25 03:56:47 - LinkNode: 0
2025-01-25 03:56:47 - NaN Check: False 1
2025-01-25 03:56:47 - NaN Check: False 2
2025-01-25 03:56:47 - LinkNode: 0
2025-01-25 03:56:47 - NaN Check: False 1
2025-01-25 03:56:47 - NaN Check: False 2
2025-01-25 03:56:47 - LinkNode: 0
2025-01-25 03:56:47 - NaN Check: False 1
2025-01-25 03:56:47 - NaN Check: False 2
2025-01-25 03:56:47 - LinkNode: 0
2025-01-25 03:56:47 - NaN Check: False 1
2025-01-25 03:56:47 - NaN Check: False 2
2025-01-25 03:56:47 - LinkNode: 0
2025-01-25 03:56:47 - NaN Check: False 1
2025-01-25 03:56:47 - NaN Check: False 2
2025-01-25 03:56:47 - LinkNode: 0
2025-01-25 03:56:47 - NaN Check: False 1
2025-01-25 03:56:47 - NaN Check: False 2
2025-01-25 03:56:47 - LinkNode: 0
2025-01-25 03:56:47 - NaN Check: False 1
2025-01-25 03:56:47 - NaN Check: False 2
2025-01-25 03:56:47 - LinkNode: 0
2025-01-25 03:56:47 - NaN Check: False 1
2025-01-25 03:56:47 - NaN Check: False 2
2025-01-25 03:56:47 - LinkNode: 0
2025-01-25 03:56:47 - NaN Check: False 1
2025-01-25 03:56:47 - NaN Check: False 2
2025-01-25 03:56:47 - LinkNode: 0
2025-01-25 03:56:47 - Midi Index: 48 | Intensity: 32 | Note Name: C3
2025-01-25 03:56:47 - Midi Index: 69 | Intensity: 0 | Note Name: A4
2025-01-25 03:56:47 - 
Resonance: 0 | Inflow: 0 | Outflow: 0 | Overflow: 0
- C3 | Intensity: 32
- A4 | Intensity: 0

- M13 | Intensity: 0 | Inflow: 0 | Outflow: 0 | Oveflow: 0
False | False | False | False
2025-01-25 03:56:47 - NaN Check: False 1
2025-01-25 03:56:47 - NaN Check: False 2
2025-01-25 03:56:47 - LinkNode: 0
2025-01-25 03:56:47 - NaN Check: False 1
2025-01-25 03:56:47 - NaN Check: False 2
2025-01-25 03:56:47 - LinkNode: 0
2025-01-25 03:56:47 - NaN Check: False 1
2025-01-25 03:56:47 - NaN Check: False 2
2025-01-25 03:56:47 - LinkNode: 0
2025-01-25 03:56:47 - NaN Check: False 1
2025-01-25 03:56:47 - NaN Check: False 2
2025-01-25 03:56:47 - LinkNode: 0
2025-01-25 03:56:47 - NaN Check: False 1
2025-01-25 03:56:47 - NaN Check: False 2
2025-01-25 03:56:47 - LinkNode: 0
2025-01-25 03:56:47 - NaN Check: False 1
2025-01-25 03:56:47 - NaN Check: False 2
2025-01-25 03:56:47 - LinkNode: 0
2025-01-25 03:56:47 - NaN Check: False 1
2025-01-25 03:56:47 - NaN Check: False 2
2025-01-25 03:56:47 - LinkNode: 0
2025-01-25 03:56:47 - NaN Check: False 1
2025-01-25 03:56:47 - NaN Check: False 2
2025-01-25 03:56:47 - LinkNode: 0
2025-01-25 03:56:47 - NaN Check: False 1
2025-01-25 03:56:47 - NaN Check: False 2
2025-01-25 03:56:47 - LinkNode: 0
2025-01-25 03:56:47 - NaN Check: False 1
2025-01-25 03:56:47 - NaN Check: False 2
2025-01-25 03:56:47 - LinkNode: 0
2025-01-25 03:56:47 - NaN Check: False 1
2025-01-25 03:56:47 - NaN Check: False 2
2025-01-25 03:56:47 - LinkNode: 0
2025-01-25 03:56:47 - NaN Check: False 1
2025-01-25 03:56:47 - NaN Check: False 2
2025-01-25 03:56:47 - LinkNode: 0
2025-01-25 03:56:47 - NaN Check: False 1
2025-01-25 03:56:47 - NaN Check: False 2
2025-01-25 03:56:47 - LinkNode: 0
2025-01-25 03:56:47 - NaN Check: False 1
2025-01-25 03:56:47 - NaN Check: False 2
2025-01-25 03:56:47 - LinkNode: 0
2025-01-25 03:56:47 - NaN Check: False 1
2025-01-25 03:56:47 - NaN Check: False 2
2025-01-25 03:56:47 - LinkNode: 0
2025-01-25 03:56:47 - NaN Check: False 1
2025-01-25 03:56:47 - NaN Check: False 2
2025-01-25 03:56:47 - LinkNode: 0
2025-01-25 03:56:47 - NaN Check: False 1
2025-01-25 03:56:47 - NaN Check: False 2
2025-01-25 03:56:47 - LinkNode: 0
2025-01-25 03:56:47 - NaN Check: False 1
2025-01-25 03:56:47 - NaN Check: False 2
2025-01-25 03:56:47 - LinkNode: 0
2025-01-25 03:56:47 - NaN Check: False 1
2025-01-25 03:56:47 - NaN Check: False 2
2025-01-25 03:56:47 - LinkNode: 0
2025-01-25 03:56:48 - NaN Check: False 1
2025-01-25 03:56:48 - NaN Check: False 2
2025-01-25 03:56:48 - LinkNode: 0
2025-01-25 03:56:48 - NaN Check: False 1
2025-01-25 03:56:48 - NaN Check: False 2
2025-01-25 03:56:48 - LinkNode: 0
2025-01-25 03:56:48 - NaN Check: False 1
2025-01-25 03:56:48 - NaN Check: False 2
2025-01-25 03:56:48 - LinkNode: 0
2025-01-25 03:56:48 - NaN Check: False 1
2025-01-25 03:56:48 - NaN Check: False 2
2025-01-25 03:56:48 - LinkNode: 0
2025-01-25 03:56:48 - NaN Check: False 1
2025-01-25 03:56:48 - NaN Check: False 2
2025-01-25 03:56:48 - LinkNode: 0
2025-01-25 03:56:48 - NaN Check: False 1
2025-01-25 03:56:48 - NaN Check: False 2
2025-01-25 03:56:48 - LinkNode: 0
2025-01-25 03:56:48 - NaN Check: False 1
2025-01-25 03:56:48 - NaN Check: False 2
2025-01-25 03:56:48 - LinkNode: 0
2025-01-25 03:56:48 - NaN Check: False 1
2025-01-25 03:56:48 - NaN Check: False 2
2025-01-25 03:56:48 - LinkNode: 0
2025-01-25 03:56:48 - NaN Check: False 1
2025-01-25 03:56:48 - NaN Check: False 2
2025-01-25 03:56:48 - LinkNode: 0
2025-01-25 03:56:48 - NaN Check: False 1
2025-01-25 03:56:48 - NaN Check: False 2
2025-01-25 03:56:48 - LinkNode: 0
2025-01-25 03:56:48 - NaN Check: False 1
2025-01-25 03:56:48 - NaN Check: False 2
2025-01-25 03:56:48 - LinkNode: 0
2025-01-25 03:56:48 - NaN Check: False 1
2025-01-25 03:56:48 - NaN Check: False 2
2025-01-25 03:56:48 - LinkNode: 0
2025-01-25 03:56:48 - NaN Check: False 1
2025-01-25 03:56:48 - NaN Check: False 2
2025-01-25 03:56:48 - LinkNode: 0
2025-01-25 03:56:48 - NaN Check: False 1
2025-01-25 03:56:48 - NaN Check: False 2
2025-01-25 03:56:48 - LinkNode: 0
2025-01-25 03:56:48 - NaN Check: False 1
2025-01-25 03:56:48 - NaN Check: False 2
2025-01-25 03:56:48 - LinkNode: 0
2025-01-25 03:56:48 - NaN Check: False 1
2025-01-25 03:56:48 - NaN Check: False 2
2025-01-25 03:56:48 - LinkNode: 0
2025-01-25 03:56:48 - NaN Check: False 1
2025-01-25 03:56:48 - NaN Check: False 2
2025-01-25 03:56:48 - LinkNode: 0
2025-01-25 03:56:48 - NaN Check: False 1
2025-01-25 03:56:48 - NaN Check: False 2
2025-01-25 03:56:48 - LinkNode: 0
2025-01-25 03:56:48 - NaN Check: False 1
2025-01-25 03:56:48 - NaN Check: False 2
2025-01-25 03:56:48 - LinkNode: 0
2025-01-25 03:56:48 - NaN Check: False 1
2025-01-25 03:56:48 - NaN Check: False 2
2025-01-25 03:56:48 - LinkNode: 0
2025-01-25 03:56:48 - NaN Check: False 1
2025-01-25 03:56:48 - NaN Check: False 2
2025-01-25 03:56:48 - LinkNode: 0
2025-01-25 03:56:48 - NaN Check: False 1
2025-01-25 03:56:48 - NaN Check: False 2
2025-01-25 03:56:48 - LinkNode: 0
2025-01-25 03:56:48 - NaN Check: False 1
2025-01-25 03:56:48 - NaN Check: False 2
2025-01-25 03:56:48 - LinkNode: 0
2025-01-25 03:56:48 - NaN Check: False 1
2025-01-25 03:56:48 - NaN Check: False 2
2025-01-25 03:56:48 - LinkNode: 0
2025-01-25 03:56:48 - NaN Check: False 1
2025-01-25 03:56:48 - NaN Check: False 2
2025-01-25 03:56:48 - LinkNode: 0
2025-01-25 03:56:48 - NaN Check: False 1
2025-01-25 03:56:48 - NaN Check: False 2
2025-01-25 03:56:48 - LinkNode: 0
2025-01-25 03:56:48 - NaN Check: False 1
2025-01-25 03:56:48 - NaN Check: False 2
2025-01-25 03:56:48 - LinkNode: 0
2025-01-25 03:56:48 - NaN Check: False 1
2025-01-25 03:56:48 - NaN Check: False 2
2025-01-25 03:56:48 - LinkNode: 0
2025-01-25 03:56:48 - NaN Check: False 1
2025-01-25 03:56:48 - NaN Check: False 2
2025-01-25 03:56:48 - LinkNode: 0
2025-01-25 03:56:48 - NaN Check: False 1
2025-01-25 03:56:48 - NaN Check: False 2
2025-01-25 03:56:48 - LinkNode: 0
2025-01-25 03:56:48 - NaN Check: False 1
2025-01-25 03:56:48 - NaN Check: False 2
2025-01-25 03:56:48 - LinkNode: 0
2025-01-25 03:56:48 - NaN Check: False 1
2025-01-25 03:56:48 - NaN Check: False 2
2025-01-25 03:56:48 - LinkNode: 0
2025-01-25 03:56:48 - NaN Check: False 1
2025-01-25 03:56:48 - NaN Check: False 2
2025-01-25 03:56:48 - LinkNode: 0
2025-01-25 03:56:48 - NaN Check: False 1
2025-01-25 03:56:48 - NaN Check: False 2
2025-01-25 03:56:48 - LinkNode: 0
2025-01-25 03:56:48 - NaN Check: False 1
2025-01-25 03:56:48 - NaN Check: False 2
2025-01-25 03:56:48 - LinkNode: 0
2025-01-25 03:56:48 - Midi Index: 48 | Intensity: 32 | Note Name: C3
2025-01-25 03:56:48 - Midi Index: 69 | Intensity: 5 | Note Name: A4
2025-01-25 03:56:48 - 
Resonance: 0 | Inflow: 0 | Outflow: 0 | Overflow: 0
- C3 | Intensity: 32
- A4 | Intensity: 5

- M13 | Intensity: 0 | Inflow: 0 | Outflow: 0 | Oveflow: 0
False | False | False | False
2025-01-25 03:56:48 - NaN Check: False 1
2025-01-25 03:56:48 - NaN Check: False 2
2025-01-25 03:56:48 - LinkNode: 0
2025-01-25 03:56:48 - NaN Check: False 1
2025-01-25 03:56:48 - NaN Check: False 2
2025-01-25 03:56:48 - LinkNode: 0
2025-01-25 03:56:48 - NaN Check: False 1
2025-01-25 03:56:48 - NaN Check: False 2
2025-01-25 03:56:48 - LinkNode: 0
2025-01-25 03:56:48 - NaN Check: False 1
2025-01-25 03:56:48 - NaN Check: False 2
2025-01-25 03:56:48 - LinkNode: 0
2025-01-25 03:56:48 - NaN Check: False 1
2025-01-25 03:56:48 - NaN Check: False 2
2025-01-25 03:56:48 - LinkNode: 0
2025-01-25 03:56:48 - NaN Check: False 1
2025-01-25 03:56:48 - NaN Check: False 2
2025-01-25 03:56:48 - LinkNode: 0
2025-01-25 03:56:48 - NaN Check: False 1
2025-01-25 03:56:48 - NaN Check: False 2
2025-01-25 03:56:48 - LinkNode: 0
2025-01-25 03:56:48 - NaN Check: False 1
2025-01-25 03:56:48 - NaN Check: False 2
2025-01-25 03:56:48 - LinkNode: 0
2025-01-25 03:56:48 - NaN Check: False 1
2025-01-25 03:56:48 - NaN Check: False 2
2025-01-25 03:56:48 - LinkNode: 0
2025-01-25 03:56:49 - NaN Check: False 1
2025-01-25 03:56:49 - NaN Check: False 2
2025-01-25 03:56:49 - LinkNode: 0
2025-01-25 03:56:49 - NaN Check: False 1
2025-01-25 03:56:49 - NaN Check: False 2
2025-01-25 03:56:49 - LinkNode: 0
2025-01-25 03:56:49 - NaN Check: False 1
2025-01-25 03:56:49 - NaN Check: False 2
2025-01-25 03:56:49 - LinkNode: 0
2025-01-25 03:56:49 - NaN Check: False 1
2025-01-25 03:56:49 - NaN Check: False 2
2025-01-25 03:56:49 - LinkNode: 0
2025-01-25 03:56:49 - NaN Check: False 1
2025-01-25 03:56:49 - NaN Check: False 2
2025-01-25 03:56:49 - LinkNode: 0
2025-01-25 03:56:49 - NaN Check: False 1
2025-01-25 03:56:49 - NaN Check: False 2
2025-01-25 03:56:49 - LinkNode: 0
2025-01-25 03:56:49 - NaN Check: False 1
2025-01-25 03:56:49 - NaN Check: False 2
2025-01-25 03:56:49 - LinkNode: 0
2025-01-25 03:56:49 - NaN Check: False 1
2025-01-25 03:56:49 - NaN Check: False 2
2025-01-25 03:56:49 - LinkNode: 0
2025-01-25 03:56:49 - NaN Check: False 1
2025-01-25 03:56:49 - NaN Check: False 2
2025-01-25 03:56:49 - LinkNode: 0
2025-01-25 03:56:49 - NaN Check: False 1
2025-01-25 03:56:49 - NaN Check: False 2
2025-01-25 03:56:49 - LinkNode: 0
2025-01-25 03:56:49 - NaN Check: False 1
2025-01-25 03:56:49 - NaN Check: False 2
2025-01-25 03:56:49 - LinkNode: 0
2025-01-25 03:56:49 - delete success True - 15931206
2025-01-25 03:56:49 - add success True - 15931206
2025-01-25 03:56:49 - Midi Index: 70 | Intensity: 5 | Note Name: A#/Bb4
2025-01-25 03:56:49 - NaN Check: False 1
2025-01-25 03:56:49 - NaN Check: False 2
2025-01-25 03:56:49 - LinkNode: 0
2025-01-25 03:56:49 - NaN Check: False 1
2025-01-25 03:56:49 - NaN Check: False 2
2025-01-25 03:56:49 - LinkNode: 0
2025-01-25 03:56:49 - NaN Check: False 1
2025-01-25 03:56:49 - NaN Check: False 2
2025-01-25 03:56:49 - LinkNode: 0
2025-01-25 03:56:49 - NaN Check: False 1
2025-01-25 03:56:49 - NaN Check: False 2
2025-01-25 03:56:49 - LinkNode: 0
2025-01-25 03:56:49 - NaN Check: False 1
2025-01-25 03:56:49 - NaN Check: False 2
2025-01-25 03:56:49 - LinkNode: 0
2025-01-25 03:56:49 - NaN Check: False 1
2025-01-25 03:56:49 - NaN Check: False 2
2025-01-25 03:56:49 - LinkNode: 0
2025-01-25 03:56:49 - NaN Check: False 1
2025-01-25 03:56:49 - NaN Check: False 2
2025-01-25 03:56:49 - LinkNode: 0
2025-01-25 03:56:49 - NaN Check: False 1
2025-01-25 03:56:49 - NaN Check: False 2
2025-01-25 03:56:49 - LinkNode: 0
2025-01-25 03:56:49 - NaN Check: False 1
2025-01-25 03:56:49 - NaN Check: False 2
2025-01-25 03:56:49 - LinkNode: 0
2025-01-25 03:56:49 - NaN Check: False 1
2025-01-25 03:56:49 - NaN Check: False 2
2025-01-25 03:56:49 - LinkNode: 0
2025-01-25 03:56:49 - Midi Index: 48 | Intensity: 32 | Note Name: C3
2025-01-25 03:56:49 - Midi Index: 70 | Intensity: 5 | Note Name: A#/Bb4
2025-01-25 03:56:49 - 
Resonance: 0 | Inflow: 0 | Outflow: 0 | Overflow: 0
- C3 | Intensity: 32
- A#/Bb4 | Intensity: 5

- m14 | Intensity: 12 | Inflow: 0 | Outflow: 0 | Oveflow: 0
False | False | False | False
2025-01-25 03:56:49 - NaN Check: False 1
2025-01-25 03:56:49 - NaN Check: False 2
2025-01-25 03:56:49 - LinkNode: 0
2025-01-25 03:56:49 - NaN Check: False 1
2025-01-25 03:56:49 - NaN Check: False 2
2025-01-25 03:56:49 - LinkNode: 0
2025-01-25 03:56:49 - delete success True - 15931206
2025-01-25 03:56:49 - add success True - 15931206
2025-01-25 03:56:49 - Midi Index: 71 | Intensity: 5 | Note Name: B4
2025-01-25 03:56:49 - NaN Check: False 1
2025-01-25 03:56:49 - NaN Check: False 2
2025-01-25 03:56:49 - LinkNode: 0
2025-01-25 03:56:49 - NaN Check: False 1
2025-01-25 03:56:49 - NaN Check: False 2
2025-01-25 03:56:49 - LinkNode: 0
2025-01-25 03:56:49 - NaN Check: False 1
2025-01-25 03:56:49 - NaN Check: False 2
2025-01-25 03:56:49 - LinkNode: 0
2025-01-25 03:56:49 - NaN Check: False 1
2025-01-25 03:56:49 - NaN Check: False 2
2025-01-25 03:56:49 - LinkNode: 0
2025-01-25 03:56:49 - delete success True - 15931206
2025-01-25 03:56:49 - add success True - 15931206
2025-01-25 03:56:49 - Midi Index: 83 | Intensity: 5 | Note Name: B5
2025-01-25 03:56:49 - delete success True - 15931206
2025-01-25 03:56:49 - add success True - 15931206
2025-01-25 03:56:49 - Midi Index: 83 | Intensity: 5 | Note Name: B5
2025-01-25 03:56:49 - delete success True - 15931206
2025-01-25 03:56:49 - add success True - 15931206
2025-01-25 03:56:49 - Midi Index: 83 | Intensity: 5 | Note Name: B5
2025-01-25 03:56:49 - NaN Check: False 1
2025-01-25 03:56:49 - NaN Check: False 2
2025-01-25 03:56:49 - LinkNode: 0
2025-01-25 03:56:49 - NaN Check: False 1
2025-01-25 03:56:49 - NaN Check: False 2
2025-01-25 03:56:49 - LinkNode: 0
2025-01-25 03:56:49 - NaN Check: False 1
2025-01-25 03:56:49 - NaN Check: False 2
2025-01-25 03:56:49 - LinkNode: 0
2025-01-25 03:56:50 - NaN Check: False 1
2025-01-25 03:56:50 - NaN Check: False 2
2025-01-25 03:56:50 - LinkNode: 0
2025-01-25 03:56:50 - NaN Check: False 1
2025-01-25 03:56:50 - NaN Check: False 2
2025-01-25 03:56:50 - LinkNode: 0
2025-01-25 03:56:50 - NaN Check: False 1
2025-01-25 03:56:50 - NaN Check: False 2
2025-01-25 03:56:50 - LinkNode: 0
2025-01-25 03:56:50 - NaN Check: False 1
2025-01-25 03:56:50 - NaN Check: False 2
2025-01-25 03:56:50 - LinkNode: 0
2025-01-25 03:56:50 - NaN Check: False 1
2025-01-25 03:56:50 - NaN Check: False 2
2025-01-25 03:56:50 - LinkNode: 0
2025-01-25 03:56:50 - NaN Check: False 1
2025-01-25 03:56:50 - NaN Check: False 2
2025-01-25 03:56:50 - LinkNode: 0
2025-01-25 03:56:50 - NaN Check: False 1
2025-01-25 03:56:50 - NaN Check: False 2
2025-01-25 03:56:50 - LinkNode: 0
2025-01-25 03:56:50 - NaN Check: False 1
2025-01-25 03:56:50 - NaN Check: False 2
2025-01-25 03:56:50 - LinkNode: 0
2025-01-25 03:56:50 - NaN Check: False 1
2025-01-25 03:56:50 - NaN Check: False 2
2025-01-25 03:56:50 - LinkNode: 0
2025-01-25 03:56:50 - NaN Check: False 1
2025-01-25 03:56:50 - NaN Check: False 2
2025-01-25 03:56:50 - LinkNode: 0
2025-01-25 03:56:50 - NaN Check: False 1
2025-01-25 03:56:50 - NaN Check: False 2
2025-01-25 03:56:50 - LinkNode: 0
2025-01-25 03:56:50 - NaN Check: False 1
2025-01-25 03:56:50 - NaN Check: False 2
2025-01-25 03:56:50 - LinkNode: 0
2025-01-25 03:56:50 - NaN Check: False 1
2025-01-25 03:56:50 - NaN Check: False 2
2025-01-25 03:56:50 - LinkNode: 0
2025-01-25 03:56:50 - NaN Check: False 1
2025-01-25 03:56:50 - NaN Check: False 2
2025-01-25 03:56:50 - LinkNode: 0
2025-01-25 03:56:50 - NaN Check: False 1
2025-01-25 03:56:50 - NaN Check: False 2
2025-01-25 03:56:50 - LinkNode: 0
2025-01-25 03:56:50 - NaN Check: False 1
2025-01-25 03:56:50 - NaN Check: False 2
2025-01-25 03:56:50 - LinkNode: 0
2025-01-25 03:56:50 - NaN Check: False 1
2025-01-25 03:56:50 - NaN Check: False 2
2025-01-25 03:56:50 - LinkNode: 0
2025-01-25 03:56:50 - NaN Check: False 1
2025-01-25 03:56:50 - NaN Check: False 2
2025-01-25 03:56:50 - LinkNode: 0
2025-01-25 03:56:50 - NaN Check: False 1
2025-01-25 03:56:50 - NaN Check: False 2
2025-01-25 03:56:50 - LinkNode: 0
2025-01-25 03:56:50 - NaN Check: False 1
2025-01-25 03:56:50 - NaN Check: False 2
2025-01-25 03:56:50 - LinkNode: 0
2025-01-25 03:56:50 - NaN Check: False 1
2025-01-25 03:56:50 - NaN Check: False 2
2025-01-25 03:56:50 - LinkNode: 0
2025-01-25 03:56:50 - Midi Index: 48 | Intensity: 32 | Note Name: C3
2025-01-25 03:56:50 - Midi Index: 83 | Intensity: 5 | Note Name: B5
2025-01-25 03:56:50 - 
Resonance: 0 | Inflow: 0 | Outflow: 0 | Overflow: 0
- C3 | Intensity: 32
- B5 | Intensity: 5

- M21 | Intensity: 12 | Inflow: 0 | Outflow: 0 | Oveflow: 0
False | False | False | False
2025-01-25 03:56:50 - NaN Check: False 1
2025-01-25 03:56:50 - NaN Check: False 2
2025-01-25 03:56:50 - LinkNode: 0
2025-01-25 03:56:50 - add success True - 4371933
2025-01-25 03:56:50 - Midi Index: 69 | Intensity: 0 | Note Name: A4
2025-01-25 03:56:50 - NaN Check: False 1
2025-01-25 03:56:50 - NaN Check: False 2
2025-01-25 03:56:50 - LinkNode: 1
2025-01-25 03:56:50 - NaN Check: False 1
2025-01-25 03:56:50 - NaN Check: False 2
2025-01-25 03:56:50 - LinkNode: 1
2025-01-25 03:56:50 - NaN Check: False 1
2025-01-25 03:56:50 - NaN Check: False 2
2025-01-25 03:56:50 - LinkNode: 1
2025-01-25 03:56:50 - NaN Check: False 1
2025-01-25 03:56:50 - NaN Check: False 2
2025-01-25 03:56:50 - LinkNode: 1
2025-01-25 03:56:50 - NaN Check: False 1
2025-01-25 03:56:50 - NaN Check: False 2
2025-01-25 03:56:50 - LinkNode: 1
2025-01-25 03:56:50 - NaN Check: False 1
2025-01-25 03:56:50 - NaN Check: False 2
2025-01-25 03:56:50 - LinkNode: 1
2025-01-25 03:56:50 - NaN Check: False 1
2025-01-25 03:56:50 - NaN Check: False 2
2025-01-25 03:56:50 - LinkNode: 1
2025-01-25 03:56:50 - NaN Check: False 1
2025-01-25 03:56:50 - NaN Check: False 2
2025-01-25 03:56:50 - LinkNode: 1
2025-01-25 03:56:51 - NaN Check: False 1
2025-01-25 03:56:51 - NaN Check: False 2
2025-01-25 03:56:51 - LinkNode: 1
2025-01-25 03:56:51 - NaN Check: False 1
2025-01-25 03:56:51 - NaN Check: False 2
2025-01-25 03:56:51 - LinkNode: 1
2025-01-25 03:56:51 - NaN Check: False 1
2025-01-25 03:56:51 - NaN Check: False 2
2025-01-25 03:56:51 - LinkNode: 1
2025-01-25 03:56:51 - NaN Check: False 1
2025-01-25 03:56:51 - NaN Check: False 2
2025-01-25 03:56:51 - LinkNode: 1
2025-01-25 03:56:51 - NaN Check: False 1
2025-01-25 03:56:51 - NaN Check: False 2
2025-01-25 03:56:51 - LinkNode: 1
2025-01-25 03:56:51 - NaN Check: False 1
2025-01-25 03:56:51 - NaN Check: False 2
2025-01-25 03:56:51 - LinkNode: 1
2025-01-25 03:56:51 - NaN Check: False 1
2025-01-25 03:56:51 - NaN Check: False 2
2025-01-25 03:56:51 - LinkNode: 1
2025-01-25 03:56:51 - NaN Check: False 1
2025-01-25 03:56:51 - NaN Check: False 2
2025-01-25 03:56:51 - LinkNode: 1
2025-01-25 03:56:51 - NaN Check: False 1
2025-01-25 03:56:51 - NaN Check: False 2
2025-01-25 03:56:51 - LinkNode: 1
2025-01-25 03:56:51 - NaN Check: False 1
2025-01-25 03:56:51 - NaN Check: False 2
2025-01-25 03:56:51 - LinkNode: 1
2025-01-25 03:56:51 - NaN Check: False 1
2025-01-25 03:56:51 - NaN Check: False 2
2025-01-25 03:56:51 - LinkNode: 1
2025-01-25 03:56:51 - NaN Check: False 1
2025-01-25 03:56:51 - NaN Check: False 2
2025-01-25 03:56:51 - LinkNode: 1
2025-01-25 03:56:51 - NaN Check: False 1
2025-01-25 03:56:51 - NaN Check: False 2
2025-01-25 03:56:51 - LinkNode: 1
2025-01-25 03:56:51 - NaN Check: False 1
2025-01-25 03:56:51 - NaN Check: False 2
2025-01-25 03:56:51 - LinkNode: 1
2025-01-25 03:56:51 - NaN Check: False 1
2025-01-25 03:56:51 - NaN Check: False 2
2025-01-25 03:56:51 - LinkNode: 1
2025-01-25 03:56:51 - NaN Check: False 1
2025-01-25 03:56:51 - NaN Check: False 2
2025-01-25 03:56:51 - LinkNode: 1
2025-01-25 03:56:51 - NaN Check: False 1
2025-01-25 03:56:51 - NaN Check: False 2
2025-01-25 03:56:51 - LinkNode: 1
2025-01-25 03:56:51 - NaN Check: False 1
2025-01-25 03:56:51 - NaN Check: False 2
2025-01-25 03:56:51 - LinkNode: 1
2025-01-25 03:56:51 - NaN Check: False 1
2025-01-25 03:56:51 - NaN Check: False 2
2025-01-25 03:56:51 - LinkNode: 1
2025-01-25 03:56:51 - NaN Check: False 1
2025-01-25 03:56:51 - NaN Check: False 2
2025-01-25 03:56:51 - LinkNode: 1
2025-01-25 03:56:51 - NaN Check: False 1
2025-01-25 03:56:51 - NaN Check: False 2
2025-01-25 03:56:51 - LinkNode: 1
2025-01-25 03:56:51 - Midi Index: 48 | Intensity: 32 | Note Name: C3
2025-01-25 03:56:51 - Midi Index: 69 | Intensity: 3 | Note Name: A4
2025-01-25 03:56:51 - Midi Index: 83 | Intensity: 5 | Note Name: B5
2025-01-25 03:56:51 - 
Resonance: 0 | Inflow: 0 | Outflow: 0 | Overflow: 0
- C3 | Intensity: 32
- A4 | Intensity: 3
- B5 | Intensity: 5

- M13 | Intensity: 0 | Inflow: 0 | Outflow: -0 | Oveflow: 0
- M21 | Intensity: 12 | Inflow: 0 | Outflow: -0 | Oveflow: 0
- M9 | Intensity: 0 | Inflow: 0 | Outflow: -0 | Oveflow: 0
False | False | False | False
2025-01-25 03:56:51 - NaN Check: False 1
2025-01-25 03:56:51 - NaN Check: False 2
2025-01-25 03:56:51 - LinkNode: 1
2025-01-25 03:56:51 - NaN Check: False 1
2025-01-25 03:56:51 - NaN Check: False 2
2025-01-25 03:56:51 - LinkNode: 1
2025-01-25 03:56:51 - NaN Check: False 1
2025-01-25 03:56:51 - NaN Check: False 2
2025-01-25 03:56:51 - LinkNode: 1
2025-01-25 03:56:51 - NaN Check: False 1
2025-01-25 03:56:51 - NaN Check: False 2
2025-01-25 03:56:51 - LinkNode: 1
2025-01-25 03:56:51 - NaN Check: False 1
2025-01-25 03:56:51 - NaN Check: False 2
2025-01-25 03:56:51 - LinkNode: 1
2025-01-25 03:56:51 - NaN Check: False 1
2025-01-25 03:56:51 - NaN Check: False 2
2025-01-25 03:56:51 - LinkNode: 1
2025-01-25 03:56:51 - NaN Check: False 1
2025-01-25 03:56:51 - NaN Check: False 2
2025-01-25 03:56:51 - LinkNode: 1
2025-01-25 03:56:51 - NaN Check: False 1
2025-01-25 03:56:51 - NaN Check: False 2
2025-01-25 03:56:51 - LinkNode: 1
2025-01-25 03:56:51 - NaN Check: False 1
2025-01-25 03:56:51 - NaN Check: False 2
2025-01-25 03:56:51 - LinkNode: 1
2025-01-25 03:56:52 - NaN Check: False 1
2025-01-25 03:56:52 - NaN Check: False 2
2025-01-25 03:56:52 - LinkNode: 1
2025-01-25 03:56:52 - NaN Check: False 1
2025-01-25 03:56:52 - NaN Check: False 2
2025-01-25 03:56:52 - LinkNode: 1
2025-01-25 03:56:52 - NaN Check: False 1
2025-01-25 03:56:52 - NaN Check: False 2
2025-01-25 03:56:52 - LinkNode: 1
2025-01-25 03:56:52 - NaN Check: False 1
2025-01-25 03:56:52 - NaN Check: False 2
2025-01-25 03:56:52 - LinkNode: 1
2025-01-25 03:56:52 - NaN Check: False 1
2025-01-25 03:56:52 - NaN Check: False 2
2025-01-25 03:56:52 - LinkNode: 1
2025-01-25 03:56:52 - NaN Check: False 1
2025-01-25 03:56:52 - NaN Check: False 2
2025-01-25 03:56:52 - LinkNode: 1
2025-01-25 03:56:52 - NaN Check: False 1
2025-01-25 03:56:52 - NaN Check: False 2
2025-01-25 03:56:52 - LinkNode: 1
2025-01-25 03:56:52 - NaN Check: False 1
2025-01-25 03:56:52 - NaN Check: False 2
2025-01-25 03:56:52 - LinkNode: 1
2025-01-25 03:56:52 - NaN Check: False 1
2025-01-25 03:56:52 - NaN Check: False 2
2025-01-25 03:56:52 - LinkNode: 1
2025-01-25 03:56:52 - NaN Check: False 1
2025-01-25 03:56:52 - NaN Check: False 2
2025-01-25 03:56:52 - LinkNode: 1
2025-01-25 03:56:52 - NaN Check: False 1
2025-01-25 03:56:52 - NaN Check: False 2
2025-01-25 03:56:52 - LinkNode: 1
2025-01-25 03:56:52 - NaN Check: False 1
2025-01-25 03:56:52 - NaN Check: False 2
2025-01-25 03:56:52 - LinkNode: 1
2025-01-25 03:56:52 - NaN Check: False 1
2025-01-25 03:56:52 - NaN Check: False 2
2025-01-25 03:56:52 - LinkNode: 1
2025-01-25 03:56:52 - NaN Check: False 1
2025-01-25 03:56:52 - NaN Check: False 2
2025-01-25 03:56:52 - LinkNode: 1
2025-01-25 03:56:52 - NaN Check: False 1
2025-01-25 03:56:52 - NaN Check: False 2
2025-01-25 03:56:52 - LinkNode: 1
2025-01-25 03:56:52 - NaN Check: False 1
2025-01-25 03:56:52 - NaN Check: False 2
2025-01-25 03:56:52 - LinkNode: 1
2025-01-25 03:56:52 - NaN Check: False 1
2025-01-25 03:56:52 - NaN Check: False 2
2025-01-25 03:56:52 - LinkNode: 1
2025-01-25 03:56:52 - NaN Check: False 1
2025-01-25 03:56:52 - NaN Check: False 2
2025-01-25 03:56:52 - LinkNode: 1
2025-01-25 03:56:52 - NaN Check: False 1
2025-01-25 03:56:52 - NaN Check: False 2
2025-01-25 03:56:52 - LinkNode: 1
2025-01-25 03:56:52 - NaN Check: False 1
2025-01-25 03:56:52 - NaN Check: False 2
2025-01-25 03:56:52 - LinkNode: 1
2025-01-25 03:56:52 - NaN Check: False 1
2025-01-25 03:56:52 - NaN Check: False 2
2025-01-25 03:56:52 - LinkNode: 1
2025-01-25 03:56:52 - Midi Index: 48 | Intensity: 32 | Note Name: C3
2025-01-25 03:56:52 - Midi Index: 69 | Intensity: 7 | Note Name: A4
2025-01-25 03:56:52 - Midi Index: 83 | Intensity: 5 | Note Name: B5
2025-01-25 03:56:52 - 
Resonance: 0 | Inflow: 0 | Outflow: 0 | Overflow: 0
- C3 | Intensity: 32
- A4 | Intensity: 7
- B5 | Intensity: 5

- M13 | Intensity: 0 | Inflow: 0 | Outflow: -0 | Oveflow: 0
- M21 | Intensity: 12 | Inflow: 0 | Outflow: -0 | Oveflow: 0
- M9 | Intensity: 0 | Inflow: 0 | Outflow: -0 | Oveflow: 0
False | False | False | False
2025-01-25 03:56:52 - NaN Check: False 1
2025-01-25 03:56:52 - NaN Check: False 2
2025-01-25 03:56:52 - LinkNode: 1
2025-01-25 03:56:52 - NaN Check: False 1
2025-01-25 03:56:52 - NaN Check: False 2
2025-01-25 03:56:52 - LinkNode: 1
2025-01-25 03:56:52 - NaN Check: False 1
2025-01-25 03:56:52 - NaN Check: False 2
2025-01-25 03:56:52 - LinkNode: 1
2025-01-25 03:56:52 - NaN Check: False 1
2025-01-25 03:56:52 - NaN Check: False 2
2025-01-25 03:56:52 - LinkNode: 1
2025-01-25 03:56:52 - NaN Check: False 1
2025-01-25 03:56:52 - NaN Check: False 2
2025-01-25 03:56:52 - LinkNode: 1
2025-01-25 03:56:52 - NaN Check: False 1
2025-01-25 03:56:52 - NaN Check: False 2
2025-01-25 03:56:52 - LinkNode: 1
2025-01-25 03:56:52 - NaN Check: False 1
2025-01-25 03:56:52 - NaN Check: False 2
2025-01-25 03:56:52 - LinkNode: 1
2025-01-25 03:56:54 - NaN Check: False 1
2025-01-25 03:56:54 - NaN Check: False 2
2025-01-25 03:56:54 - LinkNode: 1
