2025-01-25 03:10:20 - Debugger session started.
2025-01-25 03:10:20 - BasilMuguet Test_1 started
2025-01-25 03:10:20 -  - - - Adding pulse number 0 with midi index 115. - - -
2025-01-25 03:10:20 -  - - - Adding pulse number 1 with midi index 95. - - -
2025-01-25 03:10:20 -  - - - Adding pulse number 2 with midi index 81. - - -
2025-01-25 03:10:20 -  - - - Adding pulse number 3 with midi index 79. - - -
2025-01-25 03:10:20 -  - - - Adding pulse number 4 with midi index 93. - - -
2025-01-25 03:10:20 - Pulse Index: 0 | Midi Index: 48 | Intensity: 32 | Note Name: C3
2025-01-25 03:10:20 - Pulse Index: 1 | Midi Index: 79 | Intensity: 25 | Note Name: G5
2025-01-25 03:10:20 - Pulse Index: 2 | Midi Index: 81 | Intensity: 55 | Note Name: A5
2025-01-25 03:10:20 - Pulse Index: 3 | Midi Index: 93 | Intensity: 35 | Note Name: A6
2025-01-25 03:10:20 - Pulse Index: 4 | Midi Index: 95 | Intensity: 34 | Note Name: B6
2025-01-25 03:10:20 - Pulse Index: 5 | Midi Index: 115 | Intensity: 43 | Note Name: G8
2025-01-25 03:10:20 - 
Logging Idyll Amount:

2025-01-25 03:10:20 - Resonance: 2.7 | NetInflow: 32 | NetOutflow: 16 | NetOverflow: 0 | State: Active
2025-01-25 03:10:20 - Resonance: 3 | NetInflow: 32 | NetOutflow: 16 | NetOverflow: 0 | State: Active
2025-01-25 03:10:20 - Resonance: 3.4 | NetInflow: 32 | NetOutflow: 16 | NetOverflow: 0 | State: Active
2025-01-25 03:10:20 - Resonance: 3.7 | NetInflow: 32 | NetOutflow: 16 | NetOverflow: 0 | State: Active
2025-01-25 03:10:20 - Resonance: 4 | NetInflow: 32 | NetOutflow: 16 | NetOverflow: 0 | State: Active
2025-01-25 03:10:20 - Resonance: 4.3 | NetInflow: 32 | NetOutflow: 16 | NetOverflow: 0 | State: Active
2025-01-25 03:10:20 - Resonance: 4.6 | NetInflow: 32 | NetOutflow: 16 | NetOverflow: 0 | State: Active
2025-01-25 03:10:20 - Resonance: 5 | NetInflow: 32 | NetOutflow: 16 | NetOverflow: 0 | State: Active
2025-01-25 03:10:20 - Resonance: 5.3 | NetInflow: 32 | NetOutflow: 16 | NetOverflow: 0 | State: Active
2025-01-25 03:10:20 - Resonance: 5.6 | NetInflow: 32 | NetOutflow: 16 | NetOverflow: 0 | State: Active
2025-01-25 03:10:20 - Resonance: 5.9 | NetInflow: 32 | NetOutflow: 16 | NetOverflow: 0 | State: Active
2025-01-25 03:10:20 - Resonance: 6.2 | NetInflow: 32 | NetOutflow: 16 | NetOverflow: 0 | State: Active
2025-01-25 03:10:20 - Resonance: 6.6 | NetInflow: 32 | NetOutflow: 16 | NetOverflow: 0 | State: Active
2025-01-25 03:10:20 - Resonance: 6.9 | NetInflow: 32 | NetOutflow: 16 | NetOverflow: 0 | State: Active
2025-01-25 03:10:20 - Resonance: 7.2 | NetInflow: 32 | NetOutflow: 16 | NetOverflow: 0 | State: Active
2025-01-25 03:10:20 - Resonance: 7.5 | NetInflow: 32 | NetOutflow: 16 | NetOverflow: 0 | State: Active
2025-01-25 03:10:20 - Resonance: 7.8 | NetInflow: 32 | NetOutflow: 16 | NetOverflow: 0 | State: Active
2025-01-25 03:10:20 - Resonance: 8.2 | NetInflow: 32 | NetOutflow: 16 | NetOverflow: 0 | State: Active
2025-01-25 03:10:20 - Resonance: 8.5 | NetInflow: 32 | NetOutflow: 16 | NetOverflow: 0 | State: Active
2025-01-25 03:10:20 - Resonance: 8.8 | NetInflow: 32 | NetOutflow: 16 | NetOverflow: 0 | State: Active
2025-01-25 03:10:20 - Resonance: 9.1 | NetInflow: 32 | NetOutflow: 16 | NetOverflow: 0 | State: Active
2025-01-25 03:10:20 - Resonance: 9.4 | NetInflow: 32 | NetOutflow: 16 | NetOverflow: 0 | State: Active
2025-01-25 03:10:20 - Resonance: 9.8 | NetInflow: 32 | NetOutflow: 16 | NetOverflow: 0 | State: Active
2025-01-25 03:10:20 - Resonance: 10.1 | NetInflow: 32 | NetOutflow: 16 | NetOverflow: 0 | State: Active
2025-01-25 03:10:20 - Resonance: 10.4 | NetInflow: 32 | NetOutflow: 16 | NetOverflow: 0 | State: Active
2025-01-25 03:10:20 - Resonance: 10.7 | NetInflow: 32 | NetOutflow: 16 | NetOverflow: 0 | State: Active
2025-01-25 03:10:20 - Resonance: 11 | NetInflow: 32 | NetOutflow: 16 | NetOverflow: 0 | State: Active
2025-01-25 03:10:20 - Resonance: 11.4 | NetInflow: 32 | NetOutflow: 16 | NetOverflow: 0 | State: Active
2025-01-25 03:10:20 - Resonance: 11.7 | NetInflow: 32 | NetOutflow: 16 | NetOverflow: 0 | State: Active
2025-01-25 03:10:20 - Resonance: 12 | NetInflow: 32 | NetOutflow: 16 | NetOverflow: 0 | State: Active
2025-01-25 03:10:20 - Resonance: 12.3 | NetInflow: 32 | NetOutflow: 16 | NetOverflow: 0 | State: Active
2025-01-25 03:10:20 - Resonance: 12.6 | NetInflow: 32 | NetOutflow: 16 | NetOverflow: 0 | State: Active
2025-01-25 03:10:20 - Resonance: 13 | NetInflow: 32 | NetOutflow: 16 | NetOverflow: 0 | State: Active
2025-01-25 03:10:20 - Resonance: 13.3 | NetInflow: 32 | NetOutflow: 16 | NetOverflow: 0 | State: Active
2025-01-25 03:10:20 - Resonance: 13.6 | NetInflow: 32 | NetOutflow: 16 | NetOverflow: 0 | State: Active
2025-01-25 03:10:20 - Resonance: 13.9 | NetInflow: 32 | NetOutflow: 16 | NetOverflow: 0 | State: Active
2025-01-25 03:10:20 - Resonance: 14.2 | NetInflow: 32 | NetOutflow: 16 | NetOverflow: 0 | State: Active
2025-01-25 03:10:20 - Resonance: 14.6 | NetInflow: 32 | NetOutflow: 16 | NetOverflow: 0 | State: Active
2025-01-25 03:10:20 - Resonance: 14.9 | NetInflow: 32 | NetOutflow: 16 | NetOverflow: 0 | State: Active
2025-01-25 03:10:20 - Resonance: 15.2 | NetInflow: 32 | NetOutflow: 16 | NetOverflow: 0 | State: Active
2025-01-25 03:10:20 - Resonance: 15.5 | NetInflow: 32 | NetOutflow: 16 | NetOverflow: 0 | State: Active
2025-01-25 03:10:20 - Resonance: 15.8 | NetInflow: 32 | NetOutflow: 16 | NetOverflow: 0 | State: Active
2025-01-25 03:10:20 - Resonance: 16.2 | NetInflow: 32 | NetOutflow: 16 | NetOverflow: 0 | State: Active
2025-01-25 03:10:20 - Resonance: 16.5 | NetInflow: 32 | NetOutflow: 16 | NetOverflow: 0 | State: Active
2025-01-25 03:10:20 - Resonance: 16.8 | NetInflow: 32 | NetOutflow: 16 | NetOverflow: 0 | State: Active
2025-01-25 03:10:20 - Resonance: 17.1 | NetInflow: 32 | NetOutflow: 16 | NetOverflow: 0 | State: Active
2025-01-25 03:10:20 - Resonance: 17.4 | NetInflow: 32 | NetOutflow: 16 | NetOverflow: 0 | State: Active
2025-01-25 03:10:20 - Resonance: 17.8 | NetInflow: 32 | NetOutflow: 16 | NetOverflow: 0 | State: Active
2025-01-25 03:10:20 - Resonance: 18.1 | NetInflow: 32 | NetOutflow: 16 | NetOverflow: 0 | State: Active
2025-01-25 03:10:20 - Resonance: 18.4 | NetInflow: 32 | NetOutflow: 16 | NetOverflow: 0 | State: Active
2025-01-25 03:10:20 - Resonance: 18.7 | NetInflow: 32 | NetOutflow: 16 | NetOverflow: 0 | State: Active
2025-01-25 03:10:20 - Resonance: 19 | NetInflow: 32 | NetOutflow: 16 | NetOverflow: 0 | State: Active
2025-01-25 03:10:20 - Resonance: 19.4 | NetInflow: 32 | NetOutflow: 16 | NetOverflow: 0 | State: Active
2025-01-25 03:10:20 - Resonance: 19.7 | NetInflow: 32 | NetOutflow: 16 | NetOverflow: 0 | State: Active
2025-01-25 03:10:20 - Resonance: 20 | NetInflow: 32 | NetOutflow: 16 | NetOverflow: 0 | State: Active
2025-01-25 03:10:20 - Resonance: 20.3 | NetInflow: 32 | NetOutflow: 16 | NetOverflow: 0 | State: Active
2025-01-25 03:10:20 - Resonance: 20.6 | NetInflow: 32 | NetOutflow: 16 | NetOverflow: 0 | State: Active
2025-01-25 03:10:20 - Resonance: 21 | NetInflow: 32 | NetOutflow: 16 | NetOverflow: 0 | State: Active
2025-01-25 03:10:20 - Resonance: 21.3 | NetInflow: 32 | NetOutflow: 16 | NetOverflow: 0 | State: Active
2025-01-25 03:10:20 - Resonance: 21.6 | NetInflow: 32 | NetOutflow: 16 | NetOverflow: 0 | State: Active
2025-01-25 03:10:20 - Resonance: 21.9 | NetInflow: 32 | NetOutflow: 16 | NetOverflow: 0 | State: Active
2025-01-25 03:10:20 - Resonance: 22.2 | NetInflow: 32 | NetOutflow: 16 | NetOverflow: 0 | State: Active
2025-01-25 03:10:20 - Resonance: 22.6 | NetInflow: 32 | NetOutflow: 16 | NetOverflow: 0 | State: Active
2025-01-25 03:10:20 - Resonance: 22.9 | NetInflow: 32 | NetOutflow: 16 | NetOverflow: 0 | State: Active
2025-01-25 03:10:20 - Resonance: 23.2 | NetInflow: 32 | NetOutflow: 16 | NetOverflow: 0 | State: Active
2025-01-25 03:10:20 - Resonance: 23.5 | NetInflow: 32 | NetOutflow: 16 | NetOverflow: 0 | State: Active
2025-01-25 03:10:20 - Resonance: 23.8 | NetInflow: 32 | NetOutflow: 16 | NetOverflow: 0 | State: Active
2025-01-25 03:10:20 - Resonance: 24.2 | NetInflow: 32 | NetOutflow: 16 | NetOverflow: 0 | State: Active
2025-01-25 03:10:20 - Resonance: 24.5 | NetInflow: 32 | NetOutflow: 16 | NetOverflow: 0 | State: Active
2025-01-25 03:10:20 - Resonance: 24.8 | NetInflow: 32 | NetOutflow: 16 | NetOverflow: 0 | State: Active
2025-01-25 03:10:20 - Resonance: 25.1 | NetInflow: 32 | NetOutflow: 16 | NetOverflow: 0 | State: Active
2025-01-25 03:10:20 - Resonance: 25.4 | NetInflow: 32 | NetOutflow: 16 | NetOverflow: 0 | State: Active
2025-01-25 03:10:20 - Resonance: 25.8 | NetInflow: 32 | NetOutflow: 16 | NetOverflow: 0 | State: Active
2025-01-25 03:10:20 - Resonance: 26.1 | NetInflow: 32 | NetOutflow: 16 | NetOverflow: 0 | State: Active
2025-01-25 03:10:20 - Resonance: 26.4 | NetInflow: 32 | NetOutflow: 16 | NetOverflow: 0 | State: Active
2025-01-25 03:10:20 - Resonance: 26.7 | NetInflow: 32 | NetOutflow: 16 | NetOverflow: 0 | State: Active
2025-01-25 03:10:20 - Resonance: 27 | NetInflow: 32 | NetOutflow: 16 | NetOverflow: 0 | State: Active
2025-01-25 03:10:20 - Resonance: 27.4 | NetInflow: 32 | NetOutflow: 16 | NetOverflow: 0 | State: Active
2025-01-25 03:10:20 - Resonance: 27.7 | NetInflow: 32 | NetOutflow: 16 | NetOverflow: 0 | State: Active
2025-01-25 03:10:20 - Resonance: 28 | NetInflow: 32 | NetOutflow: 16 | NetOverflow: 0 | State: Active
2025-01-25 03:10:20 - Resonance: 28.3 | NetInflow: 32 | NetOutflow: 16 | NetOverflow: 0 | State: Active
2025-01-25 03:10:20 - Resonance: 28.6 | NetInflow: 32 | NetOutflow: 16 | NetOverflow: 0 | State: Active
2025-01-25 03:10:20 - Resonance: 29 | NetInflow: 32 | NetOutflow: 16 | NetOverflow: 0 | State: Active
2025-01-25 03:10:20 - Resonance: 29.3 | NetInflow: 32 | NetOutflow: 16 | NetOverflow: 0 | State: Active
2025-01-25 03:10:20 - Resonance: 29.6 | NetInflow: 32 | NetOutflow: 16 | NetOverflow: 0 | State: Active
2025-01-25 03:10:20 - Resonance: 29.9 | NetInflow: 32 | NetOutflow: 16 | NetOverflow: 0 | State: Active
2025-01-25 03:10:20 - Resonance: 30.2 | NetInflow: 32 | NetOutflow: 16 | NetOverflow: 0 | State: Active
2025-01-25 03:10:20 - Resonance: 30.6 | NetInflow: 32 | NetOutflow: 16 | NetOverflow: 0 | State: Active
2025-01-25 03:10:20 - Resonance: 30.9 | NetInflow: 32 | NetOutflow: 16 | NetOverflow: 0 | State: Active
2025-01-25 03:10:20 - Resonance: 31.2 | NetInflow: 32 | NetOutflow: 16 | NetOverflow: 0 | State: Active
2025-01-25 03:10:20 - Resonance: 31.5 | NetInflow: 32 | NetOutflow: 16 | NetOverflow: 0 | State: Active
2025-01-25 03:10:20 - Resonance: 31.8 | NetInflow: 32 | NetOutflow: 16 | NetOverflow: 0 | State: Active
2025-01-25 03:10:20 - Resonance: 32.2 | NetInflow: 32 | NetOutflow: 16 | NetOverflow: 0 | State: Active
2025-01-25 03:10:20 - Resonance: 32.5 | NetInflow: 32 | NetOutflow: 16 | NetOverflow: 0 | State: Active
2025-01-25 03:10:20 - Resonance: 32.8 | NetInflow: 32 | NetOutflow: 16 | NetOverflow: 0 | State: Active
2025-01-25 03:10:20 - Resonance: 33.1 | NetInflow: 32 | NetOutflow: 16 | NetOverflow: 0 | State: Active
2025-01-25 03:10:20 - Resonance: 33.4 | NetInflow: 32 | NetOutflow: 16 | NetOverflow: 0 | State: Active
2025-01-25 03:10:20 - Resonance: 33.8 | NetInflow: 32 | NetOutflow: 16 | NetOverflow: 0 | State: Active
2025-01-25 03:10:20 - Resonance: 34.1 | NetInflow: 32 | NetOutflow: 16 | NetOverflow: 0 | State: Active
2025-01-25 03:10:20 - Resonance: 34.4 | NetInflow: 32 | NetOutflow: 16 | NetOverflow: 0 | State: Active
2025-01-25 03:10:20 - Resonance: 34.7 | NetInflow: 32 | NetOutflow: 16 | NetOverflow: 0 | State: Active
2025-01-25 03:10:20 - Resonance: 35 | NetInflow: 32 | NetOutflow: 16 | NetOverflow: 0 | State: Active
2025-01-25 03:10:20 - Resonance: 35.4 | NetInflow: 32 | NetOutflow: 16 | NetOverflow: 0 | State: Active
2025-01-25 03:10:20 - Resonance: 35.7 | NetInflow: 32 | NetOutflow: 16 | NetOverflow: 0 | State: Active
2025-01-25 03:10:20 - Resonance: 36 | NetInflow: 32 | NetOutflow: 16 | NetOverflow: 0 | State: Active
2025-01-25 03:10:20 - Resonance: 36.3 | NetInflow: 32 | NetOutflow: 16 | NetOverflow: 0 | State: Active
2025-01-25 03:10:20 - Resonance: 36.6 | NetInflow: 32 | NetOutflow: 16 | NetOverflow: 0 | State: Active
2025-01-25 03:10:20 - Resonance: 37 | NetInflow: 32 | NetOutflow: 16 | NetOverflow: 0 | State: Active
2025-01-25 03:10:20 - Resonance: 37.3 | NetInflow: 32 | NetOutflow: 16 | NetOverflow: 0 | State: Active
2025-01-25 03:10:20 - Resonance: 37.6 | NetInflow: 32 | NetOutflow: 16 | NetOverflow: 0 | State: Active
2025-01-25 03:10:20 - Resonance: 37.9 | NetInflow: 32 | NetOutflow: 16 | NetOverflow: 0 | State: Active
2025-01-25 03:10:20 - Resonance: 38.2 | NetInflow: 32 | NetOutflow: 16 | NetOverflow: 0 | State: Active
2025-01-25 03:10:20 - Resonance: 38.6 | NetInflow: 32 | NetOutflow: 16 | NetOverflow: 0 | State: Active
2025-01-25 03:10:20 - Resonance: 38.9 | NetInflow: 32 | NetOutflow: 16 | NetOverflow: 0 | State: Active
2025-01-25 03:10:20 - Resonance: 39.2 | NetInflow: 32 | NetOutflow: 16 | NetOverflow: 0 | State: Active
2025-01-25 03:10:20 - Resonance: 39.5 | NetInflow: 32 | NetOutflow: 16 | NetOverflow: 0 | State: Active
2025-01-25 03:10:20 - Resonance: 39.8 | NetInflow: 32 | NetOutflow: 16 | NetOverflow: 0 | State: Active
2025-01-25 03:10:20 - Resonance: 40.2 | NetInflow: 32 | NetOutflow: 16 | NetOverflow: 0 | State: Active
2025-01-25 03:10:20 - Resonance: 40.5 | NetInflow: 32 | NetOutflow: 16 | NetOverflow: 0 | State: Active
2025-01-25 03:10:20 - Resonance: 40.8 | NetInflow: 32 | NetOutflow: 16 | NetOverflow: 0 | State: Active
2025-01-25 03:10:20 - Resonance: 41.1 | NetInflow: 32 | NetOutflow: 16 | NetOverflow: 0 | State: Active
2025-01-25 03:10:20 - Resonance: 41.4 | NetInflow: 32 | NetOutflow: 16 | NetOverflow: 0 | State: Active
2025-01-25 03:10:20 - Resonance: 41.8 | NetInflow: 32 | NetOutflow: 16 | NetOverflow: 0 | State: Active
2025-01-25 03:10:20 - Resonance: 42.1 | NetInflow: 32 | NetOutflow: 16 | NetOverflow: 0 | State: Active
2025-01-25 03:10:20 - Resonance: 42.4 | NetInflow: 32 | NetOutflow: 16 | NetOverflow: 0 | State: Active
2025-01-25 03:10:20 - Resonance: 42.7 | NetInflow: 32 | NetOutflow: 16 | NetOverflow: 0 | State: Active
2025-01-25 03:10:20 - Resonance: 43 | NetInflow: 32 | NetOutflow: 16 | NetOverflow: 0 | State: Active
2025-01-25 03:10:20 - Resonance: 43.4 | NetInflow: 32 | NetOutflow: 16 | NetOverflow: 0 | State: Active
2025-01-25 03:10:20 - Resonance: 43.7 | NetInflow: 32 | NetOutflow: 16 | NetOverflow: 0 | State: Active
2025-01-25 03:10:20 - Resonance: 44 | NetInflow: 32 | NetOutflow: 16 | NetOverflow: 0 | State: Active
2025-01-25 03:10:20 - Resonance: 44.3 | NetInflow: 32 | NetOutflow: 16 | NetOverflow: 0 | State: Active
2025-01-25 03:10:20 - Resonance: 44.6 | NetInflow: 32 | NetOutflow: 16 | NetOverflow: 0 | State: Active
2025-01-25 03:10:20 - Resonance: 45 | NetInflow: 32 | NetOutflow: 16 | NetOverflow: 0 | State: Active
2025-01-25 03:10:20 - Resonance: 45.3 | NetInflow: 32 | NetOutflow: 16 | NetOverflow: 0 | State: Active
2025-01-25 03:10:20 - Resonance: 45.6 | NetInflow: 32 | NetOutflow: 16 | NetOverflow: 0 | State: Active
2025-01-25 03:10:20 - Resonance: 45.9 | NetInflow: 32 | NetOutflow: 16 | NetOverflow: 0 | State: Active
2025-01-25 03:10:20 - Resonance: 46.2 | NetInflow: 32 | NetOutflow: 16 | NetOverflow: 0 | State: Active
2025-01-25 03:10:20 - Resonance: 46.6 | NetInflow: 32 | NetOutflow: 16 | NetOverflow: 0 | State: Active
2025-01-25 03:10:20 - Resonance: 46.9 | NetInflow: 32 | NetOutflow: 16 | NetOverflow: 0 | State: Active
2025-01-25 03:10:20 - Resonance: 47.2 | NetInflow: 32 | NetOutflow: 16 | NetOverflow: 0 | State: Active
2025-01-25 03:10:20 - Resonance: 47.5 | NetInflow: 32 | NetOutflow: 16 | NetOverflow: 0 | State: Active
2025-01-25 03:10:20 - Resonance: 47.8 | NetInflow: 32 | NetOutflow: 16 | NetOverflow: 0 | State: Active
2025-01-25 03:10:20 - Resonance: 48.2 | NetInflow: 32 | NetOutflow: 16 | NetOverflow: 0 | State: Active
2025-01-25 03:10:20 - Resonance: 48.5 | NetInflow: 32 | NetOutflow: 16 | NetOverflow: 0 | State: Active
2025-01-25 03:10:20 - Resonance: 48.8 | NetInflow: 32 | NetOutflow: 16 | NetOverflow: 0 | State: Active
2025-01-25 03:10:20 - Resonance: 49.1 | NetInflow: 32 | NetOutflow: 16 | NetOverflow: 0 | State: Active
2025-01-25 03:10:20 - Resonance: 49.4 | NetInflow: 32 | NetOutflow: 16 | NetOverflow: 0 | State: Active
2025-01-25 03:10:20 - Resonance: 49.8 | NetInflow: 32 | NetOutflow: 16 | NetOverflow: 0 | State: Active
2025-01-25 03:10:20 - Resonance: 50.1 | NetInflow: 32 | NetOutflow: 16 | NetOverflow: 0 | State: Active
2025-01-25 03:10:20 - Resonance: 50.4 | NetInflow: 32 | NetOutflow: 16 | NetOverflow: 0 | State: Active
2025-01-25 03:10:20 - Resonance: 50.7 | NetInflow: 32 | NetOutflow: 16 | NetOverflow: 0 | State: Active
2025-01-25 03:10:20 - Resonance: 51 | NetInflow: 32 | NetOutflow: 16 | NetOverflow: 0 | State: Active
2025-01-25 03:10:20 - Resonance: 51.4 | NetInflow: 32 | NetOutflow: 16 | NetOverflow: 0 | State: Active
2025-01-25 03:10:20 - Resonance: 51.7 | NetInflow: 32 | NetOutflow: 16 | NetOverflow: 0 | State: Active
2025-01-25 03:10:20 - Resonance: 52 | NetInflow: 32 | NetOutflow: 16 | NetOverflow: 0 | State: Active
2025-01-25 03:10:20 - Resonance: 52.3 | NetInflow: 32 | NetOutflow: 16 | NetOverflow: 0 | State: Active
2025-01-25 03:10:20 - Resonance: 52.6 | NetInflow: 32 | NetOutflow: 16 | NetOverflow: 0 | State: Active
2025-01-25 03:10:20 - Resonance: 53 | NetInflow: 32 | NetOutflow: 16 | NetOverflow: 0 | State: Active
2025-01-25 03:10:20 - Resonance: 53.3 | NetInflow: 32 | NetOutflow: 16 | NetOverflow: 0 | State: Active
2025-01-25 03:10:20 - Resonance: 53.6 | NetInflow: 32 | NetOutflow: 16 | NetOverflow: 0 | State: Active
2025-01-25 03:10:20 - Resonance: 53.9 | NetInflow: 32 | NetOutflow: 16 | NetOverflow: 0 | State: Active
2025-01-25 03:10:20 - Resonance: 54.2 | NetInflow: 32 | NetOutflow: 16 | NetOverflow: 0 | State: Active
2025-01-25 03:10:20 - Resonance: 54.6 | NetInflow: 32 | NetOutflow: 16 | NetOverflow: 0 | State: Active
2025-01-25 03:10:20 - Resonance: 54.9 | NetInflow: 32 | NetOutflow: 16 | NetOverflow: 0 | State: Active
2025-01-25 03:10:20 - Resonance: 55.2 | NetInflow: 32 | NetOutflow: 16 | NetOverflow: 0 | State: Active
2025-01-25 03:10:20 - Resonance: 55.5 | NetInflow: 32 | NetOutflow: 16 | NetOverflow: 0 | State: Active
2025-01-25 03:10:20 - Resonance: 55.8 | NetInflow: 32 | NetOutflow: 16 | NetOverflow: 0 | State: Active
2025-01-25 03:10:20 - Resonance: 56.2 | NetInflow: 32 | NetOutflow: 16 | NetOverflow: 0 | State: Active
2025-01-25 03:10:20 - Resonance: 56.5 | NetInflow: 32 | NetOutflow: 16 | NetOverflow: 0 | State: Active
2025-01-25 03:10:20 - Resonance: 56.8 | NetInflow: 32 | NetOutflow: 16 | NetOverflow: 0 | State: Active
2025-01-25 03:10:20 - Resonance: 57.1 | NetInflow: 32 | NetOutflow: 16 | NetOverflow: 0 | State: Active
2025-01-25 03:10:20 - Resonance: 57.4 | NetInflow: 32 | NetOutflow: 16 | NetOverflow: 0 | State: Active
2025-01-25 03:10:20 - Resonance: 57.8 | NetInflow: 32 | NetOutflow: 16 | NetOverflow: 0 | State: Active
2025-01-25 03:10:20 - Resonance: 58.1 | NetInflow: 32 | NetOutflow: 16 | NetOverflow: 0 | State: Active
2025-01-25 03:10:20 - Resonance: 58.4 | NetInflow: 32 | NetOutflow: 16 | NetOverflow: 0 | State: Active
2025-01-25 03:10:20 - Resonance: 58.7 | NetInflow: 32 | NetOutflow: 16 | NetOverflow: 0 | State: Active
2025-01-25 03:10:20 - Resonance: 59 | NetInflow: 32 | NetOutflow: 16 | NetOverflow: 0 | State: Active
2025-01-25 03:10:20 - Resonance: 59.4 | NetInflow: 32 | NetOutflow: 16 | NetOverflow: 0 | State: Active
2025-01-25 03:10:20 - Resonance: 59.7 | NetInflow: 32 | NetOutflow: 16 | NetOverflow: 0 | State: Active
2025-01-25 03:10:20 - Resonance: 60 | NetInflow: 32 | NetOutflow: 16 | NetOverflow: 0 | State: Active
2025-01-25 03:10:20 - Resonance: 60.3 | NetInflow: 32 | NetOutflow: 16 | NetOverflow: 0 | State: Active
2025-01-25 03:10:20 - Resonance: 60.6 | NetInflow: 32 | NetOutflow: 16 | NetOverflow: 0 | State: Active
2025-01-25 03:10:20 - Resonance: 61 | NetInflow: 32 | NetOutflow: 16 | NetOverflow: 0 | State: Active
2025-01-25 03:10:20 - Resonance: 61.3 | NetInflow: 32 | NetOutflow: 16 | NetOverflow: 0 | State: Active
2025-01-25 03:10:20 - Resonance: 61.6 | NetInflow: 32 | NetOutflow: 16 | NetOverflow: 0 | State: Active
2025-01-25 03:10:20 - Resonance: 61.9 | NetInflow: 32 | NetOutflow: 16 | NetOverflow: 0 | State: Active
2025-01-25 03:10:20 - Resonance: 62.2 | NetInflow: 32 | NetOutflow: 16 | NetOverflow: 0 | State: Active
2025-01-25 03:10:20 - Resonance: 62.6 | NetInflow: 32 | NetOutflow: 16 | NetOverflow: 0 | State: Active
2025-01-25 03:10:20 - Resonance: 62.9 | NetInflow: 32 | NetOutflow: 16 | NetOverflow: 0 | State: Active
2025-01-25 03:10:20 - Resonance: 63.2 | NetInflow: 32 | NetOutflow: 16 | NetOverflow: 0 | State: Active
2025-01-25 03:10:20 - Resonance: 63.5 | NetInflow: 32 | NetOutflow: 16 | NetOverflow: 0 | State: Active
2025-01-25 03:10:20 - Resonance: 63.8 | NetInflow: 32 | NetOutflow: 16 | NetOverflow: 0 | State: Active
2025-01-25 03:10:20 - Resonance: 64 | NetInflow: 32 | NetOutflow: 16 | NetOverflow: 8 | State: Overflow
2025-01-25 03:10:20 - Resonance: 64 | NetInflow: 32 | NetOutflow: 16 | NetOverflow: 16 | State: Overflow
2025-01-25 03:10:20 - Resonance: 64 | NetInflow: 32 | NetOutflow: 16 | NetOverflow: 16 | State: Overflow
2025-01-25 03:10:20 - Resonance: 64 | NetInflow: 32 | NetOutflow: 16 | NetOverflow: 16 | State: Overflow
2025-01-25 03:10:20 - Resonance: 64 | NetInflow: 32 | NetOutflow: 16 | NetOverflow: 16 | State: Overflow
2025-01-25 03:10:20 - Resonance: 64 | NetInflow: 32 | NetOutflow: 16 | NetOverflow: 16 | State: Overflow
2025-01-25 03:10:20 - Resonance: 64 | NetInflow: 32 | NetOutflow: 16 | NetOverflow: 16 | State: Overflow
2025-01-25 03:10:20 - Resonance: 64 | NetInflow: 32 | NetOutflow: 16 | NetOverflow: 16 | State: Overflow
2025-01-25 03:10:21 - 
Resonance: 0 | Inflow: 0 | Outflow: 0 | Overflow: 0
- C3 | Intensity: 32

False | False | False | False
2025-01-25 03:10:22 - 
Resonance: 0 | Inflow: 0 | Outflow: 0 | Overflow: 0
- C3 | Intensity: 32

False | False | False | False
