2025-01-25 04:09:49 - Debugger session started.
2025-01-25 04:09:49 - NaN Check: False 1
2025-01-25 04:09:49 - NaN Check: False 2
2025-01-25 04:09:49 - LinkNode: 0 <- 0 / 1
2025-01-25 04:09:49 - NaN Check: False 1
2025-01-25 04:09:49 - NaN Check: False 2
2025-01-25 04:09:49 - LinkNode: 0 <- 0 / 1
2025-01-25 04:09:49 - NaN Check: False 1
2025-01-25 04:09:49 - NaN Check: False 2
2025-01-25 04:09:49 - LinkNode: 0 <- 0 / 1
2025-01-25 04:09:49 - NaN Check: False 1
2025-01-25 04:09:49 - NaN Check: False 2
2025-01-25 04:09:49 - LinkNode: 0 <- 0 / 1
2025-01-25 04:09:49 - NaN Check: False 1
2025-01-25 04:09:49 - NaN Check: False 2
2025-01-25 04:09:49 - LinkNode: 0 <- 0 / 1
2025-01-25 04:09:49 - NaN Check: False 1
2025-01-25 04:09:49 - NaN Check: False 2
2025-01-25 04:09:49 - LinkNode: 0 <- 0 / 1
2025-01-25 04:09:49 - NaN Check: False 1
2025-01-25 04:09:49 - NaN Check: False 2
2025-01-25 04:09:49 - LinkNode: 0 <- 0 / 1
2025-01-25 04:09:49 - NaN Check: False 1
2025-01-25 04:09:49 - NaN Check: False 2
2025-01-25 04:09:49 - LinkNode: 0 <- 0 / 1
2025-01-25 04:09:49 - NaN Check: False 1
2025-01-25 04:09:49 - NaN Check: False 2
2025-01-25 04:09:49 - LinkNode: 0 <- 0 / 1
2025-01-25 04:09:49 - NaN Check: False 1
2025-01-25 04:09:49 - NaN Check: False 2
2025-01-25 04:09:49 - LinkNode: 0 <- 0 / 1
2025-01-25 04:09:49 - NaN Check: False 1
2025-01-25 04:09:49 - NaN Check: False 2
2025-01-25 04:09:49 - LinkNode: 0 <- 0 / 1
2025-01-25 04:09:49 - NaN Check: False 1
2025-01-25 04:09:49 - NaN Check: False 2
2025-01-25 04:09:49 - LinkNode: 0 <- 0 / 1
2025-01-25 04:09:49 - NaN Check: False 1
2025-01-25 04:09:49 - NaN Check: False 2
2025-01-25 04:09:49 - LinkNode: 0 <- 0 / 1
2025-01-25 04:09:49 - NaN Check: False 1
2025-01-25 04:09:49 - NaN Check: False 2
2025-01-25 04:09:49 - LinkNode: 0 <- 0 / 1
2025-01-25 04:09:49 - NaN Check: False 1
2025-01-25 04:09:49 - NaN Check: False 2
2025-01-25 04:09:49 - LinkNode: 0 <- 0 / 1
2025-01-25 04:09:49 - NaN Check: False 1
2025-01-25 04:09:49 - NaN Check: False 2
2025-01-25 04:09:49 - LinkNode: 0 <- 0 / 1
2025-01-25 04:09:49 - NaN Check: False 1
2025-01-25 04:09:49 - NaN Check: False 2
2025-01-25 04:09:49 - LinkNode: 0 <- 0 / 1
2025-01-25 04:09:49 - NaN Check: False 1
2025-01-25 04:09:49 - NaN Check: False 2
2025-01-25 04:09:49 - LinkNode: 0 <- 0 / 1
2025-01-25 04:09:49 - NaN Check: False 1
2025-01-25 04:09:49 - NaN Check: False 2
2025-01-25 04:09:49 - LinkNode: 0 <- 0 / 1
2025-01-25 04:09:49 - NaN Check: False 1
2025-01-25 04:09:49 - NaN Check: False 2
2025-01-25 04:09:49 - LinkNode: 0 <- 0 / 1
2025-01-25 04:09:49 - NaN Check: False 1
2025-01-25 04:09:49 - NaN Check: False 2
2025-01-25 04:09:49 - LinkNode: 0 <- 0 / 1
2025-01-25 04:09:49 - NaN Check: False 1
2025-01-25 04:09:49 - NaN Check: False 2
2025-01-25 04:09:49 - LinkNode: 0 <- 0 / 1
2025-01-25 04:09:49 - NaN Check: False 1
2025-01-25 04:09:49 - NaN Check: False 2
2025-01-25 04:09:49 - LinkNode: 0 <- 0 / 1
2025-01-25 04:09:50 - NaN Check: False 1
2025-01-25 04:09:50 - NaN Check: False 2
2025-01-25 04:09:50 - LinkNode: 0 <- 0 / 1
2025-01-25 04:09:50 - NaN Check: False 1
2025-01-25 04:09:50 - NaN Check: False 2
2025-01-25 04:09:50 - LinkNode: 0 <- 0 / 1
2025-01-25 04:09:50 - NaN Check: False 1
2025-01-25 04:09:50 - NaN Check: False 2
2025-01-25 04:09:50 - LinkNode: 0 <- 0 / 1
2025-01-25 04:09:50 - NaN Check: False 1
2025-01-25 04:09:50 - NaN Check: False 2
2025-01-25 04:09:50 - LinkNode: 0 <- 0 / 1
2025-01-25 04:09:50 - NaN Check: False 1
2025-01-25 04:09:50 - NaN Check: False 2
2025-01-25 04:09:50 - LinkNode: 0 <- 0 / 1
2025-01-25 04:09:50 - NaN Check: False 1
2025-01-25 04:09:50 - NaN Check: False 2
2025-01-25 04:09:50 - LinkNode: 0 <- 0 / 1
2025-01-25 04:09:50 - NaN Check: False 1
2025-01-25 04:09:50 - NaN Check: False 2
2025-01-25 04:09:50 - LinkNode: 0 <- 0 / 1
2025-01-25 04:09:50 - NaN Check: False 1
2025-01-25 04:09:50 - NaN Check: False 2
2025-01-25 04:09:50 - LinkNode: 0 <- 0 / 1
2025-01-25 04:09:50 - NaN Check: False 1
2025-01-25 04:09:50 - NaN Check: False 2
2025-01-25 04:09:50 - LinkNode: 0 <- 0 / 1
2025-01-25 04:09:50 - NaN Check: False 1
2025-01-25 04:09:50 - NaN Check: False 2
2025-01-25 04:09:50 - LinkNode: 0 <- 0 / 1
2025-01-25 04:09:50 - NaN Check: False 1
2025-01-25 04:09:50 - NaN Check: False 2
2025-01-25 04:09:50 - LinkNode: 0 <- 0 / 1
2025-01-25 04:09:50 - NaN Check: False 1
2025-01-25 04:09:50 - NaN Check: False 2
2025-01-25 04:09:50 - LinkNode: 0 <- 0 / 1
2025-01-25 04:09:50 - NaN Check: False 1
2025-01-25 04:09:50 - NaN Check: False 2
2025-01-25 04:09:50 - LinkNode: 0 <- 0 / 1
2025-01-25 04:09:50 - NaN Check: False 1
2025-01-25 04:09:50 - NaN Check: False 2
2025-01-25 04:09:50 - LinkNode: 0 <- 0 / 1
2025-01-25 04:09:50 - NaN Check: False 1
2025-01-25 04:09:50 - NaN Check: False 2
2025-01-25 04:09:50 - LinkNode: 0 <- 0 / 1
2025-01-25 04:09:50 - NaN Check: False 1
2025-01-25 04:09:50 - NaN Check: False 2
2025-01-25 04:09:50 - LinkNode: 0 <- 0 / 1
2025-01-25 04:09:50 - NaN Check: False 1
2025-01-25 04:09:50 - NaN Check: False 2
2025-01-25 04:09:50 - LinkNode: 0 <- 0 / 1
2025-01-25 04:09:50 - NaN Check: False 1
2025-01-25 04:09:50 - NaN Check: False 2
2025-01-25 04:09:50 - LinkNode: 0 <- 0 / 1
2025-01-25 04:09:50 - NaN Check: False 1
2025-01-25 04:09:50 - NaN Check: False 2
2025-01-25 04:09:50 - LinkNode: 0 <- 0 / 1
2025-01-25 04:09:50 - NaN Check: False 1
2025-01-25 04:09:50 - NaN Check: False 2
2025-01-25 04:09:50 - LinkNode: 0 <- 0 / 1
2025-01-25 04:09:50 - NaN Check: False 1
2025-01-25 04:09:50 - NaN Check: False 2
2025-01-25 04:09:50 - LinkNode: 0 <- 0 / 1
2025-01-25 04:09:50 - NaN Check: False 1
2025-01-25 04:09:50 - NaN Check: False 2
2025-01-25 04:09:50 - LinkNode: 0 <- 0 / 1
2025-01-25 04:09:50 - NaN Check: False 1
2025-01-25 04:09:50 - NaN Check: False 2
2025-01-25 04:09:50 - LinkNode: 0 <- 0 / 1
2025-01-25 04:09:50 - NaN Check: False 1
2025-01-25 04:09:50 - NaN Check: False 2
2025-01-25 04:09:50 - LinkNode: 0 <- 0 / 1
2025-01-25 04:09:50 - NaN Check: False 1
2025-01-25 04:09:50 - NaN Check: False 2
2025-01-25 04:09:50 - LinkNode: 0 <- 0 / 1
2025-01-25 04:09:50 - NaN Check: False 1
2025-01-25 04:09:50 - NaN Check: False 2
2025-01-25 04:09:50 - LinkNode: 0 <- 0 / 1
2025-01-25 04:09:50 - NaN Check: False 1
2025-01-25 04:09:50 - NaN Check: False 2
2025-01-25 04:09:50 - LinkNode: 0 <- 0 / 1
2025-01-25 04:09:50 - NaN Check: False 1
2025-01-25 04:09:50 - NaN Check: False 2
2025-01-25 04:09:50 - LinkNode: 0 <- 0 / 1
2025-01-25 04:09:50 - Midi Index: 48 | Intensity: 32 | Note Name: C3
2025-01-25 04:09:50 - 
Resonance: 0 | Inflow: 0 | Outflow: 0 | Overflow: 0
- C3 | Intensity: 32

False | False | False | False
2025-01-25 04:09:50 - NaN Check: False 1
2025-01-25 04:09:50 - NaN Check: False 2
2025-01-25 04:09:50 - LinkNode: 0 <- 0 / 1
2025-01-25 04:09:50 - NaN Check: False 1
2025-01-25 04:09:50 - NaN Check: False 2
2025-01-25 04:09:50 - LinkNode: 0 <- 0 / 1
2025-01-25 04:09:50 - NaN Check: False 1
2025-01-25 04:09:50 - NaN Check: False 2
2025-01-25 04:09:50 - LinkNode: 0 <- 0 / 1
2025-01-25 04:09:50 - NaN Check: False 1
2025-01-25 04:09:50 - NaN Check: False 2
2025-01-25 04:09:50 - LinkNode: 0 <- 0 / 1
2025-01-25 04:09:50 - NaN Check: False 1
2025-01-25 04:09:50 - NaN Check: False 2
2025-01-25 04:09:50 - LinkNode: 0 <- 0 / 1
2025-01-25 04:09:50 - NaN Check: False 1
2025-01-25 04:09:50 - NaN Check: False 2
2025-01-25 04:09:50 - LinkNode: 0 <- 0 / 1
2025-01-25 04:09:50 - NaN Check: False 1
2025-01-25 04:09:50 - NaN Check: False 2
2025-01-25 04:09:50 - LinkNode: 0 <- 0 / 1
2025-01-25 04:09:50 - NaN Check: False 1
2025-01-25 04:09:50 - NaN Check: False 2
2025-01-25 04:09:50 - LinkNode: 0 <- 0 / 1
2025-01-25 04:09:50 - NaN Check: False 1
2025-01-25 04:09:50 - NaN Check: False 2
2025-01-25 04:09:50 - LinkNode: 0 <- 0 / 1
2025-01-25 04:09:50 - NaN Check: False 1
2025-01-25 04:09:50 - NaN Check: False 2
2025-01-25 04:09:50 - LinkNode: 0 <- 0 / 1
2025-01-25 04:09:50 - NaN Check: False 1
2025-01-25 04:09:50 - NaN Check: False 2
2025-01-25 04:09:50 - LinkNode: 0 <- 0 / 1
2025-01-25 04:09:50 - NaN Check: False 1
2025-01-25 04:09:50 - NaN Check: False 2
2025-01-25 04:09:50 - LinkNode: 0 <- 0 / 1
2025-01-25 04:09:50 - NaN Check: False 1
2025-01-25 04:09:50 - NaN Check: False 2
2025-01-25 04:09:50 - LinkNode: 0 <- 0 / 1
2025-01-25 04:09:50 - NaN Check: False 1
2025-01-25 04:09:50 - NaN Check: False 2
2025-01-25 04:09:50 - LinkNode: 0 <- 0 / 1
2025-01-25 04:09:50 - NaN Check: False 1
2025-01-25 04:09:50 - NaN Check: False 2
2025-01-25 04:09:50 - LinkNode: 0 <- 0 / 1
2025-01-25 04:09:50 - NaN Check: False 1
2025-01-25 04:09:50 - NaN Check: False 2
2025-01-25 04:09:50 - LinkNode: 0 <- 0 / 1
2025-01-25 04:09:50 - NaN Check: False 1
2025-01-25 04:09:50 - NaN Check: False 2
2025-01-25 04:09:50 - LinkNode: 0 <- 0 / 1
2025-01-25 04:09:50 - NaN Check: False 1
2025-01-25 04:09:50 - NaN Check: False 2
2025-01-25 04:09:50 - LinkNode: 0 <- 0 / 1
2025-01-25 04:09:50 - NaN Check: False 1
2025-01-25 04:09:50 - NaN Check: False 2
2025-01-25 04:09:50 - LinkNode: 0 <- 0 / 1
2025-01-25 04:09:50 - NaN Check: False 1
2025-01-25 04:09:50 - NaN Check: False 2
2025-01-25 04:09:50 - LinkNode: 0 <- 0 / 1
2025-01-25 04:09:50 - NaN Check: False 1
2025-01-25 04:09:50 - NaN Check: False 2
2025-01-25 04:09:50 - LinkNode: 0 <- 0 / 1
2025-01-25 04:09:50 - NaN Check: False 1
2025-01-25 04:09:50 - NaN Check: False 2
2025-01-25 04:09:50 - LinkNode: 0 <- 0 / 1
2025-01-25 04:09:50 - NaN Check: False 1
2025-01-25 04:09:50 - NaN Check: False 2
2025-01-25 04:09:50 - LinkNode: 0 <- 0 / 1
2025-01-25 04:09:50 - NaN Check: False 1
2025-01-25 04:09:50 - NaN Check: False 2
2025-01-25 04:09:50 - LinkNode: 0 <- 0 / 1
2025-01-25 04:09:50 - add success True - 14618533
2025-01-25 04:09:50 - Midi Index: 69 | Intensity: 0 | Note Name: A4
2025-01-25 04:09:50 - NaN Check: False 1
2025-01-25 04:09:50 - NaN Check: False 2
2025-01-25 04:09:50 - LinkNode: 0.5 <- 1 / 2
2025-01-25 04:09:50 - NaN Check: False 1
2025-01-25 04:09:50 - NaN Check: False 2
2025-01-25 04:09:50 - LinkNode: 0.5 <- 1 / 2
2025-01-25 04:09:50 - NaN Check: False 1
2025-01-25 04:09:50 - NaN Check: False 2
2025-01-25 04:09:50 - LinkNode: 0.5 <- 1 / 2
2025-01-25 04:09:50 - NaN Check: False 1
2025-01-25 04:09:50 - NaN Check: False 2
2025-01-25 04:09:50 - LinkNode: 0.5 <- 1 / 2
2025-01-25 04:09:50 - NaN Check: False 1
2025-01-25 04:09:50 - NaN Check: False 2
2025-01-25 04:09:50 - LinkNode: 0.5 <- 1 / 2
2025-01-25 04:09:50 - NaN Check: False 1
2025-01-25 04:09:50 - NaN Check: False 2
2025-01-25 04:09:51 - LinkNode: 0.5 <- 1 / 2
2025-01-25 04:09:51 - NaN Check: False 1
2025-01-25 04:09:51 - NaN Check: False 2
2025-01-25 04:09:51 - LinkNode: 0.5 <- 1 / 2
2025-01-25 04:09:51 - NaN Check: False 1
2025-01-25 04:09:51 - NaN Check: False 2
2025-01-25 04:09:51 - LinkNode: 0.5 <- 1 / 2
2025-01-25 04:09:51 - NaN Check: False 1
2025-01-25 04:09:51 - NaN Check: False 2
2025-01-25 04:09:51 - LinkNode: 0.5 <- 1 / 2
2025-01-25 04:09:51 - add success True - 16037186
2025-01-25 04:09:51 - Midi Index: 69 | Intensity: 0 | Note Name: A4
2025-01-25 04:09:51 - NaN Check: False 1
2025-01-25 04:09:51 - NaN Check: False 2
2025-01-25 04:09:51 - LinkNode: 1 <- 3 / 3
2025-01-25 04:09:51 - NaN Check: False 1
2025-01-25 04:09:51 - NaN Check: False 2
2025-01-25 04:09:51 - LinkNode: 1 <- 3 / 3
2025-01-25 04:09:51 - NaN Check: False 1
2025-01-25 04:09:51 - NaN Check: False 2
2025-01-25 04:09:51 - LinkNode: 1 <- 3 / 3
2025-01-25 04:09:51 - NaN Check: False 1
2025-01-25 04:09:51 - NaN Check: False 2
2025-01-25 04:09:51 - LinkNode: 1 <- 3 / 3
2025-01-25 04:09:51 - NaN Check: False 1
2025-01-25 04:09:51 - NaN Check: False 2
2025-01-25 04:09:51 - LinkNode: 1 <- 3 / 3
2025-01-25 04:09:51 - NaN Check: False 1
2025-01-25 04:09:51 - NaN Check: False 2
2025-01-25 04:09:51 - LinkNode: 1 <- 3 / 3
2025-01-25 04:09:51 - NaN Check: False 1
2025-01-25 04:09:51 - NaN Check: False 2
2025-01-25 04:09:51 - LinkNode: 1 <- 3 / 3
2025-01-25 04:09:51 - NaN Check: False 1
2025-01-25 04:09:51 - NaN Check: False 2
2025-01-25 04:09:51 - LinkNode: 1 <- 3 / 3
2025-01-25 04:09:51 - NaN Check: False 1
2025-01-25 04:09:51 - NaN Check: False 2
2025-01-25 04:09:51 - LinkNode: 1 <- 3 / 3
2025-01-25 04:09:51 - NaN Check: False 1
2025-01-25 04:09:51 - NaN Check: False 2
2025-01-25 04:09:51 - LinkNode: 1 <- 3 / 3
2025-01-25 04:09:51 - add success True - 10430062
2025-01-25 04:09:51 - Midi Index: 69 | Intensity: 0 | Note Name: A4
2025-01-25 04:09:51 - NaN Check: False 1
2025-01-25 04:09:51 - NaN Check: False 2
2025-01-25 04:09:51 - LinkNode: 1.5 <- 6 / 4
2025-01-25 04:09:51 - NaN Check: False 1
2025-01-25 04:09:51 - NaN Check: False 2
2025-01-25 04:09:51 - LinkNode: 1.5 <- 6 / 4
2025-01-25 04:09:51 - NaN Check: False 1
2025-01-25 04:09:51 - NaN Check: False 2
2025-01-25 04:09:51 - LinkNode: 1.5 <- 6 / 4
2025-01-25 04:09:51 - NaN Check: False 1
2025-01-25 04:09:51 - NaN Check: False 2
2025-01-25 04:09:51 - LinkNode: 1.5 <- 6 / 4
2025-01-25 04:09:51 - NaN Check: False 1
2025-01-25 04:09:51 - NaN Check: False 2
2025-01-25 04:09:51 - LinkNode: 1.5 <- 6 / 4
2025-01-25 04:09:51 - NaN Check: False 1
2025-01-25 04:09:51 - NaN Check: False 2
2025-01-25 04:09:51 - LinkNode: 1.5 <- 6 / 4
2025-01-25 04:09:51 - NaN Check: False 1
2025-01-25 04:09:51 - NaN Check: False 2
2025-01-25 04:09:51 - LinkNode: 1.5 <- 6 / 4
2025-01-25 04:09:51 - NaN Check: False 1
2025-01-25 04:09:51 - NaN Check: False 2
2025-01-25 04:09:51 - LinkNode: 1.5 <- 6 / 4
2025-01-25 04:09:51 - NaN Check: False 1
2025-01-25 04:09:51 - NaN Check: False 2
2025-01-25 04:09:51 - LinkNode: 1.5 <- 6 / 4
2025-01-25 04:09:51 - NaN Check: False 1
2025-01-25 04:09:51 - NaN Check: False 2
2025-01-25 04:09:51 - LinkNode: 1.5 <- 6 / 4
2025-01-25 04:09:51 - NaN Check: False 1
2025-01-25 04:09:51 - NaN Check: False 2
2025-01-25 04:09:51 - LinkNode: 1.5 <- 6 / 4
2025-01-25 04:09:51 - NaN Check: False 1
2025-01-25 04:09:51 - NaN Check: False 2
2025-01-25 04:09:51 - LinkNode: 1.5 <- 6 / 4
2025-01-25 04:09:51 - NaN Check: False 1
2025-01-25 04:09:51 - NaN Check: False 2
2025-01-25 04:09:51 - LinkNode: 1.5 <- 6 / 4
2025-01-25 04:09:51 - Midi Index: 48 | Intensity: 32 | Note Name: C3
2025-01-25 04:09:51 - Midi Index: 69 | Intensity: 0 | Note Name: A4
2025-01-25 04:09:51 - Midi Index: 69 | Intensity: 0 | Note Name: A4
2025-01-25 04:09:51 - Midi Index: 69 | Intensity: 0 | Note Name: A4
2025-01-25 04:09:51 - 
Resonance: 0 | Inflow: 0 | Outflow: 0 | Overflow: 0
- C3 | Intensity: 32
- A4 | Intensity: 0
- A4 | Intensity: 0
- A4 | Intensity: 0

- M13 | Intensity: 0 | Inflow: 0 | Outflow: -0 | Oveflow: 0
- M13 | Intensity: 0 | Inflow: 0 | Outflow: -0 | Oveflow: 0
- U | Intensity: 0 | Inflow: 0 | Outflow: -0 | Oveflow: 0
- M13 | Intensity: 0 | Inflow: 0 | Outflow: -0 | Oveflow: 0
- U | Intensity: 0 | Inflow: 0 | Outflow: -0 | Oveflow: 0
- U | Intensity: 0 | Inflow: 0 | Outflow: -0 | Oveflow: 0
False | False | False | False
2025-01-25 04:09:51 - NaN Check: False 1
2025-01-25 04:09:51 - NaN Check: False 2
2025-01-25 04:09:51 - LinkNode: 1.5 <- 6 / 4
2025-01-25 04:09:51 - NaN Check: False 1
2025-01-25 04:09:51 - NaN Check: False 2
2025-01-25 04:09:51 - LinkNode: 1.5 <- 6 / 4
2025-01-25 04:09:51 - NaN Check: False 1
2025-01-25 04:09:51 - NaN Check: False 2
2025-01-25 04:09:51 - LinkNode: 1.5 <- 6 / 4
2025-01-25 04:09:51 - NaN Check: False 1
2025-01-25 04:09:51 - NaN Check: False 2
2025-01-25 04:09:51 - LinkNode: 1.5 <- 6 / 4
2025-01-25 04:09:51 - NaN Check: False 1
2025-01-25 04:09:51 - NaN Check: False 2
2025-01-25 04:09:51 - LinkNode: 1.5 <- 6 / 4
2025-01-25 04:09:51 - NaN Check: False 1
2025-01-25 04:09:51 - NaN Check: False 2
2025-01-25 04:09:51 - LinkNode: 1.5 <- 6 / 4
2025-01-25 04:09:51 - NaN Check: False 1
2025-01-25 04:09:51 - NaN Check: False 2
2025-01-25 04:09:51 - LinkNode: 1.5 <- 6 / 4
2025-01-25 04:09:51 - NaN Check: False 1
2025-01-25 04:09:51 - NaN Check: False 2
2025-01-25 04:09:51 - LinkNode: 1.5 <- 6 / 4
2025-01-25 04:09:51 - NaN Check: False 1
2025-01-25 04:09:51 - NaN Check: False 2
2025-01-25 04:09:51 - LinkNode: 1.5 <- 6 / 4
2025-01-25 04:09:51 - NaN Check: False 1
2025-01-25 04:09:51 - NaN Check: False 2
2025-01-25 04:09:51 - LinkNode: 1.5 <- 6 / 4
2025-01-25 04:09:51 - NaN Check: False 1
2025-01-25 04:09:51 - NaN Check: False 2
2025-01-25 04:09:51 - LinkNode: 1.5 <- 6 / 4
2025-01-25 04:09:51 - NaN Check: False 1
2025-01-25 04:09:51 - NaN Check: False 2
2025-01-25 04:09:51 - LinkNode: 1.5 <- 6 / 4
2025-01-25 04:09:51 - NaN Check: False 1
2025-01-25 04:09:51 - NaN Check: False 2
2025-01-25 04:09:51 - LinkNode: 1.5 <- 6 / 4
2025-01-25 04:09:51 - NaN Check: False 1
2025-01-25 04:09:51 - NaN Check: False 2
2025-01-25 04:09:51 - LinkNode: 1.5 <- 6 / 4
2025-01-25 04:09:51 - NaN Check: False 1
2025-01-25 04:09:51 - NaN Check: False 2
2025-01-25 04:09:51 - LinkNode: 1.5 <- 6 / 4
2025-01-25 04:09:52 - NaN Check: False 1
2025-01-25 04:09:52 - NaN Check: False 2
2025-01-25 04:09:52 - LinkNode: 1.5 <- 6 / 4
2025-01-25 04:09:52 - NaN Check: False 1
2025-01-25 04:09:52 - NaN Check: False 2
2025-01-25 04:09:52 - LinkNode: 1.5 <- 6 / 4
2025-01-25 04:09:52 - NaN Check: False 1
2025-01-25 04:09:52 - NaN Check: False 2
2025-01-25 04:09:52 - LinkNode: 1.5 <- 6 / 4
2025-01-25 04:09:52 - NaN Check: False 1
2025-01-25 04:09:52 - NaN Check: False 2
2025-01-25 04:09:52 - LinkNode: 1.5 <- 6 / 4
2025-01-25 04:09:52 - NaN Check: False 1
2025-01-25 04:09:52 - NaN Check: False 2
2025-01-25 04:09:52 - LinkNode: 1.5 <- 6 / 4
2025-01-25 04:09:52 - NaN Check: False 1
2025-01-25 04:09:52 - NaN Check: False 2
2025-01-25 04:09:52 - LinkNode: 1.5 <- 6 / 4
2025-01-25 04:09:52 - NaN Check: False 1
2025-01-25 04:09:52 - NaN Check: False 2
2025-01-25 04:09:52 - LinkNode: 1.5 <- 6 / 4
2025-01-25 04:09:52 - NaN Check: False 1
2025-01-25 04:09:52 - NaN Check: False 2
2025-01-25 04:09:52 - LinkNode: 1.5 <- 6 / 4
2025-01-25 04:09:52 - NaN Check: False 1
2025-01-25 04:09:52 - NaN Check: False 2
2025-01-25 04:09:52 - LinkNode: 1.5 <- 6 / 4
2025-01-25 04:09:52 - NaN Check: False 1
2025-01-25 04:09:52 - NaN Check: False 2
2025-01-25 04:09:52 - LinkNode: 1.5 <- 6 / 4
2025-01-25 04:09:52 - NaN Check: False 1
2025-01-25 04:09:52 - NaN Check: False 2
2025-01-25 04:09:52 - LinkNode: 1.5 <- 6 / 4
2025-01-25 04:09:52 - NaN Check: False 1
2025-01-25 04:09:52 - NaN Check: False 2
2025-01-25 04:09:52 - LinkNode: 1.5 <- 6 / 4
2025-01-25 04:09:52 - NaN Check: False 1
2025-01-25 04:09:52 - NaN Check: False 2
2025-01-25 04:09:52 - LinkNode: 1.5 <- 6 / 4
2025-01-25 04:09:52 - NaN Check: False 1
2025-01-25 04:09:52 - NaN Check: False 2
2025-01-25 04:09:52 - LinkNode: 1.5 <- 6 / 4
2025-01-25 04:09:52 - NaN Check: False 1
2025-01-25 04:09:52 - NaN Check: False 2
2025-01-25 04:09:52 - LinkNode: 1.5 <- 6 / 4
2025-01-25 04:09:52 - Midi Index: 48 | Intensity: 32 | Note Name: C3
2025-01-25 04:09:52 - Midi Index: 69 | Intensity: 0 | Note Name: A4
2025-01-25 04:09:52 - Midi Index: 69 | Intensity: 0 | Note Name: A4
2025-01-25 04:09:52 - Midi Index: 69 | Intensity: 0 | Note Name: A4
2025-01-25 04:09:52 - 
Resonance: 0 | Inflow: 0 | Outflow: 0 | Overflow: 0
- C3 | Intensity: 32
- A4 | Intensity: 0
- A4 | Intensity: 0
- A4 | Intensity: 0

- M13 | Intensity: 0 | Inflow: 0 | Outflow: -0 | Oveflow: 0
- M13 | Intensity: 0 | Inflow: 0 | Outflow: -0 | Oveflow: 0
- U | Intensity: 0 | Inflow: 0 | Outflow: -0 | Oveflow: 0
- M13 | Intensity: 0 | Inflow: 0 | Outflow: -0 | Oveflow: 0
- U | Intensity: 0 | Inflow: 0 | Outflow: -0 | Oveflow: 0
- U | Intensity: 0 | Inflow: 0 | Outflow: -0 | Oveflow: 0
False | False | False | False
2025-01-25 04:09:52 - NaN Check: False 1
2025-01-25 04:09:52 - NaN Check: False 2
2025-01-25 04:09:52 - LinkNode: 1.5 <- 6 / 4
2025-01-25 04:09:52 - NaN Check: False 1
2025-01-25 04:09:52 - NaN Check: False 2
2025-01-25 04:09:52 - LinkNode: 1.5 <- 6 / 4
2025-01-25 04:09:52 - NaN Check: False 1
2025-01-25 04:09:52 - NaN Check: False 2
2025-01-25 04:09:52 - LinkNode: 1.5 <- 6 / 4
2025-01-25 04:09:52 - NaN Check: False 1
2025-01-25 04:09:52 - NaN Check: False 2
2025-01-25 04:09:52 - LinkNode: 1.5 <- 6 / 4
2025-01-25 04:09:52 - NaN Check: False 1
2025-01-25 04:09:52 - NaN Check: False 2
2025-01-25 04:09:52 - LinkNode: 1.5 <- 6 / 4
2025-01-25 04:09:52 - NaN Check: False 1
2025-01-25 04:09:52 - NaN Check: False 2
2025-01-25 04:09:52 - LinkNode: 1.5 <- 6 / 4
2025-01-25 04:09:52 - NaN Check: False 1
2025-01-25 04:09:52 - NaN Check: False 2
2025-01-25 04:09:52 - LinkNode: 1.5 <- 6 / 4
2025-01-25 04:09:52 - NaN Check: False 1
2025-01-25 04:09:52 - NaN Check: False 2
2025-01-25 04:09:52 - LinkNode: 1.5 <- 6 / 4
2025-01-25 04:09:52 - NaN Check: False 1
2025-01-25 04:09:52 - NaN Check: False 2
2025-01-25 04:09:52 - LinkNode: 1.5 <- 6 / 4
2025-01-25 04:09:52 - NaN Check: False 1
2025-01-25 04:09:52 - NaN Check: False 2
2025-01-25 04:09:52 - LinkNode: 1.5 <- 6 / 4
2025-01-25 04:09:52 - delete success True - 10430062
2025-01-25 04:09:52 - NaN Check: False 1
2025-01-25 04:09:52 - NaN Check: False 2
2025-01-25 04:09:52 - LinkNode: 1 <- 3 / 3
2025-01-25 04:09:52 - NaN Check: False 1
2025-01-25 04:09:52 - NaN Check: False 2
2025-01-25 04:09:52 - LinkNode: 1 <- 3 / 3
2025-01-25 04:09:52 - NaN Check: False 1
2025-01-25 04:09:52 - NaN Check: False 2
2025-01-25 04:09:52 - LinkNode: 1 <- 3 / 3
2025-01-25 04:09:52 - NaN Check: False 1
2025-01-25 04:09:52 - NaN Check: False 2
2025-01-25 04:09:52 - LinkNode: 1 <- 3 / 3
2025-01-25 04:09:52 - NaN Check: False 1
2025-01-25 04:09:52 - NaN Check: False 2
2025-01-25 04:09:52 - LinkNode: 1 <- 3 / 3
2025-01-25 04:09:53 - NaN Check: False 1
2025-01-25 04:09:53 - NaN Check: False 2
2025-01-25 04:09:53 - LinkNode: 1 <- 3 / 3
2025-01-25 04:09:53 - NaN Check: False 1
2025-01-25 04:09:53 - NaN Check: False 2
2025-01-25 04:09:53 - LinkNode: 1 <- 3 / 3
2025-01-25 04:09:53 - NaN Check: False 1
2025-01-25 04:09:53 - NaN Check: False 2
2025-01-25 04:09:53 - LinkNode: 1 <- 3 / 3
2025-01-25 04:09:53 - delete success True - 16037186
2025-01-25 04:09:53 - NaN Check: False 1
2025-01-25 04:09:53 - NaN Check: False 2
2025-01-25 04:09:53 - LinkNode: 0.5 <- 1 / 2
2025-01-25 04:09:53 - NaN Check: False 1
2025-01-25 04:09:53 - NaN Check: False 2
2025-01-25 04:09:53 - LinkNode: 0.5 <- 1 / 2
2025-01-25 04:09:53 - NaN Check: False 1
2025-01-25 04:09:53 - NaN Check: False 2
2025-01-25 04:09:53 - LinkNode: 0.5 <- 1 / 2
2025-01-25 04:09:53 - NaN Check: False 1
2025-01-25 04:09:53 - NaN Check: False 2
2025-01-25 04:09:53 - LinkNode: 0.5 <- 1 / 2
2025-01-25 04:09:53 - NaN Check: False 1
2025-01-25 04:09:53 - NaN Check: False 2
2025-01-25 04:09:53 - LinkNode: 0.5 <- 1 / 2
2025-01-25 04:09:53 - NaN Check: False 1
2025-01-25 04:09:53 - NaN Check: False 2
2025-01-25 04:09:53 - LinkNode: 0.5 <- 1 / 2
2025-01-25 04:09:53 - NaN Check: False 1
2025-01-25 04:09:53 - NaN Check: False 2
2025-01-25 04:09:53 - LinkNode: 0.5 <- 1 / 2
2025-01-25 04:09:53 - NaN Check: False 1
2025-01-25 04:09:53 - NaN Check: False 2
2025-01-25 04:09:53 - LinkNode: 0.5 <- 1 / 2
2025-01-25 04:09:53 - NaN Check: False 1
2025-01-25 04:09:53 - NaN Check: False 2
2025-01-25 04:09:53 - LinkNode: 0.5 <- 1 / 2
2025-01-25 04:09:53 - NaN Check: False 1
2025-01-25 04:09:53 - NaN Check: False 2
2025-01-25 04:09:53 - LinkNode: 0.5 <- 1 / 2
2025-01-25 04:09:53 - NaN Check: False 1
2025-01-25 04:09:53 - NaN Check: False 2
2025-01-25 04:09:53 - LinkNode: 0.5 <- 1 / 2
2025-01-25 04:09:53 - NaN Check: False 1
2025-01-25 04:09:53 - NaN Check: False 2
2025-01-25 04:09:53 - LinkNode: 0.5 <- 1 / 2
2025-01-25 04:09:53 - Midi Index: 48 | Intensity: 32 | Note Name: C3
2025-01-25 04:09:53 - Midi Index: 69 | Intensity: 0 | Note Name: A4
2025-01-25 04:09:53 - 
Resonance: 0 | Inflow: 0 | Outflow: 0 | Overflow: 0
- C3 | Intensity: 32
- A4 | Intensity: 0

- M13 | Intensity: 0 | Inflow: 0 | Outflow: -0 | Oveflow: 0
False | False | False | False
2025-01-25 04:09:53 - NaN Check: False 1
2025-01-25 04:09:53 - NaN Check: False 2
2025-01-25 04:09:53 - LinkNode: 0.5 <- 1 / 2
2025-01-25 04:09:53 - NaN Check: False 1
2025-01-25 04:09:53 - NaN Check: False 2
2025-01-25 04:09:53 - LinkNode: 0.5 <- 1 / 2
2025-01-25 04:09:53 - NaN Check: False 1
2025-01-25 04:09:53 - NaN Check: False 2
2025-01-25 04:09:53 - LinkNode: 0.5 <- 1 / 2
2025-01-25 04:09:53 - NaN Check: False 1
2025-01-25 04:09:53 - NaN Check: False 2
2025-01-25 04:09:53 - LinkNode: 0.5 <- 1 / 2
2025-01-25 04:09:53 - NaN Check: False 1
2025-01-25 04:09:53 - NaN Check: False 2
2025-01-25 04:09:53 - LinkNode: 0.5 <- 1 / 2
2025-01-25 04:09:53 - NaN Check: False 1
2025-01-25 04:09:53 - NaN Check: False 2
2025-01-25 04:09:53 - LinkNode: 0.5 <- 1 / 2
2025-01-25 04:09:53 - NaN Check: False 1
2025-01-25 04:09:53 - NaN Check: False 2
2025-01-25 04:09:53 - LinkNode: 0.5 <- 1 / 2
2025-01-25 04:09:53 - NaN Check: False 1
2025-01-25 04:09:53 - NaN Check: False 2
2025-01-25 04:09:53 - LinkNode: 0.5 <- 1 / 2
2025-01-25 04:09:53 - NaN Check: False 1
2025-01-25 04:09:53 - NaN Check: False 2
2025-01-25 04:09:53 - LinkNode: 0.5 <- 1 / 2
2025-01-25 04:09:53 - NaN Check: False 1
2025-01-25 04:09:53 - NaN Check: False 2
2025-01-25 04:09:53 - LinkNode: 0.5 <- 1 / 2
2025-01-25 04:09:53 - NaN Check: False 1
2025-01-25 04:09:53 - NaN Check: False 2
2025-01-25 04:09:53 - LinkNode: 0.5 <- 1 / 2
2025-01-25 04:09:53 - NaN Check: False 1
2025-01-25 04:09:53 - NaN Check: False 2
2025-01-25 04:09:53 - LinkNode: 0.5 <- 1 / 2
2025-01-25 04:09:53 - NaN Check: False 1
2025-01-25 04:09:53 - NaN Check: False 2
2025-01-25 04:09:53 - LinkNode: 0.5 <- 1 / 2
2025-01-25 04:09:53 - NaN Check: False 1
2025-01-25 04:09:53 - NaN Check: False 2
2025-01-25 04:09:53 - LinkNode: 0.5 <- 1 / 2
2025-01-25 04:09:53 - NaN Check: False 1
2025-01-25 04:09:53 - NaN Check: False 2
2025-01-25 04:09:53 - LinkNode: 0.5 <- 1 / 2
2025-01-25 04:09:54 - NaN Check: False 1
2025-01-25 04:09:54 - NaN Check: False 2
2025-01-25 04:09:54 - LinkNode: 0.5 <- 1 / 2
2025-01-25 04:09:54 - NaN Check: False 1
2025-01-25 04:09:54 - NaN Check: False 2
2025-01-25 04:09:54 - LinkNode: 0.5 <- 1 / 2
2025-01-25 04:09:54 - NaN Check: False 1
2025-01-25 04:09:54 - NaN Check: False 2
2025-01-25 04:09:54 - LinkNode: 0.5 <- 1 / 2
2025-01-25 04:09:54 - NaN Check: False 1
2025-01-25 04:09:54 - NaN Check: False 2
2025-01-25 04:09:54 - LinkNode: 0.5 <- 1 / 2
2025-01-25 04:09:54 - NaN Check: False 1
2025-01-25 04:09:54 - NaN Check: False 2
2025-01-25 04:09:54 - LinkNode: 0.5 <- 1 / 2
2025-01-25 04:09:54 - NaN Check: False 1
2025-01-25 04:09:54 - NaN Check: False 2
2025-01-25 04:09:54 - LinkNode: 0.5 <- 1 / 2
2025-01-25 04:09:54 - NaN Check: False 1
2025-01-25 04:09:54 - NaN Check: False 2
2025-01-25 04:09:54 - LinkNode: 0.5 <- 1 / 2
2025-01-25 04:09:54 - NaN Check: False 1
2025-01-25 04:09:54 - NaN Check: False 2
2025-01-25 04:09:54 - LinkNode: 0.5 <- 1 / 2
2025-01-25 04:09:54 - NaN Check: False 1
2025-01-25 04:09:54 - NaN Check: False 2
2025-01-25 04:09:54 - LinkNode: 0.5 <- 1 / 2
2025-01-25 04:09:54 - NaN Check: False 1
2025-01-25 04:09:54 - NaN Check: False 2
2025-01-25 04:09:54 - LinkNode: 0.5 <- 1 / 2
2025-01-25 04:09:54 - NaN Check: False 1
2025-01-25 04:09:54 - NaN Check: False 2
2025-01-25 04:09:54 - LinkNode: 0.5 <- 1 / 2
2025-01-25 04:09:54 - NaN Check: False 1
2025-01-25 04:09:54 - NaN Check: False 2
2025-01-25 04:09:54 - LinkNode: 0.5 <- 1 / 2
2025-01-25 04:09:54 - NaN Check: False 1
2025-01-25 04:09:54 - NaN Check: False 2
2025-01-25 04:09:54 - LinkNode: 0.5 <- 1 / 2
2025-01-25 04:09:54 - NaN Check: False 1
2025-01-25 04:09:54 - NaN Check: False 2
2025-01-25 04:09:54 - LinkNode: 0.5 <- 1 / 2
2025-01-25 04:09:54 - Midi Index: 48 | Intensity: 32 | Note Name: C3
2025-01-25 04:09:54 - Midi Index: 69 | Intensity: 2 | Note Name: A4
2025-01-25 04:09:54 - 
Resonance: 0 | Inflow: 0 | Outflow: 0 | Overflow: 0
- C3 | Intensity: 32
- A4 | Intensity: 2

- M13 | Intensity: 0 | Inflow: 0 | Outflow: -0 | Oveflow: 0
False | False | False | False
2025-01-25 04:09:54 - NaN Check: False 1
2025-01-25 04:09:54 - NaN Check: False 2
2025-01-25 04:09:54 - LinkNode: 0.5 <- 1 / 2
2025-01-25 04:09:54 - NaN Check: False 1
2025-01-25 04:09:54 - NaN Check: False 2
2025-01-25 04:09:54 - LinkNode: 0.5 <- 1 / 2
2025-01-25 04:09:54 - NaN Check: False 1
2025-01-25 04:09:54 - NaN Check: False 2
2025-01-25 04:09:54 - LinkNode: 0.5 <- 1 / 2
2025-01-25 04:09:54 - NaN Check: False 1
2025-01-25 04:09:54 - NaN Check: False 2
2025-01-25 04:09:54 - LinkNode: 0.5 <- 1 / 2
2025-01-25 04:09:54 - NaN Check: False 1
2025-01-25 04:09:54 - NaN Check: False 2
2025-01-25 04:09:54 - LinkNode: 0.5 <- 1 / 2
2025-01-25 04:09:54 - NaN Check: False 1
2025-01-25 04:09:54 - NaN Check: False 2
2025-01-25 04:09:54 - LinkNode: 0.5 <- 1 / 2
2025-01-25 04:09:54 - NaN Check: False 1
2025-01-25 04:09:54 - NaN Check: False 2
2025-01-25 04:09:54 - LinkNode: 0.5 <- 1 / 2
2025-01-25 04:09:54 - NaN Check: False 1
2025-01-25 04:09:54 - NaN Check: False 2
2025-01-25 04:09:54 - LinkNode: 0.5 <- 1 / 2
2025-01-25 04:09:54 - NaN Check: False 1
2025-01-25 04:09:54 - NaN Check: False 2
2025-01-25 04:09:54 - LinkNode: 0.5 <- 1 / 2
2025-01-25 04:09:54 - NaN Check: False 1
2025-01-25 04:09:54 - NaN Check: False 2
2025-01-25 04:09:54 - LinkNode: 0.5 <- 1 / 2
2025-01-25 04:09:54 - NaN Check: False 1
2025-01-25 04:09:54 - NaN Check: False 2
2025-01-25 04:09:54 - LinkNode: 0.5 <- 1 / 2
2025-01-25 04:09:54 - NaN Check: False 1
2025-01-25 04:09:54 - NaN Check: False 2
2025-01-25 04:09:54 - LinkNode: 0.5 <- 1 / 2
2025-01-25 04:09:54 - NaN Check: False 1
2025-01-25 04:09:54 - NaN Check: False 2
2025-01-25 04:09:54 - LinkNode: 0.5 <- 1 / 2
2025-01-25 04:09:54 - NaN Check: False 1
2025-01-25 04:09:54 - NaN Check: False 2
2025-01-25 04:09:54 - LinkNode: 0.5 <- 1 / 2
2025-01-25 04:09:54 - NaN Check: False 1
2025-01-25 04:09:54 - NaN Check: False 2
2025-01-25 04:09:54 - LinkNode: 0.5 <- 1 / 2
2025-01-25 04:09:54 - NaN Check: False 1
2025-01-25 04:09:54 - NaN Check: False 2
2025-01-25 04:09:54 - LinkNode: 0.5 <- 1 / 2
2025-01-25 04:09:55 - NaN Check: False 1
2025-01-25 04:09:55 - NaN Check: False 2
2025-01-25 04:09:55 - LinkNode: 0.5 <- 1 / 2
2025-01-25 04:09:55 - NaN Check: False 1
2025-01-25 04:09:55 - NaN Check: False 2
2025-01-25 04:09:55 - LinkNode: 0.5 <- 1 / 2
2025-01-25 04:09:55 - NaN Check: False 1
2025-01-25 04:09:55 - NaN Check: False 2
2025-01-25 04:09:55 - LinkNode: 0.5 <- 1 / 2
2025-01-25 04:09:55 - NaN Check: False 1
2025-01-25 04:09:55 - NaN Check: False 2
2025-01-25 04:09:55 - LinkNode: 0.5 <- 1 / 2
2025-01-25 04:09:55 - NaN Check: False 1
2025-01-25 04:09:55 - NaN Check: False 2
2025-01-25 04:09:55 - LinkNode: 0.5 <- 1 / 2
2025-01-25 04:09:55 - NaN Check: False 1
2025-01-25 04:09:55 - NaN Check: False 2
2025-01-25 04:09:55 - LinkNode: 0.5 <- 1 / 2
2025-01-25 04:09:55 - NaN Check: False 1
2025-01-25 04:09:55 - NaN Check: False 2
2025-01-25 04:09:55 - LinkNode: 0.5 <- 1 / 2
2025-01-25 04:09:55 - NaN Check: False 1
2025-01-25 04:09:55 - NaN Check: False 2
2025-01-25 04:09:55 - LinkNode: 0.5 <- 1 / 2
2025-01-25 04:09:55 - NaN Check: False 1
2025-01-25 04:09:55 - NaN Check: False 2
2025-01-25 04:09:55 - LinkNode: 0.5 <- 1 / 2
2025-01-25 04:09:55 - NaN Check: False 1
2025-01-25 04:09:55 - NaN Check: False 2
2025-01-25 04:09:55 - LinkNode: 0.5 <- 1 / 2
2025-01-25 04:09:55 - NaN Check: False 1
2025-01-25 04:09:55 - NaN Check: False 2
2025-01-25 04:09:55 - LinkNode: 0.5 <- 1 / 2
2025-01-25 04:09:55 - NaN Check: False 1
2025-01-25 04:09:55 - NaN Check: False 2
2025-01-25 04:09:55 - LinkNode: 0.5 <- 1 / 2
2025-01-25 04:09:55 - NaN Check: False 1
2025-01-25 04:09:55 - NaN Check: False 2
2025-01-25 04:09:55 - LinkNode: 0.5 <- 1 / 2
2025-01-25 04:09:55 - NaN Check: False 1
2025-01-25 04:09:55 - NaN Check: False 2
2025-01-25 04:09:55 - LinkNode: 0.5 <- 1 / 2
2025-01-25 04:09:55 - Midi Index: 48 | Intensity: 32 | Note Name: C3
2025-01-25 04:09:55 - Midi Index: 69 | Intensity: 5 | Note Name: A4
2025-01-25 04:09:55 - 
Resonance: 0 | Inflow: 0 | Outflow: 0 | Overflow: 0
- C3 | Intensity: 32
- A4 | Intensity: 5

- M13 | Intensity: 0 | Inflow: 0 | Outflow: -0 | Oveflow: 0
False | False | False | False
2025-01-25 04:09:55 - NaN Check: False 1
2025-01-25 04:09:55 - NaN Check: False 2
2025-01-25 04:09:55 - LinkNode: 0.5 <- 1 / 2
2025-01-25 04:09:55 - NaN Check: False 1
2025-01-25 04:09:55 - NaN Check: False 2
2025-01-25 04:09:55 - LinkNode: 0.5 <- 1 / 2
2025-01-25 04:09:55 - NaN Check: False 1
2025-01-25 04:09:55 - NaN Check: False 2
2025-01-25 04:09:55 - LinkNode: 0.5 <- 1 / 2
2025-01-25 04:09:55 - NaN Check: False 1
2025-01-25 04:09:55 - NaN Check: False 2
2025-01-25 04:09:55 - LinkNode: 0.5 <- 1 / 2
2025-01-25 04:09:55 - NaN Check: False 1
2025-01-25 04:09:55 - NaN Check: False 2
2025-01-25 04:09:55 - LinkNode: 0.5 <- 1 / 2
2025-01-25 04:09:55 - NaN Check: False 1
2025-01-25 04:09:55 - NaN Check: False 2
2025-01-25 04:09:55 - LinkNode: 0.5 <- 1 / 2
2025-01-25 04:09:55 - delete success True - 14618533
2025-01-25 04:09:55 - add success True - 14618533
2025-01-25 04:09:55 - Midi Index: 70 | Intensity: 5 | Note Name: A#/Bb4
2025-01-25 04:09:55 - NaN Check: False 1
2025-01-25 04:09:55 - NaN Check: False 2
2025-01-25 04:09:55 - LinkNode: 0.5 <- 1 / 2
2025-01-25 04:09:55 - NaN Check: False 1
2025-01-25 04:09:55 - NaN Check: False 2
2025-01-25 04:09:55 - LinkNode: 0.5 <- 1 / 2
2025-01-25 04:09:55 - NaN Check: False 1
2025-01-25 04:09:55 - NaN Check: False 2
2025-01-25 04:09:55 - LinkNode: 0.5 <- 1 / 2
2025-01-25 04:09:55 - NaN Check: False 1
2025-01-25 04:09:55 - NaN Check: False 2
2025-01-25 04:09:55 - LinkNode: 0.5 <- 1 / 2
2025-01-25 04:09:55 - delete success True - 14618533
2025-01-25 04:09:55 - add success True - 14618533
2025-01-25 04:09:55 - Midi Index: 71 | Intensity: 5 | Note Name: B4
2025-01-25 04:09:55 - NaN Check: False 1
2025-01-25 04:09:55 - NaN Check: False 2
2025-01-25 04:09:55 - LinkNode: 0.5 <- 1 / 2
2025-01-25 04:09:55 - NaN Check: False 1
2025-01-25 04:09:55 - NaN Check: False 2
2025-01-25 04:09:55 - LinkNode: 0.5 <- 1 / 2
2025-01-25 04:09:55 - NaN Check: False 1
2025-01-25 04:09:55 - NaN Check: False 2
2025-01-25 04:09:55 - LinkNode: 0.5 <- 1 / 2
2025-01-25 04:09:55 - NaN Check: False 1
2025-01-25 04:09:55 - NaN Check: False 2
2025-01-25 04:09:55 - LinkNode: 0.5 <- 1 / 2
2025-01-25 04:09:55 - NaN Check: False 1
2025-01-25 04:09:55 - NaN Check: False 2
2025-01-25 04:09:55 - LinkNode: 0.5 <- 1 / 2
2025-01-25 04:09:55 - NaN Check: False 1
2025-01-25 04:09:55 - NaN Check: False 2
2025-01-25 04:09:55 - LinkNode: 0.5 <- 1 / 2
2025-01-25 04:09:56 - NaN Check: False 1
2025-01-25 04:09:56 - NaN Check: False 2
2025-01-25 04:09:56 - LinkNode: 0.5 <- 1 / 2
2025-01-25 04:09:56 - NaN Check: False 1
2025-01-25 04:09:56 - NaN Check: False 2
2025-01-25 04:09:56 - LinkNode: 0.5 <- 1 / 2
2025-01-25 04:09:56 - NaN Check: False 1
2025-01-25 04:09:56 - NaN Check: False 2
2025-01-25 04:09:56 - LinkNode: 0.5 <- 1 / 2
2025-01-25 04:09:56 - NaN Check: False 1
2025-01-25 04:09:56 - NaN Check: False 2
2025-01-25 04:09:56 - LinkNode: 0.5 <- 1 / 2
2025-01-25 04:09:56 - NaN Check: False 1
2025-01-25 04:09:56 - NaN Check: False 2
2025-01-25 04:09:56 - LinkNode: 0.5 <- 1 / 2
2025-01-25 04:09:56 - NaN Check: False 1
2025-01-25 04:09:56 - NaN Check: False 2
2025-01-25 04:09:56 - LinkNode: 0.5 <- 1 / 2
2025-01-25 04:09:56 - NaN Check: False 1
2025-01-25 04:09:56 - NaN Check: False 2
2025-01-25 04:09:56 - LinkNode: 0.5 <- 1 / 2
2025-01-25 04:09:56 - NaN Check: False 1
2025-01-25 04:09:56 - NaN Check: False 2
2025-01-25 04:09:56 - LinkNode: 0.5 <- 1 / 2
2025-01-25 04:09:56 - NaN Check: False 1
2025-01-25 04:09:56 - NaN Check: False 2
2025-01-25 04:09:56 - LinkNode: 0.5 <- 1 / 2
2025-01-25 04:09:56 - NaN Check: False 1
2025-01-25 04:09:56 - NaN Check: False 2
2025-01-25 04:09:56 - LinkNode: 0.5 <- 1 / 2
2025-01-25 04:09:56 - NaN Check: False 1
2025-01-25 04:09:56 - NaN Check: False 2
2025-01-25 04:09:56 - LinkNode: 0.5 <- 1 / 2
2025-01-25 04:09:56 - NaN Check: False 1
2025-01-25 04:09:56 - NaN Check: False 2
2025-01-25 04:09:56 - LinkNode: 0.5 <- 1 / 2
2025-01-25 04:09:56 - NaN Check: False 1
2025-01-25 04:09:56 - NaN Check: False 2
2025-01-25 04:09:56 - LinkNode: 0.5 <- 1 / 2
2025-01-25 04:09:56 - NaN Check: False 1
2025-01-25 04:09:56 - NaN Check: False 2
2025-01-25 04:09:56 - LinkNode: 0.5 <- 1 / 2
2025-01-25 04:09:56 - Midi Index: 48 | Intensity: 32 | Note Name: C3
2025-01-25 04:09:56 - Midi Index: 71 | Intensity: 5 | Note Name: B4
2025-01-25 04:09:56 - 
Resonance: 0 | Inflow: 0 | Outflow: 0 | Overflow: 0
- C3 | Intensity: 32
- B4 | Intensity: 5

- M14 | Intensity: 12 | Inflow: 0 | Outflow: -0 | Oveflow: 0
False | False | False | False
2025-01-25 04:09:56 - NaN Check: False 1
2025-01-25 04:09:56 - NaN Check: False 2
2025-01-25 04:09:56 - LinkNode: 0.5 <- 1 / 2
2025-01-25 04:09:56 - NaN Check: False 1
2025-01-25 04:09:56 - NaN Check: False 2
2025-01-25 04:09:56 - LinkNode: 0.5 <- 1 / 2
2025-01-25 04:09:56 - NaN Check: False 1
2025-01-25 04:09:56 - NaN Check: False 2
2025-01-25 04:09:56 - LinkNode: 0.5 <- 1 / 2
2025-01-25 04:09:56 - NaN Check: False 1
2025-01-25 04:09:56 - NaN Check: False 2
2025-01-25 04:09:56 - LinkNode: 0.5 <- 1 / 2
2025-01-25 04:09:56 - NaN Check: False 1
2025-01-25 04:09:56 - NaN Check: False 2
2025-01-25 04:09:56 - LinkNode: 0.5 <- 1 / 2
2025-01-25 04:09:56 - NaN Check: False 1
2025-01-25 04:09:56 - NaN Check: False 2
2025-01-25 04:09:56 - LinkNode: 0.5 <- 1 / 2
2025-01-25 04:09:56 - NaN Check: False 1
2025-01-25 04:09:56 - NaN Check: False 2
2025-01-25 04:09:56 - LinkNode: 0.5 <- 1 / 2
2025-01-25 04:09:56 - NaN Check: False 1
2025-01-25 04:09:56 - NaN Check: False 2
2025-01-25 04:09:56 - LinkNode: 0.5 <- 1 / 2
2025-01-25 04:09:56 - NaN Check: False 1
2025-01-25 04:09:56 - NaN Check: False 2
2025-01-25 04:09:56 - LinkNode: 0.5 <- 1 / 2
2025-01-25 04:09:56 - NaN Check: False 1
2025-01-25 04:09:56 - NaN Check: False 2
2025-01-25 04:09:56 - LinkNode: 0.5 <- 1 / 2
2025-01-25 04:09:56 - NaN Check: False 1
2025-01-25 04:09:56 - NaN Check: False 2
2025-01-25 04:09:56 - LinkNode: 0.5 <- 1 / 2
2025-01-25 04:09:56 - NaN Check: False 1
2025-01-25 04:09:56 - NaN Check: False 2
2025-01-25 04:09:56 - LinkNode: 0.5 <- 1 / 2
2025-01-25 04:09:56 - NaN Check: False 1
2025-01-25 04:09:56 - NaN Check: False 2
2025-01-25 04:09:56 - LinkNode: 0.5 <- 1 / 2
2025-01-25 04:09:56 - NaN Check: False 1
2025-01-25 04:09:56 - NaN Check: False 2
2025-01-25 04:09:56 - LinkNode: 0.5 <- 1 / 2
2025-01-25 04:09:56 - NaN Check: False 1
2025-01-25 04:09:56 - NaN Check: False 2
2025-01-25 04:09:56 - LinkNode: 0.5 <- 1 / 2
2025-01-25 04:09:56 - NaN Check: False 1
2025-01-25 04:09:56 - NaN Check: False 2
2025-01-25 04:09:56 - LinkNode: 0.5 <- 1 / 2
2025-01-25 04:09:57 - NaN Check: False 1
2025-01-25 04:09:57 - NaN Check: False 2
2025-01-25 04:09:57 - LinkNode: 0.5 <- 1 / 2
2025-01-25 04:09:57 - NaN Check: False 1
2025-01-25 04:09:57 - NaN Check: False 2
2025-01-25 04:09:57 - LinkNode: 0.5 <- 1 / 2
2025-01-25 04:09:57 - NaN Check: False 1
2025-01-25 04:09:57 - NaN Check: False 2
2025-01-25 04:09:57 - LinkNode: 0.5 <- 1 / 2
2025-01-25 04:09:57 - NaN Check: False 1
2025-01-25 04:09:57 - NaN Check: False 2
2025-01-25 04:09:57 - LinkNode: 0.5 <- 1 / 2
2025-01-25 04:09:57 - NaN Check: False 1
2025-01-25 04:09:57 - NaN Check: False 2
2025-01-25 04:09:57 - LinkNode: 0.5 <- 1 / 2
2025-01-25 04:09:57 - NaN Check: False 1
2025-01-25 04:09:57 - NaN Check: False 2
2025-01-25 04:09:57 - LinkNode: 0.5 <- 1 / 2
2025-01-25 04:09:57 - NaN Check: False 1
2025-01-25 04:09:57 - NaN Check: False 2
2025-01-25 04:09:57 - LinkNode: 0.5 <- 1 / 2
2025-01-25 04:09:57 - NaN Check: False 1
2025-01-25 04:09:57 - NaN Check: False 2
2025-01-25 04:09:57 - LinkNode: 0.5 <- 1 / 2
2025-01-25 04:09:57 - NaN Check: False 1
2025-01-25 04:09:57 - NaN Check: False 2
2025-01-25 04:09:57 - LinkNode: 0.5 <- 1 / 2
2025-01-25 04:09:57 - NaN Check: False 1
2025-01-25 04:09:57 - NaN Check: False 2
2025-01-25 04:09:57 - LinkNode: 0.5 <- 1 / 2
2025-01-25 04:09:57 - NaN Check: False 1
2025-01-25 04:09:57 - NaN Check: False 2
2025-01-25 04:09:57 - LinkNode: 0.5 <- 1 / 2
2025-01-25 04:09:57 - NaN Check: False 1
2025-01-25 04:09:57 - NaN Check: False 2
2025-01-25 04:09:57 - LinkNode: 0.5 <- 1 / 2
2025-01-25 04:09:57 - NaN Check: False 1
2025-01-25 04:09:57 - NaN Check: False 2
2025-01-25 04:09:57 - LinkNode: 0.5 <- 1 / 2
2025-01-25 04:09:57 - NaN Check: False 1
2025-01-25 04:09:57 - NaN Check: False 2
2025-01-25 04:09:57 - LinkNode: 0.5 <- 1 / 2
2025-01-25 04:09:57 - Midi Index: 48 | Intensity: 32 | Note Name: C3
2025-01-25 04:09:57 - Midi Index: 71 | Intensity: 5 | Note Name: B4
2025-01-25 04:09:57 - 
Resonance: 0 | Inflow: 0 | Outflow: 0 | Overflow: 0
- C3 | Intensity: 32
- B4 | Intensity: 5

- M14 | Intensity: 12 | Inflow: 0 | Outflow: -0 | Oveflow: 0
False | False | False | False
2025-01-25 04:09:57 - NaN Check: False 1
2025-01-25 04:09:57 - NaN Check: False 2
2025-01-25 04:09:57 - LinkNode: 0.5 <- 1 / 2
2025-01-25 04:09:57 - NaN Check: False 1
2025-01-25 04:09:57 - NaN Check: False 2
2025-01-25 04:09:57 - LinkNode: 0.5 <- 1 / 2
2025-01-25 04:09:57 - NaN Check: False 1
2025-01-25 04:09:57 - NaN Check: False 2
2025-01-25 04:09:57 - LinkNode: 0.5 <- 1 / 2
2025-01-25 04:09:57 - NaN Check: False 1
2025-01-25 04:09:57 - NaN Check: False 2
2025-01-25 04:09:57 - LinkNode: 0.5 <- 1 / 2
2025-01-25 04:09:57 - NaN Check: False 1
2025-01-25 04:09:57 - NaN Check: False 2
2025-01-25 04:09:57 - LinkNode: 0.5 <- 1 / 2
2025-01-25 04:09:57 - NaN Check: False 1
2025-01-25 04:09:57 - NaN Check: False 2
2025-01-25 04:09:57 - LinkNode: 0.5 <- 1 / 2
2025-01-25 04:09:57 - NaN Check: False 1
2025-01-25 04:09:57 - NaN Check: False 2
2025-01-25 04:09:57 - LinkNode: 0.5 <- 1 / 2
2025-01-25 04:09:57 - add success True - 489797
2025-01-25 04:09:57 - Midi Index: 69 | Intensity: 0 | Note Name: A4
2025-01-25 04:09:57 - NaN Check: False 1
2025-01-25 04:09:57 - NaN Check: False 2
2025-01-25 04:09:57 - LinkNode: 1 <- 3 / 3
2025-01-25 04:09:57 - NaN Check: False 1
2025-01-25 04:09:57 - NaN Check: False 2
2025-01-25 04:09:57 - LinkNode: 1 <- 3 / 3
2025-01-25 04:09:57 - NaN Check: False 1
2025-01-25 04:09:57 - NaN Check: False 2
2025-01-25 04:09:57 - LinkNode: 1 <- 3 / 3
2025-01-25 04:09:57 - NaN Check: False 1
2025-01-25 04:09:57 - NaN Check: False 2
2025-01-25 04:09:57 - LinkNode: 1 <- 3 / 3
2025-01-25 04:09:57 - NaN Check: False 1
2025-01-25 04:09:57 - NaN Check: False 2
2025-01-25 04:09:57 - LinkNode: 1 <- 3 / 3
2025-01-25 04:09:57 - NaN Check: False 1
2025-01-25 04:09:57 - NaN Check: False 2
2025-01-25 04:09:57 - LinkNode: 1 <- 3 / 3
2025-01-25 04:09:57 - NaN Check: False 1
2025-01-25 04:09:57 - NaN Check: False 2
2025-01-25 04:09:57 - LinkNode: 1 <- 3 / 3
2025-01-25 04:09:57 - add success True - 13766966
2025-01-25 04:09:57 - Midi Index: 69 | Intensity: 0 | Note Name: A4
2025-01-25 04:09:57 - NaN Check: False 1
2025-01-25 04:09:57 - NaN Check: False 2
2025-01-25 04:09:57 - LinkNode: 1.5 <- 6 / 4
2025-01-25 04:09:57 - NaN Check: False 1
2025-01-25 04:09:57 - NaN Check: False 2
2025-01-25 04:09:57 - LinkNode: 1.5 <- 6 / 4
2025-01-25 04:09:58 - NaN Check: False 1
2025-01-25 04:09:58 - NaN Check: False 2
2025-01-25 04:09:58 - LinkNode: 1.5 <- 6 / 4
2025-01-25 04:09:58 - NaN Check: False 1
2025-01-25 04:09:58 - NaN Check: False 2
2025-01-25 04:09:58 - LinkNode: 1.5 <- 6 / 4
2025-01-25 04:09:58 - NaN Check: False 1
2025-01-25 04:09:58 - NaN Check: False 2
2025-01-25 04:09:58 - LinkNode: 1.5 <- 6 / 4
2025-01-25 04:09:58 - NaN Check: False 1
2025-01-25 04:09:58 - NaN Check: False 2
2025-01-25 04:09:58 - LinkNode: 1.5 <- 6 / 4
2025-01-25 04:09:58 - NaN Check: False 1
2025-01-25 04:09:58 - NaN Check: False 2
2025-01-25 04:09:58 - LinkNode: 1.5 <- 6 / 4
2025-01-25 04:09:58 - NaN Check: False 1
2025-01-25 04:09:58 - NaN Check: False 2
2025-01-25 04:09:58 - LinkNode: 1.5 <- 6 / 4
2025-01-25 04:09:58 - NaN Check: False 1
2025-01-25 04:09:58 - NaN Check: False 2
2025-01-25 04:09:58 - LinkNode: 1.5 <- 6 / 4
2025-01-25 04:09:58 - NaN Check: False 1
2025-01-25 04:09:58 - NaN Check: False 2
2025-01-25 04:09:58 - LinkNode: 1.5 <- 6 / 4
2025-01-25 04:09:58 - NaN Check: False 1
2025-01-25 04:09:58 - NaN Check: False 2
2025-01-25 04:09:58 - LinkNode: 1.5 <- 6 / 4
2025-01-25 04:09:58 - NaN Check: False 1
2025-01-25 04:09:58 - NaN Check: False 2
2025-01-25 04:09:58 - LinkNode: 1.5 <- 6 / 4
2025-01-25 04:09:58 - NaN Check: False 1
2025-01-25 04:09:58 - NaN Check: False 2
2025-01-25 04:09:58 - LinkNode: 1.5 <- 6 / 4
2025-01-25 04:09:58 - NaN Check: False 1
2025-01-25 04:09:58 - NaN Check: False 2
2025-01-25 04:09:58 - LinkNode: 1.5 <- 6 / 4
