2025-01-25 03:52:33 - Debugger session started.
2025-01-25 03:52:33 - NaN Check: False 1
2025-01-25 03:52:33 - NaN Check: False 2
2025-01-25 03:52:33 - NaN Check: False 1
2025-01-25 03:52:33 - NaN Check: False 2
2025-01-25 03:52:33 - NaN Check: False 1
2025-01-25 03:52:33 - NaN Check: False 2
2025-01-25 03:52:33 - NaN Check: False 1
2025-01-25 03:52:33 - NaN Check: False 2
2025-01-25 03:52:33 - NaN Check: False 1
2025-01-25 03:52:33 - NaN Check: False 2
2025-01-25 03:52:33 - NaN Check: False 1
2025-01-25 03:52:33 - NaN Check: False 2
2025-01-25 03:52:33 - NaN Check: False 1
2025-01-25 03:52:34 - NaN Check: False 2
2025-01-25 03:52:34 - NaN Check: False 1
2025-01-25 03:52:34 - NaN Check: False 2
2025-01-25 03:52:34 - NaN Check: False 1
2025-01-25 03:52:34 - NaN Check: False 2
2025-01-25 03:52:34 - NaN Check: False 1
2025-01-25 03:52:34 - NaN Check: False 2
2025-01-25 03:52:34 - NaN Check: False 1
2025-01-25 03:52:34 - NaN Check: False 2
2025-01-25 03:52:34 - NaN Check: False 1
2025-01-25 03:52:34 - NaN Check: False 2
2025-01-25 03:52:34 - NaN Check: False 1
2025-01-25 03:52:34 - NaN Check: False 2
2025-01-25 03:52:34 - NaN Check: False 1
2025-01-25 03:52:34 - NaN Check: False 2
2025-01-25 03:52:34 - NaN Check: False 1
2025-01-25 03:52:34 - NaN Check: False 2
2025-01-25 03:52:34 - NaN Check: False 1
2025-01-25 03:52:34 - NaN Check: False 2
2025-01-25 03:52:34 - NaN Check: False 1
2025-01-25 03:52:34 - NaN Check: False 2
2025-01-25 03:52:34 - NaN Check: False 1
2025-01-25 03:52:34 - NaN Check: False 2
2025-01-25 03:52:34 - NaN Check: False 1
2025-01-25 03:52:34 - NaN Check: False 2
2025-01-25 03:52:34 - NaN Check: False 1
2025-01-25 03:52:34 - NaN Check: False 2
2025-01-25 03:52:34 - NaN Check: False 1
2025-01-25 03:52:34 - NaN Check: False 2
2025-01-25 03:52:34 - NaN Check: False 1
2025-01-25 03:52:34 - NaN Check: False 2
2025-01-25 03:52:34 - NaN Check: False 1
2025-01-25 03:52:34 - NaN Check: False 2
2025-01-25 03:52:34 - NaN Check: False 1
2025-01-25 03:52:34 - NaN Check: False 2
2025-01-25 03:52:34 - NaN Check: False 1
2025-01-25 03:52:34 - NaN Check: False 2
2025-01-25 03:52:34 - NaN Check: False 1
2025-01-25 03:52:34 - NaN Check: False 2
2025-01-25 03:52:34 - NaN Check: False 1
2025-01-25 03:52:34 - NaN Check: False 2
2025-01-25 03:52:34 - NaN Check: False 1
2025-01-25 03:52:34 - NaN Check: False 2
2025-01-25 03:52:34 - NaN Check: False 1
2025-01-25 03:52:34 - NaN Check: False 2
2025-01-25 03:52:34 - NaN Check: False 1
2025-01-25 03:52:34 - NaN Check: False 2
2025-01-25 03:52:34 - NaN Check: False 1
2025-01-25 03:52:34 - NaN Check: False 2
2025-01-25 03:52:34 - NaN Check: False 1
2025-01-25 03:52:34 - NaN Check: False 2
2025-01-25 03:52:34 - NaN Check: False 1
2025-01-25 03:52:34 - NaN Check: False 2
2025-01-25 03:52:34 - NaN Check: False 1
2025-01-25 03:52:34 - NaN Check: False 2
2025-01-25 03:52:34 - NaN Check: False 1
2025-01-25 03:52:34 - NaN Check: False 2
2025-01-25 03:52:34 - NaN Check: False 1
2025-01-25 03:52:34 - NaN Check: False 2
2025-01-25 03:52:34 - NaN Check: False 1
2025-01-25 03:52:34 - NaN Check: False 2
2025-01-25 03:52:34 - NaN Check: False 1
2025-01-25 03:52:34 - NaN Check: False 2
2025-01-25 03:52:34 - NaN Check: False 1
2025-01-25 03:52:34 - NaN Check: False 2
2025-01-25 03:52:34 - NaN Check: False 1
2025-01-25 03:52:34 - NaN Check: False 2
2025-01-25 03:52:34 - NaN Check: False 1
2025-01-25 03:52:34 - NaN Check: False 2
2025-01-25 03:52:34 - NaN Check: False 1
2025-01-25 03:52:34 - NaN Check: False 2
2025-01-25 03:52:34 - NaN Check: False 1
2025-01-25 03:52:34 - NaN Check: False 2
2025-01-25 03:52:34 - NaN Check: False 1
2025-01-25 03:52:34 - NaN Check: False 2
2025-01-25 03:52:34 - NaN Check: False 1
2025-01-25 03:52:34 - NaN Check: False 2
2025-01-25 03:52:34 - NaN Check: False 1
2025-01-25 03:52:34 - NaN Check: False 2
2025-01-25 03:52:34 - NaN Check: False 1
2025-01-25 03:52:34 - NaN Check: False 2
2025-01-25 03:52:34 - NaN Check: False 1
2025-01-25 03:52:34 - NaN Check: False 2
2025-01-25 03:52:34 - NaN Check: False 1
2025-01-25 03:52:34 - NaN Check: False 2
2025-01-25 03:52:34 - NaN Check: False 1
2025-01-25 03:52:34 - NaN Check: False 2
2025-01-25 03:52:34 - Midi Index: 48 | Intensity: 32 | Note Name: C3
2025-01-25 03:52:34 - 
Resonance: 0 | Inflow: 0 | Outflow: 0 | Overflow: 0
- C3 | Intensity: 32

False | False | False | False
2025-01-25 03:52:34 - NaN Check: False 1
2025-01-25 03:52:34 - NaN Check: False 2
2025-01-25 03:52:34 - NaN Check: False 1
2025-01-25 03:52:34 - NaN Check: False 2
2025-01-25 03:52:34 - NaN Check: False 1
2025-01-25 03:52:34 - NaN Check: False 2
2025-01-25 03:52:34 - NaN Check: False 1
2025-01-25 03:52:34 - NaN Check: False 2
2025-01-25 03:52:34 - NaN Check: False 1
2025-01-25 03:52:34 - NaN Check: False 2
2025-01-25 03:52:34 - NaN Check: False 1
2025-01-25 03:52:34 - NaN Check: False 2
2025-01-25 03:52:34 - NaN Check: False 1
2025-01-25 03:52:34 - NaN Check: False 2
2025-01-25 03:52:34 - NaN Check: False 1
2025-01-25 03:52:34 - NaN Check: False 2
2025-01-25 03:52:34 - NaN Check: False 1
2025-01-25 03:52:34 - NaN Check: False 2
2025-01-25 03:52:34 - NaN Check: False 1
2025-01-25 03:52:34 - NaN Check: False 2
2025-01-25 03:52:34 - NaN Check: False 1
2025-01-25 03:52:34 - NaN Check: False 2
2025-01-25 03:52:34 - NaN Check: False 1
2025-01-25 03:52:34 - NaN Check: False 2
2025-01-25 03:52:34 - NaN Check: False 1
2025-01-25 03:52:34 - NaN Check: False 2
2025-01-25 03:52:34 - NaN Check: False 1
2025-01-25 03:52:34 - NaN Check: False 2
2025-01-25 03:52:34 - NaN Check: False 1
2025-01-25 03:52:34 - NaN Check: False 2
2025-01-25 03:52:34 - add success True - 15489458
2025-01-25 03:52:34 - Midi Index: 69 | Intensity: 0 | Note Name: A4
2025-01-25 03:52:34 - NaN Check: False 1
2025-01-25 03:52:34 - NaN Check: False 2
2025-01-25 03:52:35 - NaN Check: False 1
2025-01-25 03:52:35 - NaN Check: False 2
2025-01-25 03:52:35 - NaN Check: False 1
2025-01-25 03:52:35 - NaN Check: False 2
2025-01-25 03:52:35 - NaN Check: False 1
2025-01-25 03:52:35 - NaN Check: False 2
2025-01-25 03:52:35 - NaN Check: False 1
2025-01-25 03:52:35 - NaN Check: False 2
2025-01-25 03:52:35 - NaN Check: False 1
2025-01-25 03:52:35 - NaN Check: False 2
2025-01-25 03:52:35 - NaN Check: False 1
2025-01-25 03:52:35 - NaN Check: False 2
2025-01-25 03:52:35 - NaN Check: False 1
2025-01-25 03:52:35 - NaN Check: False 2
2025-01-25 03:52:35 - NaN Check: False 1
2025-01-25 03:52:35 - NaN Check: False 2
2025-01-25 03:52:35 - NaN Check: False 1
2025-01-25 03:52:35 - NaN Check: False 2
2025-01-25 03:52:35 - NaN Check: False 1
2025-01-25 03:52:35 - NaN Check: False 2
2025-01-25 03:52:35 - NaN Check: False 1
2025-01-25 03:52:35 - NaN Check: False 2
2025-01-25 03:52:35 - NaN Check: False 1
2025-01-25 03:52:35 - NaN Check: False 2
2025-01-25 03:52:35 - NaN Check: False 1
2025-01-25 03:52:35 - NaN Check: False 2
2025-01-25 03:52:35 - NaN Check: False 1
2025-01-25 03:52:35 - NaN Check: False 2
2025-01-25 03:52:35 - NaN Check: False 1
2025-01-25 03:52:35 - NaN Check: False 2
2025-01-25 03:52:35 - NaN Check: False 1
2025-01-25 03:52:35 - NaN Check: False 2
2025-01-25 03:52:35 - NaN Check: False 1
2025-01-25 03:52:35 - NaN Check: False 2
2025-01-25 03:52:35 - NaN Check: False 1
2025-01-25 03:52:35 - NaN Check: False 2
2025-01-25 03:52:35 - NaN Check: False 1
2025-01-25 03:52:35 - NaN Check: False 2
2025-01-25 03:52:35 - NaN Check: False 1
2025-01-25 03:52:35 - NaN Check: False 2
2025-01-25 03:52:35 - NaN Check: False 1
2025-01-25 03:52:35 - NaN Check: False 2
2025-01-25 03:52:35 - NaN Check: False 1
2025-01-25 03:52:35 - NaN Check: False 2
2025-01-25 03:52:35 - NaN Check: False 1
2025-01-25 03:52:35 - NaN Check: False 2
2025-01-25 03:52:35 - NaN Check: False 1
2025-01-25 03:52:35 - NaN Check: False 2
2025-01-25 03:52:35 - NaN Check: False 1
2025-01-25 03:52:35 - NaN Check: False 2
2025-01-25 03:52:35 - NaN Check: False 1
2025-01-25 03:52:35 - NaN Check: False 2
2025-01-25 03:52:35 - NaN Check: False 1
2025-01-25 03:52:35 - NaN Check: False 2
2025-01-25 03:52:35 - NaN Check: False 1
2025-01-25 03:52:35 - NaN Check: False 2
2025-01-25 03:52:35 - NaN Check: False 1
2025-01-25 03:52:35 - NaN Check: False 2
2025-01-25 03:52:35 - NaN Check: False 1
2025-01-25 03:52:35 - NaN Check: False 2
2025-01-25 03:52:35 - NaN Check: False 1
2025-01-25 03:52:35 - NaN Check: False 2
2025-01-25 03:52:35 - NaN Check: False 1
2025-01-25 03:52:35 - NaN Check: False 2
2025-01-25 03:52:35 - NaN Check: False 1
2025-01-25 03:52:35 - NaN Check: False 2
2025-01-25 03:52:35 - NaN Check: False 1
2025-01-25 03:52:35 - NaN Check: False 2
2025-01-25 03:52:35 - NaN Check: False 1
2025-01-25 03:52:35 - NaN Check: False 2
2025-01-25 03:52:35 - NaN Check: False 1
2025-01-25 03:52:35 - NaN Check: False 2
2025-01-25 03:52:35 - NaN Check: False 1
2025-01-25 03:52:35 - NaN Check: False 2
2025-01-25 03:52:35 - NaN Check: False 1
2025-01-25 03:52:35 - NaN Check: False 2
2025-01-25 03:52:35 - NaN Check: False 1
2025-01-25 03:52:35 - NaN Check: False 2
2025-01-25 03:52:35 - NaN Check: False 1
2025-01-25 03:52:35 - NaN Check: False 2
2025-01-25 03:52:35 - NaN Check: False 1
2025-01-25 03:52:35 - NaN Check: False 2
2025-01-25 03:52:35 - NaN Check: False 1
2025-01-25 03:52:35 - NaN Check: False 2
2025-01-25 03:52:35 - NaN Check: False 1
2025-01-25 03:52:35 - NaN Check: False 2
2025-01-25 03:52:35 - NaN Check: False 1
2025-01-25 03:52:35 - NaN Check: False 2
2025-01-25 03:52:35 - Midi Index: 48 | Intensity: 32 | Note Name: C3
2025-01-25 03:52:35 - Midi Index: 69 | Intensity: 0 | Note Name: A4
2025-01-25 03:52:35 - 
Resonance: 0 | Inflow: 0 | Outflow: 0 | Overflow: 0
- C3 | Intensity: 32
- A4 | Intensity: 0

- M13 | Intensity: 0 | Inflow: 0 | Outflow: 0 | Oveflow: 0
False | False | False | False
2025-01-25 03:52:35 - NaN Check: False 1
2025-01-25 03:52:35 - NaN Check: False 2
2025-01-25 03:52:35 - NaN Check: False 1
2025-01-25 03:52:35 - NaN Check: False 2
2025-01-25 03:52:35 - NaN Check: False 1
2025-01-25 03:52:35 - NaN Check: False 2
2025-01-25 03:52:35 - NaN Check: False 1
2025-01-25 03:52:35 - NaN Check: False 2
2025-01-25 03:52:35 - NaN Check: False 1
2025-01-25 03:52:35 - NaN Check: False 2
2025-01-25 03:52:35 - NaN Check: False 1
2025-01-25 03:52:35 - NaN Check: False 2
2025-01-25 03:52:35 - NaN Check: False 1
2025-01-25 03:52:35 - NaN Check: False 2
2025-01-25 03:52:35 - NaN Check: False 1
2025-01-25 03:52:35 - NaN Check: False 2
2025-01-25 03:52:35 - NaN Check: False 1
2025-01-25 03:52:35 - NaN Check: False 2
2025-01-25 03:52:35 - NaN Check: False 1
2025-01-25 03:52:35 - NaN Check: False 2
2025-01-25 03:52:35 - NaN Check: False 1
2025-01-25 03:52:35 - NaN Check: False 2
2025-01-25 03:52:35 - NaN Check: False 1
2025-01-25 03:52:35 - NaN Check: False 2
2025-01-25 03:52:35 - NaN Check: False 1
2025-01-25 03:52:35 - NaN Check: False 2
2025-01-25 03:52:35 - NaN Check: False 1
2025-01-25 03:52:35 - NaN Check: False 2
2025-01-25 03:52:35 - NaN Check: False 1
2025-01-25 03:52:35 - NaN Check: False 2
2025-01-25 03:52:36 - NaN Check: False 1
2025-01-25 03:52:36 - NaN Check: False 2
2025-01-25 03:52:36 - NaN Check: False 1
2025-01-25 03:52:36 - NaN Check: False 2
2025-01-25 03:52:36 - NaN Check: False 1
2025-01-25 03:52:36 - NaN Check: False 2
2025-01-25 03:52:36 - NaN Check: False 1
2025-01-25 03:52:36 - NaN Check: False 2
2025-01-25 03:52:36 - NaN Check: False 1
2025-01-25 03:52:36 - NaN Check: False 2
2025-01-25 03:52:36 - NaN Check: False 1
2025-01-25 03:52:36 - NaN Check: False 2
2025-01-25 03:52:36 - NaN Check: False 1
2025-01-25 03:52:36 - NaN Check: False 2
2025-01-25 03:52:36 - NaN Check: False 1
2025-01-25 03:52:36 - NaN Check: False 2
2025-01-25 03:52:36 - NaN Check: False 1
2025-01-25 03:52:36 - NaN Check: False 2
2025-01-25 03:52:36 - NaN Check: False 1
2025-01-25 03:52:36 - NaN Check: False 2
2025-01-25 03:52:36 - NaN Check: False 1
2025-01-25 03:52:36 - NaN Check: False 2
2025-01-25 03:52:36 - NaN Check: False 1
2025-01-25 03:52:36 - NaN Check: False 2
2025-01-25 03:52:36 - NaN Check: False 1
2025-01-25 03:52:36 - NaN Check: False 2
2025-01-25 03:52:36 - NaN Check: False 1
2025-01-25 03:52:36 - NaN Check: False 2
2025-01-25 03:52:36 - NaN Check: False 1
2025-01-25 03:52:36 - NaN Check: False 2
2025-01-25 03:52:36 - NaN Check: False 1
2025-01-25 03:52:36 - NaN Check: False 2
2025-01-25 03:52:36 - NaN Check: False 1
2025-01-25 03:52:36 - NaN Check: False 2
2025-01-25 03:52:36 - NaN Check: False 1
2025-01-25 03:52:36 - NaN Check: False 2
2025-01-25 03:52:36 - NaN Check: False 1
2025-01-25 03:52:36 - NaN Check: False 2
2025-01-25 03:52:36 - NaN Check: False 1
2025-01-25 03:52:36 - NaN Check: False 2
2025-01-25 03:52:36 - NaN Check: False 1
2025-01-25 03:52:36 - NaN Check: False 2
2025-01-25 03:52:36 - NaN Check: False 1
2025-01-25 03:52:36 - NaN Check: False 2
2025-01-25 03:52:36 - NaN Check: False 1
2025-01-25 03:52:36 - NaN Check: False 2
2025-01-25 03:52:36 - Midi Index: 48 | Intensity: 32 | Note Name: C3
2025-01-25 03:52:36 - Midi Index: 69 | Intensity: 3 | Note Name: A4
2025-01-25 03:52:36 - 
Resonance: 0 | Inflow: 0 | Outflow: 0 | Overflow: 0
- C3 | Intensity: 32
- A4 | Intensity: 3

- M13 | Intensity: 0 | Inflow: 0 | Outflow: 0 | Oveflow: 0
False | False | False | False
2025-01-25 03:52:36 - NaN Check: False 1
2025-01-25 03:52:36 - NaN Check: False 2
2025-01-25 03:52:36 - NaN Check: False 1
2025-01-25 03:52:36 - NaN Check: False 2
2025-01-25 03:52:36 - NaN Check: False 1
2025-01-25 03:52:36 - NaN Check: False 2
2025-01-25 03:52:36 - NaN Check: False 1
2025-01-25 03:52:36 - NaN Check: False 2
2025-01-25 03:52:36 - NaN Check: False 1
2025-01-25 03:52:36 - NaN Check: False 2
2025-01-25 03:52:36 - NaN Check: False 1
2025-01-25 03:52:36 - NaN Check: False 2
2025-01-25 03:52:36 - NaN Check: False 1
2025-01-25 03:52:36 - NaN Check: False 2
2025-01-25 03:52:37 - NaN Check: False 1
2025-01-25 03:52:37 - NaN Check: False 2
2025-01-25 03:52:37 - NaN Check: False 1
2025-01-25 03:52:37 - NaN Check: False 2
2025-01-25 03:52:37 - NaN Check: False 1
2025-01-25 03:52:37 - NaN Check: False 2
2025-01-25 03:52:37 - NaN Check: False 1
2025-01-25 03:52:37 - NaN Check: False 2
2025-01-25 03:52:37 - NaN Check: False 1
2025-01-25 03:52:37 - NaN Check: False 2
2025-01-25 03:52:37 - NaN Check: False 1
2025-01-25 03:52:37 - NaN Check: False 2
2025-01-25 03:52:37 - NaN Check: False 1
2025-01-25 03:52:37 - NaN Check: False 2
2025-01-25 03:52:37 - NaN Check: False 1
2025-01-25 03:52:37 - NaN Check: False 2
2025-01-25 03:52:37 - NaN Check: False 1
2025-01-25 03:52:37 - NaN Check: False 2
2025-01-25 03:52:37 - NaN Check: False 1
2025-01-25 03:52:37 - NaN Check: False 2
2025-01-25 03:52:37 - NaN Check: False 1
2025-01-25 03:52:37 - NaN Check: False 2
2025-01-25 03:52:37 - NaN Check: False 1
2025-01-25 03:52:37 - NaN Check: False 2
2025-01-25 03:52:37 - NaN Check: False 1
2025-01-25 03:52:37 - NaN Check: False 2
2025-01-25 03:52:37 - NaN Check: False 1
2025-01-25 03:52:37 - NaN Check: False 2
2025-01-25 03:52:37 - NaN Check: False 1
2025-01-25 03:52:37 - NaN Check: False 2
2025-01-25 03:52:37 - NaN Check: False 1
2025-01-25 03:52:37 - NaN Check: False 2
2025-01-25 03:52:37 - NaN Check: False 1
2025-01-25 03:52:37 - NaN Check: False 2
2025-01-25 03:52:37 - NaN Check: False 1
2025-01-25 03:52:37 - NaN Check: False 2
2025-01-25 03:52:37 - NaN Check: False 1
2025-01-25 03:52:37 - NaN Check: False 2
2025-01-25 03:52:37 - NaN Check: False 1
2025-01-25 03:52:37 - NaN Check: False 2
2025-01-25 03:52:37 - NaN Check: False 1
2025-01-25 03:52:37 - NaN Check: False 2
2025-01-25 03:52:37 - NaN Check: False 1
2025-01-25 03:52:37 - NaN Check: False 2
2025-01-25 03:52:37 - NaN Check: False 1
2025-01-25 03:52:37 - NaN Check: False 2
2025-01-25 03:52:37 - Midi Index: 48 | Intensity: 32 | Note Name: C3
2025-01-25 03:52:37 - Midi Index: 69 | Intensity: 3 | Note Name: A4
2025-01-25 03:52:37 - 
Resonance: 0 | Inflow: 0 | Outflow: 0 | Overflow: 0
- C3 | Intensity: 32
- A4 | Intensity: 3

- M13 | Intensity: 0 | Inflow: 0 | Outflow: 0 | Oveflow: 0
False | False | False | False
2025-01-25 03:52:37 - NaN Check: False 1
2025-01-25 03:52:37 - NaN Check: False 2
2025-01-25 03:52:37 - NaN Check: False 1
2025-01-25 03:52:37 - NaN Check: False 2
2025-01-25 03:52:37 - delete success True - 15489458
2025-01-25 03:52:37 - add success True - 15489458
2025-01-25 03:52:37 - Midi Index: 70 | Intensity: 3 | Note Name: A#/Bb4
2025-01-25 03:52:37 - NaN Check: False 1
2025-01-25 03:52:37 - NaN Check: False 2
2025-01-25 03:52:37 - NaN Check: False 1
2025-01-25 03:52:37 - NaN Check: False 2
2025-01-25 03:52:37 - NaN Check: False 1
2025-01-25 03:52:37 - NaN Check: False 2
2025-01-25 03:52:37 - NaN Check: False 1
2025-01-25 03:52:37 - NaN Check: False 2
2025-01-25 03:52:37 - NaN Check: False 1
2025-01-25 03:52:37 - NaN Check: False 2
2025-01-25 03:52:38 - delete success True - 15489458
2025-01-25 03:52:38 - add success True - 15489458
2025-01-25 03:52:38 - Midi Index: 71 | Intensity: 3 | Note Name: B4
2025-01-25 03:52:38 - NaN Check: False 1
2025-01-25 03:52:38 - NaN Check: False 2
2025-01-25 03:52:38 - NaN Check: False 1
2025-01-25 03:52:38 - NaN Check: False 2
2025-01-25 03:52:38 - NaN Check: False 1
2025-01-25 03:52:38 - NaN Check: False 2
2025-01-25 03:52:38 - NaN Check: False 1
2025-01-25 03:52:38 - NaN Check: False 2
2025-01-25 03:52:38 - NaN Check: False 1
2025-01-25 03:52:38 - NaN Check: False 2
2025-01-25 03:52:38 - delete success True - 15489458
2025-01-25 03:52:38 - add success True - 15489458
2025-01-25 03:52:38 - Midi Index: 83 | Intensity: 3 | Note Name: B5
2025-01-25 03:52:38 - delete success True - 15489458
2025-01-25 03:52:38 - add success True - 15489458
2025-01-25 03:52:38 - Midi Index: 83 | Intensity: 3 | Note Name: B5
2025-01-25 03:52:38 - delete success True - 15489458
2025-01-25 03:52:38 - add success True - 15489458
2025-01-25 03:52:38 - Midi Index: 83 | Intensity: 3 | Note Name: B5
2025-01-25 03:52:38 - NaN Check: False 1
2025-01-25 03:52:38 - NaN Check: False 2
2025-01-25 03:52:38 - NaN Check: False 1
2025-01-25 03:52:38 - NaN Check: False 2
2025-01-25 03:52:38 - NaN Check: False 1
2025-01-25 03:52:38 - NaN Check: False 2
2025-01-25 03:52:38 - NaN Check: False 1
2025-01-25 03:52:38 - NaN Check: False 2
2025-01-25 03:52:38 - NaN Check: False 1
2025-01-25 03:52:38 - NaN Check: False 2
2025-01-25 03:52:38 - NaN Check: False 1
2025-01-25 03:52:38 - NaN Check: False 2
2025-01-25 03:52:38 - delete success True - 15489458
2025-01-25 03:52:38 - add success True - 15489458
2025-01-25 03:52:38 - Midi Index: 95 | Intensity: 3 | Note Name: B6
2025-01-25 03:52:38 - delete success True - 15489458
2025-01-25 03:52:38 - add success True - 15489458
2025-01-25 03:52:38 - Midi Index: 95 | Intensity: 3 | Note Name: B6
2025-01-25 03:52:38 - delete success True - 15489458
2025-01-25 03:52:38 - add success True - 15489458
2025-01-25 03:52:38 - Midi Index: 95 | Intensity: 3 | Note Name: B6
2025-01-25 03:52:38 - NaN Check: False 1
2025-01-25 03:52:38 - NaN Check: False 2
2025-01-25 03:52:38 - NaN Check: False 1
2025-01-25 03:52:38 - NaN Check: False 2
2025-01-25 03:52:38 - NaN Check: False 1
2025-01-25 03:52:38 - NaN Check: False 2
2025-01-25 03:52:38 - NaN Check: False 1
2025-01-25 03:52:38 - NaN Check: False 2
2025-01-25 03:52:38 - NaN Check: False 1
2025-01-25 03:52:38 - NaN Check: False 2
2025-01-25 03:52:38 - NaN Check: False 1
2025-01-25 03:52:38 - NaN Check: False 2
2025-01-25 03:52:38 - delete success True - 15489458
2025-01-25 03:52:38 - add success True - 15489458
2025-01-25 03:52:38 - Midi Index: 107 | Intensity: 3 | Note Name: B7
2025-01-25 03:52:38 - delete success True - 15489458
2025-01-25 03:52:38 - add success True - 15489458
2025-01-25 03:52:38 - Midi Index: 107 | Intensity: 3 | Note Name: B7
2025-01-25 03:52:38 - delete success True - 15489458
2025-01-25 03:52:38 - add success True - 15489458
2025-01-25 03:52:38 - Midi Index: 107 | Intensity: 3 | Note Name: B7
2025-01-25 03:52:38 - NaN Check: False 1
2025-01-25 03:52:38 - NaN Check: False 2
2025-01-25 03:52:38 - NaN Check: False 1
2025-01-25 03:52:38 - NaN Check: False 2
2025-01-25 03:52:38 - NaN Check: False 1
2025-01-25 03:52:38 - NaN Check: False 2
2025-01-25 03:52:38 - NaN Check: False 1
2025-01-25 03:52:38 - NaN Check: False 2
2025-01-25 03:52:38 - NaN Check: False 1
2025-01-25 03:52:38 - NaN Check: False 2
2025-01-25 03:52:38 - NaN Check: False 1
2025-01-25 03:52:38 - NaN Check: False 2
2025-01-25 03:52:38 - Midi Index: 48 | Intensity: 32 | Note Name: C3
2025-01-25 03:52:38 - Midi Index: 107 | Intensity: 3 | Note Name: B7
2025-01-25 03:52:38 - 
Resonance: 0 | Inflow: 0 | Outflow: 0 | Overflow: 0
- C3 | Intensity: 32
- B7 | Intensity: 3

- M35 | Intensity: 9 | Inflow: 0 | Outflow: 0 | Oveflow: 0
False | False | False | False
2025-01-25 03:52:38 - NaN Check: False 1
2025-01-25 03:52:38 - NaN Check: False 2
2025-01-25 03:52:38 - NaN Check: False 1
2025-01-25 03:52:38 - NaN Check: False 2
2025-01-25 03:52:38 - NaN Check: False 1
2025-01-25 03:52:38 - NaN Check: False 2
2025-01-25 03:52:38 - NaN Check: False 1
2025-01-25 03:52:38 - NaN Check: False 2
2025-01-25 03:52:38 - NaN Check: False 1
2025-01-25 03:52:38 - NaN Check: False 2
2025-01-25 03:52:38 - NaN Check: False 1
2025-01-25 03:52:38 - NaN Check: False 2
2025-01-25 03:52:38 - NaN Check: False 1
2025-01-25 03:52:38 - NaN Check: False 2
2025-01-25 03:52:39 - delete success True - 15489458
2025-01-25 03:52:39 - add success True - 15489458
2025-01-25 03:52:39 - Midi Index: 119 | Intensity: 3 | Note Name: B8
2025-01-25 03:52:39 - delete success True - 15489458
2025-01-25 03:52:39 - add success True - 15489458
2025-01-25 03:52:39 - Midi Index: 119 | Intensity: 3 | Note Name: B8
2025-01-25 03:52:39 - delete success True - 15489458
2025-01-25 03:52:39 - add success True - 15489458
2025-01-25 03:52:39 - Midi Index: 119 | Intensity: 3 | Note Name: B8
2025-01-25 03:52:39 - NaN Check: False 1
2025-01-25 03:52:39 - NaN Check: False 2
2025-01-25 03:52:39 - NaN Check: False 1
2025-01-25 03:52:39 - NaN Check: False 2
2025-01-25 03:52:39 - NaN Check: False 1
2025-01-25 03:52:39 - NaN Check: False 2
2025-01-25 03:52:39 - NaN Check: False 1
2025-01-25 03:52:39 - NaN Check: False 2
2025-01-25 03:52:39 - NaN Check: False 1
2025-01-25 03:52:39 - NaN Check: False 2
2025-01-25 03:52:39 - NaN Check: False 1
2025-01-25 03:52:39 - NaN Check: False 2
2025-01-25 03:52:39 - NaN Check: False 1
2025-01-25 03:52:39 - NaN Check: False 2
2025-01-25 03:52:39 - NaN Check: False 1
2025-01-25 03:52:39 - NaN Check: False 2
2025-01-25 03:52:39 - NaN Check: False 1
2025-01-25 03:52:39 - NaN Check: False 2
2025-01-25 03:52:39 - NaN Check: False 1
2025-01-25 03:52:39 - NaN Check: False 2
2025-01-25 03:52:39 - NaN Check: False 1
2025-01-25 03:52:39 - NaN Check: False 2
2025-01-25 03:52:39 - NaN Check: False 1
2025-01-25 03:52:39 - NaN Check: False 2
2025-01-25 03:52:39 - NaN Check: False 1
2025-01-25 03:52:39 - NaN Check: False 2
2025-01-25 03:52:39 - NaN Check: False 1
2025-01-25 03:52:39 - NaN Check: False 2
2025-01-25 03:52:39 - NaN Check: False 1
2025-01-25 03:52:39 - NaN Check: False 2
2025-01-25 03:52:39 - NaN Check: False 1
2025-01-25 03:52:39 - NaN Check: False 2
2025-01-25 03:52:39 - NaN Check: False 1
2025-01-25 03:52:39 - NaN Check: False 2
2025-01-25 03:52:39 - NaN Check: False 1
2025-01-25 03:52:39 - NaN Check: False 2
2025-01-25 03:52:39 - NaN Check: False 1
2025-01-25 03:52:39 - NaN Check: False 2
2025-01-25 03:52:39 - NaN Check: False 1
2025-01-25 03:52:39 - NaN Check: False 2
2025-01-25 03:52:39 - NaN Check: False 1
2025-01-25 03:52:39 - NaN Check: False 2
2025-01-25 03:52:39 - NaN Check: False 1
2025-01-25 03:52:39 - NaN Check: False 2
2025-01-25 03:52:39 - NaN Check: False 1
2025-01-25 03:52:39 - NaN Check: False 2
2025-01-25 03:52:39 - Midi Index: 48 | Intensity: 32 | Note Name: C3
2025-01-25 03:52:39 - Midi Index: 119 | Intensity: 3 | Note Name: B8
2025-01-25 03:52:39 - 
Resonance: 0 | Inflow: 0 | Outflow: 0 | Overflow: 0
- C3 | Intensity: 32
- B8 | Intensity: 3

- M42 | Intensity: 9 | Inflow: 0 | Outflow: 0 | Oveflow: 0
False | False | False | False
2025-01-25 03:52:39 - NaN Check: False 1
2025-01-25 03:52:39 - NaN Check: False 2
2025-01-25 03:52:39 - NaN Check: False 1
2025-01-25 03:52:39 - NaN Check: False 2
2025-01-25 03:52:39 - NaN Check: False 1
2025-01-25 03:52:39 - NaN Check: False 2
2025-01-25 03:52:39 - NaN Check: False 1
2025-01-25 03:52:39 - NaN Check: False 2
2025-01-25 03:52:39 - NaN Check: False 1
2025-01-25 03:52:39 - NaN Check: False 2
2025-01-25 03:52:39 - NaN Check: False 1
2025-01-25 03:52:39 - NaN Check: False 2
2025-01-25 03:52:39 - NaN Check: False 1
2025-01-25 03:52:39 - NaN Check: False 2
2025-01-25 03:52:40 - NaN Check: False 1
2025-01-25 03:52:40 - NaN Check: False 2
2025-01-25 03:52:40 - NaN Check: False 1
2025-01-25 03:52:40 - NaN Check: False 2
2025-01-25 03:52:40 - NaN Check: False 1
2025-01-25 03:52:40 - NaN Check: False 2
2025-01-25 03:52:40 - NaN Check: False 1
2025-01-25 03:52:40 - NaN Check: False 2
2025-01-25 03:52:40 - NaN Check: False 1
2025-01-25 03:52:40 - NaN Check: False 2
2025-01-25 03:52:40 - NaN Check: False 1
2025-01-25 03:52:40 - NaN Check: False 2
2025-01-25 03:52:40 - NaN Check: False 1
2025-01-25 03:52:40 - NaN Check: False 2
2025-01-25 03:52:40 - NaN Check: False 1
2025-01-25 03:52:40 - NaN Check: False 2
2025-01-25 03:52:40 - NaN Check: False 1
2025-01-25 03:52:40 - NaN Check: False 2
2025-01-25 03:52:40 - NaN Check: False 1
2025-01-25 03:52:40 - NaN Check: False 2
2025-01-25 03:52:40 - NaN Check: False 1
2025-01-25 03:52:40 - NaN Check: False 2
2025-01-25 03:52:40 - NaN Check: False 1
2025-01-25 03:52:40 - NaN Check: False 2
2025-01-25 03:52:40 - NaN Check: False 1
2025-01-25 03:52:40 - NaN Check: False 2
2025-01-25 03:52:40 - NaN Check: False 1
2025-01-25 03:52:40 - NaN Check: False 2
2025-01-25 03:52:40 - NaN Check: False 1
2025-01-25 03:52:40 - NaN Check: False 2
2025-01-25 03:52:40 - NaN Check: False 1
2025-01-25 03:52:40 - NaN Check: False 2
2025-01-25 03:52:40 - NaN Check: False 1
2025-01-25 03:52:40 - NaN Check: False 2
2025-01-25 03:52:40 - NaN Check: False 1
2025-01-25 03:52:40 - NaN Check: False 2
2025-01-25 03:52:40 - NaN Check: False 1
2025-01-25 03:52:40 - NaN Check: False 2
2025-01-25 03:52:40 - NaN Check: False 1
2025-01-25 03:52:40 - NaN Check: False 2
2025-01-25 03:52:40 - NaN Check: False 1
2025-01-25 03:52:40 - NaN Check: False 2
2025-01-25 03:52:40 - NaN Check: False 1
2025-01-25 03:52:40 - NaN Check: False 2
2025-01-25 03:52:40 - NaN Check: False 1
2025-01-25 03:52:40 - NaN Check: False 2
2025-01-25 03:52:40 - Midi Index: 48 | Intensity: 32 | Note Name: C3
2025-01-25 03:52:40 - Midi Index: 119 | Intensity: 3 | Note Name: B8
2025-01-25 03:52:40 - 
Resonance: 0 | Inflow: 0 | Outflow: 0 | Overflow: 0
- C3 | Intensity: 32
- B8 | Intensity: 3

- M42 | Intensity: 9 | Inflow: 0 | Outflow: 0 | Oveflow: 0
False | False | False | False
2025-01-25 03:52:40 - NaN Check: False 1
2025-01-25 03:52:40 - NaN Check: False 2
2025-01-25 03:52:40 - NaN Check: False 1
2025-01-25 03:52:40 - NaN Check: False 2
2025-01-25 03:52:40 - NaN Check: False 1
2025-01-25 03:52:40 - NaN Check: False 2
2025-01-25 03:52:40 - NaN Check: False 1
2025-01-25 03:52:40 - NaN Check: False 2
2025-01-25 03:52:40 - NaN Check: False 1
2025-01-25 03:52:40 - NaN Check: False 2
2025-01-25 03:52:40 - NaN Check: False 1
2025-01-25 03:52:40 - NaN Check: False 2
2025-01-25 03:52:40 - NaN Check: False 1
2025-01-25 03:52:40 - NaN Check: False 2
2025-01-25 03:52:41 - NaN Check: False 1
2025-01-25 03:52:41 - NaN Check: False 2
2025-01-25 03:52:41 - NaN Check: False 1
2025-01-25 03:52:41 - NaN Check: False 2
2025-01-25 03:52:41 - NaN Check: False 1
2025-01-25 03:52:41 - NaN Check: False 2
2025-01-25 03:52:41 - NaN Check: False 1
2025-01-25 03:52:41 - NaN Check: False 2
2025-01-25 03:52:41 - NaN Check: False 1
2025-01-25 03:52:41 - NaN Check: False 2
2025-01-25 03:52:41 - NaN Check: False 1
2025-01-25 03:52:41 - NaN Check: False 2
2025-01-25 03:52:41 - NaN Check: False 1
2025-01-25 03:52:41 - NaN Check: False 2
2025-01-25 03:52:41 - NaN Check: False 1
2025-01-25 03:52:41 - NaN Check: False 2
2025-01-25 03:52:41 - NaN Check: False 1
2025-01-25 03:52:41 - NaN Check: False 2
2025-01-25 03:52:41 - NaN Check: False 1
2025-01-25 03:52:41 - NaN Check: False 2
2025-01-25 03:52:41 - NaN Check: False 1
2025-01-25 03:52:41 - NaN Check: False 2
2025-01-25 03:52:41 - NaN Check: False 1
2025-01-25 03:52:41 - NaN Check: False 2
2025-01-25 03:52:41 - NaN Check: False 1
2025-01-25 03:52:41 - NaN Check: False 2
2025-01-25 03:52:41 - NaN Check: False 1
2025-01-25 03:52:41 - NaN Check: False 2
2025-01-25 03:52:41 - NaN Check: False 1
2025-01-25 03:52:41 - NaN Check: False 2
2025-01-25 03:52:41 - NaN Check: False 1
2025-01-25 03:52:41 - NaN Check: False 2
2025-01-25 03:52:41 - NaN Check: False 1
2025-01-25 03:52:41 - NaN Check: False 2
2025-01-25 03:52:41 - NaN Check: False 1
2025-01-25 03:52:41 - NaN Check: False 2
2025-01-25 03:52:41 - NaN Check: False 1
2025-01-25 03:52:41 - NaN Check: False 2
2025-01-25 03:52:41 - NaN Check: False 1
2025-01-25 03:52:41 - NaN Check: False 2
2025-01-25 03:52:41 - NaN Check: False 1
2025-01-25 03:52:41 - NaN Check: False 2
2025-01-25 03:52:41 - NaN Check: False 1
2025-01-25 03:52:41 - NaN Check: False 2
2025-01-25 03:52:41 - NaN Check: False 1
2025-01-25 03:52:41 - NaN Check: False 2
2025-01-25 03:52:41 - Midi Index: 48 | Intensity: 32 | Note Name: C3
2025-01-25 03:52:41 - Midi Index: 119 | Intensity: 3 | Note Name: B8
2025-01-25 03:52:41 - 
Resonance: 0 | Inflow: 0 | Outflow: 0 | Overflow: 0
- C3 | Intensity: 32
- B8 | Intensity: 3

- M42 | Intensity: 9 | Inflow: 0 | Outflow: 0 | Oveflow: 0
False | False | False | False
2025-01-25 03:52:41 - NaN Check: False 1
2025-01-25 03:52:41 - NaN Check: False 2
2025-01-25 03:52:41 - NaN Check: False 1
2025-01-25 03:52:41 - NaN Check: False 2
2025-01-25 03:52:41 - NaN Check: False 1
2025-01-25 03:52:41 - NaN Check: False 2
2025-01-25 03:52:41 - NaN Check: False 1
2025-01-25 03:52:41 - NaN Check: False 2
2025-01-25 03:52:41 - NaN Check: False 1
2025-01-25 03:52:41 - NaN Check: False 2
2025-01-25 03:52:41 - NaN Check: False 1
2025-01-25 03:52:41 - NaN Check: False 2
2025-01-25 03:52:41 - NaN Check: False 1
2025-01-25 03:52:41 - NaN Check: False 2
2025-01-25 03:52:42 - NaN Check: False 1
2025-01-25 03:52:42 - NaN Check: False 2
2025-01-25 03:52:42 - NaN Check: False 1
2025-01-25 03:52:42 - NaN Check: False 2
2025-01-25 03:52:42 - NaN Check: False 1
2025-01-25 03:52:42 - NaN Check: False 2
2025-01-25 03:52:42 - NaN Check: False 1
2025-01-25 03:52:42 - NaN Check: False 2
2025-01-25 03:52:42 - NaN Check: False 1
2025-01-25 03:52:42 - NaN Check: False 2
2025-01-25 03:52:42 - NaN Check: False 1
2025-01-25 03:52:42 - NaN Check: False 2
2025-01-25 03:52:42 - NaN Check: False 1
2025-01-25 03:52:42 - NaN Check: False 2
2025-01-25 03:52:42 - NaN Check: False 1
2025-01-25 03:52:42 - NaN Check: False 2
2025-01-25 03:52:42 - NaN Check: False 1
2025-01-25 03:52:42 - NaN Check: False 2
2025-01-25 03:52:42 - NaN Check: False 1
2025-01-25 03:52:42 - NaN Check: False 2
2025-01-25 03:52:42 - NaN Check: False 1
2025-01-25 03:52:42 - NaN Check: False 2
