2025-01-25 03:40:48 - Debugger session started.
2025-01-25 03:40:48 - NaN Check: 1 False
2025-01-25 03:40:48 - NaN Check: 2 False
2025-01-25 03:40:48 - NaN Check: 1 False
2025-01-25 03:40:48 - NaN Check: 2 False
2025-01-25 03:40:48 - NaN Check: 1 False
2025-01-25 03:40:48 - NaN Check: 2 False
2025-01-25 03:40:48 - NaN Check: 1 False
2025-01-25 03:40:48 - NaN Check: 2 False
2025-01-25 03:40:48 - NaN Check: 1 False
2025-01-25 03:40:48 - NaN Check: 2 False
2025-01-25 03:40:48 - NaN Check: 1 False
2025-01-25 03:40:48 - NaN Check: 2 False
2025-01-25 03:40:48 - NaN Check: 1 False
2025-01-25 03:40:48 - NaN Check: 2 False
2025-01-25 03:40:48 - NaN Check: 1 False
2025-01-25 03:40:48 - NaN Check: 2 False
2025-01-25 03:40:48 - NaN Check: 1 False
2025-01-25 03:40:48 - NaN Check: 2 False
2025-01-25 03:40:48 - NaN Check: 1 False
2025-01-25 03:40:48 - NaN Check: 2 False
2025-01-25 03:40:48 - NaN Check: 1 False
2025-01-25 03:40:48 - NaN Check: 2 False
2025-01-25 03:40:48 - NaN Check: 1 False
2025-01-25 03:40:48 - NaN Check: 2 False
2025-01-25 03:40:48 - NaN Check: 1 False
2025-01-25 03:40:48 - NaN Check: 2 False
2025-01-25 03:40:48 - NaN Check: 1 False
2025-01-25 03:40:48 - NaN Check: 2 False
2025-01-25 03:40:48 - NaN Check: 1 False
2025-01-25 03:40:48 - NaN Check: 2 False
2025-01-25 03:40:48 - NaN Check: 1 False
2025-01-25 03:40:48 - NaN Check: 2 False
2025-01-25 03:40:48 - NaN Check: 1 False
2025-01-25 03:40:48 - NaN Check: 2 False
2025-01-25 03:40:48 - NaN Check: 1 False
2025-01-25 03:40:48 - NaN Check: 2 False
2025-01-25 03:40:48 - NaN Check: 1 False
2025-01-25 03:40:48 - NaN Check: 2 False
2025-01-25 03:40:48 - NaN Check: 1 False
2025-01-25 03:40:48 - NaN Check: 2 False
2025-01-25 03:40:48 - NaN Check: 1 False
2025-01-25 03:40:48 - NaN Check: 2 False
2025-01-25 03:40:48 - NaN Check: 1 False
2025-01-25 03:40:48 - NaN Check: 2 False
2025-01-25 03:40:48 - NaN Check: 1 False
2025-01-25 03:40:48 - NaN Check: 2 False
2025-01-25 03:40:48 - NaN Check: 1 False
2025-01-25 03:40:48 - NaN Check: 2 False
2025-01-25 03:40:48 - NaN Check: 1 False
2025-01-25 03:40:48 - NaN Check: 2 False
2025-01-25 03:40:48 - NaN Check: 1 False
2025-01-25 03:40:48 - NaN Check: 2 False
2025-01-25 03:40:48 - NaN Check: 1 False
2025-01-25 03:40:48 - NaN Check: 2 False
2025-01-25 03:40:48 - NaN Check: 1 False
2025-01-25 03:40:48 - NaN Check: 2 False
2025-01-25 03:40:48 - NaN Check: 1 False
2025-01-25 03:40:48 - NaN Check: 2 False
2025-01-25 03:40:48 - NaN Check: 1 False
2025-01-25 03:40:48 - NaN Check: 2 False
2025-01-25 03:40:48 - NaN Check: 1 False
2025-01-25 03:40:48 - NaN Check: 2 False
2025-01-25 03:40:48 - NaN Check: 1 False
2025-01-25 03:40:48 - NaN Check: 2 False
2025-01-25 03:40:48 - NaN Check: 1 False
2025-01-25 03:40:48 - NaN Check: 2 False
2025-01-25 03:40:48 - NaN Check: 1 False
2025-01-25 03:40:48 - NaN Check: 2 False
2025-01-25 03:40:48 - NaN Check: 1 False
2025-01-25 03:40:48 - NaN Check: 2 False
2025-01-25 03:40:48 - NaN Check: 1 False
2025-01-25 03:40:48 - NaN Check: 2 False
2025-01-25 03:40:48 - NaN Check: 1 False
2025-01-25 03:40:48 - NaN Check: 2 False
2025-01-25 03:40:48 - NaN Check: 1 False
2025-01-25 03:40:48 - NaN Check: 2 False
2025-01-25 03:40:48 - NaN Check: 1 False
2025-01-25 03:40:48 - NaN Check: 2 False
2025-01-25 03:40:48 - NaN Check: 1 False
2025-01-25 03:40:48 - NaN Check: 2 False
2025-01-25 03:40:48 - NaN Check: 1 False
2025-01-25 03:40:48 - NaN Check: 2 False
2025-01-25 03:40:48 - NaN Check: 1 False
2025-01-25 03:40:48 - NaN Check: 2 False
2025-01-25 03:40:48 - NaN Check: 1 False
2025-01-25 03:40:48 - NaN Check: 2 False
2025-01-25 03:40:48 - NaN Check: 1 False
2025-01-25 03:40:48 - NaN Check: 2 False
2025-01-25 03:40:48 - NaN Check: 1 False
2025-01-25 03:40:48 - NaN Check: 2 False
2025-01-25 03:40:48 - NaN Check: 1 False
2025-01-25 03:40:48 - NaN Check: 2 False
2025-01-25 03:40:48 - NaN Check: 1 False
2025-01-25 03:40:48 - NaN Check: 2 False
2025-01-25 03:40:48 - NaN Check: 1 False
2025-01-25 03:40:48 - NaN Check: 2 False
2025-01-25 03:40:48 - NaN Check: 1 False
2025-01-25 03:40:48 - NaN Check: 2 False
2025-01-25 03:40:48 - NaN Check: 1 False
2025-01-25 03:40:48 - NaN Check: 2 False
2025-01-25 03:40:48 - NaN Check: 1 False
2025-01-25 03:40:48 - NaN Check: 2 False
2025-01-25 03:40:48 - NaN Check: 1 False
2025-01-25 03:40:48 - NaN Check: 2 False
2025-01-25 03:40:48 - Midi Index: 48 | Intensity: 32 | Note Name: C3
2025-01-25 03:40:48 - 
Resonance: 0 | Inflow: 0 | Outflow: 0 | Overflow: 0
- C3 | Intensity: 32

False | False | False | False
2025-01-25 03:40:48 - NaN Check: 1 False
2025-01-25 03:40:48 - NaN Check: 2 False
2025-01-25 03:40:48 - NaN Check: 1 False
2025-01-25 03:40:48 - NaN Check: 2 False
2025-01-25 03:40:49 - NaN Check: 1 False
2025-01-25 03:40:49 - NaN Check: 2 False
2025-01-25 03:40:49 - NaN Check: 1 False
2025-01-25 03:40:49 - NaN Check: 2 False
2025-01-25 03:40:49 - NaN Check: 1 False
2025-01-25 03:40:49 - NaN Check: 2 False
2025-01-25 03:40:49 - NaN Check: 1 False
2025-01-25 03:40:49 - NaN Check: 2 False
2025-01-25 03:40:49 - NaN Check: 1 False
2025-01-25 03:40:49 - NaN Check: 2 False
2025-01-25 03:40:49 - NaN Check: 1 False
2025-01-25 03:40:49 - NaN Check: 2 False
2025-01-25 03:40:49 - NaN Check: 1 False
2025-01-25 03:40:49 - NaN Check: 2 False
2025-01-25 03:40:49 - NaN Check: 1 False
2025-01-25 03:40:49 - NaN Check: 2 False
2025-01-25 03:40:49 - NaN Check: 1 False
2025-01-25 03:40:49 - NaN Check: 2 False
2025-01-25 03:40:49 - NaN Check: 1 False
2025-01-25 03:40:49 - NaN Check: 2 False
2025-01-25 03:40:49 - NaN Check: 1 False
2025-01-25 03:40:49 - NaN Check: 2 False
2025-01-25 03:40:49 - NaN Check: 1 False
2025-01-25 03:40:49 - NaN Check: 2 False
2025-01-25 03:40:49 - add success True - 12866109
2025-01-25 03:40:49 - Midi Index: 69 | Intensity: 0 | Note Name: A4
2025-01-25 03:40:49 - NaN Check: 1 True
2025-01-25 03:40:49 - NaN Check: 2 True
2025-01-25 03:40:49 - NaN Check: 1 True
2025-01-25 03:40:49 - NaN Check: 2 True
2025-01-25 03:40:49 - NaN Check: 1 True
2025-01-25 03:40:49 - NaN Check: 2 True
2025-01-25 03:40:49 - NaN Check: 1 True
2025-01-25 03:40:49 - NaN Check: 2 True
2025-01-25 03:40:49 - NaN Check: 1 True
2025-01-25 03:40:49 - NaN Check: 2 True
2025-01-25 03:40:49 - NaN Check: 1 True
2025-01-25 03:40:49 - NaN Check: 2 True
2025-01-25 03:40:49 - NaN Check: 1 True
2025-01-25 03:40:49 - NaN Check: 2 True
2025-01-25 03:40:49 - NaN Check: 1 True
2025-01-25 03:40:49 - NaN Check: 2 True
2025-01-25 03:40:49 - NaN Check: 1 True
2025-01-25 03:40:49 - NaN Check: 2 True
2025-01-25 03:40:49 - NaN Check: 1 True
2025-01-25 03:40:49 - NaN Check: 2 True
2025-01-25 03:40:49 - NaN Check: 1 True
2025-01-25 03:40:49 - NaN Check: 2 True
2025-01-25 03:40:49 - NaN Check: 1 True
2025-01-25 03:40:49 - NaN Check: 2 True
2025-01-25 03:40:49 - NaN Check: 1 True
2025-01-25 03:40:49 - NaN Check: 2 True
2025-01-25 03:40:49 - NaN Check: 1 True
2025-01-25 03:40:49 - NaN Check: 2 True
2025-01-25 03:40:49 - NaN Check: 1 True
2025-01-25 03:40:49 - NaN Check: 2 True
2025-01-25 03:40:49 - NaN Check: 1 True
2025-01-25 03:40:49 - NaN Check: 2 True
2025-01-25 03:40:49 - NaN Check: 1 True
2025-01-25 03:40:49 - NaN Check: 2 True
2025-01-25 03:40:49 - NaN Check: 1 True
2025-01-25 03:40:49 - NaN Check: 2 True
2025-01-25 03:40:49 - NaN Check: 1 True
2025-01-25 03:40:49 - NaN Check: 2 True
2025-01-25 03:40:49 - NaN Check: 1 True
2025-01-25 03:40:49 - NaN Check: 2 True
2025-01-25 03:40:49 - NaN Check: 1 True
2025-01-25 03:40:49 - NaN Check: 2 True
2025-01-25 03:40:49 - NaN Check: 1 True
2025-01-25 03:40:49 - NaN Check: 2 True
2025-01-25 03:40:49 - NaN Check: 1 True
2025-01-25 03:40:49 - NaN Check: 2 True
2025-01-25 03:40:49 - NaN Check: 1 True
2025-01-25 03:40:49 - NaN Check: 2 True
2025-01-25 03:40:49 - NaN Check: 1 True
2025-01-25 03:40:49 - NaN Check: 2 True
2025-01-25 03:40:49 - NaN Check: 1 True
2025-01-25 03:40:49 - NaN Check: 2 True
2025-01-25 03:40:49 - NaN Check: 1 True
2025-01-25 03:40:49 - NaN Check: 2 True
2025-01-25 03:40:49 - NaN Check: 1 True
2025-01-25 03:40:49 - NaN Check: 2 True
2025-01-25 03:40:49 - NaN Check: 1 True
2025-01-25 03:40:49 - NaN Check: 2 True
2025-01-25 03:40:49 - NaN Check: 1 True
2025-01-25 03:40:49 - NaN Check: 2 True
2025-01-25 03:40:49 - NaN Check: 1 True
2025-01-25 03:40:49 - NaN Check: 2 True
2025-01-25 03:40:49 - NaN Check: 1 True
2025-01-25 03:40:49 - NaN Check: 2 True
2025-01-25 03:40:49 - NaN Check: 1 True
2025-01-25 03:40:49 - NaN Check: 2 True
2025-01-25 03:40:49 - NaN Check: 1 True
2025-01-25 03:40:49 - NaN Check: 2 True
2025-01-25 03:40:49 - NaN Check: 1 True
2025-01-25 03:40:49 - NaN Check: 2 True
2025-01-25 03:40:49 - NaN Check: 1 True
2025-01-25 03:40:49 - NaN Check: 2 True
2025-01-25 03:40:49 - NaN Check: 1 True
2025-01-25 03:40:49 - NaN Check: 2 True
2025-01-25 03:40:49 - NaN Check: 1 True
2025-01-25 03:40:49 - NaN Check: 2 True
2025-01-25 03:40:49 - NaN Check: 1 True
2025-01-25 03:40:49 - NaN Check: 2 True
2025-01-25 03:40:49 - NaN Check: 1 True
2025-01-25 03:40:49 - NaN Check: 2 True
2025-01-25 03:40:49 - NaN Check: 1 True
2025-01-25 03:40:49 - NaN Check: 2 True
2025-01-25 03:40:49 - NaN Check: 1 True
2025-01-25 03:40:49 - NaN Check: 2 True
2025-01-25 03:40:49 - NaN Check: 1 True
2025-01-25 03:40:49 - NaN Check: 2 True
2025-01-25 03:40:49 - NaN Check: 1 True
2025-01-25 03:40:49 - NaN Check: 2 True
2025-01-25 03:40:49 - NaN Check: 1 True
2025-01-25 03:40:49 - NaN Check: 2 True
2025-01-25 03:40:49 - NaN Check: 1 True
2025-01-25 03:40:49 - NaN Check: 2 True
2025-01-25 03:40:49 - Midi Index: 48 | Intensity: 32 | Note Name: C3
2025-01-25 03:40:49 - Midi Index: 69 | Intensity: 0 | Note Name: A4
2025-01-25 03:40:49 - 
Resonance: 0 | Inflow: NaN | Outflow: NaN | Overflow: NaN
- C3 | Intensity: 32
- A4 | Intensity: 0

- M13 | Intensity: 0 | Inflow: 0 | Outflow: NaN | Oveflow: NaN
False | True | True | True
2025-01-25 03:40:49 - NaN Check: 1 True
2025-01-25 03:40:49 - NaN Check: 2 True
2025-01-25 03:40:49 - NaN Check: 1 True
2025-01-25 03:40:49 - NaN Check: 2 True
2025-01-25 03:40:50 - NaN Check: 1 True
2025-01-25 03:40:50 - NaN Check: 2 True
2025-01-25 03:40:50 - NaN Check: 1 True
2025-01-25 03:40:50 - NaN Check: 2 True
2025-01-25 03:40:50 - NaN Check: 1 True
2025-01-25 03:40:50 - NaN Check: 2 True
2025-01-25 03:40:50 - NaN Check: 1 True
2025-01-25 03:40:50 - NaN Check: 2 True
2025-01-25 03:40:50 - NaN Check: 1 True
2025-01-25 03:40:50 - NaN Check: 2 True
2025-01-25 03:40:50 - NaN Check: 1 True
2025-01-25 03:40:50 - NaN Check: 2 True
2025-01-25 03:40:50 - NaN Check: 1 True
2025-01-25 03:40:50 - NaN Check: 2 True
2025-01-25 03:40:50 - NaN Check: 1 True
2025-01-25 03:40:50 - NaN Check: 2 True
2025-01-25 03:40:50 - NaN Check: 1 True
2025-01-25 03:40:50 - NaN Check: 2 True
2025-01-25 03:40:50 - NaN Check: 1 True
2025-01-25 03:40:50 - NaN Check: 2 True
2025-01-25 03:40:50 - NaN Check: 1 True
2025-01-25 03:40:50 - NaN Check: 2 True
2025-01-25 03:40:50 - NaN Check: 1 True
2025-01-25 03:40:50 - NaN Check: 2 True
2025-01-25 03:40:50 - NaN Check: 1 True
2025-01-25 03:40:50 - NaN Check: 2 True
2025-01-25 03:40:50 - NaN Check: 1 True
2025-01-25 03:40:50 - NaN Check: 2 True
2025-01-25 03:40:50 - NaN Check: 1 True
2025-01-25 03:40:50 - NaN Check: 2 True
2025-01-25 03:40:50 - NaN Check: 1 True
2025-01-25 03:40:50 - NaN Check: 2 True
2025-01-25 03:40:50 - NaN Check: 1 True
2025-01-25 03:40:50 - NaN Check: 2 True
2025-01-25 03:40:50 - NaN Check: 1 True
2025-01-25 03:40:50 - NaN Check: 2 True
2025-01-25 03:40:50 - NaN Check: 1 True
2025-01-25 03:40:50 - NaN Check: 2 True
2025-01-25 03:40:50 - NaN Check: 1 True
2025-01-25 03:40:50 - NaN Check: 2 True
2025-01-25 03:40:50 - NaN Check: 1 True
2025-01-25 03:40:50 - NaN Check: 2 True
2025-01-25 03:40:50 - NaN Check: 1 True
2025-01-25 03:40:50 - NaN Check: 2 True
2025-01-25 03:40:50 - NaN Check: 1 True
2025-01-25 03:40:50 - NaN Check: 2 True
2025-01-25 03:40:50 - NaN Check: 1 True
2025-01-25 03:40:50 - NaN Check: 2 True
2025-01-25 03:40:50 - NaN Check: 1 True
2025-01-25 03:40:50 - NaN Check: 2 True
2025-01-25 03:40:50 - NaN Check: 1 True
2025-01-25 03:40:50 - NaN Check: 2 True
2025-01-25 03:40:50 - NaN Check: 1 True
2025-01-25 03:40:50 - NaN Check: 2 True
2025-01-25 03:40:50 - NaN Check: 1 True
2025-01-25 03:40:50 - NaN Check: 2 True
2025-01-25 03:40:50 - NaN Check: 1 True
2025-01-25 03:40:50 - NaN Check: 2 True
2025-01-25 03:40:50 - NaN Check: 1 True
2025-01-25 03:40:50 - NaN Check: 2 True
2025-01-25 03:40:50 - NaN Check: 1 True
2025-01-25 03:40:50 - NaN Check: 2 True
2025-01-25 03:40:50 - NaN Check: 1 True
2025-01-25 03:40:50 - NaN Check: 2 True
2025-01-25 03:40:50 - NaN Check: 1 True
2025-01-25 03:40:50 - NaN Check: 2 True
2025-01-25 03:40:50 - NaN Check: 1 True
2025-01-25 03:40:50 - NaN Check: 2 True
2025-01-25 03:40:50 - NaN Check: 1 True
2025-01-25 03:40:50 - NaN Check: 2 True
2025-01-25 03:40:50 - NaN Check: 1 True
2025-01-25 03:40:50 - NaN Check: 2 True
2025-01-25 03:40:50 - NaN Check: 1 True
2025-01-25 03:40:50 - NaN Check: 2 True
2025-01-25 03:40:50 - NaN Check: 1 True
2025-01-25 03:40:50 - NaN Check: 2 True
2025-01-25 03:40:50 - NaN Check: 1 True
2025-01-25 03:40:50 - NaN Check: 2 True
2025-01-25 03:40:50 - NaN Check: 1 True
2025-01-25 03:40:50 - NaN Check: 2 True
2025-01-25 03:40:50 - NaN Check: 1 True
2025-01-25 03:40:50 - NaN Check: 2 True
2025-01-25 03:40:50 - NaN Check: 1 True
2025-01-25 03:40:50 - NaN Check: 2 True
2025-01-25 03:40:50 - NaN Check: 1 True
2025-01-25 03:40:50 - NaN Check: 2 True
2025-01-25 03:40:50 - NaN Check: 1 True
2025-01-25 03:40:50 - NaN Check: 2 True
2025-01-25 03:40:50 - NaN Check: 1 True
2025-01-25 03:40:50 - NaN Check: 2 True
2025-01-25 03:40:50 - NaN Check: 1 True
2025-01-25 03:40:50 - NaN Check: 2 True
2025-01-25 03:40:50 - NaN Check: 1 True
2025-01-25 03:40:50 - NaN Check: 2 True
2025-01-25 03:40:50 - NaN Check: 1 True
2025-01-25 03:40:50 - NaN Check: 2 True
2025-01-25 03:40:50 - NaN Check: 1 True
2025-01-25 03:40:50 - NaN Check: 2 True
2025-01-25 03:40:50 - NaN Check: 1 True
2025-01-25 03:40:50 - NaN Check: 2 True
2025-01-25 03:40:50 - NaN Check: 1 True
2025-01-25 03:40:50 - NaN Check: 2 True
2025-01-25 03:40:50 - NaN Check: 1 True
2025-01-25 03:40:50 - NaN Check: 2 True
2025-01-25 03:40:50 - NaN Check: 1 True
2025-01-25 03:40:50 - NaN Check: 2 True
2025-01-25 03:40:50 - NaN Check: 1 True
2025-01-25 03:40:50 - NaN Check: 2 True
2025-01-25 03:40:50 - NaN Check: 1 True
2025-01-25 03:40:50 - NaN Check: 2 True
2025-01-25 03:40:50 - NaN Check: 1 True
2025-01-25 03:40:50 - NaN Check: 2 True
2025-01-25 03:40:50 - NaN Check: 1 True
2025-01-25 03:40:50 - NaN Check: 2 True
2025-01-25 03:40:50 - NaN Check: 1 True
2025-01-25 03:40:50 - NaN Check: 2 True
2025-01-25 03:40:50 - Midi Index: 48 | Intensity: 32 | Note Name: C3
2025-01-25 03:40:50 - Midi Index: 69 | Intensity: 0 | Note Name: A4
2025-01-25 03:40:50 - 
Resonance: 0 | Inflow: NaN | Outflow: NaN | Overflow: NaN
- C3 | Intensity: 32
- A4 | Intensity: 0

- M13 | Intensity: 0 | Inflow: 0 | Outflow: NaN | Oveflow: NaN
False | True | True | True
2025-01-25 03:40:50 - NaN Check: 1 True
2025-01-25 03:40:50 - NaN Check: 2 True
2025-01-25 03:40:51 - NaN Check: 1 True
2025-01-25 03:40:51 - NaN Check: 2 True
2025-01-25 03:40:51 - NaN Check: 1 True
2025-01-25 03:40:51 - NaN Check: 2 True
2025-01-25 03:40:51 - NaN Check: 1 True
2025-01-25 03:40:51 - NaN Check: 2 True
2025-01-25 03:40:51 - NaN Check: 1 True
2025-01-25 03:40:51 - NaN Check: 2 True
2025-01-25 03:40:51 - NaN Check: 1 True
2025-01-25 03:40:51 - NaN Check: 2 True
2025-01-25 03:40:51 - NaN Check: 1 True
2025-01-25 03:40:51 - NaN Check: 2 True
2025-01-25 03:40:51 - NaN Check: 1 True
2025-01-25 03:40:51 - NaN Check: 2 True
2025-01-25 03:40:51 - NaN Check: 1 True
2025-01-25 03:40:51 - NaN Check: 2 True
2025-01-25 03:40:51 - NaN Check: 1 True
2025-01-25 03:40:51 - NaN Check: 2 True
2025-01-25 03:40:51 - NaN Check: 1 True
2025-01-25 03:40:51 - NaN Check: 2 True
2025-01-25 03:40:51 - NaN Check: 1 True
2025-01-25 03:40:51 - NaN Check: 2 True
2025-01-25 03:40:51 - NaN Check: 1 True
2025-01-25 03:40:51 - NaN Check: 2 True
2025-01-25 03:40:51 - NaN Check: 1 True
2025-01-25 03:40:51 - NaN Check: 2 True
2025-01-25 03:40:51 - NaN Check: 1 True
2025-01-25 03:40:51 - NaN Check: 2 True
2025-01-25 03:40:51 - NaN Check: 1 True
2025-01-25 03:40:51 - NaN Check: 2 True
2025-01-25 03:40:51 - NaN Check: 1 True
2025-01-25 03:40:51 - NaN Check: 2 True
2025-01-25 03:40:51 - NaN Check: 1 True
2025-01-25 03:40:51 - NaN Check: 2 True
2025-01-25 03:40:51 - NaN Check: 1 True
2025-01-25 03:40:51 - NaN Check: 2 True
2025-01-25 03:40:51 - NaN Check: 1 True
2025-01-25 03:40:51 - NaN Check: 2 True
2025-01-25 03:40:51 - NaN Check: 1 True
2025-01-25 03:40:51 - NaN Check: 2 True
2025-01-25 03:40:51 - NaN Check: 1 True
2025-01-25 03:40:51 - NaN Check: 2 True
2025-01-25 03:40:51 - NaN Check: 1 True
2025-01-25 03:40:51 - NaN Check: 2 True
2025-01-25 03:40:51 - NaN Check: 1 True
2025-01-25 03:40:51 - NaN Check: 2 True
2025-01-25 03:40:51 - NaN Check: 1 True
2025-01-25 03:40:51 - NaN Check: 2 True
2025-01-25 03:40:51 - NaN Check: 1 True
2025-01-25 03:40:51 - NaN Check: 2 True
2025-01-25 03:40:51 - NaN Check: 1 True
2025-01-25 03:40:51 - NaN Check: 2 True
2025-01-25 03:40:51 - NaN Check: 1 True
2025-01-25 03:40:51 - NaN Check: 2 True
2025-01-25 03:40:51 - NaN Check: 1 True
2025-01-25 03:40:51 - NaN Check: 2 True
2025-01-25 03:40:51 - NaN Check: 1 True
2025-01-25 03:40:51 - NaN Check: 2 True
2025-01-25 03:40:51 - NaN Check: 1 True
2025-01-25 03:40:51 - NaN Check: 2 True
2025-01-25 03:40:51 - NaN Check: 1 True
2025-01-25 03:40:51 - NaN Check: 2 True
2025-01-25 03:40:51 - Midi Index: 48 | Intensity: 32 | Note Name: C3
2025-01-25 03:40:51 - Midi Index: 69 | Intensity: 3 | Note Name: A4
2025-01-25 03:40:51 - 
Resonance: 0 | Inflow: NaN | Outflow: NaN | Overflow: NaN
- C3 | Intensity: 32
- A4 | Intensity: 3

- M13 | Intensity: 0 | Inflow: 0 | Outflow: NaN | Oveflow: NaN
False | True | True | True
2025-01-25 03:40:52 - NaN Check: 1 True
2025-01-25 03:40:52 - NaN Check: 2 True
2025-01-25 03:40:52 - NaN Check: 1 True
2025-01-25 03:40:52 - NaN Check: 2 True
2025-01-25 03:40:52 - NaN Check: 1 True
2025-01-25 03:40:52 - NaN Check: 2 True
2025-01-25 03:40:52 - NaN Check: 1 True
2025-01-25 03:40:52 - NaN Check: 2 True
2025-01-25 03:40:52 - NaN Check: 1 True
2025-01-25 03:40:52 - NaN Check: 2 True
2025-01-25 03:40:52 - NaN Check: 1 True
2025-01-25 03:40:52 - NaN Check: 2 True
2025-01-25 03:40:52 - NaN Check: 1 True
2025-01-25 03:40:52 - NaN Check: 2 True
2025-01-25 03:40:52 - NaN Check: 1 True
2025-01-25 03:40:52 - NaN Check: 2 True
2025-01-25 03:40:52 - NaN Check: 1 True
2025-01-25 03:40:52 - NaN Check: 2 True
2025-01-25 03:40:52 - NaN Check: 1 True
2025-01-25 03:40:52 - NaN Check: 2 True
2025-01-25 03:40:52 - NaN Check: 1 True
2025-01-25 03:40:52 - NaN Check: 2 True
2025-01-25 03:40:52 - NaN Check: 1 True
2025-01-25 03:40:52 - NaN Check: 2 True
2025-01-25 03:40:52 - NaN Check: 1 True
2025-01-25 03:40:52 - NaN Check: 2 True
2025-01-25 03:40:52 - NaN Check: 1 True
2025-01-25 03:40:52 - NaN Check: 2 True
2025-01-25 03:40:52 - NaN Check: 1 True
2025-01-25 03:40:52 - NaN Check: 2 True
2025-01-25 03:40:52 - NaN Check: 1 True
2025-01-25 03:40:52 - NaN Check: 2 True
2025-01-25 03:40:52 - NaN Check: 1 True
2025-01-25 03:40:52 - NaN Check: 2 True
2025-01-25 03:40:52 - NaN Check: 1 True
2025-01-25 03:40:52 - NaN Check: 2 True
2025-01-25 03:40:52 - NaN Check: 1 True
2025-01-25 03:40:52 - NaN Check: 2 True
2025-01-25 03:40:52 - NaN Check: 1 True
2025-01-25 03:40:52 - NaN Check: 2 True
2025-01-25 03:40:52 - NaN Check: 1 True
2025-01-25 03:40:52 - NaN Check: 2 True
2025-01-25 03:40:52 - NaN Check: 1 True
2025-01-25 03:40:52 - NaN Check: 2 True
2025-01-25 03:40:52 - NaN Check: 1 True
2025-01-25 03:40:52 - NaN Check: 2 True
2025-01-25 03:40:52 - NaN Check: 1 True
2025-01-25 03:40:52 - NaN Check: 2 True
2025-01-25 03:40:52 - NaN Check: 1 True
2025-01-25 03:40:52 - NaN Check: 2 True
2025-01-25 03:40:52 - NaN Check: 1 True
2025-01-25 03:40:52 - NaN Check: 2 True
2025-01-25 03:40:52 - NaN Check: 1 True
2025-01-25 03:40:52 - NaN Check: 2 True
2025-01-25 03:40:52 - NaN Check: 1 True
2025-01-25 03:40:52 - NaN Check: 2 True
2025-01-25 03:40:52 - NaN Check: 1 True
2025-01-25 03:40:52 - NaN Check: 2 True
2025-01-25 03:40:52 - NaN Check: 1 True
2025-01-25 03:40:52 - NaN Check: 2 True
2025-01-25 03:40:52 - Midi Index: 48 | Intensity: 32 | Note Name: C3
2025-01-25 03:40:52 - Midi Index: 69 | Intensity: 7 | Note Name: A4
2025-01-25 03:40:52 - 
Resonance: 0 | Inflow: NaN | Outflow: NaN | Overflow: NaN
- C3 | Intensity: 32
- A4 | Intensity: 7

- M13 | Intensity: 0 | Inflow: 0 | Outflow: NaN | Oveflow: NaN
False | True | True | True
2025-01-25 03:40:53 - NaN Check: 1 True
2025-01-25 03:40:53 - NaN Check: 2 True
2025-01-25 03:40:53 - NaN Check: 1 True
2025-01-25 03:40:53 - NaN Check: 2 True
2025-01-25 03:40:53 - NaN Check: 1 True
2025-01-25 03:40:53 - NaN Check: 2 True
2025-01-25 03:40:53 - NaN Check: 1 True
2025-01-25 03:40:53 - NaN Check: 2 True
2025-01-25 03:40:53 - NaN Check: 1 True
2025-01-25 03:40:53 - NaN Check: 2 True
2025-01-25 03:40:53 - NaN Check: 1 True
2025-01-25 03:40:53 - NaN Check: 2 True
2025-01-25 03:40:53 - NaN Check: 1 True
2025-01-25 03:40:53 - NaN Check: 2 True
2025-01-25 03:40:53 - delete success True - 12866109
2025-01-25 03:40:53 - add success True - 12866109
2025-01-25 03:40:53 - Midi Index: 70 | Intensity: 7 | Note Name: A#/Bb4
2025-01-25 03:40:53 - NaN Check: 1 True
2025-01-25 03:40:53 - NaN Check: 2 True
2025-01-25 03:40:53 - NaN Check: 1 True
2025-01-25 03:40:53 - NaN Check: 2 True
2025-01-25 03:40:53 - NaN Check: 1 True
2025-01-25 03:40:53 - NaN Check: 2 True
2025-01-25 03:40:53 - NaN Check: 1 True
2025-01-25 03:40:53 - NaN Check: 2 True
2025-01-25 03:40:53 - NaN Check: 1 True
2025-01-25 03:40:53 - NaN Check: 2 True
2025-01-25 03:40:53 - NaN Check: 1 True
2025-01-25 03:40:53 - NaN Check: 2 True
2025-01-25 03:40:53 - NaN Check: 1 True
2025-01-25 03:40:53 - NaN Check: 2 True
2025-01-25 03:40:53 - NaN Check: 1 True
2025-01-25 03:40:53 - NaN Check: 2 True
2025-01-25 03:40:53 - NaN Check: 1 True
2025-01-25 03:40:53 - NaN Check: 2 True
2025-01-25 03:40:53 - NaN Check: 1 True
2025-01-25 03:40:53 - NaN Check: 2 True
2025-01-25 03:40:53 - NaN Check: 1 True
2025-01-25 03:40:53 - NaN Check: 2 True
2025-01-25 03:40:53 - NaN Check: 1 True
2025-01-25 03:40:53 - NaN Check: 2 True
2025-01-25 03:40:53 - NaN Check: 1 True
2025-01-25 03:40:53 - NaN Check: 2 True
2025-01-25 03:40:53 - NaN Check: 1 True
2025-01-25 03:40:53 - NaN Check: 2 True
2025-01-25 03:40:53 - NaN Check: 1 True
2025-01-25 03:40:53 - NaN Check: 2 True
2025-01-25 03:40:53 - NaN Check: 1 True
2025-01-25 03:40:53 - NaN Check: 2 True
2025-01-25 03:40:53 - NaN Check: 1 True
2025-01-25 03:40:53 - NaN Check: 2 True
2025-01-25 03:40:53 - NaN Check: 1 True
2025-01-25 03:40:53 - NaN Check: 2 True
2025-01-25 03:40:53 - NaN Check: 1 True
2025-01-25 03:40:53 - NaN Check: 2 True
2025-01-25 03:40:53 - NaN Check: 1 True
2025-01-25 03:40:53 - NaN Check: 2 True
2025-01-25 03:40:53 - NaN Check: 1 True
2025-01-25 03:40:53 - NaN Check: 2 True
2025-01-25 03:40:53 - NaN Check: 1 True
2025-01-25 03:40:53 - NaN Check: 2 True
2025-01-25 03:40:53 - NaN Check: 1 True
2025-01-25 03:40:53 - NaN Check: 2 True
2025-01-25 03:40:53 - Midi Index: 48 | Intensity: 32 | Note Name: C3
2025-01-25 03:40:53 - Midi Index: 70 | Intensity: 7 | Note Name: A#/Bb4
2025-01-25 03:40:53 - 
Resonance: 0 | Inflow: NaN | Outflow: NaN | Overflow: NaN
- C3 | Intensity: 32
- A#/Bb4 | Intensity: 7

- m14 | Intensity: 14 | Inflow: 0 | Outflow: NaN | Oveflow: NaN
False | True | True | True
2025-01-25 03:40:54 - NaN Check: 1 True
2025-01-25 03:40:54 - NaN Check: 2 True
2025-01-25 03:40:54 - NaN Check: 1 True
2025-01-25 03:40:54 - NaN Check: 2 True
2025-01-25 03:40:54 - NaN Check: 1 True
2025-01-25 03:40:54 - NaN Check: 2 True
2025-01-25 03:40:54 - NaN Check: 1 True
2025-01-25 03:40:54 - NaN Check: 2 True
2025-01-25 03:40:54 - NaN Check: 1 True
2025-01-25 03:40:54 - NaN Check: 2 True
2025-01-25 03:40:54 - NaN Check: 1 True
2025-01-25 03:40:54 - NaN Check: 2 True
2025-01-25 03:40:54 - NaN Check: 1 True
2025-01-25 03:40:54 - NaN Check: 2 True
2025-01-25 03:40:54 - NaN Check: 1 True
2025-01-25 03:40:54 - NaN Check: 2 True
2025-01-25 03:40:54 - NaN Check: 1 True
2025-01-25 03:40:54 - NaN Check: 2 True
2025-01-25 03:40:54 - NaN Check: 1 True
2025-01-25 03:40:54 - NaN Check: 2 True
2025-01-25 03:40:54 - NaN Check: 1 True
2025-01-25 03:40:54 - NaN Check: 2 True
2025-01-25 03:40:54 - NaN Check: 1 True
2025-01-25 03:40:54 - NaN Check: 2 True
2025-01-25 03:40:54 - NaN Check: 1 True
2025-01-25 03:40:54 - NaN Check: 2 True
2025-01-25 03:40:54 - NaN Check: 1 True
2025-01-25 03:40:54 - NaN Check: 2 True
2025-01-25 03:40:54 - NaN Check: 1 True
2025-01-25 03:40:54 - NaN Check: 2 True
2025-01-25 03:40:54 - NaN Check: 1 True
2025-01-25 03:40:54 - NaN Check: 2 True
2025-01-25 03:40:54 - NaN Check: 1 True
2025-01-25 03:40:54 - NaN Check: 2 True
2025-01-25 03:40:54 - NaN Check: 1 True
2025-01-25 03:40:54 - NaN Check: 2 True
2025-01-25 03:40:54 - NaN Check: 1 True
2025-01-25 03:40:54 - NaN Check: 2 True
2025-01-25 03:40:54 - NaN Check: 1 True
2025-01-25 03:40:54 - NaN Check: 2 True
2025-01-25 03:40:54 - NaN Check: 1 True
2025-01-25 03:40:54 - NaN Check: 2 True
2025-01-25 03:40:54 - NaN Check: 1 True
2025-01-25 03:40:54 - NaN Check: 2 True
2025-01-25 03:40:54 - NaN Check: 1 True
2025-01-25 03:40:54 - NaN Check: 2 True
2025-01-25 03:40:54 - NaN Check: 1 True
2025-01-25 03:40:54 - NaN Check: 2 True
2025-01-25 03:40:54 - NaN Check: 1 True
2025-01-25 03:40:54 - NaN Check: 2 True
2025-01-25 03:40:54 - NaN Check: 1 True
2025-01-25 03:40:54 - NaN Check: 2 True
2025-01-25 03:40:54 - NaN Check: 1 True
2025-01-25 03:40:54 - NaN Check: 2 True
2025-01-25 03:40:54 - NaN Check: 1 True
2025-01-25 03:40:54 - NaN Check: 2 True
2025-01-25 03:40:54 - NaN Check: 1 True
2025-01-25 03:40:54 - NaN Check: 2 True
2025-01-25 03:40:54 - NaN Check: 1 True
2025-01-25 03:40:54 - NaN Check: 2 True
2025-01-25 03:40:54 - Midi Index: 48 | Intensity: 32 | Note Name: C3
2025-01-25 03:40:54 - Midi Index: 70 | Intensity: 8 | Note Name: A#/Bb4
2025-01-25 03:40:55 - 
Resonance: 0 | Inflow: NaN | Outflow: NaN | Overflow: NaN
- C3 | Intensity: 32
- A#/Bb4 | Intensity: 8

- m14 | Intensity: 14 | Inflow: 0 | Outflow: NaN | Oveflow: NaN
False | True | True | True
2025-01-25 03:40:55 - NaN Check: 1 True
2025-01-25 03:40:55 - NaN Check: 2 True
2025-01-25 03:40:55 - NaN Check: 1 True
2025-01-25 03:40:55 - NaN Check: 2 True
2025-01-25 03:40:55 - NaN Check: 1 True
2025-01-25 03:40:55 - NaN Check: 2 True
2025-01-25 03:40:55 - NaN Check: 1 True
2025-01-25 03:40:55 - NaN Check: 2 True
2025-01-25 03:40:55 - NaN Check: 1 True
2025-01-25 03:40:55 - NaN Check: 2 True
2025-01-25 03:40:55 - NaN Check: 1 True
2025-01-25 03:40:55 - NaN Check: 2 True
2025-01-25 03:40:55 - NaN Check: 1 True
2025-01-25 03:40:55 - NaN Check: 2 True
2025-01-25 03:40:55 - NaN Check: 1 True
2025-01-25 03:40:55 - NaN Check: 2 True
2025-01-25 03:40:55 - NaN Check: 1 True
2025-01-25 03:40:55 - NaN Check: 2 True
2025-01-25 03:40:55 - NaN Check: 1 True
2025-01-25 03:40:55 - NaN Check: 2 True
2025-01-25 03:40:55 - NaN Check: 1 True
2025-01-25 03:40:55 - NaN Check: 2 True
2025-01-25 03:40:55 - NaN Check: 1 True
2025-01-25 03:40:55 - NaN Check: 2 True
