2025-01-25 03:58:43 - Debugger session started.
2025-01-25 03:58:43 - NaN Check: False 1
2025-01-25 03:58:43 - NaN Check: False 2
2025-01-25 03:58:43 - LinkNode: 0 <- 0 / 1
2025-01-25 03:58:43 - NaN Check: False 1
2025-01-25 03:58:43 - NaN Check: False 2
2025-01-25 03:58:43 - LinkNode: 0 <- 0 / 1
2025-01-25 03:58:43 - NaN Check: False 1
2025-01-25 03:58:43 - NaN Check: False 2
2025-01-25 03:58:43 - LinkNode: 0 <- 0 / 1
2025-01-25 03:58:43 - NaN Check: False 1
2025-01-25 03:58:43 - NaN Check: False 2
2025-01-25 03:58:43 - LinkNode: 0 <- 0 / 1
2025-01-25 03:58:43 - NaN Check: False 1
2025-01-25 03:58:43 - NaN Check: False 2
2025-01-25 03:58:43 - LinkNode: 0 <- 0 / 1
2025-01-25 03:58:43 - NaN Check: False 1
2025-01-25 03:58:43 - NaN Check: False 2
2025-01-25 03:58:43 - LinkNode: 0 <- 0 / 1
2025-01-25 03:58:43 - NaN Check: False 1
2025-01-25 03:58:43 - NaN Check: False 2
2025-01-25 03:58:43 - LinkNode: 0 <- 0 / 1
2025-01-25 03:58:43 - NaN Check: False 1
2025-01-25 03:58:43 - NaN Check: False 2
2025-01-25 03:58:43 - LinkNode: 0 <- 0 / 1
2025-01-25 03:58:43 - NaN Check: False 1
2025-01-25 03:58:43 - NaN Check: False 2
2025-01-25 03:58:43 - LinkNode: 0 <- 0 / 1
2025-01-25 03:58:43 - NaN Check: False 1
2025-01-25 03:58:43 - NaN Check: False 2
2025-01-25 03:58:43 - LinkNode: 0 <- 0 / 1
2025-01-25 03:58:43 - NaN Check: False 1
2025-01-25 03:58:43 - NaN Check: False 2
2025-01-25 03:58:43 - LinkNode: 0 <- 0 / 1
2025-01-25 03:58:43 - NaN Check: False 1
2025-01-25 03:58:43 - NaN Check: False 2
2025-01-25 03:58:43 - LinkNode: 0 <- 0 / 1
2025-01-25 03:58:43 - NaN Check: False 1
2025-01-25 03:58:43 - NaN Check: False 2
2025-01-25 03:58:43 - LinkNode: 0 <- 0 / 1
2025-01-25 03:58:43 - NaN Check: False 1
2025-01-25 03:58:43 - NaN Check: False 2
2025-01-25 03:58:43 - LinkNode: 0 <- 0 / 1
2025-01-25 03:58:43 - NaN Check: False 1
2025-01-25 03:58:43 - NaN Check: False 2
2025-01-25 03:58:43 - LinkNode: 0 <- 0 / 1
2025-01-25 03:58:43 - NaN Check: False 1
2025-01-25 03:58:43 - NaN Check: False 2
2025-01-25 03:58:43 - LinkNode: 0 <- 0 / 1
2025-01-25 03:58:43 - NaN Check: False 1
2025-01-25 03:58:43 - NaN Check: False 2
2025-01-25 03:58:43 - LinkNode: 0 <- 0 / 1
2025-01-25 03:58:43 - NaN Check: False 1
2025-01-25 03:58:43 - NaN Check: False 2
2025-01-25 03:58:43 - LinkNode: 0 <- 0 / 1
2025-01-25 03:58:43 - NaN Check: False 1
2025-01-25 03:58:43 - NaN Check: False 2
2025-01-25 03:58:43 - LinkNode: 0 <- 0 / 1
2025-01-25 03:58:43 - NaN Check: False 1
2025-01-25 03:58:43 - NaN Check: False 2
2025-01-25 03:58:43 - LinkNode: 0 <- 0 / 1
2025-01-25 03:58:43 - NaN Check: False 1
2025-01-25 03:58:43 - NaN Check: False 2
2025-01-25 03:58:43 - LinkNode: 0 <- 0 / 1
2025-01-25 03:58:43 - NaN Check: False 1
2025-01-25 03:58:43 - NaN Check: False 2
2025-01-25 03:58:43 - LinkNode: 0 <- 0 / 1
2025-01-25 03:58:43 - NaN Check: False 1
2025-01-25 03:58:43 - NaN Check: False 2
2025-01-25 03:58:43 - LinkNode: 0 <- 0 / 1
2025-01-25 03:58:43 - NaN Check: False 1
2025-01-25 03:58:43 - NaN Check: False 2
2025-01-25 03:58:43 - LinkNode: 0 <- 0 / 1
2025-01-25 03:58:43 - NaN Check: False 1
2025-01-25 03:58:43 - NaN Check: False 2
2025-01-25 03:58:43 - LinkNode: 0 <- 0 / 1
2025-01-25 03:58:43 - NaN Check: False 1
2025-01-25 03:58:43 - NaN Check: False 2
2025-01-25 03:58:43 - LinkNode: 0 <- 0 / 1
2025-01-25 03:58:43 - NaN Check: False 1
2025-01-25 03:58:43 - NaN Check: False 2
2025-01-25 03:58:43 - LinkNode: 0 <- 0 / 1
2025-01-25 03:58:43 - NaN Check: False 1
2025-01-25 03:58:43 - NaN Check: False 2
2025-01-25 03:58:43 - LinkNode: 0 <- 0 / 1
2025-01-25 03:58:43 - NaN Check: False 1
2025-01-25 03:58:43 - NaN Check: False 2
2025-01-25 03:58:43 - LinkNode: 0 <- 0 / 1
2025-01-25 03:58:43 - NaN Check: False 1
2025-01-25 03:58:43 - NaN Check: False 2
2025-01-25 03:58:43 - LinkNode: 0 <- 0 / 1
2025-01-25 03:58:43 - NaN Check: False 1
2025-01-25 03:58:43 - NaN Check: False 2
2025-01-25 03:58:43 - LinkNode: 0 <- 0 / 1
2025-01-25 03:58:43 - NaN Check: False 1
2025-01-25 03:58:43 - NaN Check: False 2
2025-01-25 03:58:43 - LinkNode: 0 <- 0 / 1
2025-01-25 03:58:43 - NaN Check: False 1
2025-01-25 03:58:43 - NaN Check: False 2
2025-01-25 03:58:43 - LinkNode: 0 <- 0 / 1
2025-01-25 03:58:43 - NaN Check: False 1
2025-01-25 03:58:43 - NaN Check: False 2
2025-01-25 03:58:43 - LinkNode: 0 <- 0 / 1
2025-01-25 03:58:43 - NaN Check: False 1
2025-01-25 03:58:43 - NaN Check: False 2
2025-01-25 03:58:43 - LinkNode: 0 <- 0 / 1
2025-01-25 03:58:43 - NaN Check: False 1
2025-01-25 03:58:43 - NaN Check: False 2
2025-01-25 03:58:43 - LinkNode: 0 <- 0 / 1
2025-01-25 03:58:43 - NaN Check: False 1
2025-01-25 03:58:43 - NaN Check: False 2
2025-01-25 03:58:43 - LinkNode: 0 <- 0 / 1
2025-01-25 03:58:43 - NaN Check: False 1
2025-01-25 03:58:43 - NaN Check: False 2
2025-01-25 03:58:43 - LinkNode: 0 <- 0 / 1
2025-01-25 03:58:43 - NaN Check: False 1
2025-01-25 03:58:43 - NaN Check: False 2
2025-01-25 03:58:43 - LinkNode: 0 <- 0 / 1
2025-01-25 03:58:43 - NaN Check: False 1
2025-01-25 03:58:43 - NaN Check: False 2
2025-01-25 03:58:43 - LinkNode: 0 <- 0 / 1
2025-01-25 03:58:43 - NaN Check: False 1
2025-01-25 03:58:43 - NaN Check: False 2
2025-01-25 03:58:43 - LinkNode: 0 <- 0 / 1
2025-01-25 03:58:43 - NaN Check: False 1
2025-01-25 03:58:43 - NaN Check: False 2
2025-01-25 03:58:43 - LinkNode: 0 <- 0 / 1
2025-01-25 03:58:43 - NaN Check: False 1
2025-01-25 03:58:43 - NaN Check: False 2
2025-01-25 03:58:43 - LinkNode: 0 <- 0 / 1
2025-01-25 03:58:43 - NaN Check: False 1
2025-01-25 03:58:43 - NaN Check: False 2
2025-01-25 03:58:43 - LinkNode: 0 <- 0 / 1
2025-01-25 03:58:43 - NaN Check: False 1
2025-01-25 03:58:43 - NaN Check: False 2
2025-01-25 03:58:43 - LinkNode: 0 <- 0 / 1
2025-01-25 03:58:43 - NaN Check: False 1
2025-01-25 03:58:43 - NaN Check: False 2
2025-01-25 03:58:43 - LinkNode: 0 <- 0 / 1
2025-01-25 03:58:44 - NaN Check: False 1
2025-01-25 03:58:44 - NaN Check: False 2
2025-01-25 03:58:44 - LinkNode: 0 <- 0 / 1
2025-01-25 03:58:44 - NaN Check: False 1
2025-01-25 03:58:44 - NaN Check: False 2
2025-01-25 03:58:44 - LinkNode: 0 <- 0 / 1
2025-01-25 03:58:44 - NaN Check: False 1
2025-01-25 03:58:44 - NaN Check: False 2
2025-01-25 03:58:44 - LinkNode: 0 <- 0 / 1
2025-01-25 03:58:44 - NaN Check: False 1
2025-01-25 03:58:44 - NaN Check: False 2
2025-01-25 03:58:44 - LinkNode: 0 <- 0 / 1
2025-01-25 03:58:44 - NaN Check: False 1
2025-01-25 03:58:44 - NaN Check: False 2
2025-01-25 03:58:44 - LinkNode: 0 <- 0 / 1
2025-01-25 03:58:44 - Midi Index: 48 | Intensity: 32 | Note Name: C3
2025-01-25 03:58:44 - 
Resonance: 0 | Inflow: 0 | Outflow: 0 | Overflow: 0
- C3 | Intensity: 32

False | False | False | False
2025-01-25 03:58:44 - NaN Check: False 1
2025-01-25 03:58:44 - NaN Check: False 2
2025-01-25 03:58:44 - LinkNode: 0 <- 0 / 1
2025-01-25 03:58:44 - NaN Check: False 1
2025-01-25 03:58:44 - NaN Check: False 2
2025-01-25 03:58:44 - LinkNode: 0 <- 0 / 1
2025-01-25 03:58:44 - NaN Check: False 1
2025-01-25 03:58:44 - NaN Check: False 2
2025-01-25 03:58:44 - LinkNode: 0 <- 0 / 1
2025-01-25 03:58:44 - NaN Check: False 1
2025-01-25 03:58:44 - NaN Check: False 2
2025-01-25 03:58:44 - LinkNode: 0 <- 0 / 1
2025-01-25 03:58:44 - NaN Check: False 1
2025-01-25 03:58:44 - NaN Check: False 2
2025-01-25 03:58:44 - LinkNode: 0 <- 0 / 1
2025-01-25 03:58:44 - NaN Check: False 1
2025-01-25 03:58:44 - NaN Check: False 2
2025-01-25 03:58:44 - LinkNode: 0 <- 0 / 1
2025-01-25 03:58:44 - NaN Check: False 1
2025-01-25 03:58:44 - NaN Check: False 2
2025-01-25 03:58:44 - LinkNode: 0 <- 0 / 1
2025-01-25 03:58:44 - NaN Check: False 1
2025-01-25 03:58:44 - NaN Check: False 2
2025-01-25 03:58:44 - LinkNode: 0 <- 0 / 1
2025-01-25 03:58:44 - NaN Check: False 1
2025-01-25 03:58:44 - NaN Check: False 2
2025-01-25 03:58:44 - LinkNode: 0 <- 0 / 1
2025-01-25 03:58:44 - NaN Check: False 1
2025-01-25 03:58:44 - NaN Check: False 2
2025-01-25 03:58:44 - LinkNode: 0 <- 0 / 1
2025-01-25 03:58:44 - NaN Check: False 1
2025-01-25 03:58:44 - NaN Check: False 2
2025-01-25 03:58:44 - LinkNode: 0 <- 0 / 1
2025-01-25 03:58:44 - NaN Check: False 1
2025-01-25 03:58:44 - NaN Check: False 2
2025-01-25 03:58:44 - LinkNode: 0 <- 0 / 1
2025-01-25 03:58:44 - NaN Check: False 1
2025-01-25 03:58:44 - NaN Check: False 2
2025-01-25 03:58:44 - LinkNode: 0 <- 0 / 1
2025-01-25 03:58:44 - NaN Check: False 1
2025-01-25 03:58:44 - NaN Check: False 2
2025-01-25 03:58:44 - LinkNode: 0 <- 0 / 1
2025-01-25 03:58:44 - NaN Check: False 1
2025-01-25 03:58:44 - NaN Check: False 2
2025-01-25 03:58:44 - LinkNode: 0 <- 0 / 1
2025-01-25 03:58:44 - NaN Check: False 1
2025-01-25 03:58:44 - NaN Check: False 2
2025-01-25 03:58:44 - LinkNode: 0 <- 0 / 1
2025-01-25 03:58:44 - NaN Check: False 1
2025-01-25 03:58:44 - NaN Check: False 2
2025-01-25 03:58:44 - LinkNode: 0 <- 0 / 1
2025-01-25 03:58:44 - NaN Check: False 1
2025-01-25 03:58:44 - NaN Check: False 2
2025-01-25 03:58:44 - LinkNode: 0 <- 0 / 1
2025-01-25 03:58:44 - NaN Check: False 1
2025-01-25 03:58:44 - NaN Check: False 2
2025-01-25 03:58:44 - LinkNode: 0 <- 0 / 1
2025-01-25 03:58:44 - NaN Check: False 1
2025-01-25 03:58:44 - NaN Check: False 2
2025-01-25 03:58:44 - LinkNode: 0 <- 0 / 1
2025-01-25 03:58:44 - NaN Check: False 1
2025-01-25 03:58:44 - NaN Check: False 2
2025-01-25 03:58:44 - LinkNode: 0 <- 0 / 1
2025-01-25 03:58:44 - NaN Check: False 1
2025-01-25 03:58:44 - NaN Check: False 2
2025-01-25 03:58:44 - LinkNode: 0 <- 0 / 1
2025-01-25 03:58:44 - NaN Check: False 1
2025-01-25 03:58:44 - NaN Check: False 2
2025-01-25 03:58:44 - LinkNode: 0 <- 0 / 1
2025-01-25 03:58:44 - NaN Check: False 1
2025-01-25 03:58:44 - NaN Check: False 2
2025-01-25 03:58:44 - LinkNode: 0 <- 0 / 1
2025-01-25 03:58:44 - NaN Check: False 1
2025-01-25 03:58:44 - NaN Check: False 2
2025-01-25 03:58:44 - LinkNode: 0 <- 0 / 1
2025-01-25 03:58:44 - NaN Check: False 1
2025-01-25 03:58:44 - NaN Check: False 2
2025-01-25 03:58:44 - LinkNode: 0 <- 0 / 1
2025-01-25 03:58:44 - NaN Check: False 1
2025-01-25 03:58:44 - NaN Check: False 2
2025-01-25 03:58:44 - LinkNode: 0 <- 0 / 1
2025-01-25 03:58:44 - NaN Check: False 1
2025-01-25 03:58:44 - NaN Check: False 2
2025-01-25 03:58:44 - LinkNode: 0 <- 0 / 1
2025-01-25 03:58:44 - NaN Check: False 1
2025-01-25 03:58:44 - NaN Check: False 2
2025-01-25 03:58:44 - LinkNode: 0 <- 0 / 1
2025-01-25 03:58:44 - NaN Check: False 1
2025-01-25 03:58:44 - NaN Check: False 2
2025-01-25 03:58:44 - LinkNode: 0 <- 0 / 1
2025-01-25 03:58:44 - NaN Check: False 1
2025-01-25 03:58:44 - NaN Check: False 2
2025-01-25 03:58:44 - LinkNode: 0 <- 0 / 1
2025-01-25 03:58:44 - NaN Check: False 1
2025-01-25 03:58:44 - NaN Check: False 2
2025-01-25 03:58:44 - LinkNode: 0 <- 0 / 1
2025-01-25 03:58:44 - NaN Check: False 1
2025-01-25 03:58:44 - NaN Check: False 2
2025-01-25 03:58:44 - LinkNode: 0 <- 0 / 1
2025-01-25 03:58:44 - NaN Check: False 1
2025-01-25 03:58:44 - NaN Check: False 2
2025-01-25 03:58:44 - LinkNode: 0 <- 0 / 1
2025-01-25 03:58:44 - NaN Check: False 1
2025-01-25 03:58:44 - NaN Check: False 2
2025-01-25 03:58:44 - LinkNode: 0 <- 0 / 1
2025-01-25 03:58:44 - NaN Check: False 1
2025-01-25 03:58:44 - NaN Check: False 2
2025-01-25 03:58:44 - LinkNode: 0 <- 0 / 1
2025-01-25 03:58:44 - NaN Check: False 1
2025-01-25 03:58:44 - NaN Check: False 2
2025-01-25 03:58:44 - LinkNode: 0 <- 0 / 1
2025-01-25 03:58:44 - NaN Check: False 1
2025-01-25 03:58:44 - NaN Check: False 2
2025-01-25 03:58:44 - LinkNode: 0 <- 0 / 1
2025-01-25 03:58:44 - NaN Check: False 1
2025-01-25 03:58:44 - NaN Check: False 2
2025-01-25 03:58:44 - LinkNode: 0 <- 0 / 1
2025-01-25 03:58:44 - NaN Check: False 1
2025-01-25 03:58:44 - NaN Check: False 2
2025-01-25 03:58:44 - LinkNode: 0 <- 0 / 1
2025-01-25 03:58:44 - NaN Check: False 1
2025-01-25 03:58:44 - NaN Check: False 2
2025-01-25 03:58:44 - LinkNode: 0 <- 0 / 1
2025-01-25 03:58:44 - NaN Check: False 1
2025-01-25 03:58:44 - NaN Check: False 2
2025-01-25 03:58:44 - LinkNode: 0 <- 0 / 1
2025-01-25 03:58:44 - NaN Check: False 1
2025-01-25 03:58:44 - NaN Check: False 2
2025-01-25 03:58:44 - LinkNode: 0 <- 0 / 1
2025-01-25 03:58:44 - NaN Check: False 1
2025-01-25 03:58:44 - NaN Check: False 2
2025-01-25 03:58:44 - LinkNode: 0 <- 0 / 1
2025-01-25 03:58:44 - NaN Check: False 1
2025-01-25 03:58:44 - NaN Check: False 2
2025-01-25 03:58:44 - LinkNode: 0 <- 0 / 1
2025-01-25 03:58:44 - NaN Check: False 1
2025-01-25 03:58:44 - NaN Check: False 2
2025-01-25 03:58:44 - LinkNode: 0 <- 0 / 1
2025-01-25 03:58:44 - NaN Check: False 1
2025-01-25 03:58:44 - NaN Check: False 2
2025-01-25 03:58:44 - LinkNode: 0 <- 0 / 1
2025-01-25 03:58:44 - NaN Check: False 1
2025-01-25 03:58:44 - NaN Check: False 2
2025-01-25 03:58:44 - LinkNode: 0 <- 0 / 1
2025-01-25 03:58:44 - NaN Check: False 1
2025-01-25 03:58:44 - NaN Check: False 2
2025-01-25 03:58:44 - LinkNode: 0 <- 0 / 1
2025-01-25 03:58:44 - NaN Check: False 1
2025-01-25 03:58:44 - NaN Check: False 2
2025-01-25 03:58:44 - LinkNode: 0 <- 0 / 1
2025-01-25 03:58:44 - NaN Check: False 1
2025-01-25 03:58:44 - NaN Check: False 2
2025-01-25 03:58:44 - LinkNode: 0 <- 0 / 1
2025-01-25 03:58:44 - NaN Check: False 1
2025-01-25 03:58:44 - NaN Check: False 2
2025-01-25 03:58:44 - LinkNode: 0 <- 0 / 1
2025-01-25 03:58:44 - NaN Check: False 1
2025-01-25 03:58:44 - NaN Check: False 2
2025-01-25 03:58:44 - LinkNode: 0 <- 0 / 1
2025-01-25 03:58:44 - NaN Check: False 1
2025-01-25 03:58:44 - NaN Check: False 2
2025-01-25 03:58:44 - LinkNode: 0 <- 0 / 1
2025-01-25 03:58:44 - NaN Check: False 1
2025-01-25 03:58:44 - NaN Check: False 2
2025-01-25 03:58:44 - LinkNode: 0 <- 0 / 1
2025-01-25 03:58:45 - NaN Check: False 1
2025-01-25 03:58:45 - NaN Check: False 2
2025-01-25 03:58:45 - LinkNode: 0 <- 0 / 1
2025-01-25 03:58:45 - NaN Check: False 1
2025-01-25 03:58:45 - NaN Check: False 2
2025-01-25 03:58:45 - LinkNode: 0 <- 0 / 1
2025-01-25 03:58:45 - NaN Check: False 1
2025-01-25 03:58:45 - NaN Check: False 2
2025-01-25 03:58:45 - LinkNode: 0 <- 0 / 1
2025-01-25 03:58:45 - NaN Check: False 1
2025-01-25 03:58:45 - NaN Check: False 2
2025-01-25 03:58:45 - LinkNode: 0 <- 0 / 1
2025-01-25 03:58:45 - NaN Check: False 1
2025-01-25 03:58:45 - NaN Check: False 2
2025-01-25 03:58:45 - LinkNode: 0 <- 0 / 1
2025-01-25 03:58:45 - Midi Index: 48 | Intensity: 32 | Note Name: C3
2025-01-25 03:58:45 - 
Resonance: 0 | Inflow: 0 | Outflow: 0 | Overflow: 0
- C3 | Intensity: 32

False | False | False | False
2025-01-25 03:58:45 - NaN Check: False 1
2025-01-25 03:58:45 - NaN Check: False 2
2025-01-25 03:58:45 - LinkNode: 0 <- 0 / 1
2025-01-25 03:58:45 - NaN Check: False 1
2025-01-25 03:58:45 - NaN Check: False 2
2025-01-25 03:58:45 - LinkNode: 0 <- 0 / 1
2025-01-25 03:58:45 - NaN Check: False 1
2025-01-25 03:58:45 - NaN Check: False 2
2025-01-25 03:58:45 - LinkNode: 0 <- 0 / 1
2025-01-25 03:58:45 - NaN Check: False 1
2025-01-25 03:58:45 - NaN Check: False 2
2025-01-25 03:58:45 - LinkNode: 0 <- 0 / 1
2025-01-25 03:58:45 - NaN Check: False 1
2025-01-25 03:58:45 - NaN Check: False 2
2025-01-25 03:58:45 - LinkNode: 0 <- 0 / 1
2025-01-25 03:58:45 - NaN Check: False 1
2025-01-25 03:58:45 - NaN Check: False 2
2025-01-25 03:58:45 - LinkNode: 0 <- 0 / 1
2025-01-25 03:58:45 - NaN Check: False 1
2025-01-25 03:58:45 - NaN Check: False 2
2025-01-25 03:58:45 - LinkNode: 0 <- 0 / 1
2025-01-25 03:58:45 - NaN Check: False 1
2025-01-25 03:58:45 - NaN Check: False 2
2025-01-25 03:58:45 - LinkNode: 0 <- 0 / 1
2025-01-25 03:58:45 - NaN Check: False 1
2025-01-25 03:58:45 - NaN Check: False 2
2025-01-25 03:58:45 - LinkNode: 0 <- 0 / 1
2025-01-25 03:58:45 - NaN Check: False 1
2025-01-25 03:58:45 - NaN Check: False 2
2025-01-25 03:58:45 - LinkNode: 0 <- 0 / 1
2025-01-25 03:58:45 - NaN Check: False 1
2025-01-25 03:58:45 - NaN Check: False 2
2025-01-25 03:58:45 - LinkNode: 0 <- 0 / 1
2025-01-25 03:58:45 - NaN Check: False 1
2025-01-25 03:58:45 - NaN Check: False 2
2025-01-25 03:58:45 - LinkNode: 0 <- 0 / 1
2025-01-25 03:58:45 - NaN Check: False 1
2025-01-25 03:58:45 - NaN Check: False 2
2025-01-25 03:58:45 - LinkNode: 0 <- 0 / 1
2025-01-25 03:58:45 - NaN Check: False 1
2025-01-25 03:58:45 - NaN Check: False 2
2025-01-25 03:58:45 - LinkNode: 0 <- 0 / 1
2025-01-25 03:58:45 - NaN Check: False 1
2025-01-25 03:58:45 - NaN Check: False 2
2025-01-25 03:58:45 - LinkNode: 0 <- 0 / 1
2025-01-25 03:58:45 - NaN Check: False 1
2025-01-25 03:58:45 - NaN Check: False 2
2025-01-25 03:58:45 - LinkNode: 0 <- 0 / 1
2025-01-25 03:58:45 - NaN Check: False 1
2025-01-25 03:58:45 - NaN Check: False 2
2025-01-25 03:58:45 - LinkNode: 0 <- 0 / 1
2025-01-25 03:58:45 - NaN Check: False 1
2025-01-25 03:58:45 - NaN Check: False 2
2025-01-25 03:58:45 - LinkNode: 0 <- 0 / 1
2025-01-25 03:58:45 - NaN Check: False 1
2025-01-25 03:58:45 - NaN Check: False 2
2025-01-25 03:58:45 - LinkNode: 0 <- 0 / 1
2025-01-25 03:58:45 - NaN Check: False 1
2025-01-25 03:58:45 - NaN Check: False 2
2025-01-25 03:58:45 - LinkNode: 0 <- 0 / 1
2025-01-25 03:58:45 - NaN Check: False 1
2025-01-25 03:58:45 - NaN Check: False 2
2025-01-25 03:58:45 - LinkNode: 0 <- 0 / 1
2025-01-25 03:58:45 - NaN Check: False 1
2025-01-25 03:58:45 - NaN Check: False 2
2025-01-25 03:58:45 - LinkNode: 0 <- 0 / 1
2025-01-25 03:58:45 - NaN Check: False 1
2025-01-25 03:58:45 - NaN Check: False 2
2025-01-25 03:58:45 - LinkNode: 0 <- 0 / 1
2025-01-25 03:58:45 - NaN Check: False 1
2025-01-25 03:58:45 - NaN Check: False 2
2025-01-25 03:58:45 - LinkNode: 0 <- 0 / 1
2025-01-25 03:58:45 - NaN Check: False 1
2025-01-25 03:58:45 - NaN Check: False 2
2025-01-25 03:58:45 - LinkNode: 0 <- 0 / 1
2025-01-25 03:58:45 - NaN Check: False 1
2025-01-25 03:58:45 - NaN Check: False 2
2025-01-25 03:58:45 - LinkNode: 0 <- 0 / 1
2025-01-25 03:58:45 - NaN Check: False 1
2025-01-25 03:58:45 - NaN Check: False 2
2025-01-25 03:58:45 - LinkNode: 0 <- 0 / 1
2025-01-25 03:58:45 - NaN Check: False 1
2025-01-25 03:58:45 - NaN Check: False 2
2025-01-25 03:58:45 - LinkNode: 0 <- 0 / 1
2025-01-25 03:58:45 - NaN Check: False 1
2025-01-25 03:58:45 - NaN Check: False 2
2025-01-25 03:58:45 - LinkNode: 0 <- 0 / 1
2025-01-25 03:58:45 - NaN Check: False 1
2025-01-25 03:58:45 - NaN Check: False 2
2025-01-25 03:58:45 - LinkNode: 0 <- 0 / 1
2025-01-25 03:58:45 - NaN Check: False 1
2025-01-25 03:58:45 - NaN Check: False 2
2025-01-25 03:58:45 - LinkNode: 0 <- 0 / 1
2025-01-25 03:58:45 - NaN Check: False 1
2025-01-25 03:58:45 - NaN Check: False 2
2025-01-25 03:58:45 - LinkNode: 0 <- 0 / 1
2025-01-25 03:58:45 - NaN Check: False 1
2025-01-25 03:58:45 - NaN Check: False 2
2025-01-25 03:58:45 - LinkNode: 0 <- 0 / 1
2025-01-25 03:58:45 - NaN Check: False 1
2025-01-25 03:58:45 - NaN Check: False 2
2025-01-25 03:58:45 - LinkNode: 0 <- 0 / 1
2025-01-25 03:58:45 - NaN Check: False 1
2025-01-25 03:58:45 - NaN Check: False 2
2025-01-25 03:58:45 - LinkNode: 0 <- 0 / 1
2025-01-25 03:58:45 - NaN Check: False 1
2025-01-25 03:58:45 - NaN Check: False 2
2025-01-25 03:58:45 - LinkNode: 0 <- 0 / 1
2025-01-25 03:58:45 - NaN Check: False 1
2025-01-25 03:58:45 - NaN Check: False 2
2025-01-25 03:58:45 - LinkNode: 0 <- 0 / 1
2025-01-25 03:58:46 - NaN Check: False 1
2025-01-25 03:58:46 - NaN Check: False 2
2025-01-25 03:58:46 - LinkNode: 0 <- 0 / 1
2025-01-25 03:58:46 - NaN Check: False 1
2025-01-25 03:58:46 - NaN Check: False 2
2025-01-25 03:58:46 - LinkNode: 0 <- 0 / 1
2025-01-25 03:58:46 - add success True - 15585492
2025-01-25 03:58:46 - Midi Index: 69 | Intensity: 0 | Note Name: A4
2025-01-25 03:58:46 - NaN Check: False 1
2025-01-25 03:58:46 - NaN Check: False 2
2025-01-25 03:58:46 - LinkNode: 0 <- 1 / 2
2025-01-25 03:58:46 - Midi Index: 48 | Intensity: 32 | Note Name: C3
2025-01-25 03:58:46 - Midi Index: 69 | Intensity: 0 | Note Name: A4
2025-01-25 03:58:46 - 
Resonance: 0 | Inflow: 0 | Outflow: 0 | Overflow: 0
- C3 | Intensity: 32
- A4 | Intensity: 0

- M13 | Intensity: 0 | Inflow: 0 | Outflow: 0 | Oveflow: 0
False | False | False | False
2025-01-25 03:58:46 - NaN Check: False 1
2025-01-25 03:58:46 - NaN Check: False 2
2025-01-25 03:58:46 - LinkNode: 0 <- 1 / 2
2025-01-25 03:58:46 - NaN Check: False 1
2025-01-25 03:58:46 - NaN Check: False 2
2025-01-25 03:58:46 - LinkNode: 0 <- 1 / 2
2025-01-25 03:58:46 - NaN Check: False 1
2025-01-25 03:58:46 - NaN Check: False 2
2025-01-25 03:58:46 - LinkNode: 0 <- 1 / 2
2025-01-25 03:58:46 - NaN Check: False 1
2025-01-25 03:58:46 - NaN Check: False 2
2025-01-25 03:58:46 - LinkNode: 0 <- 1 / 2
2025-01-25 03:58:46 - NaN Check: False 1
2025-01-25 03:58:46 - NaN Check: False 2
2025-01-25 03:58:46 - LinkNode: 0 <- 1 / 2
2025-01-25 03:58:46 - NaN Check: False 1
2025-01-25 03:58:46 - NaN Check: False 2
2025-01-25 03:58:46 - LinkNode: 0 <- 1 / 2
2025-01-25 03:58:46 - NaN Check: False 1
2025-01-25 03:58:46 - NaN Check: False 2
2025-01-25 03:58:46 - LinkNode: 0 <- 1 / 2
2025-01-25 03:58:46 - NaN Check: False 1
2025-01-25 03:58:46 - NaN Check: False 2
2025-01-25 03:58:46 - LinkNode: 0 <- 1 / 2
2025-01-25 03:58:46 - NaN Check: False 1
2025-01-25 03:58:46 - NaN Check: False 2
2025-01-25 03:58:46 - LinkNode: 0 <- 1 / 2
2025-01-25 03:58:46 - NaN Check: False 1
2025-01-25 03:58:46 - NaN Check: False 2
2025-01-25 03:58:46 - LinkNode: 0 <- 1 / 2
2025-01-25 03:58:46 - NaN Check: False 1
2025-01-25 03:58:46 - NaN Check: False 2
2025-01-25 03:58:46 - LinkNode: 0 <- 1 / 2
2025-01-25 03:58:46 - NaN Check: False 1
2025-01-25 03:58:46 - NaN Check: False 2
2025-01-25 03:58:46 - LinkNode: 0 <- 1 / 2
2025-01-25 03:58:46 - NaN Check: False 1
2025-01-25 03:58:46 - NaN Check: False 2
2025-01-25 03:58:46 - LinkNode: 0 <- 1 / 2
2025-01-25 03:58:46 - NaN Check: False 1
2025-01-25 03:58:46 - NaN Check: False 2
2025-01-25 03:58:46 - LinkNode: 0 <- 1 / 2
2025-01-25 03:58:46 - NaN Check: False 1
2025-01-25 03:58:46 - NaN Check: False 2
2025-01-25 03:58:46 - LinkNode: 0 <- 1 / 2
2025-01-25 03:58:46 - NaN Check: False 1
2025-01-25 03:58:46 - NaN Check: False 2
2025-01-25 03:58:46 - LinkNode: 0 <- 1 / 2
2025-01-25 03:58:46 - NaN Check: False 1
2025-01-25 03:58:46 - NaN Check: False 2
2025-01-25 03:58:46 - LinkNode: 0 <- 1 / 2
2025-01-25 03:58:46 - NaN Check: False 1
2025-01-25 03:58:46 - NaN Check: False 2
2025-01-25 03:58:46 - LinkNode: 0 <- 1 / 2
2025-01-25 03:58:46 - NaN Check: False 1
2025-01-25 03:58:46 - NaN Check: False 2
2025-01-25 03:58:46 - LinkNode: 0 <- 1 / 2
2025-01-25 03:58:46 - NaN Check: False 1
2025-01-25 03:58:46 - NaN Check: False 2
2025-01-25 03:58:46 - LinkNode: 0 <- 1 / 2
2025-01-25 03:58:46 - NaN Check: False 1
2025-01-25 03:58:46 - NaN Check: False 2
2025-01-25 03:58:46 - LinkNode: 0 <- 1 / 2
2025-01-25 03:58:46 - NaN Check: False 1
2025-01-25 03:58:46 - NaN Check: False 2
2025-01-25 03:58:46 - LinkNode: 0 <- 1 / 2
2025-01-25 03:58:46 - NaN Check: False 1
2025-01-25 03:58:46 - NaN Check: False 2
2025-01-25 03:58:46 - LinkNode: 0 <- 1 / 2
2025-01-25 03:58:46 - NaN Check: False 1
2025-01-25 03:58:46 - NaN Check: False 2
2025-01-25 03:58:46 - LinkNode: 0 <- 1 / 2
2025-01-25 03:58:46 - NaN Check: False 1
2025-01-25 03:58:46 - NaN Check: False 2
2025-01-25 03:58:46 - LinkNode: 0 <- 1 / 2
2025-01-25 03:58:46 - NaN Check: False 1
2025-01-25 03:58:46 - NaN Check: False 2
2025-01-25 03:58:46 - LinkNode: 0 <- 1 / 2
2025-01-25 03:58:46 - NaN Check: False 1
2025-01-25 03:58:46 - NaN Check: False 2
2025-01-25 03:58:46 - LinkNode: 0 <- 1 / 2
2025-01-25 03:58:47 - NaN Check: False 1
2025-01-25 03:58:47 - NaN Check: False 2
2025-01-25 03:58:47 - LinkNode: 0 <- 1 / 2
2025-01-25 03:58:47 - NaN Check: False 1
2025-01-25 03:58:47 - NaN Check: False 2
2025-01-25 03:58:47 - LinkNode: 0 <- 1 / 2
2025-01-25 03:58:47 - NaN Check: False 1
2025-01-25 03:58:47 - NaN Check: False 2
2025-01-25 03:58:47 - LinkNode: 0 <- 1 / 2
2025-01-25 03:58:47 - Midi Index: 48 | Intensity: 32 | Note Name: C3
2025-01-25 03:58:47 - Midi Index: 69 | Intensity: 1 | Note Name: A4
2025-01-25 03:58:47 - 
Resonance: 0 | Inflow: 0 | Outflow: 0 | Overflow: 0
- C3 | Intensity: 32
- A4 | Intensity: 1

- M13 | Intensity: 0 | Inflow: 0 | Outflow: 0 | Oveflow: 0
False | False | False | False
2025-01-25 03:58:47 - NaN Check: False 1
2025-01-25 03:58:47 - NaN Check: False 2
2025-01-25 03:58:47 - LinkNode: 0 <- 1 / 2
2025-01-25 03:58:47 - NaN Check: False 1
2025-01-25 03:58:47 - NaN Check: False 2
2025-01-25 03:58:47 - LinkNode: 0 <- 1 / 2
2025-01-25 03:58:47 - NaN Check: False 1
2025-01-25 03:58:47 - NaN Check: False 2
2025-01-25 03:58:47 - LinkNode: 0 <- 1 / 2
2025-01-25 03:58:47 - NaN Check: False 1
2025-01-25 03:58:47 - NaN Check: False 2
2025-01-25 03:58:47 - LinkNode: 0 <- 1 / 2
2025-01-25 03:58:47 - NaN Check: False 1
2025-01-25 03:58:47 - NaN Check: False 2
2025-01-25 03:58:47 - LinkNode: 0 <- 1 / 2
2025-01-25 03:58:47 - NaN Check: False 1
2025-01-25 03:58:47 - NaN Check: False 2
2025-01-25 03:58:47 - LinkNode: 0 <- 1 / 2
2025-01-25 03:58:47 - NaN Check: False 1
2025-01-25 03:58:47 - NaN Check: False 2
2025-01-25 03:58:47 - LinkNode: 0 <- 1 / 2
2025-01-25 03:58:47 - NaN Check: False 1
2025-01-25 03:58:47 - NaN Check: False 2
2025-01-25 03:58:47 - LinkNode: 0 <- 1 / 2
2025-01-25 03:58:47 - NaN Check: False 1
2025-01-25 03:58:47 - NaN Check: False 2
2025-01-25 03:58:47 - LinkNode: 0 <- 1 / 2
2025-01-25 03:58:47 - NaN Check: False 1
2025-01-25 03:58:47 - NaN Check: False 2
2025-01-25 03:58:47 - LinkNode: 0 <- 1 / 2
2025-01-25 03:58:47 - NaN Check: False 1
2025-01-25 03:58:47 - NaN Check: False 2
2025-01-25 03:58:47 - LinkNode: 0 <- 1 / 2
2025-01-25 03:58:47 - NaN Check: False 1
2025-01-25 03:58:47 - NaN Check: False 2
2025-01-25 03:58:47 - LinkNode: 0 <- 1 / 2
2025-01-25 03:58:47 - NaN Check: False 1
2025-01-25 03:58:47 - NaN Check: False 2
2025-01-25 03:58:47 - LinkNode: 0 <- 1 / 2
2025-01-25 03:58:47 - NaN Check: False 1
2025-01-25 03:58:47 - NaN Check: False 2
2025-01-25 03:58:47 - LinkNode: 0 <- 1 / 2
2025-01-25 03:58:47 - NaN Check: False 1
2025-01-25 03:58:47 - NaN Check: False 2
2025-01-25 03:58:47 - LinkNode: 0 <- 1 / 2
2025-01-25 03:58:47 - NaN Check: False 1
2025-01-25 03:58:47 - NaN Check: False 2
2025-01-25 03:58:47 - LinkNode: 0 <- 1 / 2
2025-01-25 03:58:47 - NaN Check: False 1
2025-01-25 03:58:47 - NaN Check: False 2
2025-01-25 03:58:47 - LinkNode: 0 <- 1 / 2
2025-01-25 03:58:47 - NaN Check: False 1
2025-01-25 03:58:47 - NaN Check: False 2
2025-01-25 03:58:47 - LinkNode: 0 <- 1 / 2
2025-01-25 03:58:47 - NaN Check: False 1
2025-01-25 03:58:47 - NaN Check: False 2
2025-01-25 03:58:47 - LinkNode: 0 <- 1 / 2
2025-01-25 03:58:47 - NaN Check: False 1
2025-01-25 03:58:47 - NaN Check: False 2
2025-01-25 03:58:47 - LinkNode: 0 <- 1 / 2
2025-01-25 03:58:47 - NaN Check: False 1
2025-01-25 03:58:47 - NaN Check: False 2
2025-01-25 03:58:47 - LinkNode: 0 <- 1 / 2
2025-01-25 03:58:47 - NaN Check: False 1
2025-01-25 03:58:47 - NaN Check: False 2
2025-01-25 03:58:47 - LinkNode: 0 <- 1 / 2
2025-01-25 03:58:47 - NaN Check: False 1
2025-01-25 03:58:47 - NaN Check: False 2
2025-01-25 03:58:47 - LinkNode: 0 <- 1 / 2
2025-01-25 03:58:47 - NaN Check: False 1
2025-01-25 03:58:47 - NaN Check: False 2
2025-01-25 03:58:47 - LinkNode: 0 <- 1 / 2
2025-01-25 03:58:47 - NaN Check: False 1
2025-01-25 03:58:47 - NaN Check: False 2
2025-01-25 03:58:47 - LinkNode: 0 <- 1 / 2
2025-01-25 03:58:47 - NaN Check: False 1
2025-01-25 03:58:47 - NaN Check: False 2
2025-01-25 03:58:47 - LinkNode: 0 <- 1 / 2
2025-01-25 03:58:47 - NaN Check: False 1
2025-01-25 03:58:47 - NaN Check: False 2
2025-01-25 03:58:47 - LinkNode: 0 <- 1 / 2
2025-01-25 03:58:48 - NaN Check: False 1
2025-01-25 03:58:48 - NaN Check: False 2
2025-01-25 03:58:48 - LinkNode: 0 <- 1 / 2
2025-01-25 03:58:48 - NaN Check: False 1
2025-01-25 03:58:48 - NaN Check: False 2
2025-01-25 03:58:48 - LinkNode: 0 <- 1 / 2
2025-01-25 03:58:48 - NaN Check: False 1
2025-01-25 03:58:48 - NaN Check: False 2
2025-01-25 03:58:48 - LinkNode: 0 <- 1 / 2
2025-01-25 03:58:48 - Midi Index: 48 | Intensity: 32 | Note Name: C3
2025-01-25 03:58:48 - Midi Index: 69 | Intensity: 7 | Note Name: A4
2025-01-25 03:58:48 - 
Resonance: 0 | Inflow: 0 | Outflow: 0 | Overflow: 0
- C3 | Intensity: 32
- A4 | Intensity: 7

- M13 | Intensity: 0 | Inflow: 0 | Outflow: 0 | Oveflow: 0
False | False | False | False
2025-01-25 03:58:48 - NaN Check: False 1
2025-01-25 03:58:48 - NaN Check: False 2
2025-01-25 03:58:48 - LinkNode: 0 <- 1 / 2
2025-01-25 03:58:48 - NaN Check: False 1
2025-01-25 03:58:48 - NaN Check: False 2
2025-01-25 03:58:48 - LinkNode: 0 <- 1 / 2
2025-01-25 03:58:48 - NaN Check: False 1
2025-01-25 03:58:48 - NaN Check: False 2
2025-01-25 03:58:48 - LinkNode: 0 <- 1 / 2
2025-01-25 03:58:48 - NaN Check: False 1
2025-01-25 03:58:48 - NaN Check: False 2
2025-01-25 03:58:48 - LinkNode: 0 <- 1 / 2
2025-01-25 03:58:48 - NaN Check: False 1
2025-01-25 03:58:48 - NaN Check: False 2
2025-01-25 03:58:48 - LinkNode: 0 <- 1 / 2
2025-01-25 03:58:48 - NaN Check: False 1
2025-01-25 03:58:48 - NaN Check: False 2
2025-01-25 03:58:48 - LinkNode: 0 <- 1 / 2
2025-01-25 03:58:48 - NaN Check: False 1
2025-01-25 03:58:48 - NaN Check: False 2
2025-01-25 03:58:48 - LinkNode: 0 <- 1 / 2
2025-01-25 03:58:48 - NaN Check: False 1
2025-01-25 03:58:48 - NaN Check: False 2
2025-01-25 03:58:48 - LinkNode: 0 <- 1 / 2
2025-01-25 03:58:48 - NaN Check: False 1
2025-01-25 03:58:48 - NaN Check: False 2
2025-01-25 03:58:48 - LinkNode: 0 <- 1 / 2
2025-01-25 03:58:48 - NaN Check: False 1
2025-01-25 03:58:48 - NaN Check: False 2
2025-01-25 03:58:48 - LinkNode: 0 <- 1 / 2
2025-01-25 03:58:48 - NaN Check: False 1
2025-01-25 03:58:48 - NaN Check: False 2
2025-01-25 03:58:48 - LinkNode: 0 <- 1 / 2
2025-01-25 03:58:48 - NaN Check: False 1
2025-01-25 03:58:48 - NaN Check: False 2
2025-01-25 03:58:48 - LinkNode: 0 <- 1 / 2
2025-01-25 03:58:48 - NaN Check: False 1
2025-01-25 03:58:48 - NaN Check: False 2
2025-01-25 03:58:48 - LinkNode: 0 <- 1 / 2
2025-01-25 03:58:48 - NaN Check: False 1
2025-01-25 03:58:48 - NaN Check: False 2
2025-01-25 03:58:48 - LinkNode: 0 <- 1 / 2
2025-01-25 03:58:48 - NaN Check: False 1
2025-01-25 03:58:48 - NaN Check: False 2
2025-01-25 03:58:48 - LinkNode: 0 <- 1 / 2
2025-01-25 03:58:48 - NaN Check: False 1
2025-01-25 03:58:48 - NaN Check: False 2
2025-01-25 03:58:48 - LinkNode: 0 <- 1 / 2
2025-01-25 03:58:48 - NaN Check: False 1
2025-01-25 03:58:48 - NaN Check: False 2
2025-01-25 03:58:48 - LinkNode: 0 <- 1 / 2
2025-01-25 03:58:48 - NaN Check: False 1
2025-01-25 03:58:48 - NaN Check: False 2
2025-01-25 03:58:48 - LinkNode: 0 <- 1 / 2
2025-01-25 03:58:48 - NaN Check: False 1
2025-01-25 03:58:48 - NaN Check: False 2
2025-01-25 03:58:48 - LinkNode: 0 <- 1 / 2
2025-01-25 03:58:48 - NaN Check: False 1
2025-01-25 03:58:48 - NaN Check: False 2
2025-01-25 03:58:48 - LinkNode: 0 <- 1 / 2
2025-01-25 03:58:48 - NaN Check: False 1
2025-01-25 03:58:48 - NaN Check: False 2
2025-01-25 03:58:48 - LinkNode: 0 <- 1 / 2
2025-01-25 03:58:48 - NaN Check: False 1
2025-01-25 03:58:48 - NaN Check: False 2
2025-01-25 03:58:48 - LinkNode: 0 <- 1 / 2
2025-01-25 03:58:48 - add success True - 8460623
2025-01-25 03:58:48 - Midi Index: 69 | Intensity: 0 | Note Name: A4
2025-01-25 03:58:48 - NaN Check: False 1
2025-01-25 03:58:48 - NaN Check: False 2
2025-01-25 03:58:48 - LinkNode: 1 <- 3 / 3
2025-01-25 03:58:48 - NaN Check: False 1
2025-01-25 03:58:48 - NaN Check: False 2
2025-01-25 03:58:48 - LinkNode: 1 <- 3 / 3
2025-01-25 03:58:48 - NaN Check: False 1
2025-01-25 03:58:48 - NaN Check: False 2
2025-01-25 03:58:48 - LinkNode: 1 <- 3 / 3
2025-01-25 03:58:48 - NaN Check: False 1
2025-01-25 03:58:48 - NaN Check: False 2
2025-01-25 03:58:48 - LinkNode: 1 <- 3 / 3
2025-01-25 03:58:48 - NaN Check: False 1
2025-01-25 03:58:48 - NaN Check: False 2
2025-01-25 03:58:48 - LinkNode: 1 <- 3 / 3
2025-01-25 03:58:49 - NaN Check: False 1
2025-01-25 03:58:49 - NaN Check: False 2
2025-01-25 03:58:49 - LinkNode: 1 <- 3 / 3
2025-01-25 03:58:49 - NaN Check: False 1
2025-01-25 03:58:49 - NaN Check: False 2
2025-01-25 03:58:49 - LinkNode: 1 <- 3 / 3
2025-01-25 03:58:49 - NaN Check: False 1
2025-01-25 03:58:49 - NaN Check: False 2
2025-01-25 03:58:49 - LinkNode: 1 <- 3 / 3
2025-01-25 03:58:49 - Midi Index: 48 | Intensity: 32 | Note Name: C3
2025-01-25 03:58:49 - Midi Index: 69 | Intensity: 9 | Note Name: A4
2025-01-25 03:58:49 - Midi Index: 69 | Intensity: 0 | Note Name: A4
2025-01-25 03:58:49 - 
Resonance: 0 | Inflow: 0 | Outflow: 0 | Overflow: 0
- C3 | Intensity: 32
- A4 | Intensity: 9
- A4 | Intensity: 0

- M13 | Intensity: 0 | Inflow: 0 | Outflow: -0 | Oveflow: 0
- M13 | Intensity: 0 | Inflow: 0 | Outflow: -0 | Oveflow: 0
- U | Intensity: 0 | Inflow: 0 | Outflow: -0 | Oveflow: 0
False | False | False | False
2025-01-25 03:58:49 - NaN Check: False 1
2025-01-25 03:58:49 - NaN Check: False 2
2025-01-25 03:58:49 - LinkNode: 1 <- 3 / 3
2025-01-25 03:58:49 - NaN Check: False 1
2025-01-25 03:58:49 - NaN Check: False 2
2025-01-25 03:58:49 - LinkNode: 1 <- 3 / 3
2025-01-25 03:58:49 - NaN Check: False 1
2025-01-25 03:58:49 - NaN Check: False 2
2025-01-25 03:58:49 - LinkNode: 1 <- 3 / 3
2025-01-25 03:58:49 - NaN Check: False 1
2025-01-25 03:58:49 - NaN Check: False 2
2025-01-25 03:58:49 - LinkNode: 1 <- 3 / 3
2025-01-25 03:58:49 - NaN Check: False 1
2025-01-25 03:58:49 - NaN Check: False 2
2025-01-25 03:58:49 - LinkNode: 1 <- 3 / 3
2025-01-25 03:58:49 - NaN Check: False 1
2025-01-25 03:58:49 - NaN Check: False 2
2025-01-25 03:58:49 - LinkNode: 1 <- 3 / 3
2025-01-25 03:58:49 - NaN Check: False 1
2025-01-25 03:58:49 - NaN Check: False 2
2025-01-25 03:58:49 - LinkNode: 1 <- 3 / 3
2025-01-25 03:58:49 - NaN Check: False 1
2025-01-25 03:58:49 - NaN Check: False 2
2025-01-25 03:58:49 - LinkNode: 1 <- 3 / 3
2025-01-25 03:58:49 - NaN Check: False 1
2025-01-25 03:58:49 - NaN Check: False 2
2025-01-25 03:58:49 - LinkNode: 1 <- 3 / 3
2025-01-25 03:58:49 - NaN Check: False 1
2025-01-25 03:58:49 - NaN Check: False 2
2025-01-25 03:58:49 - LinkNode: 1 <- 3 / 3
2025-01-25 03:58:49 - NaN Check: False 1
2025-01-25 03:58:49 - NaN Check: False 2
2025-01-25 03:58:49 - LinkNode: 1 <- 3 / 3
2025-01-25 03:58:49 - NaN Check: False 1
2025-01-25 03:58:49 - NaN Check: False 2
2025-01-25 03:58:49 - LinkNode: 1 <- 3 / 3
2025-01-25 03:58:49 - NaN Check: False 1
2025-01-25 03:58:49 - NaN Check: False 2
2025-01-25 03:58:49 - LinkNode: 1 <- 3 / 3
2025-01-25 03:58:49 - NaN Check: False 1
2025-01-25 03:58:49 - NaN Check: False 2
2025-01-25 03:58:49 - LinkNode: 1 <- 3 / 3
2025-01-25 03:58:49 - NaN Check: False 1
2025-01-25 03:58:49 - NaN Check: False 2
2025-01-25 03:58:49 - LinkNode: 1 <- 3 / 3
2025-01-25 03:58:49 - NaN Check: False 1
2025-01-25 03:58:49 - NaN Check: False 2
2025-01-25 03:58:49 - LinkNode: 1 <- 3 / 3
2025-01-25 03:58:49 - NaN Check: False 1
2025-01-25 03:58:49 - NaN Check: False 2
2025-01-25 03:58:49 - LinkNode: 1 <- 3 / 3
2025-01-25 03:58:49 - NaN Check: False 1
2025-01-25 03:58:49 - NaN Check: False 2
2025-01-25 03:58:49 - LinkNode: 1 <- 3 / 3
2025-01-25 03:58:49 - NaN Check: False 1
2025-01-25 03:58:49 - NaN Check: False 2
2025-01-25 03:58:49 - LinkNode: 1 <- 3 / 3
2025-01-25 03:58:49 - NaN Check: False 1
2025-01-25 03:58:49 - NaN Check: False 2
2025-01-25 03:58:49 - LinkNode: 1 <- 3 / 3
2025-01-25 03:58:49 - NaN Check: False 1
2025-01-25 03:58:49 - NaN Check: False 2
2025-01-25 03:58:49 - LinkNode: 1 <- 3 / 3
2025-01-25 03:58:49 - NaN Check: False 1
2025-01-25 03:58:49 - NaN Check: False 2
2025-01-25 03:58:49 - LinkNode: 1 <- 3 / 3
2025-01-25 03:58:49 - NaN Check: False 1
2025-01-25 03:58:49 - NaN Check: False 2
2025-01-25 03:58:49 - LinkNode: 1 <- 3 / 3
2025-01-25 03:58:49 - NaN Check: False 1
2025-01-25 03:58:49 - NaN Check: False 2
2025-01-25 03:58:49 - LinkNode: 1 <- 3 / 3
2025-01-25 03:58:49 - NaN Check: False 1
2025-01-25 03:58:49 - NaN Check: False 2
2025-01-25 03:58:49 - LinkNode: 1 <- 3 / 3
2025-01-25 03:58:49 - NaN Check: False 1
2025-01-25 03:58:49 - NaN Check: False 2
2025-01-25 03:58:49 - LinkNode: 1 <- 3 / 3
2025-01-25 03:58:50 - NaN Check: False 1
2025-01-25 03:58:50 - NaN Check: False 2
2025-01-25 03:58:50 - LinkNode: 1 <- 3 / 3
