2025-01-25 04:05:45 - Debugger session started.
2025-01-25 04:05:45 - NaN Check: False 1
2025-01-25 04:05:45 - NaN Check: False 2
2025-01-25 04:05:45 - LinkNode: 0 <- 0 / 1
2025-01-25 04:05:45 - NaN Check: False 1
2025-01-25 04:05:45 - NaN Check: False 2
2025-01-25 04:05:45 - LinkNode: 0 <- 0 / 1
2025-01-25 04:05:45 - NaN Check: False 1
2025-01-25 04:05:45 - NaN Check: False 2
2025-01-25 04:05:45 - LinkNode: 0 <- 0 / 1
2025-01-25 04:05:45 - NaN Check: False 1
2025-01-25 04:05:45 - NaN Check: False 2
2025-01-25 04:05:45 - LinkNode: 0 <- 0 / 1
2025-01-25 04:05:45 - NaN Check: False 1
2025-01-25 04:05:45 - NaN Check: False 2
2025-01-25 04:05:45 - LinkNode: 0 <- 0 / 1
2025-01-25 04:05:45 - NaN Check: False 1
2025-01-25 04:05:45 - NaN Check: False 2
2025-01-25 04:05:45 - LinkNode: 0 <- 0 / 1
2025-01-25 04:05:45 - NaN Check: False 1
2025-01-25 04:05:45 - NaN Check: False 2
2025-01-25 04:05:45 - LinkNode: 0 <- 0 / 1
2025-01-25 04:05:45 - NaN Check: False 1
2025-01-25 04:05:45 - NaN Check: False 2
2025-01-25 04:05:45 - LinkNode: 0 <- 0 / 1
2025-01-25 04:05:45 - NaN Check: False 1
2025-01-25 04:05:45 - NaN Check: False 2
2025-01-25 04:05:45 - LinkNode: 0 <- 0 / 1
2025-01-25 04:05:45 - NaN Check: False 1
2025-01-25 04:05:45 - NaN Check: False 2
2025-01-25 04:05:45 - LinkNode: 0 <- 0 / 1
2025-01-25 04:05:46 - NaN Check: False 1
2025-01-25 04:05:46 - NaN Check: False 2
2025-01-25 04:05:46 - LinkNode: 0 <- 0 / 1
2025-01-25 04:05:46 - NaN Check: False 1
2025-01-25 04:05:46 - NaN Check: False 2
2025-01-25 04:05:46 - LinkNode: 0 <- 0 / 1
2025-01-25 04:05:46 - NaN Check: False 1
2025-01-25 04:05:46 - NaN Check: False 2
2025-01-25 04:05:46 - LinkNode: 0 <- 0 / 1
2025-01-25 04:05:46 - NaN Check: False 1
2025-01-25 04:05:46 - NaN Check: False 2
2025-01-25 04:05:46 - LinkNode: 0 <- 0 / 1
2025-01-25 04:05:46 - NaN Check: False 1
2025-01-25 04:05:46 - NaN Check: False 2
2025-01-25 04:05:46 - LinkNode: 0 <- 0 / 1
2025-01-25 04:05:46 - NaN Check: False 1
2025-01-25 04:05:46 - NaN Check: False 2
2025-01-25 04:05:46 - LinkNode: 0 <- 0 / 1
2025-01-25 04:05:46 - NaN Check: False 1
2025-01-25 04:05:46 - NaN Check: False 2
2025-01-25 04:05:46 - LinkNode: 0 <- 0 / 1
2025-01-25 04:05:46 - NaN Check: False 1
2025-01-25 04:05:46 - NaN Check: False 2
2025-01-25 04:05:46 - LinkNode: 0 <- 0 / 1
2025-01-25 04:05:46 - NaN Check: False 1
2025-01-25 04:05:46 - NaN Check: False 2
2025-01-25 04:05:46 - LinkNode: 0 <- 0 / 1
2025-01-25 04:05:46 - NaN Check: False 1
2025-01-25 04:05:46 - NaN Check: False 2
2025-01-25 04:05:46 - LinkNode: 0 <- 0 / 1
2025-01-25 04:05:46 - NaN Check: False 1
2025-01-25 04:05:46 - NaN Check: False 2
2025-01-25 04:05:46 - LinkNode: 0 <- 0 / 1
2025-01-25 04:05:46 - NaN Check: False 1
2025-01-25 04:05:46 - NaN Check: False 2
2025-01-25 04:05:46 - LinkNode: 0 <- 0 / 1
2025-01-25 04:05:46 - NaN Check: False 1
2025-01-25 04:05:46 - NaN Check: False 2
2025-01-25 04:05:46 - LinkNode: 0 <- 0 / 1
2025-01-25 04:05:46 - NaN Check: False 1
2025-01-25 04:05:46 - NaN Check: False 2
2025-01-25 04:05:46 - LinkNode: 0 <- 0 / 1
2025-01-25 04:05:46 - NaN Check: False 1
2025-01-25 04:05:46 - NaN Check: False 2
2025-01-25 04:05:46 - LinkNode: 0 <- 0 / 1
2025-01-25 04:05:46 - NaN Check: False 1
2025-01-25 04:05:46 - NaN Check: False 2
2025-01-25 04:05:46 - LinkNode: 0 <- 0 / 1
2025-01-25 04:05:46 - NaN Check: False 1
2025-01-25 04:05:46 - NaN Check: False 2
2025-01-25 04:05:46 - LinkNode: 0 <- 0 / 1
2025-01-25 04:05:46 - NaN Check: False 1
2025-01-25 04:05:46 - NaN Check: False 2
2025-01-25 04:05:46 - LinkNode: 0 <- 0 / 1
2025-01-25 04:05:46 - NaN Check: False 1
2025-01-25 04:05:46 - NaN Check: False 2
2025-01-25 04:05:46 - LinkNode: 0 <- 0 / 1
2025-01-25 04:05:46 - NaN Check: False 1
2025-01-25 04:05:46 - NaN Check: False 2
2025-01-25 04:05:46 - LinkNode: 0 <- 0 / 1
2025-01-25 04:05:46 - NaN Check: False 1
2025-01-25 04:05:46 - NaN Check: False 2
2025-01-25 04:05:46 - LinkNode: 0 <- 0 / 1
2025-01-25 04:05:46 - NaN Check: False 1
2025-01-25 04:05:46 - NaN Check: False 2
2025-01-25 04:05:46 - LinkNode: 0 <- 0 / 1
2025-01-25 04:05:46 - NaN Check: False 1
2025-01-25 04:05:46 - NaN Check: False 2
2025-01-25 04:05:46 - LinkNode: 0 <- 0 / 1
2025-01-25 04:05:46 - NaN Check: False 1
2025-01-25 04:05:46 - NaN Check: False 2
2025-01-25 04:05:46 - LinkNode: 0 <- 0 / 1
2025-01-25 04:05:46 - NaN Check: False 1
2025-01-25 04:05:46 - NaN Check: False 2
2025-01-25 04:05:46 - LinkNode: 0 <- 0 / 1
2025-01-25 04:05:46 - NaN Check: False 1
2025-01-25 04:05:46 - NaN Check: False 2
2025-01-25 04:05:46 - LinkNode: 0 <- 0 / 1
2025-01-25 04:05:46 - NaN Check: False 1
2025-01-25 04:05:46 - NaN Check: False 2
2025-01-25 04:05:46 - LinkNode: 0 <- 0 / 1
2025-01-25 04:05:46 - NaN Check: False 1
2025-01-25 04:05:46 - NaN Check: False 2
2025-01-25 04:05:46 - LinkNode: 0 <- 0 / 1
2025-01-25 04:05:46 - NaN Check: False 1
2025-01-25 04:05:46 - NaN Check: False 2
2025-01-25 04:05:46 - LinkNode: 0 <- 0 / 1
2025-01-25 04:05:46 - NaN Check: False 1
2025-01-25 04:05:46 - NaN Check: False 2
2025-01-25 04:05:46 - LinkNode: 0 <- 0 / 1
2025-01-25 04:05:46 - NaN Check: False 1
2025-01-25 04:05:46 - NaN Check: False 2
2025-01-25 04:05:46 - LinkNode: 0 <- 0 / 1
2025-01-25 04:05:46 - NaN Check: False 1
2025-01-25 04:05:46 - NaN Check: False 2
2025-01-25 04:05:46 - LinkNode: 0 <- 0 / 1
2025-01-25 04:05:46 - NaN Check: False 1
2025-01-25 04:05:46 - NaN Check: False 2
2025-01-25 04:05:46 - LinkNode: 0 <- 0 / 1
2025-01-25 04:05:46 - NaN Check: False 1
2025-01-25 04:05:46 - NaN Check: False 2
2025-01-25 04:05:46 - LinkNode: 0 <- 0 / 1
2025-01-25 04:05:46 - NaN Check: False 1
2025-01-25 04:05:46 - NaN Check: False 2
2025-01-25 04:05:46 - LinkNode: 0 <- 0 / 1
2025-01-25 04:05:46 - NaN Check: False 1
2025-01-25 04:05:46 - NaN Check: False 2
2025-01-25 04:05:46 - LinkNode: 0 <- 0 / 1
2025-01-25 04:05:46 - NaN Check: False 1
2025-01-25 04:05:46 - NaN Check: False 2
2025-01-25 04:05:46 - LinkNode: 0 <- 0 / 1
2025-01-25 04:05:46 - NaN Check: False 1
2025-01-25 04:05:46 - NaN Check: False 2
2025-01-25 04:05:46 - LinkNode: 0 <- 0 / 1
2025-01-25 04:05:46 - NaN Check: False 1
2025-01-25 04:05:46 - NaN Check: False 2
2025-01-25 04:05:46 - LinkNode: 0 <- 0 / 1
2025-01-25 04:05:46 - NaN Check: False 1
2025-01-25 04:05:46 - NaN Check: False 2
2025-01-25 04:05:46 - LinkNode: 0 <- 0 / 1
2025-01-25 04:05:46 - NaN Check: False 1
2025-01-25 04:05:46 - NaN Check: False 2
2025-01-25 04:05:46 - LinkNode: 0 <- 0 / 1
2025-01-25 04:05:46 - NaN Check: False 1
2025-01-25 04:05:46 - NaN Check: False 2
2025-01-25 04:05:46 - LinkNode: 0 <- 0 / 1
2025-01-25 04:05:46 - NaN Check: False 1
2025-01-25 04:05:46 - NaN Check: False 2
2025-01-25 04:05:46 - LinkNode: 0 <- 0 / 1
2025-01-25 04:05:46 - Midi Index: 48 | Intensity: 32 | Note Name: C3
2025-01-25 04:05:46 - 
Resonance: 0 | Inflow: 0 | Outflow: 0 | Overflow: 0
- C3 | Intensity: 32

False | False | False | False
2025-01-25 04:05:46 - NaN Check: False 1
2025-01-25 04:05:46 - NaN Check: False 2
2025-01-25 04:05:46 - LinkNode: 0 <- 0 / 1
2025-01-25 04:05:46 - NaN Check: False 1
2025-01-25 04:05:46 - NaN Check: False 2
2025-01-25 04:05:46 - LinkNode: 0 <- 0 / 1
2025-01-25 04:05:46 - NaN Check: False 1
2025-01-25 04:05:46 - NaN Check: False 2
2025-01-25 04:05:46 - LinkNode: 0 <- 0 / 1
2025-01-25 04:05:46 - NaN Check: False 1
2025-01-25 04:05:46 - NaN Check: False 2
2025-01-25 04:05:46 - LinkNode: 0 <- 0 / 1
2025-01-25 04:05:46 - NaN Check: False 1
2025-01-25 04:05:46 - NaN Check: False 2
2025-01-25 04:05:46 - LinkNode: 0 <- 0 / 1
2025-01-25 04:05:46 - NaN Check: False 1
2025-01-25 04:05:46 - NaN Check: False 2
2025-01-25 04:05:46 - LinkNode: 0 <- 0 / 1
2025-01-25 04:05:46 - NaN Check: False 1
2025-01-25 04:05:46 - NaN Check: False 2
2025-01-25 04:05:46 - LinkNode: 0 <- 0 / 1
2025-01-25 04:05:46 - NaN Check: False 1
2025-01-25 04:05:46 - NaN Check: False 2
2025-01-25 04:05:46 - LinkNode: 0 <- 0 / 1
2025-01-25 04:05:46 - NaN Check: False 1
2025-01-25 04:05:46 - NaN Check: False 2
2025-01-25 04:05:46 - LinkNode: 0 <- 0 / 1
2025-01-25 04:05:46 - NaN Check: False 1
2025-01-25 04:05:46 - NaN Check: False 2
2025-01-25 04:05:46 - LinkNode: 0 <- 0 / 1
2025-01-25 04:05:46 - NaN Check: False 1
2025-01-25 04:05:46 - NaN Check: False 2
2025-01-25 04:05:46 - LinkNode: 0 <- 0 / 1
2025-01-25 04:05:46 - NaN Check: False 1
2025-01-25 04:05:46 - NaN Check: False 2
2025-01-25 04:05:46 - LinkNode: 0 <- 0 / 1
2025-01-25 04:05:46 - NaN Check: False 1
2025-01-25 04:05:46 - NaN Check: False 2
2025-01-25 04:05:46 - LinkNode: 0 <- 0 / 1
2025-01-25 04:05:46 - NaN Check: False 1
2025-01-25 04:05:46 - NaN Check: False 2
2025-01-25 04:05:46 - LinkNode: 0 <- 0 / 1
2025-01-25 04:05:46 - NaN Check: False 1
2025-01-25 04:05:46 - NaN Check: False 2
2025-01-25 04:05:46 - LinkNode: 0 <- 0 / 1
2025-01-25 04:05:46 - NaN Check: False 1
2025-01-25 04:05:46 - NaN Check: False 2
2025-01-25 04:05:46 - LinkNode: 0 <- 0 / 1
2025-01-25 04:05:46 - NaN Check: False 1
2025-01-25 04:05:46 - NaN Check: False 2
2025-01-25 04:05:46 - LinkNode: 0 <- 0 / 1
2025-01-25 04:05:47 - NaN Check: False 1
2025-01-25 04:05:47 - NaN Check: False 2
2025-01-25 04:05:47 - LinkNode: 0 <- 0 / 1
2025-01-25 04:05:47 - NaN Check: False 1
2025-01-25 04:05:47 - NaN Check: False 2
2025-01-25 04:05:47 - LinkNode: 0 <- 0 / 1
2025-01-25 04:05:47 - NaN Check: False 1
2025-01-25 04:05:47 - NaN Check: False 2
2025-01-25 04:05:47 - LinkNode: 0 <- 0 / 1
2025-01-25 04:05:47 - NaN Check: False 1
2025-01-25 04:05:47 - NaN Check: False 2
2025-01-25 04:05:47 - LinkNode: 0 <- 0 / 1
2025-01-25 04:05:47 - NaN Check: False 1
2025-01-25 04:05:47 - NaN Check: False 2
2025-01-25 04:05:47 - LinkNode: 0 <- 0 / 1
2025-01-25 04:05:47 - NaN Check: False 1
2025-01-25 04:05:47 - NaN Check: False 2
2025-01-25 04:05:47 - LinkNode: 0 <- 0 / 1
2025-01-25 04:05:47 - NaN Check: False 1
2025-01-25 04:05:47 - NaN Check: False 2
2025-01-25 04:05:47 - LinkNode: 0 <- 0 / 1
2025-01-25 04:05:47 - NaN Check: False 1
2025-01-25 04:05:47 - NaN Check: False 2
2025-01-25 04:05:47 - LinkNode: 0 <- 0 / 1
2025-01-25 04:05:47 - NaN Check: False 1
2025-01-25 04:05:47 - NaN Check: False 2
2025-01-25 04:05:47 - LinkNode: 0 <- 0 / 1
2025-01-25 04:05:47 - NaN Check: False 1
2025-01-25 04:05:47 - NaN Check: False 2
2025-01-25 04:05:47 - LinkNode: 0 <- 0 / 1
2025-01-25 04:05:47 - NaN Check: False 1
2025-01-25 04:05:47 - NaN Check: False 2
2025-01-25 04:05:47 - LinkNode: 0 <- 0 / 1
2025-01-25 04:05:47 - NaN Check: False 1
2025-01-25 04:05:47 - NaN Check: False 2
2025-01-25 04:05:47 - LinkNode: 0 <- 0 / 1
2025-01-25 04:05:47 - NaN Check: False 1
2025-01-25 04:05:47 - NaN Check: False 2
2025-01-25 04:05:47 - LinkNode: 0 <- 0 / 1
2025-01-25 04:05:47 - NaN Check: False 1
2025-01-25 04:05:47 - NaN Check: False 2
2025-01-25 04:05:47 - LinkNode: 0 <- 0 / 1
2025-01-25 04:05:47 - NaN Check: False 1
2025-01-25 04:05:47 - NaN Check: False 2
2025-01-25 04:05:47 - LinkNode: 0 <- 0 / 1
2025-01-25 04:05:47 - NaN Check: False 1
2025-01-25 04:05:47 - NaN Check: False 2
2025-01-25 04:05:47 - LinkNode: 0 <- 0 / 1
2025-01-25 04:05:47 - NaN Check: False 1
2025-01-25 04:05:47 - NaN Check: False 2
2025-01-25 04:05:47 - LinkNode: 0 <- 0 / 1
2025-01-25 04:05:47 - NaN Check: False 1
2025-01-25 04:05:47 - NaN Check: False 2
2025-01-25 04:05:47 - LinkNode: 0 <- 0 / 1
2025-01-25 04:05:47 - NaN Check: False 1
2025-01-25 04:05:47 - NaN Check: False 2
2025-01-25 04:05:47 - LinkNode: 0 <- 0 / 1
2025-01-25 04:05:47 - NaN Check: False 1
2025-01-25 04:05:47 - NaN Check: False 2
2025-01-25 04:05:47 - LinkNode: 0 <- 0 / 1
2025-01-25 04:05:47 - NaN Check: False 1
2025-01-25 04:05:47 - NaN Check: False 2
2025-01-25 04:05:47 - LinkNode: 0 <- 0 / 1
2025-01-25 04:05:47 - NaN Check: False 1
2025-01-25 04:05:47 - NaN Check: False 2
2025-01-25 04:05:47 - LinkNode: 0 <- 0 / 1
2025-01-25 04:05:47 - NaN Check: False 1
2025-01-25 04:05:47 - NaN Check: False 2
2025-01-25 04:05:47 - LinkNode: 0 <- 0 / 1
2025-01-25 04:05:47 - NaN Check: False 1
2025-01-25 04:05:47 - NaN Check: False 2
2025-01-25 04:05:47 - LinkNode: 0 <- 0 / 1
2025-01-25 04:05:47 - NaN Check: False 1
2025-01-25 04:05:47 - NaN Check: False 2
2025-01-25 04:05:47 - LinkNode: 0 <- 0 / 1
2025-01-25 04:05:47 - NaN Check: False 1
2025-01-25 04:05:47 - NaN Check: False 2
2025-01-25 04:05:47 - LinkNode: 0 <- 0 / 1
2025-01-25 04:05:47 - NaN Check: False 1
2025-01-25 04:05:47 - NaN Check: False 2
2025-01-25 04:05:47 - LinkNode: 0 <- 0 / 1
2025-01-25 04:05:47 - NaN Check: False 1
2025-01-25 04:05:47 - NaN Check: False 2
2025-01-25 04:05:47 - LinkNode: 0 <- 0 / 1
2025-01-25 04:05:47 - NaN Check: False 1
2025-01-25 04:05:47 - NaN Check: False 2
2025-01-25 04:05:47 - LinkNode: 0 <- 0 / 1
2025-01-25 04:05:47 - NaN Check: False 1
2025-01-25 04:05:47 - NaN Check: False 2
2025-01-25 04:05:47 - LinkNode: 0 <- 0 / 1
2025-01-25 04:05:47 - NaN Check: False 1
2025-01-25 04:05:47 - NaN Check: False 2
2025-01-25 04:05:47 - LinkNode: 0 <- 0 / 1
2025-01-25 04:05:47 - NaN Check: False 1
2025-01-25 04:05:47 - NaN Check: False 2
2025-01-25 04:05:47 - LinkNode: 0 <- 0 / 1
2025-01-25 04:05:47 - NaN Check: False 1
2025-01-25 04:05:47 - NaN Check: False 2
2025-01-25 04:05:47 - LinkNode: 0 <- 0 / 1
2025-01-25 04:05:47 - NaN Check: False 1
2025-01-25 04:05:47 - NaN Check: False 2
2025-01-25 04:05:47 - LinkNode: 0 <- 0 / 1
2025-01-25 04:05:47 - NaN Check: False 1
2025-01-25 04:05:47 - NaN Check: False 2
2025-01-25 04:05:47 - LinkNode: 0 <- 0 / 1
2025-01-25 04:05:47 - NaN Check: False 1
2025-01-25 04:05:47 - NaN Check: False 2
2025-01-25 04:05:47 - LinkNode: 0 <- 0 / 1
2025-01-25 04:05:47 - NaN Check: False 1
2025-01-25 04:05:47 - NaN Check: False 2
2025-01-25 04:05:47 - LinkNode: 0 <- 0 / 1
2025-01-25 04:05:47 - NaN Check: False 1
2025-01-25 04:05:47 - NaN Check: False 2
2025-01-25 04:05:47 - LinkNode: 0 <- 0 / 1
2025-01-25 04:05:47 - NaN Check: False 1
2025-01-25 04:05:47 - NaN Check: False 2
2025-01-25 04:05:47 - LinkNode: 0 <- 0 / 1
2025-01-25 04:05:47 - add success True - 14981861
2025-01-25 04:05:47 - Midi Index: 69 | Intensity: 0 | Note Name: A4
2025-01-25 04:05:47 - NaN Check: False 1
2025-01-25 04:05:47 - NaN Check: False 2
2025-01-25 04:05:47 - LinkNode: 0.5 <- 1 / 2
2025-01-25 04:05:47 - NaN Check: False 1
2025-01-25 04:05:47 - NaN Check: False 2
2025-01-25 04:05:47 - LinkNode: 0.5 <- 1 / 2
2025-01-25 04:05:47 - NaN Check: False 1
2025-01-25 04:05:47 - NaN Check: False 2
2025-01-25 04:05:47 - LinkNode: 0.5 <- 1 / 2
2025-01-25 04:05:47 - NaN Check: False 1
2025-01-25 04:05:47 - NaN Check: False 2
2025-01-25 04:05:47 - LinkNode: 0.5 <- 1 / 2
2025-01-25 04:05:47 - Midi Index: 48 | Intensity: 32 | Note Name: C3
2025-01-25 04:05:47 - Midi Index: 69 | Intensity: 0 | Note Name: A4
2025-01-25 04:05:47 - 
Resonance: 0 | Inflow: 0 | Outflow: 0 | Overflow: 0
- C3 | Intensity: 32
- A4 | Intensity: 0

- M13 | Intensity: 0 | Inflow: 0 | Outflow: -0 | Oveflow: 0
False | False | False | False
2025-01-25 04:05:47 - NaN Check: False 1
2025-01-25 04:05:47 - NaN Check: False 2
2025-01-25 04:05:47 - LinkNode: 0.5 <- 1 / 2
2025-01-25 04:05:47 - NaN Check: False 1
2025-01-25 04:05:47 - NaN Check: False 2
2025-01-25 04:05:47 - LinkNode: 0.5 <- 1 / 2
2025-01-25 04:05:47 - NaN Check: False 1
2025-01-25 04:05:47 - NaN Check: False 2
2025-01-25 04:05:47 - LinkNode: 0.5 <- 1 / 2
2025-01-25 04:05:47 - NaN Check: False 1
2025-01-25 04:05:47 - NaN Check: False 2
2025-01-25 04:05:47 - LinkNode: 0.5 <- 1 / 2
2025-01-25 04:05:47 - NaN Check: False 1
2025-01-25 04:05:47 - NaN Check: False 2
2025-01-25 04:05:47 - LinkNode: 0.5 <- 1 / 2
2025-01-25 04:05:47 - NaN Check: False 1
2025-01-25 04:05:47 - NaN Check: False 2
2025-01-25 04:05:47 - LinkNode: 0.5 <- 1 / 2
2025-01-25 04:05:47 - NaN Check: False 1
2025-01-25 04:05:47 - NaN Check: False 2
2025-01-25 04:05:47 - LinkNode: 0.5 <- 1 / 2
2025-01-25 04:05:47 - NaN Check: False 1
2025-01-25 04:05:47 - NaN Check: False 2
2025-01-25 04:05:47 - LinkNode: 0.5 <- 1 / 2
2025-01-25 04:05:47 - NaN Check: False 1
2025-01-25 04:05:47 - NaN Check: False 2
2025-01-25 04:05:47 - LinkNode: 0.5 <- 1 / 2
2025-01-25 04:05:47 - NaN Check: False 1
2025-01-25 04:05:47 - NaN Check: False 2
2025-01-25 04:05:47 - LinkNode: 0.5 <- 1 / 2
2025-01-25 04:05:47 - NaN Check: False 1
2025-01-25 04:05:47 - NaN Check: False 2
2025-01-25 04:05:47 - LinkNode: 0.5 <- 1 / 2
2025-01-25 04:05:47 - NaN Check: False 1
2025-01-25 04:05:47 - NaN Check: False 2
2025-01-25 04:05:47 - LinkNode: 0.5 <- 1 / 2
2025-01-25 04:05:47 - NaN Check: False 1
2025-01-25 04:05:47 - NaN Check: False 2
2025-01-25 04:05:47 - LinkNode: 0.5 <- 1 / 2
2025-01-25 04:05:47 - NaN Check: False 1
2025-01-25 04:05:47 - NaN Check: False 2
2025-01-25 04:05:47 - LinkNode: 0.5 <- 1 / 2
2025-01-25 04:05:47 - NaN Check: False 1
2025-01-25 04:05:47 - NaN Check: False 2
2025-01-25 04:05:47 - LinkNode: 0.5 <- 1 / 2
2025-01-25 04:05:47 - NaN Check: False 1
2025-01-25 04:05:47 - NaN Check: False 2
2025-01-25 04:05:47 - LinkNode: 0.5 <- 1 / 2
2025-01-25 04:05:47 - NaN Check: False 1
2025-01-25 04:05:47 - NaN Check: False 2
2025-01-25 04:05:47 - LinkNode: 0.5 <- 1 / 2
2025-01-25 04:05:48 - NaN Check: False 1
2025-01-25 04:05:48 - NaN Check: False 2
2025-01-25 04:05:48 - LinkNode: 0.5 <- 1 / 2
2025-01-25 04:05:48 - NaN Check: False 1
2025-01-25 04:05:48 - NaN Check: False 2
2025-01-25 04:05:48 - LinkNode: 0.5 <- 1 / 2
2025-01-25 04:05:48 - NaN Check: False 1
2025-01-25 04:05:48 - NaN Check: False 2
2025-01-25 04:05:48 - LinkNode: 0.5 <- 1 / 2
2025-01-25 04:05:48 - NaN Check: False 1
2025-01-25 04:05:48 - NaN Check: False 2
2025-01-25 04:05:48 - LinkNode: 0.5 <- 1 / 2
2025-01-25 04:05:48 - NaN Check: False 1
2025-01-25 04:05:48 - NaN Check: False 2
2025-01-25 04:05:48 - LinkNode: 0.5 <- 1 / 2
2025-01-25 04:05:48 - NaN Check: False 1
2025-01-25 04:05:48 - NaN Check: False 2
2025-01-25 04:05:48 - LinkNode: 0.5 <- 1 / 2
2025-01-25 04:05:48 - NaN Check: False 1
2025-01-25 04:05:48 - NaN Check: False 2
2025-01-25 04:05:48 - LinkNode: 0.5 <- 1 / 2
2025-01-25 04:05:48 - NaN Check: False 1
2025-01-25 04:05:48 - NaN Check: False 2
2025-01-25 04:05:48 - LinkNode: 0.5 <- 1 / 2
2025-01-25 04:05:48 - NaN Check: False 1
2025-01-25 04:05:48 - NaN Check: False 2
2025-01-25 04:05:48 - LinkNode: 0.5 <- 1 / 2
2025-01-25 04:05:48 - NaN Check: False 1
2025-01-25 04:05:48 - NaN Check: False 2
2025-01-25 04:05:48 - LinkNode: 0.5 <- 1 / 2
2025-01-25 04:05:48 - NaN Check: False 1
2025-01-25 04:05:48 - NaN Check: False 2
2025-01-25 04:05:48 - LinkNode: 0.5 <- 1 / 2
2025-01-25 04:05:48 - NaN Check: False 1
2025-01-25 04:05:48 - NaN Check: False 2
2025-01-25 04:05:48 - LinkNode: 0.5 <- 1 / 2
2025-01-25 04:05:48 - NaN Check: False 1
2025-01-25 04:05:48 - NaN Check: False 2
2025-01-25 04:05:48 - LinkNode: 0.5 <- 1 / 2
2025-01-25 04:05:48 - NaN Check: False 1
2025-01-25 04:05:48 - NaN Check: False 2
2025-01-25 04:05:48 - LinkNode: 0.5 <- 1 / 2
2025-01-25 04:05:48 - NaN Check: False 1
2025-01-25 04:05:48 - NaN Check: False 2
2025-01-25 04:05:48 - LinkNode: 0.5 <- 1 / 2
2025-01-25 04:05:48 - NaN Check: False 1
2025-01-25 04:05:48 - NaN Check: False 2
2025-01-25 04:05:48 - LinkNode: 0.5 <- 1 / 2
2025-01-25 04:05:48 - NaN Check: False 1
2025-01-25 04:05:48 - NaN Check: False 2
2025-01-25 04:05:48 - LinkNode: 0.5 <- 1 / 2
2025-01-25 04:05:48 - NaN Check: False 1
2025-01-25 04:05:48 - NaN Check: False 2
2025-01-25 04:05:48 - LinkNode: 0.5 <- 1 / 2
2025-01-25 04:05:48 - NaN Check: False 1
2025-01-25 04:05:48 - NaN Check: False 2
2025-01-25 04:05:48 - LinkNode: 0.5 <- 1 / 2
2025-01-25 04:05:48 - NaN Check: False 1
2025-01-25 04:05:48 - NaN Check: False 2
2025-01-25 04:05:48 - LinkNode: 0.5 <- 1 / 2
2025-01-25 04:05:48 - NaN Check: False 1
2025-01-25 04:05:48 - NaN Check: False 2
2025-01-25 04:05:48 - LinkNode: 0.5 <- 1 / 2
2025-01-25 04:05:48 - NaN Check: False 1
2025-01-25 04:05:48 - NaN Check: False 2
2025-01-25 04:05:48 - LinkNode: 0.5 <- 1 / 2
2025-01-25 04:05:48 - NaN Check: False 1
2025-01-25 04:05:48 - NaN Check: False 2
2025-01-25 04:05:48 - LinkNode: 0.5 <- 1 / 2
2025-01-25 04:05:48 - NaN Check: False 1
2025-01-25 04:05:48 - NaN Check: False 2
2025-01-25 04:05:48 - LinkNode: 0.5 <- 1 / 2
2025-01-25 04:05:48 - NaN Check: False 1
2025-01-25 04:05:48 - NaN Check: False 2
2025-01-25 04:05:48 - LinkNode: 0.5 <- 1 / 2
2025-01-25 04:05:48 - NaN Check: False 1
2025-01-25 04:05:48 - NaN Check: False 2
2025-01-25 04:05:48 - LinkNode: 0.5 <- 1 / 2
2025-01-25 04:05:48 - NaN Check: False 1
2025-01-25 04:05:48 - NaN Check: False 2
2025-01-25 04:05:48 - LinkNode: 0.5 <- 1 / 2
2025-01-25 04:05:48 - Midi Index: 48 | Intensity: 32 | Note Name: C3
2025-01-25 04:05:48 - Midi Index: 69 | Intensity: 0 | Note Name: A4
2025-01-25 04:05:48 - 
Resonance: 0 | Inflow: 0 | Outflow: 0 | Overflow: 0
- C3 | Intensity: 32
- A4 | Intensity: 0

- M13 | Intensity: 0 | Inflow: 0 | Outflow: -0 | Oveflow: 0
False | False | False | False
2025-01-25 04:05:48 - NaN Check: False 1
2025-01-25 04:05:48 - NaN Check: False 2
2025-01-25 04:05:48 - LinkNode: 0.5 <- 1 / 2
2025-01-25 04:05:48 - NaN Check: False 1
2025-01-25 04:05:48 - NaN Check: False 2
2025-01-25 04:05:48 - LinkNode: 0.5 <- 1 / 2
2025-01-25 04:05:48 - NaN Check: False 1
2025-01-25 04:05:48 - NaN Check: False 2
2025-01-25 04:05:48 - LinkNode: 0.5 <- 1 / 2
2025-01-25 04:05:48 - NaN Check: False 1
2025-01-25 04:05:48 - NaN Check: False 2
2025-01-25 04:05:48 - LinkNode: 0.5 <- 1 / 2
2025-01-25 04:05:48 - NaN Check: False 1
2025-01-25 04:05:48 - NaN Check: False 2
2025-01-25 04:05:48 - LinkNode: 0.5 <- 1 / 2
2025-01-25 04:05:48 - NaN Check: False 1
2025-01-25 04:05:48 - NaN Check: False 2
2025-01-25 04:05:48 - LinkNode: 0.5 <- 1 / 2
2025-01-25 04:05:48 - NaN Check: False 1
2025-01-25 04:05:48 - NaN Check: False 2
2025-01-25 04:05:48 - LinkNode: 0.5 <- 1 / 2
2025-01-25 04:05:48 - NaN Check: False 1
2025-01-25 04:05:48 - NaN Check: False 2
2025-01-25 04:05:48 - LinkNode: 0.5 <- 1 / 2
2025-01-25 04:05:49 - NaN Check: False 1
2025-01-25 04:05:49 - NaN Check: False 2
2025-01-25 04:05:49 - LinkNode: 0.5 <- 1 / 2
2025-01-25 04:05:49 - NaN Check: False 1
2025-01-25 04:05:49 - NaN Check: False 2
2025-01-25 04:05:49 - LinkNode: 0.5 <- 1 / 2
2025-01-25 04:05:49 - NaN Check: False 1
2025-01-25 04:05:49 - NaN Check: False 2
2025-01-25 04:05:49 - LinkNode: 0.5 <- 1 / 2
2025-01-25 04:05:49 - NaN Check: False 1
2025-01-25 04:05:49 - NaN Check: False 2
2025-01-25 04:05:49 - LinkNode: 0.5 <- 1 / 2
2025-01-25 04:05:49 - NaN Check: False 1
2025-01-25 04:05:49 - NaN Check: False 2
2025-01-25 04:05:49 - LinkNode: 0.5 <- 1 / 2
2025-01-25 04:05:49 - NaN Check: False 1
2025-01-25 04:05:49 - NaN Check: False 2
2025-01-25 04:05:49 - LinkNode: 0.5 <- 1 / 2
2025-01-25 04:05:49 - NaN Check: False 1
2025-01-25 04:05:49 - NaN Check: False 2
2025-01-25 04:05:49 - LinkNode: 0.5 <- 1 / 2
2025-01-25 04:05:49 - NaN Check: False 1
2025-01-25 04:05:49 - NaN Check: False 2
2025-01-25 04:05:49 - LinkNode: 0.5 <- 1 / 2
2025-01-25 04:05:49 - NaN Check: False 1
2025-01-25 04:05:49 - NaN Check: False 2
2025-01-25 04:05:49 - LinkNode: 0.5 <- 1 / 2
2025-01-25 04:05:49 - NaN Check: False 1
2025-01-25 04:05:49 - NaN Check: False 2
2025-01-25 04:05:49 - LinkNode: 0.5 <- 1 / 2
2025-01-25 04:05:49 - NaN Check: False 1
2025-01-25 04:05:49 - NaN Check: False 2
2025-01-25 04:05:49 - LinkNode: 0.5 <- 1 / 2
2025-01-25 04:05:49 - NaN Check: False 1
2025-01-25 04:05:49 - NaN Check: False 2
2025-01-25 04:05:49 - LinkNode: 0.5 <- 1 / 2
2025-01-25 04:05:49 - NaN Check: False 1
2025-01-25 04:05:49 - NaN Check: False 2
2025-01-25 04:05:49 - LinkNode: 0.5 <- 1 / 2
2025-01-25 04:05:49 - NaN Check: False 1
2025-01-25 04:05:49 - NaN Check: False 2
2025-01-25 04:05:49 - LinkNode: 0.5 <- 1 / 2
2025-01-25 04:05:49 - NaN Check: False 1
2025-01-25 04:05:49 - NaN Check: False 2
2025-01-25 04:05:49 - LinkNode: 0.5 <- 1 / 2
2025-01-25 04:05:49 - NaN Check: False 1
2025-01-25 04:05:49 - NaN Check: False 2
2025-01-25 04:05:49 - LinkNode: 0.5 <- 1 / 2
2025-01-25 04:05:49 - NaN Check: False 1
2025-01-25 04:05:49 - NaN Check: False 2
2025-01-25 04:05:49 - LinkNode: 0.5 <- 1 / 2
2025-01-25 04:05:49 - NaN Check: False 1
2025-01-25 04:05:49 - NaN Check: False 2
2025-01-25 04:05:49 - LinkNode: 0.5 <- 1 / 2
2025-01-25 04:05:49 - NaN Check: False 1
2025-01-25 04:05:49 - NaN Check: False 2
2025-01-25 04:05:49 - LinkNode: 0.5 <- 1 / 2
2025-01-25 04:05:49 - NaN Check: False 1
2025-01-25 04:05:49 - NaN Check: False 2
2025-01-25 04:05:49 - LinkNode: 0.5 <- 1 / 2
2025-01-25 04:05:49 - NaN Check: False 1
2025-01-25 04:05:49 - NaN Check: False 2
2025-01-25 04:05:49 - LinkNode: 0.5 <- 1 / 2
2025-01-25 04:05:49 - NaN Check: False 1
2025-01-25 04:05:49 - NaN Check: False 2
2025-01-25 04:05:49 - LinkNode: 0.5 <- 1 / 2
2025-01-25 04:05:49 - Midi Index: 48 | Intensity: 32 | Note Name: C3
2025-01-25 04:05:49 - Midi Index: 69 | Intensity: 0 | Note Name: A4
2025-01-25 04:05:49 - 
Resonance: 0 | Inflow: 0 | Outflow: 0 | Overflow: 0
- C3 | Intensity: 32
- A4 | Intensity: 0

- M13 | Intensity: 0 | Inflow: 0 | Outflow: -0 | Oveflow: 0
False | False | False | False
2025-01-25 04:05:49 - NaN Check: False 1
2025-01-25 04:05:49 - NaN Check: False 2
2025-01-25 04:05:49 - LinkNode: 0.5 <- 1 / 2
2025-01-25 04:05:49 - NaN Check: False 1
2025-01-25 04:05:49 - NaN Check: False 2
2025-01-25 04:05:49 - LinkNode: 0.5 <- 1 / 2
2025-01-25 04:05:49 - NaN Check: False 1
2025-01-25 04:05:49 - NaN Check: False 2
2025-01-25 04:05:49 - LinkNode: 0.5 <- 1 / 2
2025-01-25 04:05:49 - NaN Check: False 1
2025-01-25 04:05:49 - NaN Check: False 2
2025-01-25 04:05:49 - LinkNode: 0.5 <- 1 / 2
2025-01-25 04:05:49 - NaN Check: False 1
2025-01-25 04:05:49 - NaN Check: False 2
2025-01-25 04:05:49 - LinkNode: 0.5 <- 1 / 2
2025-01-25 04:05:49 - NaN Check: False 1
2025-01-25 04:05:49 - NaN Check: False 2
2025-01-25 04:05:49 - LinkNode: 0.5 <- 1 / 2
2025-01-25 04:05:49 - NaN Check: False 1
2025-01-25 04:05:49 - NaN Check: False 2
2025-01-25 04:05:49 - LinkNode: 0.5 <- 1 / 2
2025-01-25 04:05:49 - NaN Check: False 1
2025-01-25 04:05:50 - NaN Check: False 2
2025-01-25 04:05:50 - LinkNode: 0.5 <- 1 / 2
2025-01-25 04:05:50 - NaN Check: False 1
2025-01-25 04:05:50 - NaN Check: False 2
2025-01-25 04:05:50 - LinkNode: 0.5 <- 1 / 2
2025-01-25 04:05:50 - NaN Check: False 1
2025-01-25 04:05:50 - NaN Check: False 2
2025-01-25 04:05:50 - LinkNode: 0.5 <- 1 / 2
2025-01-25 04:05:50 - NaN Check: False 1
2025-01-25 04:05:50 - NaN Check: False 2
2025-01-25 04:05:50 - LinkNode: 0.5 <- 1 / 2
2025-01-25 04:05:50 - NaN Check: False 1
2025-01-25 04:05:50 - NaN Check: False 2
2025-01-25 04:05:50 - LinkNode: 0.5 <- 1 / 2
2025-01-25 04:05:50 - NaN Check: False 1
2025-01-25 04:05:50 - NaN Check: False 2
2025-01-25 04:05:50 - LinkNode: 0.5 <- 1 / 2
2025-01-25 04:05:50 - NaN Check: False 1
2025-01-25 04:05:50 - NaN Check: False 2
2025-01-25 04:05:50 - LinkNode: 0.5 <- 1 / 2
2025-01-25 04:05:50 - NaN Check: False 1
2025-01-25 04:05:50 - NaN Check: False 2
2025-01-25 04:05:50 - LinkNode: 0.5 <- 1 / 2
2025-01-25 04:05:50 - NaN Check: False 1
2025-01-25 04:05:50 - NaN Check: False 2
2025-01-25 04:05:50 - LinkNode: 0.5 <- 1 / 2
2025-01-25 04:05:50 - NaN Check: False 1
2025-01-25 04:05:50 - NaN Check: False 2
2025-01-25 04:05:50 - LinkNode: 0.5 <- 1 / 2
2025-01-25 04:05:50 - NaN Check: False 1
2025-01-25 04:05:50 - NaN Check: False 2
2025-01-25 04:05:50 - LinkNode: 0.5 <- 1 / 2
2025-01-25 04:05:50 - NaN Check: False 1
2025-01-25 04:05:50 - NaN Check: False 2
2025-01-25 04:05:50 - LinkNode: 0.5 <- 1 / 2
2025-01-25 04:05:50 - NaN Check: False 1
2025-01-25 04:05:50 - NaN Check: False 2
2025-01-25 04:05:50 - LinkNode: 0.5 <- 1 / 2
2025-01-25 04:05:50 - NaN Check: False 1
2025-01-25 04:05:50 - NaN Check: False 2
2025-01-25 04:05:50 - LinkNode: 0.5 <- 1 / 2
2025-01-25 04:05:50 - NaN Check: False 1
2025-01-25 04:05:50 - NaN Check: False 2
2025-01-25 04:05:50 - LinkNode: 0.5 <- 1 / 2
2025-01-25 04:05:50 - NaN Check: False 1
2025-01-25 04:05:50 - NaN Check: False 2
2025-01-25 04:05:50 - LinkNode: 0.5 <- 1 / 2
2025-01-25 04:05:50 - NaN Check: False 1
2025-01-25 04:05:50 - NaN Check: False 2
2025-01-25 04:05:50 - LinkNode: 0.5 <- 1 / 2
2025-01-25 04:05:50 - NaN Check: False 1
2025-01-25 04:05:50 - NaN Check: False 2
2025-01-25 04:05:50 - LinkNode: 0.5 <- 1 / 2
2025-01-25 04:05:50 - NaN Check: False 1
2025-01-25 04:05:50 - NaN Check: False 2
2025-01-25 04:05:50 - LinkNode: 0.5 <- 1 / 2
2025-01-25 04:05:50 - NaN Check: False 1
2025-01-25 04:05:50 - NaN Check: False 2
2025-01-25 04:05:50 - LinkNode: 0.5 <- 1 / 2
2025-01-25 04:05:50 - NaN Check: False 1
2025-01-25 04:05:50 - NaN Check: False 2
2025-01-25 04:05:50 - LinkNode: 0.5 <- 1 / 2
2025-01-25 04:05:50 - NaN Check: False 1
2025-01-25 04:05:50 - NaN Check: False 2
2025-01-25 04:05:50 - LinkNode: 0.5 <- 1 / 2
2025-01-25 04:05:50 - NaN Check: False 1
2025-01-25 04:05:50 - NaN Check: False 2
2025-01-25 04:05:50 - LinkNode: 0.5 <- 1 / 2
2025-01-25 04:05:50 - Midi Index: 48 | Intensity: 32 | Note Name: C3
2025-01-25 04:05:50 - Midi Index: 69 | Intensity: 4 | Note Name: A4
2025-01-25 04:05:50 - 
Resonance: 0 | Inflow: 0 | Outflow: 0 | Overflow: 0
- C3 | Intensity: 32
- A4 | Intensity: 4

- M13 | Intensity: 0 | Inflow: 0 | Outflow: -0 | Oveflow: 0
False | False | False | False
2025-01-25 04:05:50 - NaN Check: False 1
2025-01-25 04:05:50 - NaN Check: False 2
2025-01-25 04:05:50 - LinkNode: 0.5 <- 1 / 2
2025-01-25 04:05:50 - NaN Check: False 1
2025-01-25 04:05:50 - NaN Check: False 2
2025-01-25 04:05:50 - LinkNode: 0.5 <- 1 / 2
2025-01-25 04:05:50 - NaN Check: False 1
2025-01-25 04:05:50 - NaN Check: False 2
2025-01-25 04:05:50 - LinkNode: 0.5 <- 1 / 2
2025-01-25 04:05:50 - NaN Check: False 1
2025-01-25 04:05:50 - NaN Check: False 2
2025-01-25 04:05:50 - LinkNode: 0.5 <- 1 / 2
2025-01-25 04:05:50 - NaN Check: False 1
2025-01-25 04:05:50 - NaN Check: False 2
2025-01-25 04:05:50 - LinkNode: 0.5 <- 1 / 2
2025-01-25 04:05:50 - NaN Check: False 1
2025-01-25 04:05:50 - NaN Check: False 2
2025-01-25 04:05:50 - LinkNode: 0.5 <- 1 / 2
2025-01-25 04:05:50 - NaN Check: False 1
2025-01-25 04:05:50 - NaN Check: False 2
2025-01-25 04:05:50 - LinkNode: 0.5 <- 1 / 2
2025-01-25 04:05:51 - NaN Check: False 1
2025-01-25 04:05:51 - NaN Check: False 2
2025-01-25 04:05:51 - LinkNode: 0.5 <- 1 / 2
2025-01-25 04:05:51 - NaN Check: False 1
2025-01-25 04:05:51 - NaN Check: False 2
2025-01-25 04:05:51 - LinkNode: 0.5 <- 1 / 2
2025-01-25 04:05:51 - NaN Check: False 1
2025-01-25 04:05:51 - NaN Check: False 2
2025-01-25 04:05:51 - LinkNode: 0.5 <- 1 / 2
2025-01-25 04:05:51 - NaN Check: False 1
2025-01-25 04:05:51 - NaN Check: False 2
2025-01-25 04:05:51 - LinkNode: 0.5 <- 1 / 2
2025-01-25 04:05:51 - NaN Check: False 1
2025-01-25 04:05:51 - NaN Check: False 2
2025-01-25 04:05:51 - LinkNode: 0.5 <- 1 / 2
2025-01-25 04:05:51 - NaN Check: False 1
2025-01-25 04:05:51 - NaN Check: False 2
2025-01-25 04:05:51 - LinkNode: 0.5 <- 1 / 2
2025-01-25 04:05:51 - NaN Check: False 1
2025-01-25 04:05:51 - NaN Check: False 2
2025-01-25 04:05:51 - LinkNode: 0.5 <- 1 / 2
2025-01-25 04:05:51 - NaN Check: False 1
2025-01-25 04:05:51 - NaN Check: False 2
2025-01-25 04:05:51 - LinkNode: 0.5 <- 1 / 2
2025-01-25 04:05:51 - NaN Check: False 1
2025-01-25 04:05:51 - NaN Check: False 2
2025-01-25 04:05:51 - LinkNode: 0.5 <- 1 / 2
2025-01-25 04:05:51 - NaN Check: False 1
2025-01-25 04:05:51 - NaN Check: False 2
2025-01-25 04:05:51 - LinkNode: 0.5 <- 1 / 2
2025-01-25 04:05:51 - NaN Check: False 1
2025-01-25 04:05:51 - NaN Check: False 2
2025-01-25 04:05:51 - LinkNode: 0.5 <- 1 / 2
2025-01-25 04:05:51 - NaN Check: False 1
2025-01-25 04:05:51 - NaN Check: False 2
2025-01-25 04:05:51 - LinkNode: 0.5 <- 1 / 2
2025-01-25 04:05:51 - NaN Check: False 1
2025-01-25 04:05:51 - NaN Check: False 2
2025-01-25 04:05:51 - LinkNode: 0.5 <- 1 / 2
2025-01-25 04:05:51 - NaN Check: False 1
2025-01-25 04:05:51 - NaN Check: False 2
2025-01-25 04:05:51 - LinkNode: 0.5 <- 1 / 2
2025-01-25 04:05:51 - NaN Check: False 1
2025-01-25 04:05:51 - NaN Check: False 2
2025-01-25 04:05:51 - LinkNode: 0.5 <- 1 / 2
2025-01-25 04:05:51 - NaN Check: False 1
2025-01-25 04:05:51 - NaN Check: False 2
2025-01-25 04:05:51 - LinkNode: 0.5 <- 1 / 2
2025-01-25 04:05:51 - NaN Check: False 1
2025-01-25 04:05:51 - NaN Check: False 2
2025-01-25 04:05:51 - LinkNode: 0.5 <- 1 / 2
2025-01-25 04:05:51 - NaN Check: False 1
2025-01-25 04:05:51 - NaN Check: False 2
2025-01-25 04:05:51 - LinkNode: 0.5 <- 1 / 2
2025-01-25 04:05:51 - NaN Check: False 1
2025-01-25 04:05:51 - NaN Check: False 2
2025-01-25 04:05:51 - LinkNode: 0.5 <- 1 / 2
2025-01-25 04:05:51 - NaN Check: False 1
2025-01-25 04:05:51 - NaN Check: False 2
2025-01-25 04:05:51 - LinkNode: 0.5 <- 1 / 2
2025-01-25 04:05:51 - NaN Check: False 1
2025-01-25 04:05:51 - NaN Check: False 2
2025-01-25 04:05:51 - LinkNode: 0.5 <- 1 / 2
2025-01-25 04:05:51 - NaN Check: False 1
2025-01-25 04:05:51 - NaN Check: False 2
2025-01-25 04:05:51 - LinkNode: 0.5 <- 1 / 2
2025-01-25 04:05:51 - NaN Check: False 1
2025-01-25 04:05:51 - NaN Check: False 2
2025-01-25 04:05:51 - LinkNode: 0.5 <- 1 / 2
2025-01-25 04:05:51 - Midi Index: 48 | Intensity: 32 | Note Name: C3
2025-01-25 04:05:51 - Midi Index: 69 | Intensity: 10 | Note Name: A4
2025-01-25 04:05:51 - 
Resonance: 0 | Inflow: 0 | Outflow: 0 | Overflow: 0
- C3 | Intensity: 32
- A4 | Intensity: 10

- M13 | Intensity: 0 | Inflow: 0 | Outflow: -0 | Oveflow: 0
False | False | False | False
2025-01-25 04:05:51 - NaN Check: False 1
2025-01-25 04:05:51 - NaN Check: False 2
2025-01-25 04:05:51 - LinkNode: 0.5 <- 1 / 2
2025-01-25 04:05:51 - NaN Check: False 1
2025-01-25 04:05:51 - NaN Check: False 2
2025-01-25 04:05:51 - LinkNode: 0.5 <- 1 / 2
2025-01-25 04:05:51 - NaN Check: False 1
2025-01-25 04:05:51 - NaN Check: False 2
2025-01-25 04:05:51 - LinkNode: 0.5 <- 1 / 2
2025-01-25 04:05:51 - NaN Check: False 1
2025-01-25 04:05:51 - NaN Check: False 2
2025-01-25 04:05:51 - LinkNode: 0.5 <- 1 / 2
2025-01-25 04:05:51 - NaN Check: False 1
2025-01-25 04:05:51 - NaN Check: False 2
2025-01-25 04:05:51 - LinkNode: 0.5 <- 1 / 2
2025-01-25 04:05:51 - NaN Check: False 1
2025-01-25 04:05:51 - NaN Check: False 2
2025-01-25 04:05:51 - LinkNode: 0.5 <- 1 / 2
2025-01-25 04:05:51 - NaN Check: False 1
2025-01-25 04:05:51 - NaN Check: False 2
2025-01-25 04:05:51 - LinkNode: 0.5 <- 1 / 2
2025-01-25 04:05:51 - NaN Check: False 1
2025-01-25 04:05:52 - NaN Check: False 2
2025-01-25 04:05:52 - LinkNode: 0.5 <- 1 / 2
2025-01-25 04:05:52 - NaN Check: False 1
2025-01-25 04:05:52 - NaN Check: False 2
2025-01-25 04:05:52 - LinkNode: 0.5 <- 1 / 2
2025-01-25 04:05:52 - NaN Check: False 1
2025-01-25 04:05:52 - NaN Check: False 2
2025-01-25 04:05:52 - LinkNode: 0.5 <- 1 / 2
2025-01-25 04:05:52 - NaN Check: False 1
2025-01-25 04:05:52 - NaN Check: False 2
2025-01-25 04:05:52 - LinkNode: 0.5 <- 1 / 2
2025-01-25 04:05:52 - NaN Check: False 1
2025-01-25 04:05:52 - NaN Check: False 2
2025-01-25 04:05:52 - LinkNode: 0.5 <- 1 / 2
2025-01-25 04:05:52 - NaN Check: False 1
2025-01-25 04:05:52 - NaN Check: False 2
2025-01-25 04:05:52 - LinkNode: 0.5 <- 1 / 2
2025-01-25 04:05:52 - NaN Check: False 1
2025-01-25 04:05:52 - NaN Check: False 2
2025-01-25 04:05:52 - LinkNode: 0.5 <- 1 / 2
2025-01-25 04:05:52 - NaN Check: False 1
2025-01-25 04:05:52 - NaN Check: False 2
2025-01-25 04:05:52 - LinkNode: 0.5 <- 1 / 2
2025-01-25 04:05:52 - NaN Check: False 1
2025-01-25 04:05:52 - NaN Check: False 2
2025-01-25 04:05:52 - LinkNode: 0.5 <- 1 / 2
2025-01-25 04:05:52 - NaN Check: False 1
2025-01-25 04:05:52 - NaN Check: False 2
2025-01-25 04:05:52 - LinkNode: 0.5 <- 1 / 2
2025-01-25 04:05:52 - NaN Check: False 1
2025-01-25 04:05:52 - NaN Check: False 2
2025-01-25 04:05:52 - LinkNode: 0.5 <- 1 / 2
2025-01-25 04:05:52 - NaN Check: False 1
2025-01-25 04:05:52 - NaN Check: False 2
2025-01-25 04:05:52 - LinkNode: 0.5 <- 1 / 2
2025-01-25 04:05:52 - NaN Check: False 1
2025-01-25 04:05:52 - NaN Check: False 2
2025-01-25 04:05:52 - LinkNode: 0.5 <- 1 / 2
2025-01-25 04:05:52 - NaN Check: False 1
2025-01-25 04:05:52 - NaN Check: False 2
2025-01-25 04:05:52 - LinkNode: 0.5 <- 1 / 2
2025-01-25 04:05:52 - NaN Check: False 1
2025-01-25 04:05:52 - NaN Check: False 2
2025-01-25 04:05:52 - LinkNode: 0.5 <- 1 / 2
2025-01-25 04:05:52 - NaN Check: False 1
2025-01-25 04:05:52 - NaN Check: False 2
2025-01-25 04:05:52 - LinkNode: 0.5 <- 1 / 2
2025-01-25 04:05:52 - NaN Check: False 1
2025-01-25 04:05:52 - NaN Check: False 2
2025-01-25 04:05:52 - LinkNode: 0.5 <- 1 / 2
2025-01-25 04:05:52 - NaN Check: False 1
2025-01-25 04:05:52 - NaN Check: False 2
2025-01-25 04:05:52 - LinkNode: 0.5 <- 1 / 2
2025-01-25 04:05:52 - NaN Check: False 1
2025-01-25 04:05:52 - NaN Check: False 2
2025-01-25 04:05:52 - LinkNode: 0.5 <- 1 / 2
2025-01-25 04:05:52 - NaN Check: False 1
2025-01-25 04:05:52 - NaN Check: False 2
2025-01-25 04:05:52 - LinkNode: 0.5 <- 1 / 2
2025-01-25 04:05:52 - NaN Check: False 1
2025-01-25 04:05:52 - NaN Check: False 2
2025-01-25 04:05:52 - LinkNode: 0.5 <- 1 / 2
2025-01-25 04:05:52 - NaN Check: False 1
2025-01-25 04:05:52 - NaN Check: False 2
2025-01-25 04:05:52 - LinkNode: 0.5 <- 1 / 2
2025-01-25 04:05:52 - NaN Check: False 1
2025-01-25 04:05:52 - NaN Check: False 2
2025-01-25 04:05:52 - LinkNode: 0.5 <- 1 / 2
2025-01-25 04:05:52 - Midi Index: 48 | Intensity: 32 | Note Name: C3
2025-01-25 04:05:52 - Midi Index: 69 | Intensity: 15 | Note Name: A4
2025-01-25 04:05:52 - 
Resonance: 0 | Inflow: 0 | Outflow: 0 | Overflow: 0
- C3 | Intensity: 32
- A4 | Intensity: 15

- M13 | Intensity: 0 | Inflow: 0 | Outflow: -0 | Oveflow: 0
False | False | False | False
2025-01-25 04:05:52 - NaN Check: False 1
2025-01-25 04:05:52 - NaN Check: False 2
2025-01-25 04:05:52 - LinkNode: 0.5 <- 1 / 2
2025-01-25 04:05:52 - NaN Check: False 1
2025-01-25 04:05:52 - NaN Check: False 2
2025-01-25 04:05:52 - LinkNode: 0.5 <- 1 / 2
2025-01-25 04:05:52 - NaN Check: False 1
2025-01-25 04:05:52 - NaN Check: False 2
2025-01-25 04:05:52 - LinkNode: 0.5 <- 1 / 2
2025-01-25 04:05:52 - NaN Check: False 1
2025-01-25 04:05:52 - NaN Check: False 2
2025-01-25 04:05:52 - LinkNode: 0.5 <- 1 / 2
2025-01-25 04:05:52 - NaN Check: False 1
2025-01-25 04:05:52 - NaN Check: False 2
2025-01-25 04:05:52 - LinkNode: 0.5 <- 1 / 2
2025-01-25 04:05:52 - NaN Check: False 1
2025-01-25 04:05:52 - NaN Check: False 2
2025-01-25 04:05:52 - LinkNode: 0.5 <- 1 / 2
2025-01-25 04:05:52 - NaN Check: False 1
2025-01-25 04:05:52 - NaN Check: False 2
2025-01-25 04:05:52 - LinkNode: 0.5 <- 1 / 2
2025-01-25 04:05:52 - NaN Check: False 1
2025-01-25 04:05:53 - NaN Check: False 2
2025-01-25 04:05:53 - LinkNode: 0.5 <- 1 / 2
2025-01-25 04:05:53 - NaN Check: False 1
2025-01-25 04:05:53 - NaN Check: False 2
2025-01-25 04:05:53 - LinkNode: 0.5 <- 1 / 2
2025-01-25 04:05:53 - NaN Check: False 1
2025-01-25 04:05:53 - NaN Check: False 2
2025-01-25 04:05:53 - LinkNode: 0.5 <- 1 / 2
2025-01-25 04:05:53 - NaN Check: False 1
2025-01-25 04:05:53 - NaN Check: False 2
2025-01-25 04:05:53 - LinkNode: 0.5 <- 1 / 2
2025-01-25 04:05:53 - NaN Check: False 1
2025-01-25 04:05:53 - NaN Check: False 2
2025-01-25 04:05:53 - LinkNode: 0.5 <- 1 / 2
2025-01-25 04:05:53 - NaN Check: False 1
2025-01-25 04:05:53 - NaN Check: False 2
2025-01-25 04:05:53 - LinkNode: 0.5 <- 1 / 2
2025-01-25 04:05:53 - NaN Check: False 1
2025-01-25 04:05:53 - NaN Check: False 2
2025-01-25 04:05:53 - LinkNode: 0.5 <- 1 / 2
2025-01-25 04:05:53 - NaN Check: False 1
2025-01-25 04:05:53 - NaN Check: False 2
2025-01-25 04:05:53 - LinkNode: 0.5 <- 1 / 2
2025-01-25 04:05:53 - NaN Check: False 1
2025-01-25 04:05:53 - NaN Check: False 2
2025-01-25 04:05:53 - LinkNode: 0.5 <- 1 / 2
2025-01-25 04:05:53 - NaN Check: False 1
2025-01-25 04:05:53 - NaN Check: False 2
2025-01-25 04:05:53 - LinkNode: 0.5 <- 1 / 2
2025-01-25 04:05:53 - NaN Check: False 1
2025-01-25 04:05:53 - NaN Check: False 2
2025-01-25 04:05:53 - LinkNode: 0.5 <- 1 / 2
2025-01-25 04:05:53 - NaN Check: False 1
2025-01-25 04:05:53 - NaN Check: False 2
2025-01-25 04:05:53 - LinkNode: 0.5 <- 1 / 2
2025-01-25 04:05:53 - NaN Check: False 1
2025-01-25 04:05:53 - NaN Check: False 2
2025-01-25 04:05:53 - LinkNode: 0.5 <- 1 / 2
2025-01-25 04:05:53 - NaN Check: False 1
2025-01-25 04:05:53 - NaN Check: False 2
2025-01-25 04:05:53 - LinkNode: 0.5 <- 1 / 2
2025-01-25 04:05:53 - NaN Check: False 1
2025-01-25 04:05:53 - NaN Check: False 2
2025-01-25 04:05:53 - LinkNode: 0.5 <- 1 / 2
2025-01-25 04:05:53 - NaN Check: False 1
2025-01-25 04:05:53 - NaN Check: False 2
2025-01-25 04:05:53 - LinkNode: 0.5 <- 1 / 2
2025-01-25 04:05:53 - NaN Check: False 1
2025-01-25 04:05:53 - NaN Check: False 2
2025-01-25 04:05:53 - LinkNode: 0.5 <- 1 / 2
2025-01-25 04:05:53 - NaN Check: False 1
2025-01-25 04:05:53 - NaN Check: False 2
2025-01-25 04:05:53 - LinkNode: 0.5 <- 1 / 2
2025-01-25 04:05:53 - NaN Check: False 1
2025-01-25 04:05:53 - NaN Check: False 2
2025-01-25 04:05:53 - LinkNode: 0.5 <- 1 / 2
2025-01-25 04:05:53 - NaN Check: False 1
2025-01-25 04:05:53 - NaN Check: False 2
2025-01-25 04:05:53 - LinkNode: 0.5 <- 1 / 2
2025-01-25 04:05:53 - NaN Check: False 1
2025-01-25 04:05:53 - NaN Check: False 2
2025-01-25 04:05:53 - LinkNode: 0.5 <- 1 / 2
2025-01-25 04:05:53 - NaN Check: False 1
2025-01-25 04:05:53 - NaN Check: False 2
2025-01-25 04:05:53 - LinkNode: 0.5 <- 1 / 2
2025-01-25 04:05:53 - NaN Check: False 1
2025-01-25 04:05:53 - NaN Check: False 2
2025-01-25 04:05:53 - LinkNode: 0.5 <- 1 / 2
2025-01-25 04:05:53 - Midi Index: 48 | Intensity: 32 | Note Name: C3
2025-01-25 04:05:53 - Midi Index: 69 | Intensity: 20 | Note Name: A4
2025-01-25 04:05:53 - 
Resonance: 0 | Inflow: 0 | Outflow: 0 | Overflow: 0
- C3 | Intensity: 32
- A4 | Intensity: 20

- M13 | Intensity: 0 | Inflow: 0 | Outflow: -0 | Oveflow: 0
False | False | False | False
2025-01-25 04:05:53 - NaN Check: False 1
2025-01-25 04:05:53 - NaN Check: False 2
2025-01-25 04:05:53 - LinkNode: 0.5 <- 1 / 2
2025-01-25 04:05:53 - NaN Check: False 1
2025-01-25 04:05:53 - NaN Check: False 2
2025-01-25 04:05:53 - LinkNode: 0.5 <- 1 / 2
2025-01-25 04:05:53 - NaN Check: False 1
2025-01-25 04:05:53 - NaN Check: False 2
2025-01-25 04:05:53 - LinkNode: 0.5 <- 1 / 2
2025-01-25 04:05:53 - NaN Check: False 1
2025-01-25 04:05:53 - NaN Check: False 2
2025-01-25 04:05:53 - LinkNode: 0.5 <- 1 / 2
2025-01-25 04:05:53 - NaN Check: False 1
2025-01-25 04:05:53 - NaN Check: False 2
2025-01-25 04:05:53 - LinkNode: 0.5 <- 1 / 2
2025-01-25 04:05:53 - NaN Check: False 1
2025-01-25 04:05:53 - NaN Check: False 2
2025-01-25 04:05:53 - LinkNode: 0.5 <- 1 / 2
2025-01-25 04:05:53 - NaN Check: False 1
2025-01-25 04:05:53 - NaN Check: False 2
2025-01-25 04:05:53 - LinkNode: 0.5 <- 1 / 2
2025-01-25 04:05:54 - NaN Check: False 1
2025-01-25 04:05:54 - NaN Check: False 2
2025-01-25 04:05:54 - LinkNode: 0.5 <- 1 / 2
2025-01-25 04:05:54 - NaN Check: False 1
2025-01-25 04:05:54 - NaN Check: False 2
2025-01-25 04:05:54 - LinkNode: 0.5 <- 1 / 2
2025-01-25 04:05:54 - NaN Check: False 1
2025-01-25 04:05:54 - NaN Check: False 2
2025-01-25 04:05:54 - LinkNode: 0.5 <- 1 / 2
2025-01-25 04:05:54 - NaN Check: False 1
2025-01-25 04:05:54 - NaN Check: False 2
2025-01-25 04:05:54 - LinkNode: 0.5 <- 1 / 2
2025-01-25 04:05:54 - NaN Check: False 1
2025-01-25 04:05:54 - NaN Check: False 2
2025-01-25 04:05:54 - LinkNode: 0.5 <- 1 / 2
2025-01-25 04:05:54 - NaN Check: False 1
2025-01-25 04:05:54 - NaN Check: False 2
2025-01-25 04:05:54 - LinkNode: 0.5 <- 1 / 2
2025-01-25 04:05:54 - NaN Check: False 1
2025-01-25 04:05:54 - NaN Check: False 2
2025-01-25 04:05:54 - LinkNode: 0.5 <- 1 / 2
2025-01-25 04:05:54 - NaN Check: False 1
2025-01-25 04:05:54 - NaN Check: False 2
2025-01-25 04:05:54 - LinkNode: 0.5 <- 1 / 2
2025-01-25 04:05:54 - NaN Check: False 1
2025-01-25 04:05:54 - NaN Check: False 2
2025-01-25 04:05:54 - LinkNode: 0.5 <- 1 / 2
2025-01-25 04:05:54 - NaN Check: False 1
2025-01-25 04:05:54 - NaN Check: False 2
2025-01-25 04:05:54 - LinkNode: 0.5 <- 1 / 2
2025-01-25 04:05:54 - NaN Check: False 1
2025-01-25 04:05:54 - NaN Check: False 2
2025-01-25 04:05:54 - LinkNode: 0.5 <- 1 / 2
2025-01-25 04:05:54 - NaN Check: False 1
2025-01-25 04:05:54 - NaN Check: False 2
2025-01-25 04:05:54 - LinkNode: 0.5 <- 1 / 2
2025-01-25 04:05:54 - NaN Check: False 1
2025-01-25 04:05:54 - NaN Check: False 2
2025-01-25 04:05:54 - LinkNode: 0.5 <- 1 / 2
2025-01-25 04:05:54 - NaN Check: False 1
2025-01-25 04:05:54 - NaN Check: False 2
2025-01-25 04:05:54 - LinkNode: 0.5 <- 1 / 2
2025-01-25 04:05:54 - NaN Check: False 1
2025-01-25 04:05:54 - NaN Check: False 2
2025-01-25 04:05:54 - LinkNode: 0.5 <- 1 / 2
2025-01-25 04:05:54 - NaN Check: False 1
2025-01-25 04:05:54 - NaN Check: False 2
2025-01-25 04:05:54 - LinkNode: 0.5 <- 1 / 2
2025-01-25 04:05:54 - NaN Check: False 1
2025-01-25 04:05:54 - NaN Check: False 2
2025-01-25 04:05:54 - LinkNode: 0.5 <- 1 / 2
2025-01-25 04:05:54 - NaN Check: False 1
2025-01-25 04:05:54 - NaN Check: False 2
2025-01-25 04:05:54 - LinkNode: 0.5 <- 1 / 2
2025-01-25 04:05:54 - NaN Check: False 1
2025-01-25 04:05:54 - NaN Check: False 2
2025-01-25 04:05:54 - LinkNode: 0.5 <- 1 / 2
2025-01-25 04:05:54 - NaN Check: False 1
2025-01-25 04:05:54 - NaN Check: False 2
2025-01-25 04:05:54 - LinkNode: 0.5 <- 1 / 2
2025-01-25 04:05:54 - NaN Check: False 1
2025-01-25 04:05:54 - NaN Check: False 2
2025-01-25 04:05:54 - LinkNode: 0.5 <- 1 / 2
2025-01-25 04:05:54 - NaN Check: False 1
2025-01-25 04:05:54 - NaN Check: False 2
2025-01-25 04:05:54 - LinkNode: 0.5 <- 1 / 2
2025-01-25 04:05:54 - NaN Check: False 1
2025-01-25 04:05:54 - NaN Check: False 2
2025-01-25 04:05:54 - LinkNode: 0.5 <- 1 / 2
2025-01-25 04:05:54 - Midi Index: 48 | Intensity: 32 | Note Name: C3
2025-01-25 04:05:54 - Midi Index: 69 | Intensity: 26 | Note Name: A4
2025-01-25 04:05:54 - 
Resonance: 0 | Inflow: 0 | Outflow: 0 | Overflow: 0
- C3 | Intensity: 32
- A4 | Intensity: 26

- M13 | Intensity: 0 | Inflow: 0 | Outflow: -0 | Oveflow: 0
False | False | False | False
2025-01-25 04:05:54 - NaN Check: False 1
2025-01-25 04:05:54 - NaN Check: False 2
2025-01-25 04:05:54 - LinkNode: 0.5 <- 1 / 2
2025-01-25 04:05:54 - NaN Check: False 1
2025-01-25 04:05:54 - NaN Check: False 2
2025-01-25 04:05:54 - LinkNode: 0.5 <- 1 / 2
2025-01-25 04:05:54 - NaN Check: False 1
2025-01-25 04:05:54 - NaN Check: False 2
2025-01-25 04:05:54 - LinkNode: 0.5 <- 1 / 2
2025-01-25 04:05:54 - NaN Check: False 1
2025-01-25 04:05:54 - NaN Check: False 2
2025-01-25 04:05:54 - LinkNode: 0.5 <- 1 / 2
2025-01-25 04:05:54 - NaN Check: False 1
2025-01-25 04:05:54 - NaN Check: False 2
2025-01-25 04:05:54 - LinkNode: 0.5 <- 1 / 2
2025-01-25 04:05:54 - NaN Check: False 1
2025-01-25 04:05:54 - NaN Check: False 2
2025-01-25 04:05:54 - LinkNode: 0.5 <- 1 / 2
2025-01-25 04:05:54 - NaN Check: False 1
2025-01-25 04:05:54 - NaN Check: False 2
2025-01-25 04:05:54 - LinkNode: 0.5 <- 1 / 2
2025-01-25 04:05:55 - NaN Check: False 1
2025-01-25 04:05:55 - NaN Check: False 2
2025-01-25 04:05:55 - LinkNode: 0.5 <- 1 / 2
2025-01-25 04:05:55 - NaN Check: False 1
2025-01-25 04:05:55 - NaN Check: False 2
2025-01-25 04:05:55 - LinkNode: 0.5 <- 1 / 2
2025-01-25 04:05:55 - NaN Check: False 1
2025-01-25 04:05:55 - NaN Check: False 2
2025-01-25 04:05:55 - LinkNode: 0.5 <- 1 / 2
2025-01-25 04:05:55 - NaN Check: False 1
2025-01-25 04:05:55 - NaN Check: False 2
2025-01-25 04:05:55 - LinkNode: 0.5 <- 1 / 2
2025-01-25 04:05:55 - NaN Check: False 1
2025-01-25 04:05:55 - NaN Check: False 2
2025-01-25 04:05:55 - LinkNode: 0.5 <- 1 / 2
2025-01-25 04:05:55 - NaN Check: False 1
2025-01-25 04:05:55 - NaN Check: False 2
2025-01-25 04:05:55 - LinkNode: 0.5 <- 1 / 2
2025-01-25 04:05:55 - NaN Check: False 1
2025-01-25 04:05:55 - NaN Check: False 2
2025-01-25 04:05:55 - LinkNode: 0.5 <- 1 / 2
2025-01-25 04:05:55 - NaN Check: False 1
2025-01-25 04:05:55 - NaN Check: False 2
2025-01-25 04:05:55 - LinkNode: 0.5 <- 1 / 2
2025-01-25 04:05:55 - NaN Check: False 1
2025-01-25 04:05:55 - NaN Check: False 2
2025-01-25 04:05:55 - LinkNode: 0.5 <- 1 / 2
2025-01-25 04:05:55 - NaN Check: False 1
2025-01-25 04:05:55 - NaN Check: False 2
2025-01-25 04:05:55 - LinkNode: 0.5 <- 1 / 2
2025-01-25 04:05:55 - NaN Check: False 1
2025-01-25 04:05:55 - NaN Check: False 2
2025-01-25 04:05:55 - LinkNode: 0.5 <- 1 / 2
2025-01-25 04:05:55 - NaN Check: False 1
2025-01-25 04:05:55 - NaN Check: False 2
2025-01-25 04:05:55 - LinkNode: 0.5 <- 1 / 2
2025-01-25 04:05:55 - NaN Check: False 1
2025-01-25 04:05:55 - NaN Check: False 2
2025-01-25 04:05:55 - LinkNode: 0.5 <- 1 / 2
2025-01-25 04:05:55 - NaN Check: False 1
2025-01-25 04:05:55 - NaN Check: False 2
2025-01-25 04:05:55 - LinkNode: 0.5 <- 1 / 2
2025-01-25 04:05:55 - NaN Check: False 1
2025-01-25 04:05:55 - NaN Check: False 2
2025-01-25 04:05:55 - LinkNode: 0.5 <- 1 / 2
2025-01-25 04:05:55 - NaN Check: False 1
2025-01-25 04:05:55 - NaN Check: False 2
2025-01-25 04:05:55 - LinkNode: 0.5 <- 1 / 2
2025-01-25 04:05:55 - NaN Check: False 1
2025-01-25 04:05:55 - NaN Check: False 2
2025-01-25 04:05:55 - LinkNode: 0.5 <- 1 / 2
2025-01-25 04:05:55 - NaN Check: False 1
2025-01-25 04:05:55 - NaN Check: False 2
2025-01-25 04:05:55 - LinkNode: 0.5 <- 1 / 2
2025-01-25 04:05:55 - NaN Check: False 1
2025-01-25 04:05:55 - NaN Check: False 2
2025-01-25 04:05:55 - LinkNode: 0.5 <- 1 / 2
2025-01-25 04:05:55 - NaN Check: False 1
2025-01-25 04:05:55 - NaN Check: False 2
2025-01-25 04:05:55 - LinkNode: 0.5 <- 1 / 2
2025-01-25 04:05:55 - NaN Check: False 1
2025-01-25 04:05:55 - NaN Check: False 2
2025-01-25 04:05:55 - LinkNode: 0.5 <- 1 / 2
2025-01-25 04:05:55 - NaN Check: False 1
2025-01-25 04:05:55 - NaN Check: False 2
2025-01-25 04:05:55 - LinkNode: 0.5 <- 1 / 2
2025-01-25 04:05:55 - NaN Check: False 1
2025-01-25 04:05:55 - NaN Check: False 2
2025-01-25 04:05:55 - LinkNode: 0.5 <- 1 / 2
2025-01-25 04:05:55 - Midi Index: 48 | Intensity: 32 | Note Name: C3
2025-01-25 04:05:55 - Midi Index: 69 | Intensity: 31 | Note Name: A4
2025-01-25 04:05:55 - 
Resonance: 0 | Inflow: 0 | Outflow: 0 | Overflow: 0
- C3 | Intensity: 32
- A4 | Intensity: 31

- M13 | Intensity: 0 | Inflow: 0 | Outflow: -0 | Oveflow: 0
False | False | False | False
2025-01-25 04:05:55 - NaN Check: False 1
2025-01-25 04:05:55 - NaN Check: False 2
2025-01-25 04:05:55 - LinkNode: 0.5 <- 1 / 2
2025-01-25 04:05:55 - NaN Check: False 1
2025-01-25 04:05:55 - NaN Check: False 2
2025-01-25 04:05:55 - LinkNode: 0.5 <- 1 / 2
2025-01-25 04:05:55 - NaN Check: False 1
2025-01-25 04:05:55 - NaN Check: False 2
2025-01-25 04:05:55 - LinkNode: 0.5 <- 1 / 2
2025-01-25 04:05:55 - NaN Check: False 1
2025-01-25 04:05:55 - NaN Check: False 2
2025-01-25 04:05:55 - LinkNode: 0.5 <- 1 / 2
2025-01-25 04:05:55 - NaN Check: False 1
2025-01-25 04:05:55 - NaN Check: False 2
2025-01-25 04:05:55 - LinkNode: 0.5 <- 1 / 2
2025-01-25 04:05:55 - NaN Check: False 1
2025-01-25 04:05:55 - NaN Check: False 2
2025-01-25 04:05:55 - LinkNode: 0.5 <- 1 / 2
2025-01-25 04:05:55 - NaN Check: False 1
2025-01-25 04:05:55 - NaN Check: False 2
2025-01-25 04:05:55 - LinkNode: 0.5 <- 1 / 2
2025-01-25 04:05:55 - NaN Check: False 1
2025-01-25 04:05:56 - NaN Check: False 2
2025-01-25 04:05:56 - LinkNode: 0.5 <- 1 / 2
2025-01-25 04:05:56 - NaN Check: False 1
2025-01-25 04:05:56 - NaN Check: False 2
2025-01-25 04:05:56 - LinkNode: 0.5 <- 1 / 2
2025-01-25 04:05:56 - NaN Check: False 1
2025-01-25 04:05:56 - NaN Check: False 2
2025-01-25 04:05:56 - LinkNode: 0.5 <- 1 / 2
2025-01-25 04:05:56 - NaN Check: False 1
2025-01-25 04:05:56 - NaN Check: False 2
2025-01-25 04:05:56 - LinkNode: 0.5 <- 1 / 2
2025-01-25 04:05:56 - NaN Check: False 1
2025-01-25 04:05:56 - NaN Check: False 2
2025-01-25 04:05:56 - LinkNode: 0.5 <- 1 / 2
2025-01-25 04:05:56 - NaN Check: False 1
2025-01-25 04:05:56 - NaN Check: False 2
2025-01-25 04:05:56 - LinkNode: 0.5 <- 1 / 2
2025-01-25 04:05:56 - NaN Check: False 1
2025-01-25 04:05:56 - NaN Check: False 2
2025-01-25 04:05:56 - LinkNode: 0.5 <- 1 / 2
2025-01-25 04:05:56 - NaN Check: False 1
2025-01-25 04:05:56 - NaN Check: False 2
2025-01-25 04:05:56 - LinkNode: 0.5 <- 1 / 2
2025-01-25 04:05:56 - NaN Check: False 1
2025-01-25 04:05:56 - NaN Check: False 2
2025-01-25 04:05:56 - LinkNode: 0.5 <- 1 / 2
2025-01-25 04:05:56 - NaN Check: False 1
2025-01-25 04:05:56 - NaN Check: False 2
2025-01-25 04:05:56 - LinkNode: 0.5 <- 1 / 2
2025-01-25 04:05:56 - NaN Check: False 1
2025-01-25 04:05:56 - NaN Check: False 2
2025-01-25 04:05:56 - LinkNode: 0.5 <- 1 / 2
2025-01-25 04:05:56 - NaN Check: False 1
2025-01-25 04:05:56 - NaN Check: False 2
2025-01-25 04:05:56 - LinkNode: 0.5 <- 1 / 2
2025-01-25 04:05:56 - NaN Check: False 1
2025-01-25 04:05:56 - NaN Check: False 2
2025-01-25 04:05:56 - LinkNode: 0.5 <- 1 / 2
2025-01-25 04:05:56 - NaN Check: False 1
2025-01-25 04:05:56 - NaN Check: False 2
2025-01-25 04:05:56 - LinkNode: 0.5 <- 1 / 2
2025-01-25 04:05:56 - NaN Check: False 1
2025-01-25 04:05:56 - NaN Check: False 2
2025-01-25 04:05:56 - LinkNode: 0.5 <- 1 / 2
2025-01-25 04:05:56 - NaN Check: False 1
2025-01-25 04:05:56 - NaN Check: False 2
2025-01-25 04:05:56 - LinkNode: 0.5 <- 1 / 2
2025-01-25 04:05:56 - NaN Check: False 1
2025-01-25 04:05:56 - NaN Check: False 2
2025-01-25 04:05:56 - LinkNode: 0.5 <- 1 / 2
2025-01-25 04:05:56 - NaN Check: False 1
2025-01-25 04:05:56 - NaN Check: False 2
2025-01-25 04:05:56 - LinkNode: 0.5 <- 1 / 2
2025-01-25 04:05:56 - NaN Check: False 1
2025-01-25 04:05:56 - NaN Check: False 2
2025-01-25 04:05:56 - LinkNode: 0.5 <- 1 / 2
2025-01-25 04:05:56 - NaN Check: False 1
2025-01-25 04:05:56 - NaN Check: False 2
2025-01-25 04:05:56 - LinkNode: 0.5 <- 1 / 2
2025-01-25 04:05:56 - NaN Check: False 1
2025-01-25 04:05:56 - NaN Check: False 2
2025-01-25 04:05:56 - LinkNode: 0.5 <- 1 / 2
2025-01-25 04:05:56 - NaN Check: False 1
2025-01-25 04:05:56 - NaN Check: False 2
2025-01-25 04:05:56 - LinkNode: 0.5 <- 1 / 2
2025-01-25 04:05:56 - NaN Check: False 1
2025-01-25 04:05:56 - NaN Check: False 2
2025-01-25 04:05:56 - LinkNode: 0.5 <- 1 / 2
2025-01-25 04:05:56 - Midi Index: 48 | Intensity: 32 | Note Name: C3
2025-01-25 04:05:56 - Midi Index: 69 | Intensity: 31 | Note Name: A4
2025-01-25 04:05:56 - 
Resonance: 0 | Inflow: 0 | Outflow: 0 | Overflow: 0
- C3 | Intensity: 32
- A4 | Intensity: 31

- M13 | Intensity: 0 | Inflow: 0 | Outflow: -0 | Oveflow: 0
False | False | False | False
2025-01-25 04:05:56 - NaN Check: False 1
2025-01-25 04:05:56 - NaN Check: False 2
2025-01-25 04:05:56 - LinkNode: 0.5 <- 1 / 2
2025-01-25 04:05:56 - NaN Check: False 1
2025-01-25 04:05:56 - NaN Check: False 2
2025-01-25 04:05:56 - LinkNode: 0.5 <- 1 / 2
2025-01-25 04:05:56 - NaN Check: False 1
2025-01-25 04:05:56 - NaN Check: False 2
2025-01-25 04:05:56 - LinkNode: 0.5 <- 1 / 2
2025-01-25 04:05:56 - NaN Check: False 1
2025-01-25 04:05:56 - NaN Check: False 2
2025-01-25 04:05:56 - LinkNode: 0.5 <- 1 / 2
2025-01-25 04:05:56 - NaN Check: False 1
2025-01-25 04:05:56 - NaN Check: False 2
2025-01-25 04:05:56 - LinkNode: 0.5 <- 1 / 2
2025-01-25 04:05:56 - NaN Check: False 1
2025-01-25 04:05:56 - NaN Check: False 2
2025-01-25 04:05:56 - LinkNode: 0.5 <- 1 / 2
2025-01-25 04:05:56 - NaN Check: False 1
2025-01-25 04:05:56 - NaN Check: False 2
2025-01-25 04:05:56 - LinkNode: 0.5 <- 1 / 2
2025-01-25 04:05:56 - NaN Check: False 1
2025-01-25 04:05:57 - NaN Check: False 2
2025-01-25 04:05:57 - LinkNode: 0.5 <- 1 / 2
2025-01-25 04:05:57 - NaN Check: False 1
2025-01-25 04:05:57 - NaN Check: False 2
2025-01-25 04:05:57 - LinkNode: 0.5 <- 1 / 2
2025-01-25 04:05:57 - NaN Check: False 1
2025-01-25 04:05:57 - NaN Check: False 2
2025-01-25 04:05:57 - LinkNode: 0.5 <- 1 / 2
2025-01-25 04:05:57 - NaN Check: False 1
2025-01-25 04:05:57 - NaN Check: False 2
2025-01-25 04:05:57 - LinkNode: 0.5 <- 1 / 2
2025-01-25 04:05:57 - NaN Check: False 1
2025-01-25 04:05:57 - NaN Check: False 2
2025-01-25 04:05:57 - LinkNode: 0.5 <- 1 / 2
2025-01-25 04:05:57 - NaN Check: False 1
2025-01-25 04:05:57 - NaN Check: False 2
2025-01-25 04:05:57 - LinkNode: 0.5 <- 1 / 2
2025-01-25 04:05:57 - NaN Check: False 1
2025-01-25 04:05:57 - NaN Check: False 2
2025-01-25 04:05:57 - LinkNode: 0.5 <- 1 / 2
2025-01-25 04:05:57 - NaN Check: False 1
2025-01-25 04:05:57 - NaN Check: False 2
2025-01-25 04:05:57 - LinkNode: 0.5 <- 1 / 2
2025-01-25 04:05:57 - NaN Check: False 1
2025-01-25 04:05:57 - NaN Check: False 2
2025-01-25 04:05:57 - LinkNode: 0.5 <- 1 / 2
2025-01-25 04:05:57 - NaN Check: False 1
2025-01-25 04:05:57 - NaN Check: False 2
2025-01-25 04:05:57 - LinkNode: 0.5 <- 1 / 2
2025-01-25 04:05:57 - NaN Check: False 1
2025-01-25 04:05:57 - NaN Check: False 2
2025-01-25 04:05:57 - LinkNode: 0.5 <- 1 / 2
2025-01-25 04:05:57 - NaN Check: False 1
2025-01-25 04:05:57 - NaN Check: False 2
2025-01-25 04:05:57 - LinkNode: 0.5 <- 1 / 2
2025-01-25 04:05:57 - NaN Check: False 1
2025-01-25 04:05:57 - NaN Check: False 2
2025-01-25 04:05:57 - LinkNode: 0.5 <- 1 / 2
2025-01-25 04:05:57 - NaN Check: False 1
2025-01-25 04:05:57 - NaN Check: False 2
2025-01-25 04:05:57 - LinkNode: 0.5 <- 1 / 2
2025-01-25 04:05:57 - NaN Check: False 1
2025-01-25 04:05:57 - NaN Check: False 2
2025-01-25 04:05:57 - LinkNode: 0.5 <- 1 / 2
2025-01-25 04:05:57 - NaN Check: False 1
2025-01-25 04:05:57 - NaN Check: False 2
2025-01-25 04:05:57 - LinkNode: 0.5 <- 1 / 2
2025-01-25 04:05:57 - NaN Check: False 1
2025-01-25 04:05:57 - NaN Check: False 2
2025-01-25 04:05:57 - LinkNode: 0.5 <- 1 / 2
2025-01-25 04:05:57 - NaN Check: False 1
2025-01-25 04:05:57 - NaN Check: False 2
2025-01-25 04:05:57 - LinkNode: 0.5 <- 1 / 2
2025-01-25 04:05:57 - NaN Check: False 1
2025-01-25 04:05:57 - NaN Check: False 2
2025-01-25 04:05:57 - LinkNode: 0.5 <- 1 / 2
2025-01-25 04:05:57 - NaN Check: False 1
2025-01-25 04:05:57 - NaN Check: False 2
2025-01-25 04:05:57 - LinkNode: 0.5 <- 1 / 2
2025-01-25 04:05:57 - NaN Check: False 1
2025-01-25 04:05:57 - NaN Check: False 2
2025-01-25 04:05:57 - LinkNode: 0.5 <- 1 / 2
2025-01-25 04:05:57 - NaN Check: False 1
2025-01-25 04:05:57 - NaN Check: False 2
2025-01-25 04:05:57 - LinkNode: 0.5 <- 1 / 2
2025-01-25 04:05:57 - NaN Check: False 1
2025-01-25 04:05:57 - NaN Check: False 2
2025-01-25 04:05:57 - LinkNode: 0.5 <- 1 / 2
2025-01-25 04:05:57 - Midi Index: 48 | Intensity: 32 | Note Name: C3
2025-01-25 04:05:57 - Midi Index: 69 | Intensity: 31 | Note Name: A4
2025-01-25 04:05:57 - 
Resonance: 0 | Inflow: 0 | Outflow: 0 | Overflow: 0
- C3 | Intensity: 32
- A4 | Intensity: 31

- M13 | Intensity: 0 | Inflow: 0 | Outflow: -0 | Oveflow: 0
False | False | False | False
2025-01-25 04:05:57 - NaN Check: False 1
2025-01-25 04:05:57 - NaN Check: False 2
2025-01-25 04:05:57 - LinkNode: 0.5 <- 1 / 2
2025-01-25 04:05:57 - NaN Check: False 1
2025-01-25 04:05:57 - NaN Check: False 2
2025-01-25 04:05:57 - LinkNode: 0.5 <- 1 / 2
2025-01-25 04:05:57 - NaN Check: False 1
2025-01-25 04:05:57 - NaN Check: False 2
2025-01-25 04:05:57 - LinkNode: 0.5 <- 1 / 2
2025-01-25 04:05:57 - NaN Check: False 1
2025-01-25 04:05:57 - NaN Check: False 2
2025-01-25 04:05:57 - LinkNode: 0.5 <- 1 / 2
2025-01-25 04:05:57 - NaN Check: False 1
2025-01-25 04:05:57 - NaN Check: False 2
2025-01-25 04:05:57 - LinkNode: 0.5 <- 1 / 2
2025-01-25 04:05:57 - NaN Check: False 1
2025-01-25 04:05:57 - NaN Check: False 2
2025-01-25 04:05:57 - LinkNode: 0.5 <- 1 / 2
2025-01-25 04:05:57 - NaN Check: False 1
2025-01-25 04:05:57 - NaN Check: False 2
2025-01-25 04:05:57 - LinkNode: 0.5 <- 1 / 2
2025-01-25 04:05:58 - NaN Check: False 1
2025-01-25 04:05:58 - NaN Check: False 2
2025-01-25 04:05:58 - LinkNode: 0.5 <- 1 / 2
2025-01-25 04:05:58 - NaN Check: False 1
2025-01-25 04:05:58 - NaN Check: False 2
2025-01-25 04:05:58 - LinkNode: 0.5 <- 1 / 2
2025-01-25 04:05:58 - NaN Check: False 1
2025-01-25 04:05:58 - NaN Check: False 2
2025-01-25 04:05:58 - LinkNode: 0.5 <- 1 / 2
2025-01-25 04:05:58 - NaN Check: False 1
2025-01-25 04:05:58 - NaN Check: False 2
2025-01-25 04:05:58 - LinkNode: 0.5 <- 1 / 2
2025-01-25 04:05:58 - NaN Check: False 1
2025-01-25 04:05:58 - NaN Check: False 2
2025-01-25 04:05:58 - LinkNode: 0.5 <- 1 / 2
2025-01-25 04:05:58 - NaN Check: False 1
2025-01-25 04:05:58 - NaN Check: False 2
2025-01-25 04:05:58 - LinkNode: 0.5 <- 1 / 2
2025-01-25 04:05:58 - NaN Check: False 1
2025-01-25 04:05:58 - NaN Check: False 2
2025-01-25 04:05:58 - LinkNode: 0.5 <- 1 / 2
2025-01-25 04:05:58 - NaN Check: False 1
2025-01-25 04:05:58 - NaN Check: False 2
2025-01-25 04:05:58 - LinkNode: 0.5 <- 1 / 2
2025-01-25 04:05:58 - NaN Check: False 1
2025-01-25 04:05:58 - NaN Check: False 2
2025-01-25 04:05:58 - LinkNode: 0.5 <- 1 / 2
2025-01-25 04:05:58 - NaN Check: False 1
2025-01-25 04:05:58 - NaN Check: False 2
2025-01-25 04:05:58 - LinkNode: 0.5 <- 1 / 2
2025-01-25 04:05:58 - NaN Check: False 1
2025-01-25 04:05:58 - NaN Check: False 2
2025-01-25 04:05:58 - LinkNode: 0.5 <- 1 / 2
2025-01-25 04:05:58 - NaN Check: False 1
2025-01-25 04:05:58 - NaN Check: False 2
2025-01-25 04:05:58 - LinkNode: 0.5 <- 1 / 2
2025-01-25 04:05:58 - NaN Check: False 1
2025-01-25 04:05:58 - NaN Check: False 2
2025-01-25 04:05:58 - LinkNode: 0.5 <- 1 / 2
2025-01-25 04:05:58 - NaN Check: False 1
2025-01-25 04:05:58 - NaN Check: False 2
2025-01-25 04:05:58 - LinkNode: 0.5 <- 1 / 2
2025-01-25 04:05:58 - NaN Check: False 1
2025-01-25 04:05:58 - NaN Check: False 2
2025-01-25 04:05:58 - LinkNode: 0.5 <- 1 / 2
2025-01-25 04:05:58 - NaN Check: False 1
2025-01-25 04:05:58 - NaN Check: False 2
2025-01-25 04:05:58 - LinkNode: 0.5 <- 1 / 2
2025-01-25 04:05:58 - NaN Check: False 1
2025-01-25 04:05:58 - NaN Check: False 2
2025-01-25 04:05:58 - LinkNode: 0.5 <- 1 / 2
2025-01-25 04:05:58 - NaN Check: False 1
2025-01-25 04:05:58 - NaN Check: False 2
2025-01-25 04:05:58 - LinkNode: 0.5 <- 1 / 2
2025-01-25 04:05:58 - NaN Check: False 1
2025-01-25 04:05:58 - NaN Check: False 2
2025-01-25 04:05:58 - LinkNode: 0.5 <- 1 / 2
2025-01-25 04:05:58 - NaN Check: False 1
2025-01-25 04:05:58 - NaN Check: False 2
2025-01-25 04:05:58 - LinkNode: 0.5 <- 1 / 2
2025-01-25 04:05:58 - NaN Check: False 1
2025-01-25 04:05:58 - NaN Check: False 2
2025-01-25 04:05:58 - LinkNode: 0.5 <- 1 / 2
2025-01-25 04:05:58 - NaN Check: False 1
2025-01-25 04:05:58 - NaN Check: False 2
2025-01-25 04:05:58 - LinkNode: 0.5 <- 1 / 2
2025-01-25 04:05:58 - NaN Check: False 1
2025-01-25 04:05:58 - NaN Check: False 2
2025-01-25 04:05:58 - LinkNode: 0.5 <- 1 / 2
2025-01-25 04:05:58 - Midi Index: 48 | Intensity: 32 | Note Name: C3
2025-01-25 04:05:58 - Midi Index: 69 | Intensity: 31 | Note Name: A4
2025-01-25 04:05:58 - 
Resonance: 0 | Inflow: 0 | Outflow: 0 | Overflow: 0
- C3 | Intensity: 32
- A4 | Intensity: 31

- M13 | Intensity: 0 | Inflow: 0 | Outflow: -0 | Oveflow: 0
False | False | False | False
2025-01-25 04:05:58 - add success True - 13520463
2025-01-25 04:05:58 - Midi Index: 69 | Intensity: 0 | Note Name: A4
2025-01-25 04:05:58 - NaN Check: False 1
2025-01-25 04:05:58 - NaN Check: False 2
2025-01-25 04:05:58 - LinkNode: 1 <- 3 / 3
2025-01-25 04:05:58 - NaN Check: False 1
2025-01-25 04:05:58 - NaN Check: False 2
2025-01-25 04:05:58 - LinkNode: 1 <- 3 / 3
2025-01-25 04:05:58 - NaN Check: False 1
2025-01-25 04:05:58 - NaN Check: False 2
2025-01-25 04:05:58 - LinkNode: 1 <- 3 / 3
2025-01-25 04:05:58 - NaN Check: False 1
2025-01-25 04:05:58 - NaN Check: False 2
2025-01-25 04:05:58 - LinkNode: 1 <- 3 / 3
2025-01-25 04:05:58 - NaN Check: False 1
2025-01-25 04:05:58 - NaN Check: False 2
2025-01-25 04:05:58 - LinkNode: 1 <- 3 / 3
2025-01-25 04:05:58 - add success True - 5397311
2025-01-25 04:05:58 - Midi Index: 69 | Intensity: 0 | Note Name: A4
2025-01-25 04:05:58 - NaN Check: False 1
2025-01-25 04:05:58 - NaN Check: False 2
2025-01-25 04:05:58 - LinkNode: 1 <- 6 / 4
2025-01-25 04:05:58 - NaN Check: False 1
2025-01-25 04:05:58 - NaN Check: False 2
2025-01-25 04:05:58 - LinkNode: 1 <- 6 / 4
2025-01-25 04:05:59 - NaN Check: False 1
2025-01-25 04:05:59 - NaN Check: False 2
2025-01-25 04:05:59 - LinkNode: 1 <- 6 / 4
2025-01-25 04:05:59 - NaN Check: False 1
2025-01-25 04:05:59 - NaN Check: False 2
2025-01-25 04:05:59 - LinkNode: 1 <- 6 / 4
2025-01-25 04:05:59 - NaN Check: False 1
2025-01-25 04:05:59 - NaN Check: False 2
2025-01-25 04:05:59 - LinkNode: 1 <- 6 / 4
2025-01-25 04:05:59 - NaN Check: False 1
2025-01-25 04:05:59 - NaN Check: False 2
2025-01-25 04:05:59 - LinkNode: 1 <- 6 / 4
2025-01-25 04:05:59 - NaN Check: False 1
2025-01-25 04:05:59 - NaN Check: False 2
2025-01-25 04:05:59 - LinkNode: 1 <- 6 / 4
2025-01-25 04:05:59 - NaN Check: False 1
2025-01-25 04:05:59 - NaN Check: False 2
2025-01-25 04:05:59 - LinkNode: 1 <- 6 / 4
2025-01-25 04:05:59 - NaN Check: False 1
2025-01-25 04:05:59 - NaN Check: False 2
2025-01-25 04:05:59 - LinkNode: 1 <- 6 / 4
2025-01-25 04:05:59 - NaN Check: False 1
2025-01-25 04:05:59 - NaN Check: False 2
2025-01-25 04:05:59 - LinkNode: 1 <- 6 / 4
2025-01-25 04:05:59 - NaN Check: False 1
2025-01-25 04:05:59 - NaN Check: False 2
2025-01-25 04:05:59 - LinkNode: 1 <- 6 / 4
2025-01-25 04:05:59 - NaN Check: False 1
2025-01-25 04:05:59 - NaN Check: False 2
2025-01-25 04:05:59 - LinkNode: 1 <- 6 / 4
2025-01-25 04:05:59 - NaN Check: False 1
2025-01-25 04:05:59 - NaN Check: False 2
2025-01-25 04:05:59 - LinkNode: 1 <- 6 / 4
2025-01-25 04:05:59 - NaN Check: False 1
2025-01-25 04:05:59 - NaN Check: False 2
2025-01-25 04:05:59 - LinkNode: 1 <- 6 / 4
2025-01-25 04:05:59 - NaN Check: False 1
2025-01-25 04:05:59 - NaN Check: False 2
2025-01-25 04:05:59 - LinkNode: 1 <- 6 / 4
2025-01-25 04:05:59 - NaN Check: False 1
2025-01-25 04:05:59 - NaN Check: False 2
2025-01-25 04:05:59 - LinkNode: 1 <- 6 / 4
2025-01-25 04:05:59 - NaN Check: False 1
2025-01-25 04:05:59 - NaN Check: False 2
2025-01-25 04:05:59 - LinkNode: 1 <- 6 / 4
2025-01-25 04:05:59 - NaN Check: False 1
2025-01-25 04:05:59 - NaN Check: False 2
2025-01-25 04:05:59 - LinkNode: 1 <- 6 / 4
2025-01-25 04:05:59 - NaN Check: False 1
2025-01-25 04:05:59 - NaN Check: False 2
2025-01-25 04:05:59 - LinkNode: 1 <- 6 / 4
2025-01-25 04:05:59 - NaN Check: False 1
2025-01-25 04:05:59 - NaN Check: False 2
2025-01-25 04:05:59 - LinkNode: 1 <- 6 / 4
2025-01-25 04:05:59 - NaN Check: False 1
2025-01-25 04:05:59 - NaN Check: False 2
2025-01-25 04:05:59 - LinkNode: 1 <- 6 / 4
2025-01-25 04:05:59 - NaN Check: False 1
2025-01-25 04:05:59 - NaN Check: False 2
2025-01-25 04:05:59 - LinkNode: 1 <- 6 / 4
2025-01-25 04:05:59 - NaN Check: False 1
2025-01-25 04:05:59 - NaN Check: False 2
2025-01-25 04:05:59 - LinkNode: 1 <- 6 / 4
2025-01-25 04:05:59 - NaN Check: False 1
2025-01-25 04:05:59 - NaN Check: False 2
2025-01-25 04:05:59 - LinkNode: 1 <- 6 / 4
2025-01-25 04:05:59 - Midi Index: 48 | Intensity: 32 | Note Name: C3
2025-01-25 04:05:59 - Midi Index: 69 | Intensity: 31 | Note Name: A4
2025-01-25 04:05:59 - Midi Index: 69 | Intensity: 1 | Note Name: A4
2025-01-25 04:05:59 - Midi Index: 69 | Intensity: 0 | Note Name: A4
2025-01-25 04:05:59 - 
Resonance: 0 | Inflow: 0 | Outflow: 0 | Overflow: 0
- C3 | Intensity: 32
- A4 | Intensity: 31
- A4 | Intensity: 1
- A4 | Intensity: 0

- M13 | Intensity: 0 | Inflow: 0 | Outflow: -0 | Oveflow: 0
- M13 | Intensity: 0 | Inflow: 0 | Outflow: -0 | Oveflow: 0
- U | Intensity: 0 | Inflow: 0 | Outflow: -0 | Oveflow: 0
- M13 | Intensity: 0 | Inflow: 0 | Outflow: -0 | Oveflow: 0
- U | Intensity: 0 | Inflow: 0 | Outflow: -0 | Oveflow: 0
- U | Intensity: 0 | Inflow: 0 | Outflow: -0 | Oveflow: 0
False | False | False | False
2025-01-25 04:05:59 - NaN Check: False 1
2025-01-25 04:05:59 - NaN Check: False 2
2025-01-25 04:05:59 - LinkNode: 1 <- 6 / 4
2025-01-25 04:05:59 - NaN Check: False 1
2025-01-25 04:05:59 - NaN Check: False 2
2025-01-25 04:05:59 - LinkNode: 1 <- 6 / 4
2025-01-25 04:05:59 - NaN Check: False 1
2025-01-25 04:05:59 - NaN Check: False 2
2025-01-25 04:05:59 - LinkNode: 1 <- 6 / 4
2025-01-25 04:05:59 - NaN Check: False 1
2025-01-25 04:05:59 - NaN Check: False 2
2025-01-25 04:05:59 - LinkNode: 1 <- 6 / 4
2025-01-25 04:05:59 - NaN Check: False 1
2025-01-25 04:05:59 - NaN Check: False 2
2025-01-25 04:05:59 - LinkNode: 1 <- 6 / 4
2025-01-25 04:05:59 - NaN Check: False 1
2025-01-25 04:05:59 - NaN Check: False 2
2025-01-25 04:05:59 - LinkNode: 1 <- 6 / 4
2025-01-25 04:05:59 - NaN Check: False 1
2025-01-25 04:05:59 - NaN Check: False 2
2025-01-25 04:05:59 - LinkNode: 1 <- 6 / 4
2025-01-25 04:05:59 - NaN Check: False 1
2025-01-25 04:05:59 - NaN Check: False 2
2025-01-25 04:05:59 - LinkNode: 1 <- 6 / 4
2025-01-25 04:05:59 - NaN Check: False 1
2025-01-25 04:06:00 - NaN Check: False 2
2025-01-25 04:06:00 - LinkNode: 1 <- 6 / 4
2025-01-25 04:06:00 - NaN Check: False 1
2025-01-25 04:06:00 - NaN Check: False 2
2025-01-25 04:06:00 - LinkNode: 1 <- 6 / 4
2025-01-25 04:06:00 - NaN Check: False 1
2025-01-25 04:06:00 - NaN Check: False 2
2025-01-25 04:06:00 - LinkNode: 1 <- 6 / 4
2025-01-25 04:06:00 - NaN Check: False 1
2025-01-25 04:06:00 - NaN Check: False 2
2025-01-25 04:06:00 - LinkNode: 1 <- 6 / 4
2025-01-25 04:06:00 - NaN Check: False 1
2025-01-25 04:06:00 - NaN Check: False 2
2025-01-25 04:06:00 - LinkNode: 1 <- 6 / 4
2025-01-25 04:06:00 - NaN Check: False 1
2025-01-25 04:06:00 - NaN Check: False 2
2025-01-25 04:06:00 - LinkNode: 1 <- 6 / 4
2025-01-25 04:06:00 - NaN Check: False 1
2025-01-25 04:06:00 - NaN Check: False 2
2025-01-25 04:06:00 - LinkNode: 1 <- 6 / 4
2025-01-25 04:06:00 - NaN Check: False 1
2025-01-25 04:06:00 - NaN Check: False 2
2025-01-25 04:06:00 - LinkNode: 1 <- 6 / 4
2025-01-25 04:06:00 - NaN Check: False 1
2025-01-25 04:06:00 - NaN Check: False 2
2025-01-25 04:06:00 - LinkNode: 1 <- 6 / 4
2025-01-25 04:06:00 - NaN Check: False 1
2025-01-25 04:06:00 - NaN Check: False 2
2025-01-25 04:06:00 - LinkNode: 1 <- 6 / 4
2025-01-25 04:06:00 - NaN Check: False 1
2025-01-25 04:06:00 - NaN Check: False 2
2025-01-25 04:06:00 - LinkNode: 1 <- 6 / 4
2025-01-25 04:06:00 - NaN Check: False 1
2025-01-25 04:06:00 - NaN Check: False 2
2025-01-25 04:06:00 - LinkNode: 1 <- 6 / 4
2025-01-25 04:06:00 - NaN Check: False 1
2025-01-25 04:06:00 - NaN Check: False 2
2025-01-25 04:06:00 - LinkNode: 1 <- 6 / 4
2025-01-25 04:06:00 - NaN Check: False 1
2025-01-25 04:06:00 - NaN Check: False 2
2025-01-25 04:06:00 - LinkNode: 1 <- 6 / 4
2025-01-25 04:06:00 - NaN Check: False 1
2025-01-25 04:06:00 - NaN Check: False 2
2025-01-25 04:06:00 - LinkNode: 1 <- 6 / 4
2025-01-25 04:06:00 - NaN Check: False 1
2025-01-25 04:06:00 - NaN Check: False 2
2025-01-25 04:06:00 - LinkNode: 1 <- 6 / 4
2025-01-25 04:06:00 - NaN Check: False 1
2025-01-25 04:06:00 - NaN Check: False 2
2025-01-25 04:06:00 - LinkNode: 1 <- 6 / 4
2025-01-25 04:06:00 - NaN Check: False 1
2025-01-25 04:06:00 - NaN Check: False 2
2025-01-25 04:06:00 - LinkNode: 1 <- 6 / 4
2025-01-25 04:06:00 - NaN Check: False 1
2025-01-25 04:06:00 - NaN Check: False 2
2025-01-25 04:06:00 - LinkNode: 1 <- 6 / 4
2025-01-25 04:06:00 - NaN Check: False 1
2025-01-25 04:06:00 - NaN Check: False 2
2025-01-25 04:06:00 - LinkNode: 1 <- 6 / 4
2025-01-25 04:06:00 - NaN Check: False 1
2025-01-25 04:06:00 - NaN Check: False 2
2025-01-25 04:06:00 - LinkNode: 1 <- 6 / 4
2025-01-25 04:06:00 - NaN Check: False 1
2025-01-25 04:06:00 - NaN Check: False 2
2025-01-25 04:06:00 - LinkNode: 1 <- 6 / 4
2025-01-25 04:06:00 - Midi Index: 48 | Intensity: 32 | Note Name: C3
2025-01-25 04:06:00 - Midi Index: 69 | Intensity: 31 | Note Name: A4
2025-01-25 04:06:00 - Midi Index: 69 | Intensity: 7 | Note Name: A4
2025-01-25 04:06:00 - Midi Index: 69 | Intensity: 0 | Note Name: A4
2025-01-25 04:06:00 - 
Resonance: 0 | Inflow: 0 | Outflow: 0 | Overflow: 0
- C3 | Intensity: 32
- A4 | Intensity: 31
- A4 | Intensity: 7
- A4 | Intensity: 0

- M13 | Intensity: 0 | Inflow: 0 | Outflow: -0 | Oveflow: 0
- M13 | Intensity: 0 | Inflow: 0 | Outflow: -0 | Oveflow: 0
- U | Intensity: 0 | Inflow: 0 | Outflow: -0 | Oveflow: 0
- M13 | Intensity: 0 | Inflow: 0 | Outflow: -0 | Oveflow: 0
- U | Intensity: 0 | Inflow: 0 | Outflow: -0 | Oveflow: 0
- U | Intensity: 0 | Inflow: 0 | Outflow: -0 | Oveflow: 0
False | False | False | False
2025-01-25 04:06:00 - NaN Check: False 1
2025-01-25 04:06:00 - NaN Check: False 2
2025-01-25 04:06:00 - LinkNode: 1 <- 6 / 4
2025-01-25 04:06:00 - NaN Check: False 1
2025-01-25 04:06:00 - NaN Check: False 2
2025-01-25 04:06:00 - LinkNode: 1 <- 6 / 4
2025-01-25 04:06:00 - NaN Check: False 1
2025-01-25 04:06:00 - NaN Check: False 2
2025-01-25 04:06:00 - LinkNode: 1 <- 6 / 4
2025-01-25 04:06:00 - NaN Check: False 1
2025-01-25 04:06:00 - NaN Check: False 2
2025-01-25 04:06:00 - LinkNode: 1 <- 6 / 4
2025-01-25 04:06:00 - NaN Check: False 1
2025-01-25 04:06:00 - NaN Check: False 2
2025-01-25 04:06:00 - LinkNode: 1 <- 6 / 4
2025-01-25 04:06:00 - NaN Check: False 1
2025-01-25 04:06:00 - NaN Check: False 2
2025-01-25 04:06:00 - LinkNode: 1 <- 6 / 4
2025-01-25 04:06:00 - NaN Check: False 1
2025-01-25 04:06:00 - NaN Check: False 2
2025-01-25 04:06:00 - LinkNode: 1 <- 6 / 4
2025-01-25 04:06:00 - NaN Check: False 1
2025-01-25 04:06:00 - NaN Check: False 2
2025-01-25 04:06:00 - LinkNode: 1 <- 6 / 4
2025-01-25 04:06:00 - NaN Check: False 1
2025-01-25 04:06:01 - NaN Check: False 2
2025-01-25 04:06:01 - LinkNode: 1 <- 6 / 4
2025-01-25 04:06:01 - NaN Check: False 1
2025-01-25 04:06:01 - NaN Check: False 2
2025-01-25 04:06:01 - LinkNode: 1 <- 6 / 4
2025-01-25 04:06:01 - NaN Check: False 1
2025-01-25 04:06:01 - NaN Check: False 2
2025-01-25 04:06:01 - LinkNode: 1 <- 6 / 4
2025-01-25 04:06:01 - NaN Check: False 1
2025-01-25 04:06:01 - NaN Check: False 2
2025-01-25 04:06:01 - LinkNode: 1 <- 6 / 4
2025-01-25 04:06:01 - NaN Check: False 1
2025-01-25 04:06:01 - NaN Check: False 2
2025-01-25 04:06:01 - LinkNode: 1 <- 6 / 4
2025-01-25 04:06:01 - NaN Check: False 1
2025-01-25 04:06:01 - NaN Check: False 2
2025-01-25 04:06:01 - LinkNode: 1 <- 6 / 4
2025-01-25 04:06:01 - NaN Check: False 1
2025-01-25 04:06:01 - NaN Check: False 2
2025-01-25 04:06:01 - LinkNode: 1 <- 6 / 4
2025-01-25 04:06:01 - NaN Check: False 1
2025-01-25 04:06:01 - NaN Check: False 2
2025-01-25 04:06:01 - LinkNode: 1 <- 6 / 4
2025-01-25 04:06:01 - NaN Check: False 1
2025-01-25 04:06:01 - NaN Check: False 2
2025-01-25 04:06:01 - LinkNode: 1 <- 6 / 4
2025-01-25 04:06:01 - NaN Check: False 1
2025-01-25 04:06:01 - NaN Check: False 2
2025-01-25 04:06:01 - LinkNode: 1 <- 6 / 4
2025-01-25 04:06:01 - NaN Check: False 1
2025-01-25 04:06:01 - NaN Check: False 2
2025-01-25 04:06:01 - LinkNode: 1 <- 6 / 4
2025-01-25 04:06:01 - NaN Check: False 1
2025-01-25 04:06:01 - NaN Check: False 2
2025-01-25 04:06:01 - LinkNode: 1 <- 6 / 4
2025-01-25 04:06:01 - NaN Check: False 1
2025-01-25 04:06:01 - NaN Check: False 2
2025-01-25 04:06:01 - LinkNode: 1 <- 6 / 4
2025-01-25 04:06:01 - NaN Check: False 1
2025-01-25 04:06:01 - NaN Check: False 2
2025-01-25 04:06:01 - LinkNode: 1 <- 6 / 4
2025-01-25 04:06:01 - NaN Check: False 1
2025-01-25 04:06:01 - NaN Check: False 2
2025-01-25 04:06:01 - LinkNode: 1 <- 6 / 4
2025-01-25 04:06:01 - NaN Check: False 1
2025-01-25 04:06:01 - NaN Check: False 2
2025-01-25 04:06:01 - LinkNode: 1 <- 6 / 4
2025-01-25 04:06:01 - NaN Check: False 1
2025-01-25 04:06:01 - NaN Check: False 2
2025-01-25 04:06:01 - LinkNode: 1 <- 6 / 4
2025-01-25 04:06:01 - NaN Check: False 1
2025-01-25 04:06:01 - NaN Check: False 2
2025-01-25 04:06:01 - LinkNode: 1 <- 6 / 4
2025-01-25 04:06:01 - NaN Check: False 1
2025-01-25 04:06:01 - NaN Check: False 2
2025-01-25 04:06:01 - LinkNode: 1 <- 6 / 4
2025-01-25 04:06:01 - NaN Check: False 1
2025-01-25 04:06:01 - NaN Check: False 2
2025-01-25 04:06:01 - LinkNode: 1 <- 6 / 4
2025-01-25 04:06:01 - NaN Check: False 1
2025-01-25 04:06:01 - NaN Check: False 2
2025-01-25 04:06:01 - LinkNode: 1 <- 6 / 4
2025-01-25 04:06:01 - NaN Check: False 1
2025-01-25 04:06:01 - NaN Check: False 2
2025-01-25 04:06:01 - LinkNode: 1 <- 6 / 4
2025-01-25 04:06:01 - Midi Index: 48 | Intensity: 32 | Note Name: C3
2025-01-25 04:06:01 - Midi Index: 69 | Intensity: 31 | Note Name: A4
2025-01-25 04:06:01 - Midi Index: 69 | Intensity: 9 | Note Name: A4
2025-01-25 04:06:01 - Midi Index: 69 | Intensity: 0 | Note Name: A4
2025-01-25 04:06:01 - 
Resonance: 0 | Inflow: 0 | Outflow: 0 | Overflow: 0
- C3 | Intensity: 32
- A4 | Intensity: 31
- A4 | Intensity: 9
- A4 | Intensity: 0

- M13 | Intensity: 0 | Inflow: 0 | Outflow: -0 | Oveflow: 0
- M13 | Intensity: 0 | Inflow: 0 | Outflow: -0 | Oveflow: 0
- U | Intensity: 0 | Inflow: 0 | Outflow: -0 | Oveflow: 0
- M13 | Intensity: 0 | Inflow: 0 | Outflow: -0 | Oveflow: 0
- U | Intensity: 0 | Inflow: 0 | Outflow: -0 | Oveflow: 0
- U | Intensity: 0 | Inflow: 0 | Outflow: -0 | Oveflow: 0
False | False | False | False
2025-01-25 04:06:01 - NaN Check: False 1
2025-01-25 04:06:01 - NaN Check: False 2
2025-01-25 04:06:01 - LinkNode: 1 <- 6 / 4
2025-01-25 04:06:01 - NaN Check: False 1
2025-01-25 04:06:01 - NaN Check: False 2
2025-01-25 04:06:01 - LinkNode: 1 <- 6 / 4
2025-01-25 04:06:01 - NaN Check: False 1
2025-01-25 04:06:01 - NaN Check: False 2
2025-01-25 04:06:01 - LinkNode: 1 <- 6 / 4
2025-01-25 04:06:01 - NaN Check: False 1
2025-01-25 04:06:01 - NaN Check: False 2
2025-01-25 04:06:01 - LinkNode: 1 <- 6 / 4
2025-01-25 04:06:01 - NaN Check: False 1
2025-01-25 04:06:01 - NaN Check: False 2
2025-01-25 04:06:01 - LinkNode: 1 <- 6 / 4
2025-01-25 04:06:01 - NaN Check: False 1
2025-01-25 04:06:01 - NaN Check: False 2
2025-01-25 04:06:01 - LinkNode: 1 <- 6 / 4
2025-01-25 04:06:01 - NaN Check: False 1
2025-01-25 04:06:01 - NaN Check: False 2
2025-01-25 04:06:01 - LinkNode: 1 <- 6 / 4
2025-01-25 04:06:01 - NaN Check: False 1
2025-01-25 04:06:01 - NaN Check: False 2
2025-01-25 04:06:01 - LinkNode: 1 <- 6 / 4
2025-01-25 04:06:01 - NaN Check: False 1
2025-01-25 04:06:02 - NaN Check: False 2
2025-01-25 04:06:02 - LinkNode: 1 <- 6 / 4
2025-01-25 04:06:02 - NaN Check: False 1
2025-01-25 04:06:02 - NaN Check: False 2
2025-01-25 04:06:02 - LinkNode: 1 <- 6 / 4
2025-01-25 04:06:02 - NaN Check: False 1
2025-01-25 04:06:02 - NaN Check: False 2
2025-01-25 04:06:02 - LinkNode: 1 <- 6 / 4
2025-01-25 04:06:02 - NaN Check: False 1
2025-01-25 04:06:02 - NaN Check: False 2
2025-01-25 04:06:02 - LinkNode: 1 <- 6 / 4
2025-01-25 04:06:02 - NaN Check: False 1
2025-01-25 04:06:02 - NaN Check: False 2
2025-01-25 04:06:02 - LinkNode: 1 <- 6 / 4
2025-01-25 04:06:02 - NaN Check: False 1
2025-01-25 04:06:02 - NaN Check: False 2
2025-01-25 04:06:02 - LinkNode: 1 <- 6 / 4
2025-01-25 04:06:02 - NaN Check: False 1
2025-01-25 04:06:02 - NaN Check: False 2
2025-01-25 04:06:02 - LinkNode: 1 <- 6 / 4
2025-01-25 04:06:02 - NaN Check: False 1
2025-01-25 04:06:02 - NaN Check: False 2
2025-01-25 04:06:02 - LinkNode: 1 <- 6 / 4
2025-01-25 04:06:02 - NaN Check: False 1
2025-01-25 04:06:02 - NaN Check: False 2
2025-01-25 04:06:02 - LinkNode: 1 <- 6 / 4
2025-01-25 04:06:02 - NaN Check: False 1
2025-01-25 04:06:02 - NaN Check: False 2
2025-01-25 04:06:02 - LinkNode: 1 <- 6 / 4
2025-01-25 04:06:02 - NaN Check: False 1
2025-01-25 04:06:02 - NaN Check: False 2
2025-01-25 04:06:02 - LinkNode: 1 <- 6 / 4
2025-01-25 04:06:02 - NaN Check: False 1
2025-01-25 04:06:02 - NaN Check: False 2
2025-01-25 04:06:02 - LinkNode: 1 <- 6 / 4
2025-01-25 04:06:02 - NaN Check: False 1
2025-01-25 04:06:02 - NaN Check: False 2
2025-01-25 04:06:02 - LinkNode: 1 <- 6 / 4
2025-01-25 04:06:02 - NaN Check: False 1
2025-01-25 04:06:02 - NaN Check: False 2
2025-01-25 04:06:02 - LinkNode: 1 <- 6 / 4
2025-01-25 04:06:02 - NaN Check: False 1
2025-01-25 04:06:02 - NaN Check: False 2
2025-01-25 04:06:02 - LinkNode: 1 <- 6 / 4
2025-01-25 04:06:02 - NaN Check: False 1
2025-01-25 04:06:02 - NaN Check: False 2
2025-01-25 04:06:02 - LinkNode: 1 <- 6 / 4
2025-01-25 04:06:02 - NaN Check: False 1
2025-01-25 04:06:02 - NaN Check: False 2
2025-01-25 04:06:02 - LinkNode: 1 <- 6 / 4
2025-01-25 04:06:02 - NaN Check: False 1
2025-01-25 04:06:02 - NaN Check: False 2
2025-01-25 04:06:02 - LinkNode: 1 <- 6 / 4
2025-01-25 04:06:02 - NaN Check: False 1
2025-01-25 04:06:02 - NaN Check: False 2
2025-01-25 04:06:02 - LinkNode: 1 <- 6 / 4
2025-01-25 04:06:02 - NaN Check: False 1
2025-01-25 04:06:02 - NaN Check: False 2
2025-01-25 04:06:02 - LinkNode: 1 <- 6 / 4
2025-01-25 04:06:02 - NaN Check: False 1
2025-01-25 04:06:02 - NaN Check: False 2
2025-01-25 04:06:02 - LinkNode: 1 <- 6 / 4
2025-01-25 04:06:02 - NaN Check: False 1
2025-01-25 04:06:02 - NaN Check: False 2
2025-01-25 04:06:02 - LinkNode: 1 <- 6 / 4
2025-01-25 04:06:02 - Midi Index: 48 | Intensity: 32 | Note Name: C3
2025-01-25 04:06:02 - Midi Index: 69 | Intensity: 31 | Note Name: A4
2025-01-25 04:06:02 - Midi Index: 69 | Intensity: 9 | Note Name: A4
2025-01-25 04:06:02 - Midi Index: 69 | Intensity: 6 | Note Name: A4
2025-01-25 04:06:02 - 
Resonance: 0 | Inflow: 0 | Outflow: 0 | Overflow: 0
- C3 | Intensity: 32
- A4 | Intensity: 31
- A4 | Intensity: 9
- A4 | Intensity: 6

- M13 | Intensity: 0 | Inflow: 0 | Outflow: -0 | Oveflow: 0
- M13 | Intensity: 0 | Inflow: 0 | Outflow: -0 | Oveflow: 0
- U | Intensity: 0 | Inflow: 0 | Outflow: -0 | Oveflow: 0
- M13 | Intensity: 0 | Inflow: 0 | Outflow: -0 | Oveflow: 0
- U | Intensity: 0 | Inflow: 0 | Outflow: -0 | Oveflow: 0
- U | Intensity: 0 | Inflow: 0 | Outflow: -0 | Oveflow: 0
False | False | False | False
2025-01-25 04:06:02 - NaN Check: False 1
2025-01-25 04:06:02 - NaN Check: False 2
2025-01-25 04:06:02 - LinkNode: 1 <- 6 / 4
2025-01-25 04:06:02 - NaN Check: False 1
2025-01-25 04:06:02 - NaN Check: False 2
2025-01-25 04:06:02 - LinkNode: 1 <- 6 / 4
2025-01-25 04:06:02 - NaN Check: False 1
2025-01-25 04:06:02 - NaN Check: False 2
2025-01-25 04:06:02 - LinkNode: 1 <- 6 / 4
2025-01-25 04:06:02 - NaN Check: False 1
2025-01-25 04:06:02 - NaN Check: False 2
2025-01-25 04:06:02 - LinkNode: 1 <- 6 / 4
2025-01-25 04:06:02 - NaN Check: False 1
2025-01-25 04:06:02 - NaN Check: False 2
2025-01-25 04:06:02 - LinkNode: 1 <- 6 / 4
2025-01-25 04:06:02 - NaN Check: False 1
2025-01-25 04:06:02 - NaN Check: False 2
2025-01-25 04:06:02 - LinkNode: 1 <- 6 / 4
2025-01-25 04:06:02 - NaN Check: False 1
2025-01-25 04:06:02 - NaN Check: False 2
2025-01-25 04:06:02 - LinkNode: 1 <- 6 / 4
2025-01-25 04:06:02 - NaN Check: False 1
2025-01-25 04:06:02 - NaN Check: False 2
2025-01-25 04:06:02 - LinkNode: 1 <- 6 / 4
2025-01-25 04:06:02 - NaN Check: False 1
2025-01-25 04:06:02 - NaN Check: False 2
2025-01-25 04:06:03 - LinkNode: 1 <- 6 / 4
2025-01-25 04:06:03 - NaN Check: False 1
2025-01-25 04:06:03 - NaN Check: False 2
2025-01-25 04:06:03 - LinkNode: 1 <- 6 / 4
2025-01-25 04:06:03 - NaN Check: False 1
2025-01-25 04:06:03 - NaN Check: False 2
2025-01-25 04:06:03 - LinkNode: 1 <- 6 / 4
2025-01-25 04:06:03 - NaN Check: False 1
2025-01-25 04:06:03 - NaN Check: False 2
2025-01-25 04:06:03 - LinkNode: 1 <- 6 / 4
2025-01-25 04:06:03 - NaN Check: False 1
2025-01-25 04:06:03 - NaN Check: False 2
2025-01-25 04:06:03 - LinkNode: 1 <- 6 / 4
2025-01-25 04:06:03 - NaN Check: False 1
2025-01-25 04:06:03 - NaN Check: False 2
2025-01-25 04:06:03 - LinkNode: 1 <- 6 / 4
2025-01-25 04:06:03 - NaN Check: False 1
2025-01-25 04:06:03 - NaN Check: False 2
2025-01-25 04:06:03 - LinkNode: 1 <- 6 / 4
2025-01-25 04:06:03 - NaN Check: False 1
2025-01-25 04:06:03 - NaN Check: False 2
2025-01-25 04:06:03 - LinkNode: 1 <- 6 / 4
2025-01-25 04:06:03 - NaN Check: False 1
2025-01-25 04:06:03 - NaN Check: False 2
2025-01-25 04:06:03 - LinkNode: 1 <- 6 / 4
2025-01-25 04:06:03 - NaN Check: False 1
2025-01-25 04:06:03 - NaN Check: False 2
2025-01-25 04:06:03 - LinkNode: 1 <- 6 / 4
2025-01-25 04:06:03 - NaN Check: False 1
2025-01-25 04:06:03 - NaN Check: False 2
2025-01-25 04:06:03 - LinkNode: 1 <- 6 / 4
2025-01-25 04:06:03 - NaN Check: False 1
2025-01-25 04:06:03 - NaN Check: False 2
2025-01-25 04:06:03 - LinkNode: 1 <- 6 / 4
2025-01-25 04:06:03 - NaN Check: False 1
2025-01-25 04:06:03 - NaN Check: False 2
2025-01-25 04:06:03 - LinkNode: 1 <- 6 / 4
2025-01-25 04:06:03 - NaN Check: False 1
2025-01-25 04:06:03 - NaN Check: False 2
2025-01-25 04:06:03 - LinkNode: 1 <- 6 / 4
2025-01-25 04:06:03 - NaN Check: False 1
2025-01-25 04:06:03 - NaN Check: False 2
2025-01-25 04:06:03 - LinkNode: 1 <- 6 / 4
2025-01-25 04:06:03 - NaN Check: False 1
2025-01-25 04:06:03 - NaN Check: False 2
2025-01-25 04:06:03 - LinkNode: 1 <- 6 / 4
2025-01-25 04:06:03 - NaN Check: False 1
2025-01-25 04:06:03 - NaN Check: False 2
2025-01-25 04:06:03 - LinkNode: 1 <- 6 / 4
2025-01-25 04:06:03 - NaN Check: False 1
2025-01-25 04:06:03 - NaN Check: False 2
2025-01-25 04:06:03 - LinkNode: 1 <- 6 / 4
2025-01-25 04:06:03 - NaN Check: False 1
2025-01-25 04:06:03 - NaN Check: False 2
2025-01-25 04:06:03 - LinkNode: 1 <- 6 / 4
2025-01-25 04:06:03 - NaN Check: False 1
2025-01-25 04:06:03 - NaN Check: False 2
2025-01-25 04:06:03 - LinkNode: 1 <- 6 / 4
2025-01-25 04:06:03 - NaN Check: False 1
2025-01-25 04:06:03 - NaN Check: False 2
2025-01-25 04:06:03 - LinkNode: 1 <- 6 / 4
2025-01-25 04:06:03 - NaN Check: False 1
2025-01-25 04:06:03 - NaN Check: False 2
2025-01-25 04:06:03 - LinkNode: 1 <- 6 / 4
2025-01-25 04:06:03 - Midi Index: 48 | Intensity: 32 | Note Name: C3
2025-01-25 04:06:03 - Midi Index: 69 | Intensity: 31 | Note Name: A4
2025-01-25 04:06:03 - Midi Index: 69 | Intensity: 9 | Note Name: A4
2025-01-25 04:06:03 - Midi Index: 69 | Intensity: 10 | Note Name: A4
2025-01-25 04:06:03 - 
Resonance: 0 | Inflow: 0 | Outflow: 0 | Overflow: 0
- C3 | Intensity: 32
- A4 | Intensity: 31
- A4 | Intensity: 9
- A4 | Intensity: 10

- M13 | Intensity: 0 | Inflow: 0 | Outflow: -0 | Oveflow: 0
- M13 | Intensity: 0 | Inflow: 0 | Outflow: -0 | Oveflow: 0
- U | Intensity: 0 | Inflow: 0 | Outflow: -0 | Oveflow: 0
- M13 | Intensity: 0 | Inflow: 0 | Outflow: -0 | Oveflow: 0
- U | Intensity: 0 | Inflow: 0 | Outflow: -0 | Oveflow: 0
- U | Intensity: 0 | Inflow: 0 | Outflow: -0 | Oveflow: 0
False | False | False | False
2025-01-25 04:06:03 - NaN Check: False 1
2025-01-25 04:06:03 - NaN Check: False 2
2025-01-25 04:06:03 - LinkNode: 1 <- 6 / 4
2025-01-25 04:06:03 - NaN Check: False 1
2025-01-25 04:06:03 - NaN Check: False 2
2025-01-25 04:06:03 - LinkNode: 1 <- 6 / 4
2025-01-25 04:06:03 - NaN Check: False 1
2025-01-25 04:06:03 - NaN Check: False 2
2025-01-25 04:06:03 - LinkNode: 1 <- 6 / 4
2025-01-25 04:06:03 - NaN Check: False 1
2025-01-25 04:06:03 - NaN Check: False 2
2025-01-25 04:06:03 - LinkNode: 1 <- 6 / 4
2025-01-25 04:06:03 - NaN Check: False 1
2025-01-25 04:06:03 - NaN Check: False 2
2025-01-25 04:06:03 - LinkNode: 1 <- 6 / 4
2025-01-25 04:06:03 - NaN Check: False 1
2025-01-25 04:06:03 - NaN Check: False 2
2025-01-25 04:06:03 - LinkNode: 1 <- 6 / 4
2025-01-25 04:06:03 - NaN Check: False 1
2025-01-25 04:06:03 - NaN Check: False 2
2025-01-25 04:06:03 - LinkNode: 1 <- 6 / 4
2025-01-25 04:06:03 - NaN Check: False 1
2025-01-25 04:06:03 - NaN Check: False 2
2025-01-25 04:06:03 - LinkNode: 1 <- 6 / 4
2025-01-25 04:06:03 - NaN Check: False 1
2025-01-25 04:06:04 - NaN Check: False 2
2025-01-25 04:06:04 - LinkNode: 1 <- 6 / 4
2025-01-25 04:06:04 - NaN Check: False 1
2025-01-25 04:06:04 - NaN Check: False 2
2025-01-25 04:06:04 - LinkNode: 1 <- 6 / 4
2025-01-25 04:06:04 - NaN Check: False 1
2025-01-25 04:06:04 - NaN Check: False 2
2025-01-25 04:06:04 - LinkNode: 1 <- 6 / 4
2025-01-25 04:06:04 - NaN Check: False 1
2025-01-25 04:06:04 - NaN Check: False 2
2025-01-25 04:06:04 - LinkNode: 1 <- 6 / 4
2025-01-25 04:06:04 - NaN Check: False 1
2025-01-25 04:06:04 - NaN Check: False 2
2025-01-25 04:06:04 - LinkNode: 1 <- 6 / 4
2025-01-25 04:06:04 - NaN Check: False 1
2025-01-25 04:06:04 - NaN Check: False 2
2025-01-25 04:06:04 - LinkNode: 1 <- 6 / 4
2025-01-25 04:06:04 - NaN Check: False 1
2025-01-25 04:06:04 - NaN Check: False 2
2025-01-25 04:06:04 - LinkNode: 1 <- 6 / 4
2025-01-25 04:06:04 - NaN Check: False 1
2025-01-25 04:06:04 - NaN Check: False 2
2025-01-25 04:06:04 - LinkNode: 1 <- 6 / 4
2025-01-25 04:06:04 - NaN Check: False 1
2025-01-25 04:06:04 - NaN Check: False 2
2025-01-25 04:06:04 - LinkNode: 1 <- 6 / 4
2025-01-25 04:06:04 - NaN Check: False 1
2025-01-25 04:06:04 - NaN Check: False 2
2025-01-25 04:06:04 - LinkNode: 1 <- 6 / 4
2025-01-25 04:06:04 - NaN Check: False 1
2025-01-25 04:06:04 - NaN Check: False 2
2025-01-25 04:06:04 - LinkNode: 1 <- 6 / 4
2025-01-25 04:06:04 - NaN Check: False 1
2025-01-25 04:06:04 - NaN Check: False 2
2025-01-25 04:06:04 - LinkNode: 1 <- 6 / 4
2025-01-25 04:06:04 - NaN Check: False 1
2025-01-25 04:06:04 - NaN Check: False 2
2025-01-25 04:06:04 - LinkNode: 1 <- 6 / 4
2025-01-25 04:06:04 - NaN Check: False 1
2025-01-25 04:06:04 - NaN Check: False 2
2025-01-25 04:06:04 - LinkNode: 1 <- 6 / 4
2025-01-25 04:06:04 - NaN Check: False 1
2025-01-25 04:06:04 - NaN Check: False 2
2025-01-25 04:06:04 - LinkNode: 1 <- 6 / 4
2025-01-25 04:06:04 - NaN Check: False 1
2025-01-25 04:06:04 - NaN Check: False 2
2025-01-25 04:06:04 - LinkNode: 1 <- 6 / 4
2025-01-25 04:06:04 - NaN Check: False 1
2025-01-25 04:06:04 - NaN Check: False 2
2025-01-25 04:06:04 - LinkNode: 1 <- 6 / 4
2025-01-25 04:06:04 - NaN Check: False 1
2025-01-25 04:06:04 - NaN Check: False 2
2025-01-25 04:06:04 - LinkNode: 1 <- 6 / 4
2025-01-25 04:06:04 - NaN Check: False 1
2025-01-25 04:06:04 - NaN Check: False 2
2025-01-25 04:06:04 - LinkNode: 1 <- 6 / 4
2025-01-25 04:06:04 - NaN Check: False 1
2025-01-25 04:06:04 - NaN Check: False 2
2025-01-25 04:06:04 - LinkNode: 1 <- 6 / 4
2025-01-25 04:06:04 - NaN Check: False 1
2025-01-25 04:06:04 - NaN Check: False 2
2025-01-25 04:06:04 - LinkNode: 1 <- 6 / 4
2025-01-25 04:06:04 - NaN Check: False 1
2025-01-25 04:06:04 - NaN Check: False 2
2025-01-25 04:06:04 - LinkNode: 1 <- 6 / 4
2025-01-25 04:06:04 - Midi Index: 48 | Intensity: 32 | Note Name: C3
2025-01-25 04:06:04 - Midi Index: 69 | Intensity: 31 | Note Name: A4
2025-01-25 04:06:04 - Midi Index: 69 | Intensity: 9 | Note Name: A4
2025-01-25 04:06:04 - Midi Index: 69 | Intensity: 10 | Note Name: A4
2025-01-25 04:06:04 - 
Resonance: 0 | Inflow: 0 | Outflow: 0 | Overflow: 0
- C3 | Intensity: 32
- A4 | Intensity: 31
- A4 | Intensity: 9
- A4 | Intensity: 10

- M13 | Intensity: 0 | Inflow: 0 | Outflow: -0 | Oveflow: 0
- M13 | Intensity: 0 | Inflow: 0 | Outflow: -0 | Oveflow: 0
- U | Intensity: 0 | Inflow: 0 | Outflow: -0 | Oveflow: 0
- M13 | Intensity: 0 | Inflow: 0 | Outflow: -0 | Oveflow: 0
- U | Intensity: 0 | Inflow: 0 | Outflow: -0 | Oveflow: 0
- U | Intensity: 0 | Inflow: 0 | Outflow: -0 | Oveflow: 0
False | False | False | False
2025-01-25 04:06:04 - NaN Check: False 1
2025-01-25 04:06:04 - NaN Check: False 2
2025-01-25 04:06:04 - LinkNode: 1 <- 6 / 4
2025-01-25 04:06:04 - NaN Check: False 1
2025-01-25 04:06:04 - NaN Check: False 2
2025-01-25 04:06:04 - LinkNode: 1 <- 6 / 4
2025-01-25 04:06:04 - NaN Check: False 1
2025-01-25 04:06:04 - NaN Check: False 2
2025-01-25 04:06:04 - LinkNode: 1 <- 6 / 4
2025-01-25 04:06:04 - NaN Check: False 1
2025-01-25 04:06:04 - NaN Check: False 2
2025-01-25 04:06:04 - LinkNode: 1 <- 6 / 4
2025-01-25 04:06:04 - NaN Check: False 1
2025-01-25 04:06:04 - NaN Check: False 2
2025-01-25 04:06:04 - LinkNode: 1 <- 6 / 4
2025-01-25 04:06:04 - NaN Check: False 1
2025-01-25 04:06:04 - NaN Check: False 2
2025-01-25 04:06:04 - LinkNode: 1 <- 6 / 4
2025-01-25 04:06:04 - NaN Check: False 1
2025-01-25 04:06:04 - NaN Check: False 2
2025-01-25 04:06:04 - LinkNode: 1 <- 6 / 4
2025-01-25 04:06:04 - NaN Check: False 1
2025-01-25 04:06:04 - NaN Check: False 2
2025-01-25 04:06:04 - LinkNode: 1 <- 6 / 4
2025-01-25 04:06:04 - NaN Check: False 1
2025-01-25 04:06:05 - NaN Check: False 2
2025-01-25 04:06:05 - LinkNode: 1 <- 6 / 4
2025-01-25 04:06:05 - NaN Check: False 1
2025-01-25 04:06:05 - NaN Check: False 2
2025-01-25 04:06:05 - LinkNode: 1 <- 6 / 4
2025-01-25 04:06:05 - NaN Check: False 1
2025-01-25 04:06:05 - NaN Check: False 2
2025-01-25 04:06:05 - LinkNode: 1 <- 6 / 4
2025-01-25 04:06:05 - NaN Check: False 1
2025-01-25 04:06:05 - NaN Check: False 2
2025-01-25 04:06:05 - LinkNode: 1 <- 6 / 4
2025-01-25 04:06:05 - NaN Check: False 1
2025-01-25 04:06:05 - NaN Check: False 2
2025-01-25 04:06:05 - LinkNode: 1 <- 6 / 4
2025-01-25 04:06:05 - NaN Check: False 1
2025-01-25 04:06:05 - NaN Check: False 2
2025-01-25 04:06:05 - LinkNode: 1 <- 6 / 4
2025-01-25 04:06:05 - NaN Check: False 1
2025-01-25 04:06:05 - NaN Check: False 2
2025-01-25 04:06:05 - LinkNode: 1 <- 6 / 4
2025-01-25 04:06:05 - NaN Check: False 1
2025-01-25 04:06:05 - NaN Check: False 2
2025-01-25 04:06:05 - LinkNode: 1 <- 6 / 4
2025-01-25 04:06:05 - NaN Check: False 1
2025-01-25 04:06:05 - NaN Check: False 2
2025-01-25 04:06:05 - LinkNode: 1 <- 6 / 4
2025-01-25 04:06:05 - NaN Check: False 1
2025-01-25 04:06:05 - NaN Check: False 2
2025-01-25 04:06:05 - LinkNode: 1 <- 6 / 4
2025-01-25 04:06:05 - NaN Check: False 1
2025-01-25 04:06:05 - NaN Check: False 2
2025-01-25 04:06:05 - LinkNode: 1 <- 6 / 4
2025-01-25 04:06:05 - NaN Check: False 1
2025-01-25 04:06:05 - NaN Check: False 2
2025-01-25 04:06:05 - LinkNode: 1 <- 6 / 4
2025-01-25 04:06:05 - NaN Check: False 1
2025-01-25 04:06:05 - NaN Check: False 2
2025-01-25 04:06:05 - LinkNode: 1 <- 6 / 4
2025-01-25 04:06:05 - NaN Check: False 1
2025-01-25 04:06:05 - NaN Check: False 2
2025-01-25 04:06:05 - LinkNode: 1 <- 6 / 4
