2025-01-25 04:17:09 - Debugger session started.
2025-01-25 04:17:09 - Midi Index: 48 | Intensity: 32 | Note Name: C3
2025-01-25 04:17:09 - 
Resonance: 0 | Inflow: 0 | Outflow: 0 | Overflow: 0
- C3 | Intensity: 32

False | False | False | False
2025-01-25 04:17:10 - add success True - 4139641
2025-01-25 04:17:10 - Midi Index: 69 | Intensity: 0 | Note Name: A4
2025-01-25 04:17:10 - Midi Index: 48 | Intensity: 32 | Note Name: C3
2025-01-25 04:17:10 - Midi Index: 69 | Intensity: 0 | Note Name: A4
2025-01-25 04:17:10 - 
Resonance: 0 | Inflow: 0 | Outflow: 0 | Overflow: 0
- C3 | Intensity: 32
- A4 | Intensity: 0

- M13 | Intensity: 0 | Inflow: 0 | Outflow: -0 | Oveflow: 0
False | False | False | False
2025-01-25 04:17:10 - add success True - 243541
2025-01-25 04:17:10 - Midi Index: 69 | Intensity: 0 | Note Name: A4
2025-01-25 04:17:11 - Midi Index: 48 | Intensity: 32 | Note Name: C3
2025-01-25 04:17:11 - Midi Index: 69 | Intensity: 0 | Note Name: A4
2025-01-25 04:17:11 - Midi Index: 69 | Intensity: 0 | Note Name: A4
2025-01-25 04:17:11 - 
Resonance: 0 | Inflow: 0 | Outflow: 0 | Overflow: 0
- C3 | Intensity: 32
- A4 | Intensity: 0
- A4 | Intensity: 0

- M13 | Intensity: 0 | Inflow: 0 | Outflow: -0 | Oveflow: 0
- M13 | Intensity: 0 | Inflow: 0 | Outflow: -0 | Oveflow: 0
- U | Intensity: 0 | Inflow: 0 | Outflow: -0 | Oveflow: 0
False | False | False | False
2025-01-25 04:17:12 - Midi Index: 48 | Intensity: 32 | Note Name: C3
2025-01-25 04:17:12 - Midi Index: 69 | Intensity: 0 | Note Name: A4
2025-01-25 04:17:12 - Midi Index: 69 | Intensity: 0 | Note Name: A4
2025-01-25 04:17:12 - 
Resonance: 0 | Inflow: 0 | Outflow: 0 | Overflow: 0
- C3 | Intensity: 32
- A4 | Intensity: 0
- A4 | Intensity: 0

- M13 | Intensity: 0 | Inflow: 0 | Outflow: -0 | Oveflow: 0
- M13 | Intensity: 0 | Inflow: 0 | Outflow: -0 | Oveflow: 0
- U | Intensity: 0 | Inflow: 0 | Outflow: -0 | Oveflow: 0
False | False | False | False
2025-01-25 04:17:13 - Midi Index: 48 | Intensity: 32 | Note Name: C3
2025-01-25 04:17:13 - Midi Index: 69 | Intensity: 0 | Note Name: A4
2025-01-25 04:17:13 - Midi Index: 69 | Intensity: 0 | Note Name: A4
2025-01-25 04:17:13 - 
Resonance: 0 | Inflow: 0 | Outflow: 0 | Overflow: 0
- C3 | Intensity: 32
- A4 | Intensity: 0
- A4 | Intensity: 0

- M13 | Intensity: 0 | Inflow: 0 | Outflow: -0 | Oveflow: 0
- M13 | Intensity: 0 | Inflow: 0 | Outflow: -0 | Oveflow: 0
- U | Intensity: 0 | Inflow: 0 | Outflow: -0 | Oveflow: 0
False | False | False | False
2025-01-25 04:17:14 - Midi Index: 48 | Intensity: 32 | Note Name: C3
2025-01-25 04:17:14 - Midi Index: 69 | Intensity: 0 | Note Name: A4
2025-01-25 04:17:14 - Midi Index: 69 | Intensity: 0 | Note Name: A4
2025-01-25 04:17:14 - 
Resonance: 0 | Inflow: 0 | Outflow: 0 | Overflow: 0
- C3 | Intensity: 32
- A4 | Intensity: 0
- A4 | Intensity: 0

- M13 | Intensity: 0 | Inflow: 0 | Outflow: -0 | Oveflow: 0
- M13 | Intensity: 0 | Inflow: 0 | Outflow: -0 | Oveflow: 0
- U | Intensity: 0 | Inflow: 0 | Outflow: -0 | Oveflow: 0
False | False | False | False
2025-01-25 04:17:15 - Midi Index: 48 | Intensity: 32 | Note Name: C3
2025-01-25 04:17:15 - Midi Index: 69 | Intensity: 0 | Note Name: A4
2025-01-25 04:17:15 - Midi Index: 69 | Intensity: 0 | Note Name: A4
2025-01-25 04:17:15 - 
Resonance: 0 | Inflow: 0 | Outflow: 0 | Overflow: 0
- C3 | Intensity: 32
- A4 | Intensity: 0
- A4 | Intensity: 0

- M13 | Intensity: 0 | Inflow: 0 | Outflow: -0 | Oveflow: 0
- M13 | Intensity: 0 | Inflow: 0 | Outflow: -0 | Oveflow: 0
- U | Intensity: 0 | Inflow: 0 | Outflow: -0 | Oveflow: 0
False | False | False | False
2025-01-25 04:17:16 - Midi Index: 48 | Intensity: 32 | Note Name: C3
2025-01-25 04:17:16 - Midi Index: 69 | Intensity: 0 | Note Name: A4
2025-01-25 04:17:16 - Midi Index: 69 | Intensity: 0 | Note Name: A4
2025-01-25 04:17:16 - 
Resonance: 0 | Inflow: 0 | Outflow: 0 | Overflow: 0
- C3 | Intensity: 32
- A4 | Intensity: 0
- A4 | Intensity: 0

- M13 | Intensity: 0 | Inflow: 0 | Outflow: -0 | Oveflow: 0
- M13 | Intensity: 0 | Inflow: 0 | Outflow: -0 | Oveflow: 0
- U | Intensity: 0 | Inflow: 0 | Outflow: -0 | Oveflow: 0
False | False | False | False
2025-01-25 04:17:17 - Midi Index: 48 | Intensity: 32 | Note Name: C3
2025-01-25 04:17:17 - Midi Index: 69 | Intensity: 1 | Note Name: A4
2025-01-25 04:17:17 - Midi Index: 69 | Intensity: 0 | Note Name: A4
2025-01-25 04:17:17 - 
Resonance: 0 | Inflow: 0 | Outflow: 0 | Overflow: 0
- C3 | Intensity: 32
- A4 | Intensity: 1
- A4 | Intensity: 0

- M13 | Intensity: 0 | Inflow: 0 | Outflow: -0 | Oveflow: 0
- M13 | Intensity: 0 | Inflow: 0 | Outflow: -0 | Oveflow: 0
- U | Intensity: 0 | Inflow: 0 | Outflow: -0 | Oveflow: 0
False | False | False | False
2025-01-25 04:17:18 - Midi Index: 48 | Intensity: 32 | Note Name: C3
2025-01-25 04:17:18 - Midi Index: 69 | Intensity: 7 | Note Name: A4
2025-01-25 04:17:18 - Midi Index: 69 | Intensity: 0 | Note Name: A4
2025-01-25 04:17:18 - 
Resonance: 0 | Inflow: 0 | Outflow: 0 | Overflow: 0
- C3 | Intensity: 32
- A4 | Intensity: 7
- A4 | Intensity: 0

- M13 | Intensity: 0 | Inflow: 0 | Outflow: -0 | Oveflow: 0
- M13 | Intensity: 0 | Inflow: 0 | Outflow: -0 | Oveflow: 0
- U | Intensity: 0 | Inflow: 0 | Outflow: -0 | Oveflow: 0
False | False | False | False
2025-01-25 04:17:19 - Midi Index: 48 | Intensity: 32 | Note Name: C3
2025-01-25 04:17:19 - Midi Index: 69 | Intensity: 12 | Note Name: A4
2025-01-25 04:17:19 - Midi Index: 69 | Intensity: 0 | Note Name: A4
2025-01-25 04:17:19 - 
Resonance: 0 | Inflow: 0 | Outflow: 0 | Overflow: 0
- C3 | Intensity: 32
- A4 | Intensity: 12
- A4 | Intensity: 0

- M13 | Intensity: 0 | Inflow: 0 | Outflow: -0 | Oveflow: 0
- M13 | Intensity: 0 | Inflow: 0 | Outflow: -0 | Oveflow: 0
- U | Intensity: 0 | Inflow: 0 | Outflow: -0 | Oveflow: 0
False | False | False | False
2025-01-25 04:17:20 - Midi Index: 48 | Intensity: 32 | Note Name: C3
2025-01-25 04:17:20 - Midi Index: 69 | Intensity: 18 | Note Name: A4
2025-01-25 04:17:20 - Midi Index: 69 | Intensity: 0 | Note Name: A4
2025-01-25 04:17:20 - 
Resonance: 0 | Inflow: 0 | Outflow: 0 | Overflow: 0
- C3 | Intensity: 32
- A4 | Intensity: 18
- A4 | Intensity: 0

- M13 | Intensity: 0 | Inflow: 0 | Outflow: -0 | Oveflow: 0
- M13 | Intensity: 0 | Inflow: 0 | Outflow: -0 | Oveflow: 0
- U | Intensity: 0 | Inflow: 0 | Outflow: -0 | Oveflow: 0
False | False | False | False
2025-01-25 04:17:21 - delete success True - 4139641
2025-01-25 04:17:21 - delete success True - 243541
2025-01-25 04:17:21 - Midi Index: 48 | Intensity: 32 | Note Name: C3
2025-01-25 04:17:21 - 
Resonance: 0 | Inflow: 0 | Outflow: 0 | Overflow: 0
- C3 | Intensity: 32

False | False | False | False
2025-01-25 04:17:22 - Midi Index: 48 | Intensity: 32 | Note Name: C3
2025-01-25 04:17:22 - 
Resonance: 0 | Inflow: 0 | Outflow: 0 | Overflow: 0
- C3 | Intensity: 32

False | False | False | False
2025-01-25 04:17:23 - Midi Index: 48 | Intensity: 32 | Note Name: C3
2025-01-25 04:17:23 - 
Resonance: 0 | Inflow: 0 | Outflow: 0 | Overflow: 0
- C3 | Intensity: 32

False | False | False | False
2025-01-25 04:17:24 - Midi Index: 48 | Intensity: 32 | Note Name: C3
2025-01-25 04:17:24 - 
Resonance: 0 | Inflow: 0 | Outflow: 0 | Overflow: 0
- C3 | Intensity: 32

False | False | False | False
2025-01-25 04:17:25 - Midi Index: 48 | Intensity: 32 | Note Name: C3
2025-01-25 04:17:25 - 
Resonance: 0 | Inflow: 0 | Outflow: 0 | Overflow: 0
- C3 | Intensity: 32

False | False | False | False
2025-01-25 04:17:26 - Midi Index: 48 | Intensity: 32 | Note Name: C3
2025-01-25 04:17:26 - 
Resonance: 0 | Inflow: 0 | Outflow: 0 | Overflow: 0
- C3 | Intensity: 32

False | False | False | False
2025-01-25 04:17:27 - Midi Index: 48 | Intensity: 32 | Note Name: C3
2025-01-25 04:17:27 - 
Resonance: 0 | Inflow: 0 | Outflow: 0 | Overflow: 0
- C3 | Intensity: 32

False | False | False | False
2025-01-25 04:17:28 - Midi Index: 48 | Intensity: 32 | Note Name: C3
2025-01-25 04:17:28 - 
Resonance: 0 | Inflow: 0 | Outflow: 0 | Overflow: 0
- C3 | Intensity: 32

False | False | False | False
2025-01-25 04:17:29 - Midi Index: 48 | Intensity: 32 | Note Name: C3
2025-01-25 04:17:29 - 
Resonance: 0 | Inflow: 0 | Outflow: 0 | Overflow: 0
- C3 | Intensity: 32

False | False | False | False
2025-01-25 04:17:30 - Midi Index: 48 | Intensity: 32 | Note Name: C3
2025-01-25 04:17:30 - 
Resonance: 0 | Inflow: 0 | Outflow: 0 | Overflow: 0
- C3 | Intensity: 32

False | False | False | False
2025-01-25 04:17:31 - Midi Index: 48 | Intensity: 32 | Note Name: C3
2025-01-25 04:17:31 - 
Resonance: 0 | Inflow: 0 | Outflow: 0 | Overflow: 0
- C3 | Intensity: 32

False | False | False | False
2025-01-25 04:17:32 - Midi Index: 48 | Intensity: 32 | Note Name: C3
2025-01-25 04:17:32 - 
Resonance: 0 | Inflow: 0 | Outflow: 0 | Overflow: 0
- C3 | Intensity: 32

False | False | False | False
2025-01-25 04:17:33 - Midi Index: 48 | Intensity: 32 | Note Name: C3
2025-01-25 04:17:33 - 
Resonance: 0 | Inflow: 0 | Outflow: 0 | Overflow: 0
- C3 | Intensity: 32

False | False | False | False
2025-01-25 04:17:34 - Midi Index: 48 | Intensity: 32 | Note Name: C3
2025-01-25 04:17:34 - 
Resonance: 0 | Inflow: 0 | Outflow: 0 | Overflow: 0
- C3 | Intensity: 32

False | False | False | False
2025-01-25 04:17:35 - Midi Index: 48 | Intensity: 32 | Note Name: C3
2025-01-25 04:17:35 - 
Resonance: 0 | Inflow: 0 | Outflow: 0 | Overflow: 0
- C3 | Intensity: 32

False | False | False | False
2025-01-25 04:17:36 - Midi Index: 48 | Intensity: 32 | Note Name: C3
2025-01-25 04:17:36 - 
Resonance: 0 | Inflow: 0 | Outflow: 0 | Overflow: 0
- C3 | Intensity: 32

False | False | False | False
